Tag           : DESY21_phi30_diag_zm40
Comment       : _zcalc_G2_WF2
FileName      : ../Data_DESY21_dev_v9/Phi_scan_zm40/phi_200_30_zm40_ym60_diag_iter9.root
SelectionSet  : T_DESY21_Event
NbrOfMod      : 0
Data_to_Use   : 0
OUTDirName    : OUT_Tristan/DESY21_phi/DESY21_phi_zm40/DESY21_phi30_diag_zm40/

ERAM#01: Gain hole in (iX,iY) = (10,16) | value reset at 1889.24
ERAM#01:   RC hole in (iX,iY) = (10,16) | value reset at 129.29
Number of pads in 01 = 1152.00
Average gain in   01 = 1947.72

Average gain in bottom HATPC: 1947.00

-------------->Predefined selection T_DESY21_Event
Number of entries :8719
TLow = 35 | THigh = 64

-------------->List of selections
Apply selection  1 -> Remove clusters in first and last columns 

Apply selection 11 -> Remove clusters out of time (Event Based) 
                      |TLeading -TLeadingMeanOverEvent| <= m_Cut_Stage11_EventBased (=     3)

Apply selection 120 -> Remove clusters out of time  
                      m_Cut_Stage120_TLow <= TLeading <= m_Cut_Stage120_THigh 
                      m_Cut_Stage120_TLow  =   35
                      m_Cut_Stage120_THigh =   64

Apply selection 15 -> Remove Events with an average pad multiplicity too high or too low 
                      Pad Multiplicity >  m_Cut_StageT15_APM_Low  (=  1.0)
                      Pad Multiplicity <= m_Cut_StageT15_APM_High (=  3.5)

Apply selection 10 -> Remove clusters with too many pads 
                      Npads <= m_Cut_Stage10_Npads_Hig (=   5)

Apply selection 14 -> Remove Clusters with a too high APad 
                      APad >= m_Cut_Stage14_Amax_Low (=     0)
                      APad <= m_Cut_Stage14_Amax_Hig (=  3700)

Apply selection  5 -> Reject Events with too few clusters
                      NClusters >= m_Cut_Stage5_NCluster_Low (=   50)


zdrift        = 50 mm
PT            = 200 ns
TB            = 40 ns/time bin
PT/TB         = 5 time bins
z method      : zcalc
cut length    = 2 mm

correction function: ../Data_DESY21_dev_v9/Phi_scan_zm40/phi_200_40_zm40_ym60_diag_iter9_WFmax_correction_v9i9.root
WF correction parameters: 407.23 | -58.10 | 19.88 | -1.30 | 0.03
Processing events:
0/8719
ALERT: 3 walls crossed for a pad in entry #177
10.15 11.28 25.48 26.49
11.27 9.58 26.15 25.48
32.24 -0.60 -0.00
ALERT: 1 walls crossed for a pad in entry #177
11.28 12.41 25.48 26.49
11.27 9.58 25.48 24.80
32.24 -0.60 -0.00
ALERT: 1 walls crossed for a pad in entry #177
10.15 11.28 24.46 25.48
12.99 11.27 26.15 25.48
32.24 -0.60 -0.00
ALERT: 1 walls crossed for a pad in entry #177
11.28 12.41 24.46 25.48
12.99 11.27 25.48 24.80
32.24 -0.60 -0.00
1000/8719
ALERT: 1 walls crossed for a pad in entry #1736
28.20 29.33 14.27 15.28
29.33 27.60 14.93 14.27
31.55 -0.59 -0.00
ALERT: 1 walls crossed for a pad in entry #1736
29.33 30.46 14.27 15.28
29.33 27.60 14.27 13.60
31.55 -0.59 -0.00
ALERT: 1 walls crossed for a pad in entry #1736
28.20 29.33 13.25 14.27
31.05 29.33 14.93 14.27
31.55 -0.59 -0.00
ALERT: 3 walls crossed for a pad in entry #1736
29.33 30.46 13.25 14.27
31.05 29.33 14.27 13.60
31.55 -0.59 -0.00
2000/8719
ALERT: 3 walls crossed for a pad in entry #2070
36.10 37.22 11.21 12.23
37.22 35.51 11.88 11.21
33.37 -0.59 -0.00
ALERT: 1 walls crossed for a pad in entry #2070
37.22 38.35 11.21 12.23
37.22 35.51 11.21 10.54
33.37 -0.59 -0.00
ALERT: 1 walls crossed for a pad in entry #2070
36.10 37.22 10.19 11.21
38.94 37.22 11.88 11.21
33.37 -0.59 -0.00
ALERT: 1 walls crossed for a pad in entry #2070
37.22 38.35 10.19 11.21
38.94 37.22 11.21 10.54
33.37 -0.59 -0.00
ALERT: 1 walls crossed for a pad in entry #2489
1.13 2.26 29.55 30.57
4.07 2.26 31.20 30.57
31.84 -0.56 0.00
ALERT: 1 walls crossed for a pad in entry #2489
2.26 3.38 30.57 31.59
2.26 0.45 30.57 29.94
31.84 -0.56 0.00
ALERT: 3 walls crossed for a pad in entry #2489
2.26 3.38 29.55 30.57
4.07 2.26 30.57 29.94
31.84 -0.56 0.00
ALERT: 3 walls crossed for a pad in entry #2524
16.92 18.05 22.42 23.44
18.03 16.30 23.12 22.46
33.10 -0.59 0.00
ALERT: 1 walls crossed for a pad in entry #2524
16.92 18.05 21.40 22.42
19.76 18.03 23.12 22.46
33.10 -0.59 0.00
ALERT: 1 walls crossed for a pad in entry #2524
18.05 19.18 22.42 23.44
18.03 16.30 22.46 21.79
33.10 -0.59 0.00
ALERT: 1 walls crossed for a pad in entry #2524
18.05 19.18 21.40 22.42
19.76 18.03 22.46 21.79
33.10 -0.59 0.00
ALERT: 3 walls crossed for a pad in entry #2649
31.58 32.71 11.21 12.23
32.71 31.00 11.88 11.21
30.71 -0.60 0.00
ALERT: 1 walls crossed for a pad in entry #2649
32.71 33.84 11.21 12.23
32.71 31.00 11.21 10.54
30.71 -0.60 0.00
ALERT: 1 walls crossed for a pad in entry #2649
31.58 32.71 10.19 11.21
34.43 32.71 11.88 11.21
30.71 -0.60 0.00
ALERT: 1 walls crossed for a pad in entry #2649
32.71 33.84 10.19 11.21
34.43 32.71 11.21 10.54
30.71 -0.60 0.00
3000/8719
ALERT: 3 walls crossed for a pad in entry #3141
5.64 6.77 27.51 28.53
6.77 5.04 28.18 27.51
31.51 -0.59 0.00
ALERT: 1 walls crossed for a pad in entry #3141
6.77 7.90 27.51 28.53
6.77 5.04 27.51 26.85
31.51 -0.59 0.00
ALERT: 1 walls crossed for a pad in entry #3141
5.64 6.77 26.49 27.51
8.50 6.77 28.18 27.51
31.51 -0.59 0.00
ALERT: 1 walls crossed for a pad in entry #3141
6.77 7.90 26.49 27.51
8.50 6.77 27.51 26.85
31.51 -0.59 0.00
ALERT: 3 walls crossed for a pad in entry #3194
19.18 20.30 19.36 20.38
20.30 18.59 20.04 19.38
31.22 -0.58 0.00
ALERT: 1 walls crossed for a pad in entry #3194
19.18 20.30 18.34 19.36
22.11 20.30 20.04 19.38
31.22 -0.58 0.00
ALERT: 1 walls crossed for a pad in entry #3194
20.30 21.43 19.36 20.38
20.30 18.59 19.38 18.72
31.22 -0.58 0.00
ALERT: 1 walls crossed for a pad in entry #3194
20.30 21.43 18.34 19.36
22.11 20.30 19.38 18.72
31.22 -0.58 0.00
ALERT: 3 walls crossed for a pad in entry #3766
37.22 38.35 8.15 9.17
38.35 36.64 8.82 8.15
30.70 -0.58 -0.00
ALERT: 1 walls crossed for a pad in entry #3766
37.22 38.35 7.13 8.15
40.06 38.35 8.82 8.15
30.70 -0.58 -0.00
ALERT: 1 walls crossed for a pad in entry #3766
38.35 39.48 8.15 9.17
38.35 36.64 8.15 7.48
30.70 -0.58 -0.00
ALERT: 1 walls crossed for a pad in entry #3766
38.35 39.48 7.13 8.15
40.06 38.35 8.15 7.48
30.70 -0.58 -0.00
4000/8719
ALERT: 3 walls crossed for a pad in entry #4113
11.28 12.41 23.44 24.46
12.41 10.68 24.10 23.44
30.74 -0.59 0.00
ALERT: 1 walls crossed for a pad in entry #4113
12.41 13.54 22.42 23.44
14.14 12.41 23.44 22.77
30.74 -0.59 0.00
ALERT: 1 walls crossed for a pad in entry #4124
10.15 11.28 25.48 26.49
11.28 9.57 26.15 25.47
32.19 -0.60 0.00
ALERT: 1 walls crossed for a pad in entry #4124
10.15 11.28 24.46 25.48
12.99 11.28 26.15 25.47
32.19 -0.60 0.00
ALERT: 1 walls crossed for a pad in entry #4124
11.28 12.41 25.48 26.49
11.28 9.57 25.47 24.80
32.19 -0.60 0.00
ALERT: 3 walls crossed for a pad in entry #4124
11.28 12.41 24.46 25.48
12.99 11.28 25.47 24.80
32.19 -0.60 0.00
ALERT: 1 walls crossed for a pad in entry #4447
14.66 15.79 22.42 23.44
17.52 15.79 24.11 23.44
32.79 -0.59 -0.00
ALERT: 1 walls crossed for a pad in entry #4447
15.79 16.92 23.44 24.46
15.79 14.06 23.44 22.77
32.79 -0.59 -0.00
ALERT: 1 walls crossed for a pad in entry #4447
15.79 16.92 22.42 23.44
17.52 15.79 23.44 22.77
32.79 -0.59 -0.00
5000/8719
6000/8719
ALERT: 1 walls crossed for a pad in entry #6246
2.26 3.38 30.57 31.59
3.98 2.25 31.60 30.94
32.92 -0.59 -0.00
ALERT: 3 walls crossed for a pad in entry #6761
20.30 21.43 18.34 19.36
21.43 19.71 19.01 18.34
31.07 -0.60 0.00
ALERT: 1 walls crossed for a pad in entry #6761
20.30 21.43 17.32 18.34
23.15 21.43 19.01 18.34
31.07 -0.60 0.00
7000/8719
ALERT: 1 walls crossed for a pad in entry #7015
9.02 10.15 25.48 26.49
10.15 8.43 26.14 25.47
31.51 -0.60 -0.00
ALERT: 1 walls crossed for a pad in entry #7015
10.15 11.28 25.48 26.49
10.15 8.43 25.47 24.80
31.51 -0.60 -0.00
ALERT: 1 walls crossed for a pad in entry #7015
9.02 10.15 24.46 25.48
11.86 10.15 26.14 25.47
31.51 -0.60 -0.00
ALERT: 3 walls crossed for a pad in entry #7015
10.15 11.28 24.46 25.48
11.86 10.15 25.47 24.80
31.51 -0.60 -0.00
ALERT: 1 walls crossed for a pad in entry #7137
3.38 4.51 30.57 31.59
4.53 2.80 31.24 30.56
33.25 -0.60 0.00
ALERT: 1 walls crossed for a pad in entry #7137
4.51 5.64 30.57 31.59
4.53 2.80 30.56 29.89
33.25 -0.60 0.00
ALERT: 1 walls crossed for a pad in entry #7137
3.38 4.51 29.55 30.57
6.26 4.53 31.24 30.56
33.25 -0.60 0.00
ALERT: 3 walls crossed for a pad in entry #7137
4.51 5.64 29.55 30.57
6.26 4.53 30.56 29.89
33.25 -0.60 0.00
ALERT: 1 walls crossed for a pad in entry #7809
21.43 22.56 19.36 20.38
22.56 20.83 20.03 19.36
32.64 -0.59 -0.00
ALERT: 1 walls crossed for a pad in entry #7809
21.43 22.56 18.34 19.36
24.29 22.56 20.03 19.36
32.64 -0.59 -0.00
ALERT: 1 walls crossed for a pad in entry #7809
22.56 23.69 19.36 20.38
22.56 20.83 19.36 18.69
32.64 -0.59 -0.00
ALERT: 3 walls crossed for a pad in entry #7809
22.56 23.69 18.34 19.36
24.29 22.56 19.36 18.69
32.64 -0.59 -0.00
ALERT: 3 walls crossed for a pad in entry #7839
30.46 31.58 13.25 14.27
31.58 29.69 13.86 13.25
29.75 -0.50 -0.00
ALERT: 1 walls crossed for a pad in entry #7839
30.46 31.58 12.23 13.25
33.47 31.58 13.86 13.25
29.75 -0.50 -0.00
8000/8719
8718/8719

Selection Statistics 
 #Cut SelName    EvBef  EvAfter ( wrtPrev)  (wrtStart)     MdBef  MdAfter ( wrtPrev)  (wrtStart)     ClBef  ClAfter ( wrtPrev)  (wrtStart)     PdBef  PdAfter ( wrtPrev)  (wrtStart) 
    0  Stage1     8719     8719 (    0.00)  (    0.00)      8719     8719 (    0.00)  (    0.00)    472605   472605 (    0.00)  (    0.00)    983999   983999 (    0.00)  (    0.00) 
    1 Stage11     8719     8624 (   -1.09)  (   -1.09)      8719     8624 (   -1.09)  (   -1.09)    472605   447340 (   -5.35)  (   -5.35)    983999   918803 (   -6.63)  (   -6.63) 
    2Stage120     8624     8504 (   -1.39)  (   -2.47)      8624     8504 (   -1.39)  (   -2.47)    447340   441717 (   -1.26)  (   -6.54)    918803   908348 (   -1.14)  (   -7.69) 
    3StageT15     8504     8400 (   -1.22)  (   -3.66)      8504     8400 (   -1.22)  (   -3.66)    441717   437606 (   -0.93)  (   -7.41)    908348   892498 (   -1.74)  (   -9.30) 
    4 Stage10     8400     8400 (    0.00)  (   -3.66)      8400     8400 (    0.00)  (   -3.66)    437606   437522 (   -0.02)  (   -7.42)    892498   891985 (   -0.06)  (   -9.35) 
    5 Stage14     8400     8393 (   -0.08)  (   -3.74)      8400     8393 (   -0.08)  (   -3.74)    437522   430786 (   -1.54)  (   -8.85)    891985   872156 (   -2.22)  (  -11.37) 
    6  Stage5     8393     7149 (  -14.82)  (  -18.01)      8393     7149 (  -14.82)  (  -18.01)    430786   378035 (  -12.25)  (  -20.01)    872156   758439 (  -13.04)  (  -22.92) 
  Summary Sel     8719     7149             (  -18.01)      8719     7149             (  -18.01)    472605   378035             (  -20.01)    983999   758439             (  -22.92) 
Fitting: Started... done!
Checks: OUT_Tristan/DESY21_phi/DESY21_phi_zm40/DESY21_phi30_diag_zm40/2_DESY21_phi30_diag_zm40_Checks_zcalc_G2_WF2.root
dEdx: OUT_Tristan/DESY21_phi/DESY21_phi_zm40/DESY21_phi30_diag_zm40/3_DESY21_phi30_diag_zm40_dEdx_zcalc_G2_WF2.root
