Tag           : DESY21_ExB02_Zm40
Comment       : _zcalc_G2_WF4_iter9
FileName     : ../Data_DESY21/ExB_scan/ExB_360_412ns_B02_ym10_zm40_iter9.root
SelectionSet  : T_DESY21_Event
NbrOfMod      : 0
Data_to_Use   : 0
OUTDirName    : OUT_Tristan/DESY21_ExB/DESY21_ExB02_Zm40/

Gain & RC maps: loaded
Average Gain in ERAM01 = 1947.77
ERAM01: RC   hole in  iX = 10 | iY = 16 | value reset at 129.29
ERAM01: Gain hole in  iX = 10 | iY = 16 | value reset at 1889.24

-------------->Predefined selection T_DESY21_Event
Number of entries :1169
TLow = 43 | THigh = 69

-------------->List of selections
Apply selection  1 -> Remove clusters in first and last columns 

Apply selection 11 -> Remove clusters out of time (Event Based) 
                      |TLeading -TLeadingMeanOverEvent| <= m_Cut_Stage11_EventBased (=     3)

Apply selection 120 -> Remove clusters out of time  
                      m_Cut_Stage120_TLow <= TLeading <= m_Cut_Stage120_THigh 
                      m_Cut_Stage120_TLow  =   43
                      m_Cut_Stage120_THigh =   69

Apply selection 15 -> Remove Events with an average pad multiplicity too high or too low 
                      Pad Multiplicity >  m_Cut_StageT15_APM_Low  (=  2.0)
                      Pad Multiplicity <= m_Cut_StageT15_APM_High (=  4.0)

Apply selection 10 -> Remove clusters with too many pads 
                      Npads <= m_Cut_Stage10_Npads_Hig (=   5)

Apply selection 14 -> Remove Clusters with a too high APad 
                      APad >= m_Cut_Stage14_Amax_Low (=     0)
                      APad <= m_Cut_Stage14_Amax_Hig (=  3700)

Apply selection  5 -> Reject Events with too few clusters
                      NClusters >= m_Cut_Stage5_NCluster_Low (=   34)


zdrift        = 50 mm
PT            = 200 ns
TB            = 40 ns/time bin
PT/TB         = 5 time bins
z method      : zcalc
cut length    = 2 mm

Processing events:
0/1169
1000/1169
1168/1169
1169 real events

Selection Statistics 
 #Cut SelName    EvBef  EvAfter ( wrtPrev)  (wrtStart)     MdBef  MdAfter ( wrtPrev)  (wrtStart)     ClBef  ClAfter ( wrtPrev)  (wrtStart)     PdBef  PdAfter ( wrtPrev)  (wrtStart) 
    0  Stage1     1169     1169 (    0.00)  (    0.00)      1169     1169 (    0.00)  (    0.00)     39737    39737 (    0.00)  (    0.00)    183479   183479 (    0.00)  (    0.00) 
    1 Stage11     1169     1168 (   -0.09)  (   -0.09)      1169     1168 (   -0.09)  (   -0.09)     39737    38142 (   -4.01)  (   -4.01)    183479   175006 (   -4.62)  (   -4.62) 
    2Stage120     1168     1145 (   -1.97)  (   -2.05)      1168     1145 (   -1.97)  (   -2.05)     38142    37415 (   -1.91)  (   -5.84)    175006   172474 (   -1.45)  (   -6.00) 
    3StageT15     1145       52 (  -95.46)  (  -95.55)      1145       52 (  -95.46)  (  -95.55)     37415     1688 (  -95.49)  (  -95.75)    172474     6093 (  -96.47)  (  -96.68) 
    4 Stage10       52       52 (    0.00)  (  -95.55)        52       52 (    0.00)  (  -95.55)      1688     1675 (   -0.77)  (  -95.78)      6093     6015 (   -1.28)  (  -96.72) 
    5 Stage14       52       52 (    0.00)  (  -95.55)        52       52 (    0.00)  (  -95.55)      1675     1494 (  -10.81)  (  -96.24)      6015     5296 (  -11.95)  (  -97.11) 
    6  Stage5       52        2 (  -96.15)  (  -99.83)        52        2 (  -96.15)  (  -99.83)      1494       68 (  -95.45)  (  -99.83)      5296      266 (  -94.98)  (  -99.86) 
  Summary Sel     1169        2             (  -99.83)      1169        2             (  -99.83)     39737       68             (  -99.83)    183479      266             (  -99.86) 
Fitting: Started... 