Tag           : DESY21_phi45_diag_zm40
Comment       : _zcalc_PRF_4IP_Gain2_WF4
EventFile     : ../Data_DESY21/Phi_scan_zm40/phi_200_45_zm40_ym60_diag_iter0.root
SelectionSet  : T_DESY21_Event
NbrOfMod      : 0
Data_to_Use   : 0
OUTDirName    : OUT_Tristan/DESY21_phi/DESY21_phi_zm40/DESY21_phi45_diag_zm40/


ReadRCmap::ReadRCmap m_FileName = GainRCMaps/RCfiles/ERAM01_RCdata_01.root

ReadRCmap::ReadRCmap  No Data for iX=10 and  iY=16 in GainRCMaps/RCfiles/ERAM01_RCdata_01.root
RC map: loaded

ReadGainmap::ReadGainmap m_FileName = GainRCMaps/Gainfiles/ERAM01_Gaindata_01.root

ReadGainmap::ReadGainmap  No Data for iX=10 and  iY=16 in GainRCMaps/Gainfiles/ERAM01_Gaindata_01.root
Gain map: loaded
Average Gain in ERAM01 = 1947.77

-------------->Predefined selection T_DESY21_Event
Number of entries :9326
TLow = 35 | THigh = 64

-------------->List of selections
Apply selection  1 -> Remove clusters in first and last columns 

Apply selection 11 -> Remove clusters out of time (Event Based) 
                      |TLeading -TLeadingMeanOverEvent| <= m_Cut_Stage11_EventBased (=     3)

Apply selection 120 -> Remove clusters out of time  
                      m_Cut_Stage120_TLow <= TLeading <= m_Cut_Stage120_THigh 
                      m_Cut_Stage120_TLow  =   35
                      m_Cut_Stage120_THigh =   64

Apply selection 15 -> Remove Events with an average pad multiplicity too high or too low 
                      Pad Multiplicity >  m_Cut_StageT15_APM_Low  (=  1.0)
                      Pad Multiplicity <= m_Cut_StageT15_APM_High (=  3.5)

Apply selection 10 -> Remove clusters with too many pads 
                      Npads <= m_Cut_Stage10_Npads_Hig (=   5)

Apply selection 14 -> Remove Clusters with a too high APad 
                      APad >= m_Cut_Stage14_Amax_Low (=     0)
                      APad <= m_Cut_Stage14_Amax_Hig (=  3700)

Apply selection  5 -> Reject Events with too few clusters
                      NClusters >= m_Cut_Stage5_NCluster_Low (=   50)


zdrift        = 50 mm
PT            = 200 ns
TB            = 40 ns/time bin
PT/TB         = 5 time bins
Track fitting : PRF
z method      : zcalc
cut length    = 2 mm

../Data_DESY21/Phi_scan_zm40/phi_200_40_zm40_ym60_diag_iter0_WFmax_correction.root
WF correction parameters: 283.98 | -10.30 | 2.25 | 0.81 | -0.05
Processing events:
0/9326
RC hole in entry   444 | iX = 10 | iY = 16 |  RC  value reset at 129.29
Gain hole in entry 444 | iX = 10 | iY = 16 | Gain value reset at 1889.24
500/9326
1000/9326
1500/9326
2000/9326
2500/9326
3000/9326
3500/9326
4000/9326
4500/9326
5000/9326
5500/9326
6000/9326
6500/9326
7000/9326
7500/9326
8000/9326
8500/9326
9000/9326
9325/9326

Selection Statistics 
 #Cut SelName    EvBef  EvAfter ( wrtPrev)  (wrtStart)     MdBef  MdAfter ( wrtPrev)  (wrtStart)     ClBef  ClAfter ( wrtPrev)  (wrtStart)     PdBef  PdAfter ( wrtPrev)  (wrtStart) 
    0  Stage1     9326     9326 (    0.00)  (    0.00)      9326     9326 (    0.00)  (    0.00)    504456   504456 (    0.00)  (    0.00)   1007162  1007162 (    0.00)  (    0.00) 
    1 Stage11     9326     9200 (   -1.35)  (   -1.35)      9326     9200 (   -1.35)  (   -1.35)    504456   477283 (   -5.39)  (   -5.39)   1007162   939164 (   -6.75)  (   -6.75) 
    2Stage120     9200     9069 (   -1.42)  (   -2.76)      9200     9069 (   -1.42)  (   -2.76)    477283   471914 (   -1.12)  (   -6.45)    939164   929621 (   -1.02)  (   -7.70) 
    3StageT15     9069     8983 (   -0.95)  (   -3.68)      9069     8983 (   -0.95)  (   -3.68)    471914   468207 (   -0.79)  (   -7.19)    929621   915470 (   -1.52)  (   -9.10) 
    4 Stage10     8983     8983 (    0.00)  (   -3.68)      8983     8983 (    0.00)  (   -3.68)    468207   468130 (   -0.02)  (   -7.20)    915470   914993 (   -0.05)  (   -9.15) 
    5 Stage14     8983     8979 (   -0.04)  (   -3.72)      8983     8979 (   -0.04)  (   -3.72)    468130   461216 (   -1.48)  (   -8.57)    914993   895018 (   -2.18)  (  -11.13) 
    6  Stage5     8979     7449 (  -17.04)  (  -20.13)      8979     7449 (  -17.04)  (  -20.13)    461216   395465 (  -14.26)  (  -21.61)    895018   762215 (  -14.84)  (  -24.32) 
  Summary Sel     9326     7449             (  -20.13)      9326     7449             (  -20.13)    504456   395465             (  -21.61)   1007162   762215             (  -24.32) 
Fitting: Started... done!
Checks: OUT_Tristan/DESY21_phi/DESY21_phi_zm40/DESY21_phi45_diag_zm40/2_DESY21_phi45_diag_zm40_Checks_zcalc_PRF_4IP_Gain2_WF4.root
dEdx: OUT_Tristan/DESY21_phi/DESY21_phi_zm40/DESY21_phi45_diag_zm40/3_DESY21_phi45_diag_zm40_dEdx_zcalc_PRF_4IP_Gain2_WF4.root
