Tag           : DESY21_ym100
Comment       : _zcalc_G2
FileName      : ../Data_DESY21_dev_v9/yscan/Ym100_Z0_iter9.root
SelectionSet  : T_DESY21_Event
NbrOfMod      : 0
Data_to_Use   : 0
OUTDirName    : OUT_PID/DESY21_yscan/DESY21_ym100/

ERAM#01: Gain hole in (iX,iY) = (10,16) | value reset at 1889.24
ERAM#01:   RC hole in (iX,iY) = (10,16) | value reset at 129.29
Number of pads in 01 = 1152.00
Average gain in   01 = 1947.72

Average gain in bottom HATPC: 1947.00

-------------->Predefined selection T_DESY21_Event
Number of entries :7960
TLow = 44 | THigh = 77

-------------->List of selections
Apply selection  1 -> Remove clusters in first and last columns 

Apply selection 11 -> Remove clusters out of time (Event Based) 
                      |TLeading -TLeadingMeanOverEvent| <= m_Cut_Stage11_EventBased (=     3)

Apply selection 120 -> Remove clusters out of time  
                      m_Cut_Stage120_TLow <= TLeading <= m_Cut_Stage120_THigh 
                      m_Cut_Stage120_TLow  =   44
                      m_Cut_Stage120_THigh =   77

Apply selection 15 -> Remove Events with an average pad multiplicity too high or too low 
                      Pad Multiplicity >  m_Cut_StageT15_APM_Low  (=  2.0)
                      Pad Multiplicity <= m_Cut_StageT15_APM_High (=  4.0)

Apply selection 10 -> Remove clusters with too many pads 
                      Npads <= m_Cut_Stage10_Npads_Hig (=   5)

Apply selection 14 -> Remove Clusters with a too high APad 
                      APad >= m_Cut_Stage14_Amax_Low (=     0)
                      APad <= m_Cut_Stage14_Amax_Hig (=  3700)

Apply selection  5 -> Reject Events with too few clusters
                      NClusters >= m_Cut_Stage5_NCluster_Low (=   34)


zdrift        = 90 mm
PT            = 412 ns
TB            = 50 ns/time bin
PT/TB         = 8 time bins
z method      : zcalc
cut length    = 2 mm

Processing events:
0/7960
1000/7960
2000/7960
3000/7960
4000/7960
5000/7960
6000/7960
ALERT: 3 walls crossed for a pad in entry #6768
19 20 16 17
15 20 17 17
12 0 -0
ALERT: 1 walls crossed for a pad in entry #6768
20 21 16 17
15 20 17 18
12 0 -0
7000/7960
7959/7960

Selection Statistics 
 #Cut SelName    EvBef  EvAfter ( wrtPrev)  (wrtStart)     MdBef  MdAfter ( wrtPrev)  (wrtStart)     ClBef  ClAfter ( wrtPrev)  (wrtStart)     PdBef  PdAfter ( wrtPrev)  (wrtStart) 
    0  Stage1     7960     7960 (    0.00)  (    0.00)      7960     7960 (    0.00)  (    0.00)    270544   270544 (    0.00)  (    0.00)   1025400  1025400 (    0.00)  (    0.00) 
    1 Stage11     7960     7868 (   -1.16)  (   -1.16)      7960     7868 (   -1.16)  (   -1.16)    270544   262522 (   -2.97)  (   -2.97)   1025400   985983 (   -3.84)  (   -3.84) 
    2Stage120     7868     7749 (   -1.51)  (   -2.65)      7868     7749 (   -1.51)  (   -2.65)    262522   258763 (   -1.43)  (   -4.35)    985983   974167 (   -1.20)  (   -5.00) 
    3StageT15     7749     6338 (  -18.21)  (  -20.38)      7749     6338 (  -18.21)  (  -20.38)    258763   212677 (  -17.81)  (  -21.39)    974167   778979 (  -20.04)  (  -24.03) 
    4 Stage10     6338     6338 (    0.00)  (  -20.38)      6338     6338 (    0.00)  (  -20.38)    212677   210123 (   -1.20)  (  -22.33)    778979   763194 (   -2.03)  (  -25.57) 
    5 Stage14     6338     6338 (    0.00)  (  -20.38)      6338     6338 (    0.00)  (  -20.38)    210123   208340 (   -0.85)  (  -22.99)    763194   754794 (   -1.10)  (  -26.39) 
    6  Stage5     6338     3094 (  -51.18)  (  -61.13)      6338     3094 (  -51.18)  (  -61.13)    208340   105196 (  -49.51)  (  -61.12)    754794   378434 (  -49.86)  (  -63.09) 
  Summary Sel     7960     3094             (  -61.13)      7960     3094             (  -61.13)    270544   105196             (  -61.12)   1025400   378434             (  -63.09) 
Fitting: Started... done!
Checks: OUT_PID/DESY21_yscan/DESY21_ym100/2_DESY21_ym100_Checks_zcalc_G2.root
dEdx: OUT_PID/DESY21_yscan/DESY21_ym100/3_DESY21_ym100_dEdx_zcalc_G2.root
