Tag           : DESY21_thetam20
Comment       : _zcalc_G2
FileName      : ../Data_DESY21_dev_v9/Theta_scan/theta_m20_02T_z460_ym60_iter9.root
SelectionSet  : T_DESY21theta_Event
NbrOfMod      : 0
Data_to_Use   : 0
OUTDirName    : OUT_PID/DESY21_theta460/DESY21_thetam20/

ERAM#01: Gain hole in (iX,iY) = (10,16) | value reset at 1889.24
ERAM#01:   RC hole in (iX,iY) = (10,16) | value reset at 129.29
Number of pads in 01 = 1152.00
Average gain in   01 = 1947.72

Average gain in bottom HATPC: 1947.00

-------------->Predefined selection T_DESY21theta_Event
Number of entries :10797

-------------->List of selections
Apply selection  1 -> Remove clusters in first and last columns 

Apply selection 15 -> Remove Events with an average pad multiplicity too high or too low 
                      Pad Multiplicity >  m_Cut_StageT15_APM_Low  (=  2.0)
                      Pad Multiplicity <= m_Cut_StageT15_APM_High (=  4.0)

Apply selection 10 -> Remove clusters with too many pads 
                      Npads <= m_Cut_Stage10_Npads_Hig (=   5)

Apply selection 14 -> Remove Clusters with a too high APad 
                      APad >= m_Cut_Stage14_Amax_Low (=     0)
                      APad <= m_Cut_Stage14_Amax_Hig (=  3700)

Apply selection  5 -> Reject Events with too few clusters
                      NClusters >= m_Cut_Stage5_NCluster_Low (=   34)


zdrift        = 350 mm
PT            = 200 ns
TB            = 40 ns/time bin
PT/TB         = 5 time bins
z method      : zcalc
cut length    = 2 mm

Processing events:
0/10797
1000/10797
2000/10797
3000/10797
4000/10797
5000/10797
6000/10797
7000/10797
ALERT: 3 walls crossed for a pad in entry #7020
16 17 17 18
17 -nan 17 17
17 0 -0
ALERT: 1 walls crossed for a pad in entry #7020
17 18 17 18
17 -nan 17 17
17 0 -0
8000/10797
9000/10797
10000/10797
10796/10797

Selection Statistics 
 #Cut SelName    EvBef  EvAfter ( wrtPrev)  (wrtStart)     MdBef  MdAfter ( wrtPrev)  (wrtStart)     ClBef  ClAfter ( wrtPrev)  (wrtStart)     PdBef  PdAfter ( wrtPrev)  (wrtStart) 
    0  Stage1    10797    10797 (    0.00)  (    0.00)     10797    10797 (    0.00)  (    0.00)    367017   367017 (    0.00)  (    0.00)   1259675  1259675 (    0.00)  (    0.00) 
    1StageT15    10797     9981 (   -7.56)  (   -7.56)     10797     9981 (   -7.56)  (   -7.56)    367017   339288 (   -7.56)  (   -7.56)   1259675  1139178 (   -9.57)  (   -9.57) 
    2 Stage10     9981     9981 (    0.00)  (   -7.56)      9981     9981 (    0.00)  (   -7.56)    339288   336463 (   -0.83)  (   -8.32)   1139178  1121523 (   -1.55)  (  -10.97) 
    3 Stage14     9981     9981 (    0.00)  (   -7.56)      9981     9981 (    0.00)  (   -7.56)    336463   320266 (   -4.81)  (  -12.74)   1121523  1056330 (   -5.81)  (  -16.14) 
    4  Stage5     9981     1972 (  -80.24)  (  -81.74)      9981     1972 (  -80.24)  (  -81.74)    320266    67048 (  -79.06)  (  -81.73)   1056330   215904 (  -79.56)  (  -82.86) 
  Summary Sel    10797     1972             (  -81.74)     10797     1972             (  -81.74)    367017    67048             (  -81.73)   1259675   215904             (  -82.86) 
Fitting: Started... done!
Checks: OUT_PID/DESY21_theta460/DESY21_thetam20/2_DESY21_thetam20_Checks_zcalc_G2.root
dEdx: OUT_PID/DESY21_theta460/DESY21_thetam20/3_DESY21_thetam20_dEdx_zcalc_G2.root
