Tag           : DESY21_ym100
Comment       : _zcalc_G2_WF4
FileName     : ../Data_DESY21/yscan/Ym100_Z0_iter0.root
SelectionSet  : T_DESY21_Event
NbrOfMod      : 0
Data_to_Use   : 0
OUTDirName    : OUT_Tristan/DESY21_yscan/DESY21_ym100/

Gain & RC maps: loaded
Average Gain in ERAM01 = 1947.77
ERAM01: RC   hole in  iX = 10 | iY = 16 | value reset at 129.29
ERAM01: Gain hole in  iX = 10 | iY = 16 | value reset at 1889.24

-------------->Predefined selection T_DESY21_Event
Number of entries :7960
TLow = 44 | THigh = 77

-------------->List of selections
Apply selection  1 -> Remove clusters in first and last columns 

Apply selection 11 -> Remove clusters out of time (Event Based) 
                      |TLeading -TLeadingMeanOverEvent| <= m_Cut_Stage11_EventBased (=     3)

Apply selection 120 -> Remove clusters out of time  
                      m_Cut_Stage120_TLow <= TLeading <= m_Cut_Stage120_THigh 
                      m_Cut_Stage120_TLow  =   44
                      m_Cut_Stage120_THigh =   77

Apply selection 15 -> Remove Events with an average pad multiplicity too high or too low 
                      Pad Multiplicity >  m_Cut_StageT15_APM_Low  (=  2.0)
                      Pad Multiplicity <= m_Cut_StageT15_APM_High (=  4.0)

Apply selection 10 -> Remove clusters with too many pads 
                      Npads <= m_Cut_Stage10_Npads_Hig (=   5)

Apply selection 14 -> Remove Clusters with a too high APad 
                      APad >= m_Cut_Stage14_Amax_Low (=     0)
                      APad <= m_Cut_Stage14_Amax_Hig (=  3700)

Apply selection  5 -> Reject Events with too few clusters
                      NClusters >= m_Cut_Stage5_NCluster_Low (=   34)


zdrift        = 90 mm
PT            = 412 ns
TB            = 50 ns/time bin
PT/TB         = 8 time bins
z method      : zcalc
cut length    = 2 mm

Processing events:
0/7960
23
25
24
25
23
23
23
24
23
23
25
20
24
23
24
23
20
23
23
24
24
25
26
23
24
22
24
22
26
24
25
25
24
24
25
23
25
24
24
26
25
25
24
24
24
24
20
25
24
24
25
24
24
24
25
23
25
25
25
23
24
24
24
22
24
23
25
25
25
25
25
23
24
25
24
25
24
24
25
25
23
25
23
13
24
25
25
22
25
21
27
24
23
22
10
18
19
24
20
24
22
24
24
25
24
24
24
24
24
23
21
23
25
23
24
25
22
24
22
24
19
25
26
25
25
22
24
24
22
23
24
25
24
24
25
24
22
24
25
25
23
25
25
25
24
24
24
24
24
24
24
24
20
25
24
24
25
24
25
25
25
24
25
24
24
25
24
23
23
24
21
24
27
20
24
25
26
23
23
25
24
24
23
24
23
23
22
23
25
24
25
24
24
25
23
24
22
23
24
25
17
24
24
25
25
25
25
25
25
20
24
23
10
23
24
21
24
25
25
23
25
24
17
24
25
14
25
26
23
22
21
22
24
25
25
23
25
23
25
18
24
24
24
23
25
13
25
24
24
25
22
25
24
30
24
23
25
24
24
24
25
25
24
24
24
25
25
25
27
24
25
23
25
24
20
22
23
24
24
25
24
23
21
25
23
24
25
23
24
23
23
25
22
25
25
25
24
25
24
21
24
24
24
24
25
24
24
25
23
24
24
24
24
25
24
24
25
24
25
19
24
24
25
23
24
25
24
23
25
19
23
22
25
23
23
25
24
24
24
25
26
25
25
20
24
24
24
23
24
22
24
24
25
24
22
25
23
25
25
24
24
23
24
22
24
24
25
24
24
25
25
22
24
24
25
23
23
23
23
22
23
25
25
24
24
25
23
23
25
25
21
19
25
21
23
24
26
23
21
24
1000/7960
23
25
22
25
25
24
24
24
25
23
23
24
24
23
24
23
23
22
25
25
23
24
25
24
21
23
25
24
25
25
23
23
24
25
22
25
25
24
25
15
24
25
24
20
19
23
25
24
25
23
23
26
22
24
23
24
25
24
23
25
24
24
24
24
25
20
25
23
23
24
28
25
23
25
22
24
24
25
23
24
23
24
23
18
24
25
24
24
24
21
24
24
24
25
24
24
25
19
24
20
24
24
25
24
24
24
24
23
25
24
24
24
25
17
25
25
24
23
24
24
25
23
24
24
25
24
23
25
23
24
21
25
23
25
21
24
24
24
24
23
24
23
23
23
25
23
24
24
24
24
24
24
23
24
24
24
25
23
24
24
25
24
23
23
21
24
23
25
23
24
25
23
24
22
24
24
25
24
25
25
25
25
25
24
23
26
24
24
17
24
23
23
24
24
15
22
25
25
24
23
24
24
24
24
23
23
16
23
25
25
23
24
24
25
24
24
24
24
24
24
24
25
23
24
24
24
24
25
24
24
24
24
25
23
24
24
23
24
24
22
24
24
24
23
23
24
25
24
24
24
25
24
25
23
25
25
23
25
24
24
24
14
28
22
22
25
25
25
20
23
24
25
23
24
25
22
23
25
26
23
25
24
24
23
22
23
24
24
24
23
24
25
25
23
25
24
24
24
24
25
24
25
25
24
25
24
25
25
23
24
25
23
12
24
24
23
24
24
25
23
25
23
24
24
25
19
24
24
25
23
23
22
25
20
26
25
23
24
24
23
25
21
24
25
25
25
23
23
23
25
25
23
22
23
24
20
23
25
25
26
7
23
23
21
24
24
24
22
24
24
25
25
24
24
24
23
2000/7960
25
24
24
25
24
24
24
24
23
25
24
25
25
24
23
23
18
24
24
26
0
25
27
24
23
24
24
25
24
25
22
25
25
25
25
24
19
23
22
25
23
25
25
23
24
25
22
25
24
24
25
23
25
23
23
25
24
24
23
22
24
24
23
25
23
22
24
25
24
24
27
23
24
24
23
24
25
24
20
24
25
24
24
23
24
23
25
24
24
23
23
17
23
24
25
24
23
24
24
23
25
25
25
24
25
25
25
23
24
24
23
25
24
25
17
24
23
25
22
24
24
24
25
23
26
25
23
25
21
23
14
23
24
25
11
24
23
25
24
23
24
25
24
24
24
22
21
25
24
21
25
23
24
23
24
24
24
24
24
20
23
24
25
24
24
24
25
25
24
25
26
23
24
24
20
25
24
25
23
23
22
25
24
23
25
25
23
26
24
24
26
25
24
25
22
24
25
25
24
23
17
23
25
24
24
23
25
22
25
23
25
23
23
23
24
23
24
24
21
23
24
11
23
23
24
22
24
25
25
23
21
24
23
23
25
23
23
25
25
22
25
23
25
23
23
24
22
25
24
24
24
22
25
24
23
25
25
24
23
24
24
24
25
20
25
23
21
24
24
22
24
24
24
11
24
24
25
24
25
24
24
24
19
31
23
24
25
23
24
24
25
25
24
25
25
24
25
23
24
23
24
19
24
25
23
25
25
22
24
25
24
23
23
24
23
24
24
26
22
25
23
12
24
23
25
24
24
24
26
24
24
24
23
24
24
26
19
24
25
24
24
23
25
24
25
25
25
25
25
24
25
24
24
25
25
25
24
24
24
25
23
26
24
23
23
25
17
24
19
23
25
23
24
23
25
26
24
21
25
25
24
24
25
25
23
25
25
24
24
25
25
15
24
24
24
24
23
23
24
23
25
24
24
3000/7960
23
11
24
25
22
24
25
24
25
25
25
23
24
24
23
24
23
24
23
23
25
22
24
23
25
25
24
23
25
20
25
25
31
24
19
13
24
24
22
25
22
25
23
25
25
23
23
25
23
24
21
20
19
23
26
23
24
24
24
24
23
23
25
23
23
25
24
23
21
23
23
22
25
25
21
23
24
23
24
24
23
25
25
23
24
24
24
24
24
24
25
22
25
23
24
24
22
25
24
24
25
24
25
23
25
25
24
23
23
23
19
24
25
23
21
23
24
24
25
23
22
24
23
23
24
25
24
25
24
23
25
25
24
25
23
24
24
22
23
24
24
23
25
24
25
23
24
24
24
24
14
24
24
24
23
23
23
26
24
21
24
23
23
24
23
23
24
24
24
25
24
25
14
24
22
25
19
23
24
25
25
24
24
24
23
21
25
24
25
23
24
25
24
23
23
26
24
25
26
24
25
22
23
22
24
24
24
23
25
26
24
23
25
24
24
23
25
25
25
23
24
24
24
23
25
25
23
25
24
25
24
24
24
25
24
25
25
24
23
21
23
23
21
23
25
23
24
23
24
24
25
24
25
23
22
24
25
25
24
23
25
23
25
24
24
25
23
22
23
24
25
23
24
24
22
25
24
25
24
25
25
24
24
24
23
27
23
25
25
23
24
24
24
22
24
25
25
23
24
25
25
25
24
24
25
25
23
23
23
23
24
23
24
23
24
24
24
24
24
24
24
23
24
24
24
23
25
25
25
21
19
23
25
24
19
25
23
25
21
24
23
18
24
25
23
24
24
24
24
24
25
23
24
24
21
25
25
24
23
25
24
24
25
25
23
25
24
23
24
24
20
25
24
17
25
4000/7960
25
25
23
23
25
24
23
24
25
24
25
24
25
21
23
25
23
25
23
23
23
24
23
24
24
24
24
24
25
24
24
24
24
23
24
24
24
24
25
23
23
24
24
24
25
24
25
23
25
21
24
24
25
25
24
24
23
23
10
24
23
15
25
28
24
24
25
21
25
24
23
25
17
25
25
21
24
25
23
23
25
25
24
25
23
23
24
23
25
23
26
22
24
25
24
24
16
24
23
25
25
22
24
24
24
24
24
25
23
23
24
24
24
25
24
24
25
25
25
22
25
24
24
25
25
25
23
21
24
25
21
24
23
23
25
25
24
24
24
25
21
25
24
24
24
24
24
24
24
25
25
24
24
24
25
25
22
24
23
23
23
25
23
24
23
24
25
25
24
22
24
25
23
24
20
18
24
24
24
24
25
24
25
25
25
25
23
23
24
25
25
23
24
23
25
23
23
23
23
24
25
23
23
25
18
23
25
21
23
25
23
23
23
25
23
23
24
23
24
24
25
23
24
22
24
2
25
23
25
24
24
23
24
23
24
24
24
25
25
24
24
24
20
23
24
23
24
25
22
24
21
24
19
22
25
22
23
23
25
22
25
24
12
25
25
24
24
25
24
25
23
22
25
25
22
25
25
24
24
23
23
23
25
26
25
26
24
24
25
22
24
23
23
21
24
24
24
23
23
24
24
24
24
26
25
15
25
24
25
24
23
25
24
25
25
25
25
23
23
24
25
25
25
23
25
25
24
25
25
24
16
25
21
24
20
25
24
24
24
24
24
26
23
23
25
24
1
25
25
25
23
21
25
25
24
25
24
24
24
24
24
24
24
24
24
25
25
25
24
25
24
24
16
22
23
23
25
24
25
24
25
24
25
23
28
25
24
23
23
5000/7960
25
15
24
2
24
21
24
23
22
25
22
24
25
24
25
12
22
5
25
25
24
25
24
24
24
23
24
24
25
23
23
22
24
24
24
25
24
23
24
24
25
24
24
24
24
23
24
23
24
24
25
24
25
24
24
24
24
25
24
26
25
23
24
24
22
23
23
25
25
25
25
24
25
16
25
18
23
25
24
24
23
25
22
24
25
24
22
25
21
16
25
24
25
24
23
25
25
25
25
23
25
24
23
23
24
24
25
18
23
14
22
13
18
23
25
22
24
11
25
24
23
23
25
24
24
24
25
22
23
19
22
25
24
24
24
24
24
22
24
24
25
23
25
24
22
25
22
24
23
25
23
24
23
24
21
25
24
24
25
24
23
25
26
24
21
25
24
23
15
20
24
23
24
25
24
25
25
25
25
24
24
23
9
25
24
25
25
26
24
20
3
24
25
25
23
24
23
24
21
25
24
24
25
24
23
20
24
13
22
24
25
24
24
25
25
23
24
24
24
25
25
24
24
23
25
25
24
25
25
24
24
24
24
24
24
23
25
25
26
25
24
24
22
23
25
9
23
24
18
25
25
24
22
25
25
17
25
25
24
25
25
24
24
25
23
24
21
24
22
25
24
25
25
23
24
24
20
25
23
24
25
24
25
23
16
25
25
23
24
21
23
16
25
25
25
23
25
24
24
23
19
24
24
23
24
24
24
24
23
23
25
17
24
25
25
23
24
23
23
24
24
23
20
24
25
23
25
23
23
24
22
22
24
23
24
24
22
25
23
25
25
25
25
23
24
23
24
25
25
23
25
23
24
25
25
25
24
14
24
25
24
23
25
23
23
24
24
24
25
23
23
24
23
25
24
22
24
20
24
25
24
24
24
18
23
23
24
25
24
24
24
24
24
24
23
25
22
23
24
25
25
19
25
24
23
23
24
6000/7960
24
5
23
24
24
25
22
25
24
25
25
24
24
21
25
24
23
18
23
24
25
24
23
25
24
23
23
23
24
22
25
24
24
25
24
23
23
25
24
25
24
18
25
24
22
25
24
25
25
23
24
24
25
25
24
25
23
25
25
23
25
23
23
25
24
24
25
25
24
25
24
23
24
25
17
25
25
24
23
25
23
26
24
24
25
24
25
24
24
24
24
23
24
24
26
24
24
25
24
24
24
24
25
25
23
22
24
25
26
25
24
25
23
24
20
24
25
25
24
24
24
25
25
25
23
25
24
13
25
19
22
24
25
22
24
25
24
22
24
25
23
23
24
24
16
24
23
21
24
25
24
22
24
24
25
23
22
24
24
22
24
25
26
22
10
24
24
24
24
26
23
24
25
25
25
25
23
23
25
23
25
25
24
25
24
25
24
25
24
0
23
24
22
25
25
23
24
25
24
24
20
23
23
25
22
25
25
23
23
22
24
21
23
22
24
25
24
24
25
24
25
23
25
25
25
24
23
23
24
24
25
24
24
23
24
23
25
23
25
24
22
24
25
23
24
22
25
23
22
23
23
24
23
25
25
24
24
19
24
25
20
24
22
23
24
24
24
25
23
25
24
25
21
22
24
24
24
22
20
25
23
25
25
14
24
22
12
25
24
24
24
24
23
23
24
24
22
24
24
22
24
22
24
24
23
24
24
23
25
22
18
25
24
25
24
24
23
25
22
15
23
25
25
25
22
22
24
24
24
23
23
7
25
22
24
24
24
24
24
21
24
24
-0
24
23
23
23
25
25
23
23
23
23
25
24
25
25
21
24
23
23
26
23
24
25
25
24
24
24
23
24
24
24
24
23
24
23
25
23
24
24
23
25
24
23
24
25
23
7000/7960
25
25
25
24
25
27
25
25
24
25
24
25
20
21
24
24
22
25
25
25
22
24
23
24
25
24
25
24
24
24
23
23
24
24
24
23
23
24
23
24
24
21
24
25
25
24
26
24
23
24
24
24
17
24
25
23
25
18
24
24
25
17
25
24
23
23
23
23
22
23
22
24
24
25
24
23
24
24
24
23
23
25
24
28
23
25
25
16
23
23
24
25
26
23
25
25
23
23
23
23
24
25
24
24
24
25
25
23
25
23
24
23
24
23
23
24
24
25
23
24
25
25
25
25
24
24
17
24
25
24
23
24
23
25
23
23
24
24
23
24
24
24
23
23
24
25
24
23
23
24
24
15
19
23
11
24
22
23
24
24
24
21
23
21
24
25
25
23
25
23
25
24
24
24
20
25
23
22
25
24
23
23
24
25
16
25
25
24
24
24
24
24
24
23
24
23
23
24
9
25
22
22
21
24
24
23
21
24
25
24
25
19
25
24
25
23
25
25
25
23
29
24
24
24
25
24
23
22
24
24
22
24
23
24
23
19
23
22
24
24
25
23
24
25
25
25
25
24
22
22
24
25
23
24
24
20
23
25
24
23
24
24
24
23
25
23
23
24
24
25
21
23
25
24
24
23
24
25
24
23
25
22
25
25
25
24
26
25
23
25
25
23
24
24
22
24
24
24
22
23
24
21
23
24
25
26
25
24
23
25
25
24
25
24
22
22
24
25
25
25
25
25
24
19
25
7
23
25
24
24
22
23
24
24
24
26
24
25
25
25
25
25
24
26
23
26
25
25
25
25
22
25
23
23
25
7959/7960
20
7960 real events

Selection Statistics 
 #Cut SelName    EvBef  EvAfter ( wrtPrev)  (wrtStart)     MdBef  MdAfter ( wrtPrev)  (wrtStart)     ClBef  ClAfter ( wrtPrev)  (wrtStart)     PdBef  PdAfter ( wrtPrev)  (wrtStart) 
    0  Stage1     7960     7960 (    0.00)  (    0.00)      7960     7960 (    0.00)  (    0.00)    270544   270544 (    0.00)  (    0.00)   1025400  1025400 (    0.00)  (    0.00) 
    1 Stage11     7960     7868 (   -1.16)  (   -1.16)      7960     7868 (   -1.16)  (   -1.16)    270544   262522 (   -2.97)  (   -2.97)   1025400   985983 (   -3.84)  (   -3.84) 
    2Stage120     7868     7749 (   -1.51)  (   -2.65)      7868     7749 (   -1.51)  (   -2.65)    262522   258763 (   -1.43)  (   -4.35)    985983   974167 (   -1.20)  (   -5.00) 
    3StageT15     7749     6338 (  -18.21)  (  -20.38)      7749     6338 (  -18.21)  (  -20.38)    258763   212677 (  -17.81)  (  -21.39)    974167   778979 (  -20.04)  (  -24.03) 
    4 Stage10     6338     6338 (    0.00)  (  -20.38)      6338     6338 (    0.00)  (  -20.38)    212677   210123 (   -1.20)  (  -22.33)    778979   763194 (   -2.03)  (  -25.57) 
    5 Stage14     6338     6338 (    0.00)  (  -20.38)      6338     6338 (    0.00)  (  -20.38)    210123   208340 (   -0.85)  (  -22.99)    763194   754794 (   -1.10)  (  -26.39) 
    6  Stage5     6338     3094 (  -51.18)  (  -61.13)      6338     3094 (  -51.18)  (  -61.13)    208340   105196 (  -49.51)  (  -61.12)    754794   378434 (  -49.86)  (  -63.09) 
  Summary Sel     7960     3094             (  -61.13)      7960     3094             (  -61.13)    270544   105196             (  -61.12)   1025400   378434             (  -63.09) 
Fitting: Started... done!
Checks: OUT_Tristan/DESY21_yscan/DESY21_ym100/2_DESY21_ym100_Checks_zcalc_G2_WF4.root
dEdx: OUT_Tristan/DESY21_yscan/DESY21_ym100/3_DESY21_ym100_dEdx_zcalc_G2_WF4.root
