Control_zfile_PRF_4IP_Gain2_WF4_4Mod
Tag           : CERN22_Escan_mu_1p5GeV
EventFile     : ../Data_CERN22_vD_iter0/All_ERAMS_350V_412ns_mu+_1p5GeV_25V_z415p1_y2pad_iter0.root
SelectionSet  : T2_CERN22_Event
iMod          : -1
Data_to_Use   : 0
OUTDirName    : OUT_Tristan/CERN22_Energy_Scan/CERN22_Escan_mu_1p5GeV/


-------------->Predefined selection T2_CERN22_Event
Number of entries :185260
No Stage120 cuts found in CSV. Getting them now...
0/185260
1000/185260
2000/185260
3000/185260
4000/185260
5000/185260
6000/185260
7000/185260
8000/185260
9000/185260
10000/185260
11000/185260
12000/185260
13000/185260
14000/185260
15000/185260
16000/185260
17000/185260
18000/185260
19000/185260
20000/185260
21000/185260
22000/185260
23000/185260
24000/185260
25000/185260
26000/185260
27000/185260
28000/185260
29000/185260
30000/185260
31000/185260
32000/185260
33000/185260
34000/185260
35000/185260
36000/185260
37000/185260
38000/185260
39000/185260
40000/185260
41000/185260
42000/185260
43000/185260
44000/185260
45000/185260
46000/185260
47000/185260
48000/185260
49000/185260
50000/185260
51000/185260
52000/185260
53000/185260
54000/185260
55000/185260
56000/185260
57000/185260
58000/185260
59000/185260
60000/185260
61000/185260
62000/185260
63000/185260
64000/185260
65000/185260
66000/185260
67000/185260
68000/185260
69000/185260
70000/185260
71000/185260
72000/185260
73000/185260
74000/185260
75000/185260
76000/185260
77000/185260
78000/185260
79000/185260
80000/185260
81000/185260
82000/185260
83000/185260
84000/185260
85000/185260
86000/185260
87000/185260
88000/185260
89000/185260
90000/185260
91000/185260
92000/185260
93000/185260
94000/185260
95000/185260
96000/185260
97000/185260
98000/185260
99000/185260
100000/185260
101000/185260
102000/185260
103000/185260
104000/185260
105000/185260
106000/185260
107000/185260
108000/185260
109000/185260
110000/185260
111000/185260
112000/185260
113000/185260
114000/185260
115000/185260
116000/185260
117000/185260
118000/185260
119000/185260
120000/185260
121000/185260
122000/185260
123000/185260
124000/185260
125000/185260
126000/185260
127000/185260
128000/185260
129000/185260
130000/185260
131000/185260
132000/185260
133000/185260
134000/185260
135000/185260
136000/185260
137000/185260
138000/185260
139000/185260
140000/185260
141000/185260
142000/185260
143000/185260
144000/185260
145000/185260
146000/185260
147000/185260
148000/185260
149000/185260
150000/185260
151000/185260
152000/185260
153000/185260
154000/185260
155000/185260
156000/185260
157000/185260
158000/185260
159000/185260
160000/185260
161000/185260
162000/185260
163000/185260
164000/185260
165000/185260
166000/185260
167000/185260
168000/185260
169000/185260
170000/185260
171000/185260
172000/185260
173000/185260
174000/185260
175000/185260
176000/185260
177000/185260
178000/185260
179000/185260
180000/185260
181000/185260
182000/185260
183000/185260
184000/185260
185000/185260
185259/185260
28166.00
189
Stage120 cuts are 167 to 201. Values added to CSV file.

-------------->List of selections
Apply selection  1 -> Remove clusters in first and last columns 

Apply selection 11 -> Remove clusters out of time (Event Based) 
                      |TLeading -TLeadingMeanOverEvent| <= m_Cut_Stage11_EventBased (=     3)

Apply selection 120 -> Remove clusters out of time  
                      m_Cut_Stage120_TLow <= TLeading <= m_Cut_Stage120_THigh 
                      m_Cut_Stage120_TLow  =  167
                      m_Cut_Stage120_THigh =  201

Apply selection 15 -> Remove Events with an average pad multiplicity too high or too low 
                      Pad Multiplicity >  m_Cut_StageT15_APM_Low  (=  2.0)
                      Pad Multiplicity <= m_Cut_StageT15_APM_High (=  4.0)

Apply selection  5 -> Reject Events with too few clusters
                      NClusters >= m_Cut_Stage5_NCluster_Low (=   34)


Processing events:
0/185260
1000/185260
2000/185260
3000/185260
4000/185260
5000/185260
6000/185260
7000/185260
8000/185260
9000/185260
10000/185260
11000/185260
12000/185260
13000/185260
14000/185260
15000/185260
16000/185260
17000/185260
18000/185260
19000/185260
20000/185260
21000/185260
22000/185260
23000/185260
24000/185260
25000/185260
26000/185260
27000/185260
28000/185260
29000/185260
30000/185260
31000/185260
32000/185260
33000/185260
34000/185260
35000/185260
36000/185260
37000/185260
38000/185260
39000/185260
40000/185260
41000/185260
42000/185260
43000/185260
44000/185260
45000/185260
46000/185260
47000/185260
48000/185260
49000/185260
50000/185260
51000/185260
52000/185260
53000/185260
54000/185260
55000/185260
56000/185260
57000/185260
58000/185260
59000/185260
60000/185260
61000/185260
62000/185260
63000/185260
64000/185260
65000/185260
66000/185260
67000/185260
68000/185260
69000/185260
70000/185260
71000/185260
72000/185260
73000/185260
74000/185260
75000/185260
76000/185260
77000/185260
78000/185260
79000/185260
80000/185260
81000/185260
82000/185260
83000/185260
84000/185260
85000/185260
86000/185260
87000/185260
88000/185260
89000/185260
90000/185260
91000/185260
92000/185260
93000/185260
94000/185260
95000/185260
96000/185260
97000/185260
98000/185260
99000/185260
100000/185260
101000/185260
102000/185260
103000/185260
104000/185260
105000/185260
106000/185260
107000/185260
108000/185260
109000/185260
110000/185260
111000/185260
112000/185260
113000/185260
114000/185260
115000/185260
116000/185260
117000/185260
118000/185260
119000/185260
120000/185260
121000/185260
122000/185260
123000/185260
124000/185260
125000/185260
126000/185260
127000/185260
128000/185260
129000/185260
130000/185260
131000/185260
132000/185260
133000/185260
134000/185260
135000/185260
136000/185260
137000/185260
138000/185260
139000/185260
140000/185260
141000/185260
142000/185260
143000/185260
144000/185260
145000/185260
146000/185260
147000/185260
148000/185260
149000/185260
150000/185260
151000/185260
152000/185260
153000/185260
154000/185260
155000/185260
156000/185260
157000/185260
158000/185260
159000/185260
160000/185260
161000/185260
162000/185260
163000/185260
164000/185260
165000/185260
166000/185260
167000/185260
168000/185260
169000/185260
170000/185260
171000/185260
172000/185260
173000/185260
174000/185260
175000/185260
176000/185260
177000/185260
178000/185260
179000/185260
180000/185260
181000/185260
182000/185260
183000/185260
184000/185260
185000/185260
185259/185260
Nber Of Entries :185260
Raw      events with at least 4 modules: 9021
Selected events with at least 4 modules: 2621

Selection Statistics 
 #Cut SelName    EvBef  EvAfter ( wrtPrev)  (wrtStart)     MdBef  MdAfter ( wrtPrev)  (wrtStart)     ClBef  ClAfter ( wrtPrev)  (wrtStart)     PdBef  PdAfter ( wrtPrev)  (wrtStart) 
    0  Stage1     9021     9021 (    0.00)  (    0.00)     36107    36107 (    0.00)  (    0.00)   1235260  1167962 (   -5.45)  (   -5.45)   3210826  3046292 (   -5.12)  (   -5.12) 
    1 Stage11     9021     8879 (   -1.57)  (   -1.57)     36107    35539 (   -1.57)  (   -1.57)   1167962   961041 (  -17.72)  (  -22.20)   3046292  2415632 (  -20.70)  (  -24.77) 
    2Stage120     8879     3908 (  -55.99)  (  -56.68)     35539    15637 (  -56.00)  (  -56.69)    961041   405429 (  -57.81)  (  -67.18)   2415632  1036688 (  -57.08)  (  -67.71) 
    3StageT15     3908     3237 (  -17.17)  (  -64.12)     15637    12950 (  -17.18)  (  -64.13)    405429   330033 (  -18.60)  (  -73.28)   1036688   886834 (  -14.46)  (  -72.38) 
    4  Stage5     3237     2621 (  -19.03)  (  -70.95)     12950    10485 (  -19.03)  (  -70.96)    330033   245310 (  -25.67)  (  -80.14)    886834   654969 (  -26.15)  (  -79.60) 
  Summary Sel     9021     2621             (  -70.95)     36107    10485             (  -70.96)   1235260   245310             (  -80.14)   3210826   654969             (  -79.60) 
