Control_zcalc_G2_WF4_iter0
Tag           : DESY21_ExB06_Z860
EventFile     : ../Data_DESY21/ExB_scan/ExB_360_phim3_200ns_B06_ym60_z860_iter0.root
SelectionSet  : T_DESY21_Event
iMod          : 0
Data_to_Use   : 0
OUTDirName    : OUT_Tristan/DESY21_ExB/DESY21_ExB06_Z860/


-------------->Predefined selection T_DESY21_Event
Number of entries :5854
TLow = 321 | THigh = 354

-------------->List of selections
Apply selection  1 -> Remove clusters in first and last columns 

Apply selection 11 -> Remove clusters out of time (Event Based) 
                      |TLeading -TLeadingMeanOverEvent| <= m_Cut_Stage11_EventBased (=     3)

Apply selection 120 -> Remove clusters out of time  
                      m_Cut_Stage120_TLow <= TLeading <= m_Cut_Stage120_THigh 
                      m_Cut_Stage120_TLow  =  321
                      m_Cut_Stage120_THigh =  354

Apply selection 15 -> Remove Events with an average pad multiplicity too high or too low 
                      Pad Multiplicity >  m_Cut_StageT15_APM_Low  (=  2.0)
                      Pad Multiplicity <= m_Cut_StageT15_APM_High (=  4.0)

Apply selection 10 -> Remove clusters with too many pads 
                      Npads <= m_Cut_Stage10_Npads_Hig (=   5)

Apply selection 14 -> Remove Clusters with a too high APad 
                      APad >= m_Cut_Stage14_Amax_Low (=     0)
                      APad <= m_Cut_Stage14_Amax_Hig (=  3700)

Apply selection  5 -> Reject Events with too few clusters
                      NClusters >= m_Cut_Stage5_NCluster_Low (=   34)


Processing events:
0/5854
1000/5854
2000/5854
3000/5854
4000/5854
5000/5854
5853/5854
Nber Of Entries :5854

Selection Statistics 
 #Cut SelName    EvBef  EvAfter ( wrtPrev)  (wrtStart)     MdBef  MdAfter ( wrtPrev)  (wrtStart)     ClBef  ClAfter ( wrtPrev)  (wrtStart)     PdBef  PdAfter ( wrtPrev)  (wrtStart) 
    0  Stage1     5854     5854 (    0.00)  (    0.00)      5854     5854 (    0.00)  (    0.00)    198889   198889 (    0.00)  (    0.00)    580469   580469 (    0.00)  (    0.00) 
    1 Stage11     5854     5760 (   -1.61)  (   -1.61)      5854     5760 (   -1.61)  (   -1.61)    198889   185092 (   -6.94)  (   -6.94)    580469   533255 (   -8.13)  (   -8.13) 
    2Stage120     5760     5666 (   -1.63)  (   -3.21)      5760     5666 (   -1.63)  (   -3.21)    185092   181819 (   -1.77)  (   -8.58)    533255   525089 (   -1.53)  (   -9.54) 
    3StageT15     5666     5516 (   -2.65)  (   -5.77)      5666     5516 (   -2.65)  (   -5.77)    181819   177773 (   -2.23)  (  -10.62)    525089   508528 (   -3.15)  (  -12.39) 
    4 Stage10     5516     5516 (    0.00)  (   -5.77)      5516     5516 (    0.00)  (   -5.77)    177773   177220 (   -0.31)  (  -10.90)    508528   505062 (   -0.68)  (  -12.99) 
    5 Stage14     5516     5515 (   -0.02)  (   -5.79)      5516     5515 (   -0.02)  (   -5.79)    177220   175068 (   -1.21)  (  -11.98)    505062   496470 (   -1.70)  (  -14.47) 
    6  Stage5     5515     1346 (  -75.59)  (  -77.01)      5515     1346 (  -75.59)  (  -77.01)    175068    45764 (  -73.86)  (  -76.99)    496470   127134 (  -74.39)  (  -78.10) 
  Summary Sel     5854     1346             (  -77.01)      5854     1346             (  -77.01)    198889    45764             (  -76.99)    580469   127134             (  -78.10) 
