Tag           : CERN22_Escan_e+_1p5GeV
Comment       : _zcalc_G1_n600_noSelec
FileName      : ../Data_CERN22_vD/All_ERAMS_350V_412ns_e+_1p5GeV_25V_z415p1_y2pad_iter0.root
SelectionSet  : T2_CERN22_Event
NbrOfMod      : -1
Data_to_Use   : 0
OUTDirName    : OUT_Tristan/CERN22_Energy_Scan/CERN22_Escan_e+_1p5GeV/

Gain hole in  iX = 33 | iY = 28 | value reset at 1179.85
Gain hole in  iX = 34 | iY = 19 | value reset at 1148.41
Gain hole in  iX = 33 | iY = 28 | value reset at 112.77
Gain hole in  iX = 34 | iY = 19 | value reset at 115.90
Gain hole in  iX = 25 | iY = 28 | value reset at 1848.21
Gain hole in  iX = 25 | iY = 28 | value reset at 102.75
Gain hole in  iX = 18 | iY = 29 | value reset at 1434.90
Gain hole in  iX = 19 | iY = 29 | value reset at 1362.05
Gain hole in  iX = 20 | iY = 30 | value reset at 1436.12
Gain hole in  iX = 21 | iY = 30 | value reset at 1384.65
Gain hole in  iX = 23 | iY = 30 | value reset at 1458.56
Gain hole in  iX = 24 | iY = 30 | value reset at 1408.71
Gain hole in  iX = 25 | iY = 30 | value reset at 1368.79
Gain hole in  iX = 26 | iY = 30 | value reset at 1416.86
Gain hole in  iX = 27 | iY = 16 | value reset at 1539.40
Gain hole in  iX = 18 | iY = 29 | value reset at 133.00
Gain hole in  iX = 19 | iY = 29 | value reset at 133.49
Gain hole in  iX = 20 | iY = 30 | value reset at 135.77
Gain hole in  iX = 21 | iY = 30 | value reset at 135.66
Gain hole in  iX = 23 | iY = 30 | value reset at 135.52
Gain hole in  iX = 24 | iY = 30 | value reset at 135.25
Gain hole in  iX = 25 | iY = 30 | value reset at 136.56
Gain hole in  iX = 26 | iY = 30 | value reset at 139.30
Gain hole in  iX = 27 | iY = 16 | value reset at 124.48
Gain hole in  iX = 29 | iY = 21 | value reset at 1771.84
Gain hole in  iX = 29 | iY = 21 | value reset at 111.08
Gain hole in  iX = 10 | iY = 16 | value reset at 1889.24
Gain hole in  iX = 10 | iY = 16 | value reset at 129.29
Average Gain in 24 = 1224.04
Average Gain in 30 = 1160.23
Average Gain in 28 = 1157.88
Average Gain in 19 = 1316.88
Average Gain in 21 = 1906.77
Average Gain in 13 = 1714.63
Average Gain in 09 = 1495.95
Average Gain in 02 = 1722.77
Average Gain in 29 = 1318.82
Average Gain in 23 = 1393.41
Average Gain in 17 = 1078.74
Average Gain in 26 = 1202.23
Average Gain in 03 = 1984.39
Average Gain in 11 = 1576.75
Average Gain in 10 = 1700.44
Average Gain in 01 = 1947.72
Average gain in bottom HATPC: 1493.85
Number of entries :171631
zdrift        = 415.00 mm
PT            = 412 ns
TB            = 40 ns/time bin
PT/TB         = 10 time bins
z method      : zfile
cut length    = 2.00 mm

Processing events:
0/171631
