Tag           : DESY21_phi30_z460
Comment       : _zcalc_G2
FileName      : ../Data_DESY21_dev_v9/Phi_scan_z460/phi_200_30_z460_ym60_iter9.root
SelectionSet  : T_DESY21_Event
NbrOfMod      : 0
Data_to_Use   : 0
OUTDirName    : OUT_PID/DESY21_phi/DESY21_phi_z460/DESY21_phi30_z460/

ERAM#01: Gain hole in (iX,iY) = (10,16) | value reset at 1889.24
ERAM#01:   RC hole in (iX,iY) = (10,16) | value reset at 129.29
Number of pads in 01 = 1152.00
Average gain in   01 = 1947.72

Average gain in bottom HATPC: 1947.00

-------------->Predefined selection T_DESY21_Event
Number of entries :8162
TLow = 191 | THigh = 235

-------------->List of selections
Apply selection  1 -> Remove clusters in first and last columns 

Apply selection 11 -> Remove clusters out of time (Event Based) 
                      |TLeading -TLeadingMeanOverEvent| <= m_Cut_Stage11_EventBased (=     3)

Apply selection 120 -> Remove clusters out of time  
                      m_Cut_Stage120_TLow <= TLeading <= m_Cut_Stage120_THigh 
                      m_Cut_Stage120_TLow  =  191
                      m_Cut_Stage120_THigh =  235

Apply selection 15 -> Remove Events with an average pad multiplicity too high or too low 
                      Pad Multiplicity >  m_Cut_StageT15_APM_Low  (=  2.0)
                      Pad Multiplicity <= m_Cut_StageT15_APM_High (=  4.0)

Apply selection 10 -> Remove clusters with too many pads 
                      Npads <= m_Cut_Stage10_Npads_Hig (=   5)

Apply selection 14 -> Remove Clusters with a too high APad 
                      APad >= m_Cut_Stage14_Amax_Low (=     0)
                      APad <= m_Cut_Stage14_Amax_Hig (=  3700)

Apply selection  5 -> Reject Events with too few clusters
                      NClusters >= m_Cut_Stage5_NCluster_Low (=   34)


zdrift        = 550 mm
PT            = 200 ns
TB            = 40 ns/time bin
PT/TB         = 5 time bins
z method      : zcalc
cut length    = 2 mm

Processing events:
0/8162
1000/8162
2000/8162
3000/8162
4000/8162
5000/8162
6000/8162
7000/8162
8000/8162
8161/8162

Selection Statistics 
 #Cut SelName    EvBef  EvAfter ( wrtPrev)  (wrtStart)     MdBef  MdAfter ( wrtPrev)  (wrtStart)     ClBef  ClAfter ( wrtPrev)  (wrtStart)     PdBef  PdAfter ( wrtPrev)  (wrtStart) 
    0  Stage1     8162     8162 (    0.00)  (    0.00)      8162     8162 (    0.00)  (    0.00)    272294   272294 (    0.00)  (    0.00)    894856   894856 (    0.00)  (    0.00) 
    1 Stage11     8162     8082 (   -0.98)  (   -0.98)      8162     8082 (   -0.98)  (   -0.98)    272294   263966 (   -3.06)  (   -3.06)    894856   868174 (   -2.98)  (   -2.98) 
    2Stage120     8082     7962 (   -1.48)  (   -2.45)      8082     7962 (   -1.48)  (   -2.45)    263966   260380 (   -1.36)  (   -4.38)    868174   858581 (   -1.10)  (   -4.05) 
    3StageT15     7962     7831 (   -1.65)  (   -4.06)      7962     7831 (   -1.65)  (   -4.06)    260380   256519 (   -1.48)  (   -5.79)    858581   841476 (   -1.99)  (   -5.97) 
    4 Stage10     7831     7831 (    0.00)  (   -4.06)      7831     7831 (    0.00)  (   -4.06)    256519   255755 (   -0.30)  (   -6.07)    841476   836676 (   -0.57)  (   -6.50) 
    5 Stage14     7831     7831 (    0.00)  (   -4.06)      7831     7831 (    0.00)  (   -4.06)    255755   252183 (   -1.40)  (   -7.39)    836676   821745 (   -1.78)  (   -8.17) 
    6  Stage5     7831     2457 (  -68.62)  (  -69.90)      7831     2457 (  -68.62)  (  -69.90)    252183    83538 (  -66.87)  (  -69.32)    821745   268871 (  -67.28)  (  -69.95) 
  Summary Sel     8162     2457             (  -69.90)      8162     2457             (  -69.90)    272294    83538             (  -69.32)    894856   268871             (  -69.95) 
Fitting: Started... done!
Checks: OUT_PID/DESY21_phi/DESY21_phi_z460/DESY21_phi30_z460/2_DESY21_phi30_z460_Checks_zcalc_G2.root
dEdx: OUT_PID/DESY21_phi/DESY21_phi_z460/DESY21_phi30_z460/3_DESY21_phi30_z460_dEdx_zcalc_G2.root
