Tag           : DESY21_mag10
Comment       : _zfile_G2_WF4
FileName     : ../Data_DESY21/Mag_scan/mag_10_200_ym60_iter0.root
SelectionSet  : T_DESY21_Event
NbrOfMod      : 0
Data_to_Use   : 0
OUTDirName    : OUT_Tristan/DESY21_mag/DESY21_mag10/

Gain & RC maps: loaded
Average Gain in ERAM01 = 1947.77
ERAM01: RC   hole in  iX = 10 | iY = 16 | value reset at 129.29
ERAM01: Gain hole in  iX = 10 | iY = 16 | value reset at 1889.24

-------------->Predefined selection T_DESY21_Event
Number of entries :9127
No Stage120 cuts found in CSV. Getting them now...
0/9127
1000/9127
2000/9127
3000/9127
4000/9127
5000/9127
6000/9127
7000/9127
8000/9127
9000/9127
9126/9127
41077.00
360
Stage120 cuts are 347 to 382. Values added to CSV file.

-------------->List of selections
Apply selection  1 -> Remove clusters in first and last columns 

Apply selection 11 -> Remove clusters out of time (Event Based) 
                      |TLeading -TLeadingMeanOverEvent| <= m_Cut_Stage11_EventBased (=     3)

Apply selection 120 -> Remove clusters out of time  
                      m_Cut_Stage120_TLow <= TLeading <= m_Cut_Stage120_THigh 
                      m_Cut_Stage120_TLow  =  347
                      m_Cut_Stage120_THigh =  382

Apply selection 15 -> Remove Events with an average pad multiplicity too high or too low 
                      Pad Multiplicity >  m_Cut_StageT15_APM_Low  (=  2.0)
                      Pad Multiplicity <= m_Cut_StageT15_APM_High (=  4.0)

Apply selection 10 -> Remove clusters with too many pads 
                      Npads <= m_Cut_Stage10_Npads_Hig (=   5)

Apply selection 14 -> Remove Clusters with a too high APad 
                      APad >= m_Cut_Stage14_Amax_Low (=     0)
                      APad <= m_Cut_Stage14_Amax_Hig (=  3700)

Apply selection  5 -> Reject Events with too few clusters
                      NClusters >= m_Cut_Stage5_NCluster_Low (=   34)


zdrift        = 950 mm
PT            = 200 ns
TB            = 40 ns/time bin
PT/TB         = 5 time bins
z method      : zfile
cut length    = 2 mm

Processing events:
0/9127
1000/9127
2000/9127
3000/9127
4000/9127
5000/9127
6000/9127
7000/9127
8000/9127
9000/9127
9126/9127
9127 real events

Selection Statistics 
 #Cut SelName    EvBef  EvAfter ( wrtPrev)  (wrtStart)     MdBef  MdAfter ( wrtPrev)  (wrtStart)     ClBef  ClAfter ( wrtPrev)  (wrtStart)     PdBef  PdAfter ( wrtPrev)  (wrtStart) 
    0  Stage1     9127     9127 (    0.00)  (    0.00)      9127     9127 (    0.00)  (    0.00)    310146   310146 (    0.00)  (    0.00)   1074583  1074583 (    0.00)  (    0.00) 
    1 Stage11     9127     9023 (   -1.14)  (   -1.14)      9127     9023 (   -1.14)  (   -1.14)    310146   302830 (   -2.36)  (   -2.36)   1074583  1041771 (   -3.05)  (   -3.05) 
    2Stage120     9023     8881 (   -1.57)  (   -2.70)      9023     8881 (   -1.57)  (   -2.70)    302830   297782 (   -1.67)  (   -3.99)   1041771  1027202 (   -1.40)  (   -4.41) 
    3StageT15     8881     8459 (   -4.75)  (   -7.32)      8881     8459 (   -4.75)  (   -7.32)    297782   284644 (   -4.41)  (   -8.22)   1027202   971182 (   -5.45)  (   -9.62) 
    4 Stage10     8459     8459 (    0.00)  (   -7.32)      8459     8459 (    0.00)  (   -7.32)    284644   282781 (   -0.65)  (   -8.82)    971182   959740 (   -1.18)  (  -10.69) 
    5 Stage14     8459     8453 (   -0.07)  (   -7.38)      8459     8453 (   -0.07)  (   -7.38)    282781   263406 (   -6.85)  (  -15.07)    959740   882941 (   -8.00)  (  -17.83) 
    6  Stage5     8453      788 (  -90.68)  (  -91.37)      8453      788 (  -90.68)  (  -91.37)    263406    26792 (  -89.83)  (  -91.36)    882941    87099 (  -90.14)  (  -91.89) 
  Summary Sel     9127      788             (  -91.37)      9127      788             (  -91.37)    310146    26792             (  -91.36)   1074583    87099             (  -91.89) 
Fitting: Started... done!
Checks: OUT_Tristan/DESY21_mag/DESY21_mag10/2_DESY21_mag10_Checks_zfile_G2_WF4.root
dEdx: OUT_Tristan/DESY21_mag/DESY21_mag10/3_DESY21_mag10_dEdx_zfile_G2_WF4.root
