Tag           : DESY21_phi30_diag_z460
Comment       : _zcalc_G2_WF4_RCm2%
FileName     : ../Data_DESY21/Phi_scan_z460/phi_200_30_z460_ym60_diag_iter0.root
SelectionSet  : T_DESY21_Event
NbrOfMod      : 0
Data_to_Use   : 0
OUTDirName    : OUT_Tristan/DESY21_phi/DESY21_phi_z460/DESY21_phi30_diag_z460/

Gain & RC maps: loaded
Average Gain in ERAM01 = 1947.77
ERAM01: RC   hole in  iX = 10 | iY = 16 | value reset at 129.29
ERAM01: Gain hole in  iX = 10 | iY = 16 | value reset at 1889.24

-------------->Predefined selection T_DESY21_Event
Number of entries :12899
TLow = 191 | THigh = 235

-------------->List of selections
Apply selection  1 -> Remove clusters in first and last columns 

Apply selection 11 -> Remove clusters out of time (Event Based) 
                      |TLeading -TLeadingMeanOverEvent| <= m_Cut_Stage11_EventBased (=     3)

Apply selection 120 -> Remove clusters out of time  
                      m_Cut_Stage120_TLow <= TLeading <= m_Cut_Stage120_THigh 
                      m_Cut_Stage120_TLow  =  191
                      m_Cut_Stage120_THigh =  235

Apply selection 15 -> Remove Events with an average pad multiplicity too high or too low 
                      Pad Multiplicity >  m_Cut_StageT15_APM_Low  (=  1.0)
                      Pad Multiplicity <= m_Cut_StageT15_APM_High (=  3.5)

Apply selection 10 -> Remove clusters with too many pads 
                      Npads <= m_Cut_Stage10_Npads_Hig (=   5)

Apply selection 14 -> Remove Clusters with a too high APad 
                      APad >= m_Cut_Stage14_Amax_Low (=     0)
                      APad <= m_Cut_Stage14_Amax_Hig (=  3700)

Apply selection  5 -> Reject Events with too few clusters
                      NClusters >= m_Cut_Stage5_NCluster_Low (=   50)


zdrift        = 550 mm
PT            = 200 ns
TB            = 40 ns/time bin
PT/TB         = 5 time bins
z method      : zcalc
cut length    = 2 mm

WF correction parameters: 283.98 | -10.30 | 2.25 | 0.81 | -0.05
Processing events:
0/12899
ALERT: 3 walls crossed for a pad in entry #39
12.41 13.54 26.49 27.51
13.53 12.04 27.26 26.50
35.57 -0.67 0.00
ALERT: 1 walls crossed for a pad in entry #39
13.54 14.66 26.49 27.51
13.53 12.04 26.50 25.74
35.57 -0.67 0.00
ALERT: 1 walls crossed for a pad in entry #39
12.41 13.54 25.48 26.49
15.08 13.53 27.26 26.50
35.57 -0.67 0.00
ALERT: 1 walls crossed for a pad in entry #39
13.54 14.66 25.48 26.49
15.08 13.53 26.50 25.74
35.57 -0.67 0.00
ALERT: 1 walls crossed for a pad in entry #950
19.18 20.30 20.38 21.40
21.84 20.30 22.15 21.40
34.63 -0.64 -0.00
ALERT: 3 walls crossed for a pad in entry #950
20.30 21.43 20.38 21.40
21.84 20.30 21.40 20.65
34.63 -0.64 -0.00
1000/12899
2000/12899
3000/12899
4000/12899
5000/12899
ALERT: 3 walls crossed for a pad in entry #5060
21.43 22.56 18.34 19.36
22.54 21.13 19.12 18.37
33.44 -0.67 0.00
ALERT: 1 walls crossed for a pad in entry #5060
21.43 22.56 17.32 18.34
24.10 22.54 19.12 18.37
33.44 -0.67 0.00
ALERT: 1 walls crossed for a pad in entry #5060
22.56 23.69 18.34 19.36
22.54 21.13 18.37 17.62
33.44 -0.67 0.00
ALERT: 1 walls crossed for a pad in entry #5060
22.56 23.69 17.32 18.34
24.10 22.54 18.37 17.62
33.44 -0.67 0.00
6000/12899
7000/12899
8000/12899
ALERT: 1 walls crossed for a pad in entry #8592
15.79 16.92 24.46 25.48
16.92 15.37 25.20 24.46
35.53 -0.65 -0.00
ALERT: 1 walls crossed for a pad in entry #8592
15.79 16.92 23.44 24.46
18.46 16.92 25.20 24.46
35.53 -0.65 -0.00
ALERT: 1 walls crossed for a pad in entry #8592
16.92 18.05 24.46 25.48
16.92 15.37 24.46 23.71
35.53 -0.65 -0.00
ALERT: 3 walls crossed for a pad in entry #8592
16.92 18.05 23.44 24.46
18.46 16.92 24.46 23.71
35.53 -0.65 -0.00
ALERT: 3 walls crossed for a pad in entry #8760
9.02 10.15 28.53 29.55
10.15 8.59 29.27 28.53
35.12 -0.64 -0.00
ALERT: 1 walls crossed for a pad in entry #8760
9.02 10.15 27.51 28.53
11.71 10.15 29.27 28.53
35.12 -0.64 -0.00
ALERT: 1 walls crossed for a pad in entry #8760
10.15 11.28 28.53 29.55
10.15 8.59 28.53 27.79
35.12 -0.64 -0.00
ALERT: 1 walls crossed for a pad in entry #8760
10.15 11.28 27.51 28.53
11.71 10.15 28.53 27.79
35.12 -0.64 -0.00
9000/12899
10000/12899
11000/12899
12000/12899
ALERT: 1 walls crossed for a pad in entry #12586
18.05 19.18 21.40 22.42
19.18 17.62 22.14 21.40
33.97 -0.66 0.00
ALERT: 3 walls crossed for a pad in entry #12586
19.18 20.30 20.38 21.40
20.73 19.18 21.40 20.66
33.97 -0.66 0.00
12898/12899
12899 real events

Selection Statistics 
 #Cut SelName    EvBef  EvAfter ( wrtPrev)  (wrtStart)     MdBef  MdAfter ( wrtPrev)  (wrtStart)     ClBef  ClAfter ( wrtPrev)  (wrtStart)     PdBef  PdAfter ( wrtPrev)  (wrtStart) 
    0  Stage1    12899    12899 (    0.00)  (    0.00)     12899    12899 (    0.00)  (    0.00)    706694   706694 (    0.00)  (    0.00)   1422973  1422973 (    0.00)  (    0.00) 
    1 Stage11    12899    12696 (   -1.57)  (   -1.57)     12899    12696 (   -1.57)  (   -1.57)    706694   681690 (   -3.54)  (   -3.54)   1422973  1357274 (   -4.62)  (   -4.62) 
    2Stage120    12696    12551 (   -1.14)  (   -2.70)     12696    12551 (   -1.14)  (   -2.70)    681690   674761 (   -1.02)  (   -4.52)   1357274  1345595 (   -0.86)  (   -5.44) 
    3StageT15    12551    12466 (   -0.68)  (   -3.36)     12551    12466 (   -0.68)  (   -3.36)    674761   671485 (   -0.49)  (   -4.98)   1345595  1332812 (   -0.95)  (   -6.34) 
    4 Stage10    12466    12466 (    0.00)  (   -3.36)     12466    12466 (    0.00)  (   -3.36)    671485   671424 (   -0.01)  (   -4.99)   1332812  1332433 (   -0.03)  (   -6.36) 
    5 Stage14    12466    12460 (   -0.05)  (   -3.40)     12466    12460 (   -0.05)  (   -3.40)    671424   664391 (   -1.05)  (   -5.99)   1332433  1311500 (   -1.57)  (   -7.83) 
    6  Stage5    12460    11534 (   -7.43)  (  -10.58)     12460    11534 (   -7.43)  (  -10.58)    664391   624917 (   -5.94)  (  -11.57)   1311500  1227573 (   -6.40)  (  -13.73) 
  Summary Sel    12899    11534             (  -10.58)     12899    11534             (  -10.58)    706694   624917             (  -11.57)   1422973  1227573             (  -13.73) 
Fitting: Started... done!
Checks: OUT_Tristan/DESY21_phi/DESY21_phi_z460/DESY21_phi30_diag_z460/2_DESY21_phi30_diag_z460_Checks_zcalc_G2_WF4_RCm2%.root
dEdx: OUT_Tristan/DESY21_phi/DESY21_phi_z460/DESY21_phi30_diag_z460/3_DESY21_phi30_diag_z460_dEdx_zcalc_G2_WF4_RCm2%.root
