Tag           : DESY21_y20
Comment       : _zcalc_G2_WF4
FileName     : ../Data_DESY21/yscan/Y20_Z0_iter0.root
SelectionSet  : T_DESY21_Event
NbrOfMod      : 0
Data_to_Use   : 0
OUTDirName    : OUT_Tristan/DESY21_yscan/DESY21_y20/

Gain & RC maps: loaded
Average Gain in ERAM01 = 1947.77
ERAM01: RC   hole in  iX = 10 | iY = 16 | value reset at 129.29
ERAM01: Gain hole in  iX = 10 | iY = 16 | value reset at 1889.24

-------------->Predefined selection T_DESY21_Event
Number of entries :5219
TLow = 53 | THigh = 82

-------------->List of selections
Apply selection  1 -> Remove clusters in first and last columns 

Apply selection 11 -> Remove clusters out of time (Event Based) 
                      |TLeading -TLeadingMeanOverEvent| <= m_Cut_Stage11_EventBased (=     3)

Apply selection 120 -> Remove clusters out of time  
                      m_Cut_Stage120_TLow <= TLeading <= m_Cut_Stage120_THigh 
                      m_Cut_Stage120_TLow  =   53
                      m_Cut_Stage120_THigh =   82

Apply selection 15 -> Remove Events with an average pad multiplicity too high or too low 
                      Pad Multiplicity >  m_Cut_StageT15_APM_Low  (=  2.0)
                      Pad Multiplicity <= m_Cut_StageT15_APM_High (=  4.0)

Apply selection 10 -> Remove clusters with too many pads 
                      Npads <= m_Cut_Stage10_Npads_Hig (=   5)

Apply selection 14 -> Remove Clusters with a too high APad 
                      APad >= m_Cut_Stage14_Amax_Low (=     0)
                      APad <= m_Cut_Stage14_Amax_Hig (=  3700)

Apply selection  5 -> Reject Events with too few clusters
                      NClusters >= m_Cut_Stage5_NCluster_Low (=   34)


zdrift        = 90 mm
PT            = 412 ns
TB            = 50 ns/time bin
PT/TB         = 8 time bins
z method      : zcalc
cut length    = 2 mm

Processing events:
0/5219
9
6
13
13
12
13
12
12
12
10
13
13
13
12
11
12
12
9
10
12
12
13
13
11
13
11
13
12
13
11
13
10
12
12
10
13
13
12
12
13
11
13
13
10
10
9
12
12
12
11
13
10
13
12
13
12
13
11
11
2
11
13
12
12
2
12
12
12
13
13
13
10
11
12
12
12
11
11
13
13
14
12
9
12
14
12
13
13
11
13
13
11
11
13
13
13
13
11
13
13
13
13
11
12
3
11
1
13
12
12
12
6
13
12
12
10
13
12
12
8
10
12
12
11
13
12
12
12
13
12
13
11
9
13
13
10
13
11
12
10
13
12
11
12
12
9
12
13
13
12
13
13
12
8
12
12
10
13
12
13
9
10
8
12
11
10
12
11
9
10
13
12
13
12
11
9
13
13
11
11
10
13
9
13
12
13
13
12
12
13
9
13
11
12
12
11
11
13
12
10
12
11
12
10
12
12
10
12
10
10
12
11
13
13
12
13
12
13
10
11
11
8
13
9
11
12
11
10
12
12
12
10
13
11
12
12
13
12
10
12
12
11
13
9
15
11
11
11
12
11
13
7
12
12
12
11
13
13
9
13
13
11
12
13
10
13
12
13
13
14
12
9
11
10
12
13
11
12
10
21
11
13
12
2
8
11
13
9
12
13
10
12
12
12
12
11
11
11
9
12
12
12
12
11
13
11
12
13
12
9
9
12
13
12
12
13
13
13
11
13
13
12
12
13
13
10
11
12
11
13
13
12
5
3
11
12
12
13
6
10
12
12
10
10
11
12
13
12
13
12
13
12
11
13
12
10
13
12
11
11
12
12
13
12
1000/5219
12
6
12
13
13
3
13
12
13
11
13
12
12
11
12
6
12
13
12
13
12
13
13
10
13
11
11
12
13
13
12
12
9
12
13
10
13
12
13
12
12
10
11
12
13
13
10
10
13
11
12
11
10
14
8
11
12
12
12
9
13
10
13
9
11
12
13
10
13
13
9
12
13
8
13
12
10
12
13
10
12
9
12
12
9
13
13
10
12
11
10
13
9
10
13
10
11
12
13
13
13
12
12
10
11
14
13
9
13
12
6
14
13
13
13
11
4
11
12
11
12
9
12
12
9
13
11
12
12
11
8
7
10
12
12
11
11
12
8
12
11
5
13
12
11
12
11
12
12
10
11
12
10
11
13
11
13
12
11
12
10
12
11
10
13
12
13
11
6
20
12
12
12
11
12
13
12
12
12
10
14
13
13
12
12
12
10
13
11
15
11
12
12
7
13
11
13
12
12
5
12
10
13
13
12
11
11
12
12
13
12
12
11
12
13
13
12
13
12
13
11
12
13
11
13
13
12
11
11
11
11
12
8
10
11
13
12
12
12
10
13
13
11
12
12
12
12
13
10
11
13
13
13
8
9
13
10
13
13
12
12
10
12
10
12
11
13
12
12
13
4
10
9
12
7
11
13
10
11
11
12
12
7
11
13
10
12
13
11
13
12
13
13
14
12
11
10
8
10
13
9
14
13
13
12
11
13
12
10
10
8
11
11
8
13
12
10
13
10
12
12
6
12
10
13
13
12
12
5
12
10
10
9
12
10
12
4
13
13
13
12
11
10
12
6
12
11
11
10
13
11
10
10
10
13
13
11
13
12
12
11
11
11
12
12
12
12
12
13
13
11
13
13
12
12
13
10
12
13
11
9
13
10
13
11
13
2000/5219
12
12
12
11
10
13
12
13
12
11
11
12
13
12
6
12
11
11
12
12
13
9
12
13
9
11
11
7
12
10
12
13
12
13
13
5
14
9
11
13
10
13
11
11
11
11
10
12
13
13
10
13
12
9
13
12
13
12
11
12
10
10
12
13
12
12
12
12
11
13
3
13
13
10
13
13
10
12
12
12
11
13
11
12
13
11
13
12
12
13
12
10
12
13
12
11
12
10
11
10
13
13
12
12
12
13
12
12
10
11
10
9
1
13
12
12
13
11
13
12
12
10
12
12
13
11
13
11
11
11
11
13
12
11
12
11
13
12
12
11
12
11
13
12
9
11
13
13
10
11
13
6
12
7
10
8
8
11
11
13
13
13
12
9
13
12
9
13
12
14
13
12
3
12
12
16
2
12
12
2
13
12
12
12
10
13
10
12
12
12
12
13
12
13
10
13
12
11
13
11
10
13
13
13
11
13
12
9
12
12
12
13
10
12
11
5
13
12
12
12
10
15
12
12
11
10
12
12
8
9
13
12
12
11
11
10
13
12
12
13
11
11
12
11
12
13
10
11
11
12
11
11
12
12
12
13
11
11
10
13
13
12
11
13
9
12
11
13
11
11
11
12
12
12
13
10
10
12
14
12
12
13
12
11
12
11
13
13
11
12
10
10
11
12
10
13
10
12
12
13
13
12
12
11
10
9
11
13
12
11
13
9
10
13
13
13
12
6
12
11
13
12
13
11
12
13
12
9
13
12
9
9
12
13
13
12
12
12
10
13
11
9
10
12
11
13
10
12
13
13
13
11
6
12
13
11
13
12
9
12
12
10
2
12
13
10
8
11
13
13
4
13
13
12
12
3000/5219
14
12
12
9
12
12
10
12
11
11
12
2
12
12
11
11
12
13
13
12
11
13
12
13
12
12
3
13
5
12
13
13
12
12
12
6
9
13
12
10
12
11
10
13
12
13
12
13
10
13
12
13
13
10
12
10
13
12
13
12
12
13
12
11
12
9
10
10
10
13
10
13
13
12
13
13
11
12
3
10
12
12
11
12
12
12
12
12
14
11
13
13
10
11
13
12
12
11
11
12
9
12
11
13
13
11
12
10
9
13
11
10
12
12
2
12
9
11
10
11
11
10
11
13
14
13
10
13
10
11
7
12
12
13
12
12
12
13
13
11
5
13
13
6
11
10
12
5
13
8
13
13
12
12
13
10
12
12
13
13
8
12
11
10
13
11
13
12
10
11
13
13
12
12
10
13
12
10
12
10
12
9
12
12
12
12
12
6
13
13
10
11
12
12
13
13
11
11
12
12
12
12
6
2
10
8
10
12
12
12
8
12
13
12
12
10
10
10
12
11
11
7
12
13
13
11
12
13
13
10
12
13
11
13
12
10
13
13
11
7
13
13
12
12
13
12
13
12
13
13
13
11
11
13
11
12
10
12
13
13
13
12
11
11
12
13
12
12
12
12
12
13
12
13
10
12
11
10
12
13
12
12
7
10
6
9
13
13
13
10
12
11
13
11
13
8
7
13
12
14
13
12
6
12
13
11
11
12
13
12
13
13
12
12
7
8
2
7
13
13
10
12
13
10
11
13
12
12
11
10
13
12
13
12
9
13
11
12
11
12
9
12
13
12
11
13
13
12
12
13
13
13
12
12
9
13
13
12
12
11
13
13
4000/5219
10
12
14
8
12
12
13
10
13
12
11
13
11
12
13
12
13
12
13
12
13
10
12
10
8
11
11
10
14
9
12
13
12
12
12
12
11
12
13
13
11
12
13
7
13
11
12
11
12
12
13
13
10
11
13
11
12
10
10
10
10
10
13
11
14
12
12
13
12
10
12
9
13
13
13
10
12
13
12
11
12
10
12
10
8
11
8
13
11
13
13
12
10
12
3
13
11
12
13
12
10
13
10
12
9
8
13
10
13
11
10
13
12
10
13
11
13
4
9
11
13
13
13
13
10
12
12
12
13
12
12
12
13
12
12
13
12
12
12
11
9
10
12
12
12
13
11
10
13
13
12
12
12
11
8
12
13
9
12
12
12
12
11
12
11
10
6
13
12
11
13
12
12
12
13
12
11
13
13
9
12
13
12
10
13
11
12
11
12
13
11
12
11
13
12
12
12
10
10
13
6
11
8
10
9
12
12
12
11
7
11
13
13
13
13
13
13
12
13
13
12
10
12
12
13
13
11
13
13
13
12
11
10
13
12
13
10
11
11
12
13
13
13
13
13
13
9
13
10
10
13
12
13
10
13
11
13
13
13
12
11
13
13
12
12
13
11
11
13
12
10
11
13
11
10
12
11
12
13
12
13
13
10
12
13
10
12
10
12
10
11
12
9
10
11
13
13
13
13
10
13
13
4
11
10
13
12
12
10
12
11
13
12
9
10
13
11
11
12
12
12
9
13
13
11
12
5
12
13
13
12
12
11
13
11
12
12
12
13
13
12
11
13
12
11
10
12
9
13
10
11
13
12
11
13
13
13
10
11
13
5000/5219
12
13
13
12
10
9
12
12
13
13
12
11
13
12
13
11
13
13
13
11
13
11
11
13
12
13
12
10
11
12
11
7
1
12
3
13
12
11
9
14
12
5
13
12
12
11
13
12
10
12
11
13
9
12
12
12
13
11
20
13
11
13
11
11
11
13
12
10
8
6
12
13
13
11
13
12
9
13
11
12
12
8
11
11
13
12
11
13
13
13
11
12
13
5218/5219
5219 real events

Selection Statistics 
 #Cut SelName    EvBef  EvAfter ( wrtPrev)  (wrtStart)     MdBef  MdAfter ( wrtPrev)  (wrtStart)     ClBef  ClAfter ( wrtPrev)  (wrtStart)     PdBef  PdAfter ( wrtPrev)  (wrtStart) 
    0  Stage1     5219     5219 (    0.00)  (    0.00)      5219     5219 (    0.00)  (    0.00)    177370   177370 (    0.00)  (    0.00)    661904   661904 (    0.00)  (    0.00) 
    1 Stage11     5219     5138 (   -1.55)  (   -1.55)      5219     5138 (   -1.55)  (   -1.55)    177370   170992 (   -3.60)  (   -3.60)    661904   631334 (   -4.62)  (   -4.62) 
    2Stage120     5138     5004 (   -2.61)  (   -4.12)      5138     5004 (   -2.61)  (   -4.12)    170992   166611 (   -2.56)  (   -6.07)    631334   618817 (   -1.98)  (   -6.51) 
    3StageT15     5004     4150 (  -17.07)  (  -20.48)      5004     4150 (  -17.07)  (  -20.48)    166611   138908 (  -16.63)  (  -21.68)    618817   500203 (  -19.17)  (  -24.43) 
    4 Stage10     4150     4150 (    0.00)  (  -20.48)      4150     4150 (    0.00)  (  -20.48)    138908   137290 (   -1.16)  (  -22.60)    500203   490191 (   -2.00)  (  -25.94) 
    5 Stage14     4150     4149 (   -0.02)  (  -20.50)      4150     4149 (   -0.02)  (  -20.50)    137290   136078 (   -0.88)  (  -23.28)    490191   484604 (   -1.14)  (  -26.79) 
    6  Stage5     4149     1940 (  -53.24)  (  -62.83)      4149     1940 (  -53.24)  (  -62.83)    136078    65960 (  -51.53)  (  -62.81)    484604   233459 (  -51.82)  (  -64.73) 
  Summary Sel     5219     1940             (  -62.83)      5219     1940             (  -62.83)    177370    65960             (  -62.81)    661904   233459             (  -64.73) 
Fitting: Started... done!
Checks: OUT_Tristan/DESY21_yscan/DESY21_y20/2_DESY21_y20_Checks_zcalc_G2_WF4.root
dEdx: OUT_Tristan/DESY21_yscan/DESY21_y20/3_DESY21_y20_dEdx_zcalc_G2_WF4.root
