Tag           : DESY21_ym60
Comment       : _zcalc_G2_WF4
FileName     : ../Data_DESY21/yscan/Ym60_Z0_iter0.root
SelectionSet  : T_DESY21_Event
NbrOfMod      : 0
Data_to_Use   : 0
OUTDirName    : OUT_Tristan/DESY21_yscan/DESY21_ym60/

Gain & RC maps: loaded
Average Gain in ERAM01 = 1947.77
ERAM01: RC   hole in  iX = 10 | iY = 16 | value reset at 129.29
ERAM01: Gain hole in  iX = 10 | iY = 16 | value reset at 1889.24

-------------->Predefined selection T_DESY21_Event
Number of entries :9741
TLow = 45 | THigh = 77

-------------->List of selections
Apply selection  1 -> Remove clusters in first and last columns 

Apply selection 11 -> Remove clusters out of time (Event Based) 
                      |TLeading -TLeadingMeanOverEvent| <= m_Cut_Stage11_EventBased (=     3)

Apply selection 120 -> Remove clusters out of time  
                      m_Cut_Stage120_TLow <= TLeading <= m_Cut_Stage120_THigh 
                      m_Cut_Stage120_TLow  =   45
                      m_Cut_Stage120_THigh =   77

Apply selection 15 -> Remove Events with an average pad multiplicity too high or too low 
                      Pad Multiplicity >  m_Cut_StageT15_APM_Low  (=  2.0)
                      Pad Multiplicity <= m_Cut_StageT15_APM_High (=  4.0)

Apply selection 10 -> Remove clusters with too many pads 
                      Npads <= m_Cut_Stage10_Npads_Hig (=   5)

Apply selection 14 -> Remove Clusters with a too high APad 
                      APad >= m_Cut_Stage14_Amax_Low (=     0)
                      APad <= m_Cut_Stage14_Amax_Hig (=  3700)

Apply selection  5 -> Reject Events with too few clusters
                      NClusters >= m_Cut_Stage5_NCluster_Low (=   34)


zdrift        = 90 mm
PT            = 412 ns
TB            = 50 ns/time bin
PT/TB         = 8 time bins
z method      : zcalc
cut length    = 2 mm

Processing events:
0/9741
19
20
19
19
19
20
16
16
20
20
21
21
18
20
20
20
20
19
19
19
16
18
19
20
20
21
20
24
19
20
21
20
21
21
21
19
17
21
20
19
21
17
19
19
19
19
21
18
19
19
19
19
18
20
21
19
19
18
21
19
19
17
19
21
19
20
20
19
20
20
19
18
21
20
20
20
21
19
19
21
20
18
14
18
20
20
20
19
20
18
21
19
19
20
19
19
19
20
20
20
20
19
18
20
19
18
19
21
19
19
20
21
21
17
19
20
21
16
20
21
19
21
20
21
21
20
21
20
21
19
19
20
20
19
20
19
20
20
20
19
19
20
20
19
17
20
18
21
19
20
21
21
18
19
20
19
19
20
19
20
19
18
20
19
20
21
20
18
19
20
21
20
19
18
20
20
21
18
21
15
19
19
18
21
20
19
19
20
12
17
21
18
18
21
19
20
20
20
18
21
20
20
19
20
21
20
20
19
20
20
19
18
20
20
20
21
18
19
19
20
19
19
21
17
20
20
20
19
19
21
21
21
20
21
21
20
18
19
19
20
19
20
20
19
19
18
20
16
21
18
6
21
20
21
18
18
11
18
21
19
19
21
20
21
19
19
22
18
13
20
19
19
21
20
18
19
11
20
21
20
18
22
20
20
19
19
18
18
20
20
20
19
20
20
20
19
9
19
21
21
21
21
19
19
20
18
12
19
21
21
20
19
19
17
21
14
20
20
21
21
19
20
20
19
19
19
19
18
19
20
19
21
18
20
21
21
20
19
21
18
20
19
16
18
20
21
20
19
21
18
20
18
17
21
19
19
19
19
18
20
20
19
19
20
19
18
16
19
19
19
18
21
19
20
21
20
20
18
11
20
19
20
19
20
19
21
19
21
1000/9741
21
18
21
20
19
21
19
19
17
19
14
19
21
19
19
20
20
18
18
21
19
20
19
19
19
18
19
20
21
15
19
19
21
20
19
20
19
17
20
21
18
21
18
17
18
19
19
18
17
21
20
19
18
21
20
18
20
18
19
17
20
19
20
20
20
20
19
21
21
21
20
20
20
20
20
20
21
18
20
21
19
20
19
20
18
19
21
19
20
18
21
19
21
19
20
19
20
6
18
18
20
19
20
20
19
21
15
21
21
19
20
20
20
19
20
20
19
21
19
20
19
21
18
20
19
20
19
20
10
16
21
21
19
20
20
19
21
19
19
21
19
20
20
19
20
21
21
21
19
18
21
20
21
19
21
13
20
17
16
18
19
19
21
19
20
20
21
21
20
19
20
18
21
19
19
19
21
20
21
21
18
20
18
13
19
20
19
19
20
19
22
22
20
20
19
18
20
18
20
17
20
19
18
21
19
19
20
21
19
19
21
18
19
20
19
19
19
19
15
20
20
19
19
21
20
17
20
19
20
19
20
21
21
20
6
21
20
18
18
20
19
19
20
21
19
18
20
19
19
18
19
20
19
11
20
18
18
14
20
18
19
14
21
18
19
20
20
19
21
17
18
20
20
19
18
21
18
20
19
20
19
19
21
19
16
20
20
25
20
21
20
20
18
18
21
20
21
19
19
19
19
20
20
20
19
21
20
21
21
19
21
22
21
21
18
20
21
20
20
21
20
18
19
21
20
20
19
20
21
20
21
19
21
19
20
19
20
20
20
16
19
20
20
20
20
21
18
20
18
19
21
21
20
18
17
19
19
16
18
18
19
20
18
21
21
20
20
20
20
19
21
20
17
20
21
2000/9741
20
21
19
21
20
21
19
19
20
21
17
20
19
19
20
20
19
20
19
20
21
21
20
20
20
20
20
20
19
19
20
17
20
21
20
19
19
17
19
20
20
19
19
19
19
20
21
21
21
19
19
19
19
19
19
20
19
21
21
21
19
12
18
21
19
20
21
20
20
21
18
20
18
19
20
19
21
21
21
21
21
19
20
21
20
20
21
20
19
19
15
21
19
18
21
21
18
18
20
21
20
21
18
21
21
18
18
20
20
18
21
21
19
20
20
19
18
21
20
20
21
21
5
20
19
20
21
20
20
18
21
21
20
20
21
9
20
18
18
20
19
20
18
18
20
20
19
20
19
19
19
19
21
20
20
21
19
19
19
20
19
19
19
18
21
19
19
16
17
21
19
19
19
18
17
21
19
21
19
21
20
20
19
19
18
19
20
19
19
19
20
20
19
21
19
17
19
21
19
19
18
8
21
20
18
19
1
16
20
20
20
21
14
18
20
19
20
20
20
11
18
19
19
19
19
21
21
19
18
19
20
20
20
19
21
21
21
18
4
20
21
20
18
21
20
19
19
17
20
19
21
20
20
19
21
20
19
19
19
20
20
14
19
10
20
20
20
18
20
18
19
18
21
21
21
19
20
19
20
9
17
19
19
19
19
19
21
17
19
19
19
19
19
20
20
21
21
20
20
19
14
21
21
15
18
21
20
21
19
18
21
19
20
20
19
19
21
19
21
19
15
18
18
20
18
18
21
20
21
21
21
20
21
17
21
21
20
19
21
20
19
20
19
11
19
21
19
20
19
20
19
21
18
19
19
18
19
19
20
19
21
16
21
19
17
20
20
19
18
19
17
18
20
19
21
19
3000/9741
18
14
18
18
21
21
20
21
21
19
19
19
20
16
20
19
19
18
19
20
19
20
21
20
20
17
21
21
19
21
19
21
20
5
19
16
20
20
18
21
21
21
21
13
20
20
19
21
20
20
21
21
21
20
21
21
18
19
19
20
19
20
20
18
18
19
19
20
20
20
20
20
19
20
19
20
18
17
21
19
20
21
21
21
21
17
19
21
18
19
20
18
21
21
21
21
16
20
19
20
20
18
20
20
6
18
20
19
18
20
18
19
20
20
13
19
21
20
21
21
18
19
21
20
20
21
19
21
19
20
19
19
21
20
18
21
20
19
21
21
19
20
20
21
20
20
19
19
20
21
21
21
20
16
20
20
19
21
20
19
20
17
20
21
19
19
19
21
20
20
20
21
19
19
21
17
19
20
19
19
19
19
18
17
18
19
18
20
19
18
19
20
21
22
20
21
21
19
21
19
19
18
17
18
18
20
20
21
19
19
19
19
21
20
20
21
21
19
20
20
20
19
20
21
21
19
20
20
21
19
20
20
20
19
20
17
19
20
19
20
19
20
21
19
21
18
21
19
25
9
21
15
20
18
18
20
21
20
20
21
19
20
19
19
19
18
20
19
21
18
14
20
20
20
20
20
18
19
21
19
19
19
15
20
19
20
19
20
19
18
17
20
20
19
18
18
19
18
18
19
20
20
19
18
21
19
21
20
21
21
20
20
21
19
19
19
21
20
20
20
19
21
20
18
20
20
21
20
19
21
20
20
15
21
17
21
19
21
20
20
20
19
20
18
20
19
21
20
21
18
21
20
17
20
20
20
19
21
20
21
21
20
19
19
18
20
19
20
17
21
20
19
19
20
20
21
21
19
19
20
22
21
20
17
20
18
19
19
4000/9741
19
21
20
19
20
21
20
21
20
19
21
19
19
18
19
18
20
19
20
30
18
19
21
22
20
20
18
20
20
19
16
20
19
18
19
18
19
21
20
21
20
19
20
20
19
21
19
19
21
17
18
19
18
20
18
18
21
20
21
20
19
19
18
21
21
19
21
20
20
19
20
20
18
18
19
19
19
17
20
18
19
20
21
11
21
21
18
19
20
19
21
19
18
19
20
14
18
20
19
19
20
20
20
19
19
19
19
19
19
19
20
19
19
18
20
18
20
3
20
19
20
20
19
19
19
18
21
19
16
20
18
19
12
19
18
19
19
21
19
19
15
20
21
16
21
19
21
19
19
20
21
20
20
20
18
18
20
21
19
20
9
21
19
21
19
21
19
19
18
21
19
19
20
18
21
21
20
16
21
12
20
18
20
20
19
19
19
19
19
18
21
20
20
20
19
19
19
18
19
20
19
20
20
21
18
20
21
21
16
21
20
17
21
20
18
17
19
19
19
18
21
21
20
19
20
19
19
19
19
19
5
22
20
19
19
17
21
16
20
20
21
19
21
21
20
19
18
21
19
19
19
21
21
18
20
21
19
19
21
20
20
21
21
20
20
18
20
18
20
10
18
21
20
20
19
22
21
19
18
20
21
19
19
20
19
21
18
19
18
19
17
16
20
18
19
19
20
1
20
20
20
19
21
18
20
21
18
20
20
19
20
20
20
18
20
21
19
20
19
20
18
19
19
19
19
20
20
21
19
29
19
20
20
19
19
21
19
20
21
19
20
22
18
20
21
20
20
20
20
18
20
20
18
21
21
19
21
19
20
20
19
19
21
21
18
19
21
21
19
19
19
19
21
21
21
18
21
19
20
20
16
19
21
19
19
5000/9741
18
18
20
19
19
20
19
19
20
20
18
18
19
20
21
19
21
20
19
20
20
19
20
18
20
18
20
20
19
19
21
19
19
21
21
21
19
19
21
20
19
19
18
20
21
19
19
15
20
20
19
16
21
19
21
21
20
21
20
19
21
18
17
21
21
19
19
20
19
6
20
20
19
19
16
20
20
20
19
19
20
21
19
27
21
17
20
19
19
21
20
18
19
19
19
21
21
20
19
21
20
20
19
19
21
21
16
19
20
18
20
20
21
21
21
21
17
21
19
19
19
18
21
21
19
19
15
19
18
21
20
18
19
20
18
21
19
20
19
20
20
19
21
20
20
21
19
14
17
18
19
22
21
18
20
20
20
20
19
18
19
18
21
18
19
15
20
19
20
17
17
19
19
20
19
19
18
19
20
18
19
17
18
19
19
20
19
18
20
20
21
19
21
20
20
19
21
21
19
20
20
21
19
20
19
20
20
21
20
19
18
19
18
19
20
18
21
19
20
20
19
21
20
18
19
18
19
13
20
21
20
21
20
20
19
21
14
21
19
20
21
20
18
21
21
20
17
20
20
21
21
21
21
19
19
21
20
21
20
19
14
19
19
19
20
20
20
20
21
19
20
20
20
21
21
18
21
20
15
18
20
18
21
20
19
20
21
20
17
5
20
21
18
21
20
20
21
18
21
20
18
20
21
18
20
20
19
13
20
19
21
19
22
20
19
20
20
21
20
19
19
17
19
21
21
18
20
19
20
16
21
20
15
19
20
19
20
21
21
19
18
20
19
20
22
21
21
18
21
16
21
17
19
19
20
19
19
20
19
19
22
21
18
21
20
20
21
21
21
19
18
18
21
20
20
19
15
21
20
16
20
21
19
16
18
20
21
20
20
19
21
18
6000/9741
19
18
19
21
21
19
20
19
19
18
19
20
18
18
21
18
19
18
20
19
17
20
21
20
20
18
18
17
20
19
20
21
20
21
20
20
20
19
18
17
21
21
19
18
21
18
19
4
20
18
19
19
20
20
20
19
19
20
4
20
21
20
20
17
21
21
20
19
19
17
20
19
19
20
19
21
21
20
20
19
19
21
20
19
21
20
17
17
12
19
20
19
20
31
19
21
20
20
19
21
19
20
20
20
21
19
19
21
22
17
21
19
20
19
20
21
20
20
19
21
21
20
19
20
19
20
20
21
19
20
19
19
20
19
20
19
21
19
20
20
18
21
19
21
20
18
18
18
16
19
21
21
21
16
21
19
21
20
20
19
18
19
19
21
20
21
19
15
20
20
21
15
20
20
18
19
19
21
20
21
20
20
19
20
21
17
20
19
19
21
19
20
20
19
18
20
20
20
18
18
21
20
19
20
19
19
20
19
19
21
19
21
17
18
22
22
19
21
18
21
19
20
21
17
20
19
20
20
21
18
20
19
19
21
20
18
20
21
19
21
16
19
20
19
21
20
19
20
20
21
21
19
20
19
20
20
19
18
19
18
19
21
21
31
21
19
17
19
19
21
20
21
20
19
20
7
21
19
18
14
21
22
18
19
19
21
21
20
20
18
20
20
20
20
21
19
20
19
19
21
20
21
19
20
20
21
19
19
20
19
18
17
17
21
20
19
19
20
19
18
21
19
18
19
21
19
19
20
20
21
18
19
20
19
18
16
20
20
21
21
18
22
19
21
19
20
19
20
20
21
19
18
21
21
19
21
19
21
18
20
21
19
19
20
16
20
21
20
21
19
21
21
20
21
19
19
19
8
19
18
20
21
21
19
19
21
20
20
19
20
18
7000/9741
19
21
18
21
18
20
18
19
18
21
16
21
21
20
21
20
19
20
20
21
18
20
20
18
19
21
19
20
19
19
17
19
20
19
19
19
20
20
20
21
21
19
11
19
18
21
19
20
21
22
20
18
21
20
20
20
20
21
18
21
20
20
20
17
19
19
19
21
20
20
20
20
21
21
17
19
18
21
20
20
20
18
21
19
20
14
19
21
19
19
19
19
20
20
17
21
21
20
20
20
20
20
19
21
20
20
22
16
21
20
26
20
21
21
21
21
19
19
20
20
20
20
19
19
19
20
20
20
18
20
20
21
19
20
19
20
19
20
11
20
21
19
20
21
20
19
20
18
19
20
20
19
17
21
20
18
21
18
19
16
19
20
19
18
18
20
19
20
19
20
20
21
16
18
21
21
19
20
19
20
20
18
19
20
19
18
19
20
20
19
19
19
20
20
19
16
19
19
21
20
19
14
20
20
19
21
21
18
21
19
18
19
19
16
19
20
22
20
20
19
20
20
20
21
20
19
21
20
19
26
17
19
20
19
17
20
20
21
20
19
19
19
18
20
18
21
21
21
20
18
20
17
15
20
19
19
19
21
20
19
19
18
19
21
21
21
21
18
19
19
21
20
20
19
21
20
19
20
21
18
19
19
19
19
21
20
18
16
20
21
19
18
21
20
19
20
18
20
10
19
21
19
20
18
20
19
18
22
19
17
17
20
20
19
21
21
19
20
20
19
21
21
18
18
20
20
21
16
19
22
19
20
18
19
21
21
19
21
15
18
21
21
18
20
19
19
19
20
14
21
20
20
22
19
18
20
19
19
15
20
19
20
18
17
19
17
21
21
21
20
20
20
21
19
21
20
21
21
19
19
20
21
20
18
21
21
8000/9741
18
20
20
21
19
19
21
19
10
19
18
19
21
19
21
20
18
19
19
19
19
19
21
20
12
20
20
21
21
18
20
18
20
19
19
19
18
21
18
11
19
20
20
29
20
20
18
20
18
22
20
19
17
20
21
19
21
20
19
21
20
19
20
20
20
20
17
21
21
20
21
21
19
18
20
21
18
20
17
19
19
20
20
20
21
19
18
19
19
19
19
20
19
22
20
19
20
21
19
20
19
20
19
18
19
19
20
20
19
18
19
19
20
19
19
20
19
21
20
17
20
19
19
20
21
21
19
21
21
19
19
20
18
19
19
21
21
18
21
20
17
21
18
20
19
19
19
16
20
20
19
20
21
11
20
21
14
21
17
17
19
19
20
17
20
20
17
19
20
19
19
20
20
21
19
21
19
18
19
19
20
20
19
19
18
19
20
19
21
19
21
20
19
19
19
17
20
19
20
21
20
19
19
21
20
16
22
18
21
20
20
16
20
20
21
19
20
20
18
19
18
20
20
19
21
19
18
19
21
21
21
19
20
20
18
20
18
15
20
20
21
19
18
19
19
20
20
16
21
21
20
20
17
19
19
20
20
13
19
20
21
18
19
20
21
19
20
20
18
20
21
20
20
20
18
20
20
18
17
19
20
21
20
21
18
19
21
21
18
20
18
21
21
17
19
20
19
18
19
18
20
18
20
20
17
13
20
19
20
16
20
19
19
21
19
19
21
18
19
21
21
21
20
21
20
20
19
21
19
20
21
18
20
21
19
20
17
21
21
20
20
18
18
19
21
21
19
19
19
20
21
19
20
20
21
19
19
20
17
20
19
19
20
18
19
19
19
16
20
17
19
20
22
18
18
21
20
20
20
18
21
19
21
21
21
19
21
19
21
20
21
9000/9741
19
20
19
20
18
20
21
7
21
18
19
19
21
20
19
21
19
21
20
19
19
21
20
18
19
20
20
20
20
18
20
21
18
20
21
19
11
20
20
26
19
19
20
21
18
20
20
20
21
19
20
9
20
20
21
18
20
18
21
18
19
19
19
21
18
21
18
19
19
20
21
19
21
17
20
18
19
20
19
18
19
18
21
19
19
20
18
20
19
14
21
21
21
19
18
19
21
20
21
17
20
19
18
20
19
21
20
19
19
19
17
6
19
19
21
20
20
19
20
20
21
20
20
3
20
20
19
22
21
18
17
18
20
14
19
21
20
18
21
20
19
20
18
20
17
18
21
21
21
20
19
21
18
19
21
18
20
19
19
20
17
19
19
21
20
20
19
20
20
20
16
20
18
9
21
20
21
19
18
21
19
19
18
19
21
16
21
21
19
20
21
20
21
21
19
21
20
20
20
18
19
19
20
20
21
15
21
19
18
21
21
19
19
20
7
20
18
20
19
19
17
21
21
19
20
18
22
21
20
19
21
20
21
21
19
20
20
19
21
18
19
20
1
19
19
20
20
17
20
19
21
20
21
18
20
19
18
20
20
19
21
21
20
18
21
20
19
18
19
20
21
9740/9741
9741 real events

Selection Statistics 
 #Cut SelName    EvBef  EvAfter ( wrtPrev)  (wrtStart)     MdBef  MdAfter ( wrtPrev)  (wrtStart)     ClBef  ClAfter ( wrtPrev)  (wrtStart)     PdBef  PdAfter ( wrtPrev)  (wrtStart) 
    0  Stage1     9741     9741 (    0.00)  (    0.00)      9741     9741 (    0.00)  (    0.00)    331065   331065 (    0.00)  (    0.00)   1222187  1222187 (    0.00)  (    0.00) 
    1 Stage11     9741     9592 (   -1.53)  (   -1.53)      9741     9592 (   -1.53)  (   -1.53)    331065   319224 (   -3.58)  (   -3.58)   1222187  1166376 (   -4.57)  (   -4.57) 
    2Stage120     9592     9369 (   -2.32)  (   -3.82)      9592     9369 (   -2.32)  (   -3.82)    319224   312238 (   -2.19)  (   -5.69)   1166376  1146347 (   -1.72)  (   -6.21) 
    3StageT15     9369     8039 (  -14.20)  (  -17.47)      9369     8039 (  -14.20)  (  -17.47)    312238   269335 (  -13.74)  (  -18.65)   1146347   962261 (  -16.06)  (  -21.27) 
    4 Stage10     8039     8039 (    0.00)  (  -17.47)      8039     8039 (    0.00)  (  -17.47)    269335   266799 (   -0.94)  (  -19.41)    962261   946450 (   -1.64)  (  -22.56) 
    5 Stage14     8039     8038 (   -0.01)  (  -17.48)      8039     8038 (   -0.01)  (  -17.48)    266799   263999 (   -1.05)  (  -20.26)    946450   933734 (   -1.34)  (  -23.60) 
    6  Stage5     8038     3743 (  -53.43)  (  -61.57)      8038     3743 (  -53.43)  (  -61.57)    263999   127262 (  -51.79)  (  -61.56)    933734   446213 (  -52.21)  (  -63.49) 
  Summary Sel     9741     3743             (  -61.57)      9741     3743             (  -61.57)    331065   127262             (  -61.56)   1222187   446213             (  -63.49) 
Fitting: Started... done!
Checks: OUT_Tristan/DESY21_yscan/DESY21_ym60/2_DESY21_ym60_Checks_zcalc_G2_WF4.root
dEdx: OUT_Tristan/DESY21_yscan/DESY21_ym60/3_DESY21_ym60_dEdx_zcalc_G2_WF4.root
