Tag           : DESY21_z460_PT200
Comment       : _zcalc_G1_n600
FileName      : ../Data_DESY21/zscan_PT200/z_360_275_200_02T_26_460_iter0.root
SelectionSet  : T_DESY21_Event
NbrOfMod      : 0
Data_to_Use   : 0
OUTDirName    : OUT_Tristan/DESY21_zscan/DESY21_zscan_PT200/DESY21_z460_PT200/

Gain hole in  iX = 10 | iY = 16 | value reset at 1889.24
Gain hole in  iX = 10 | iY = 16 | value reset at 129.29
Average Gain in 01 = 1947.72
Average gain in bottom HATPC: 1947.72

-------------->Predefined selection T_DESY21_Event
Number of entries :12109
TLow = 167 | THigh = 197

-------------->List of selections
Apply selection  1 -> Remove clusters in first and last columns 

Apply selection 11 -> Remove clusters out of time (Event Based) 
                      |TLeading -TLeadingMeanOverEvent| <= m_Cut_Stage11_EventBased (=     3)

Apply selection 120 -> Remove clusters out of time  
                      m_Cut_Stage120_TLow <= TLeading <= m_Cut_Stage120_THigh 
                      m_Cut_Stage120_TLow  =  167
                      m_Cut_Stage120_THigh =  197

Apply selection 15 -> Remove Events with an average pad multiplicity too high or too low 
                      Pad Multiplicity >  m_Cut_StageT15_APM_Low  (=  2.0)
                      Pad Multiplicity <= m_Cut_StageT15_APM_High (=  4.0)

Apply selection 10 -> Remove clusters with too many pads 
                      Npads <= m_Cut_Stage10_Npads_Hig (=   5)

Apply selection 14 -> Remove Clusters with a too high APad 
                      APad >= m_Cut_Stage14_Amax_Low (=     0)
                      APad <= m_Cut_Stage14_Amax_Hig (=  3700)

Apply selection  5 -> Reject Events with too few clusters
                      NClusters >= m_Cut_Stage5_NCluster_Low (=   34)


zdrift        = 550 mm
PT            = 200 ns
TB            = 40 ns/time bin
PT/TB         = 5 time bins
z method      : zfile
cut length    = 2 mm

Processing events:
0/12109

Selection Statistics 
 #Cut SelName    EvBef  EvAfter ( wrtPrev)  (wrtStart)     MdBef  MdAfter ( wrtPrev)  (wrtStart)     ClBef  ClAfter ( wrtPrev)  (wrtStart)     PdBef  PdAfter ( wrtPrev)  (wrtStart) 
    0  Stage1      600      600 (    0.00)  (    0.00)       600      600 (    0.00)  (    0.00)     20393    20393 (    0.00)  (    0.00)     58878    58878 (    0.00)  (    0.00) 
    1 Stage11      600      591 (   -1.50)  (   -1.50)       600      591 (   -1.50)  (   -1.50)     20393    19911 (   -2.36)  (   -2.36)     58878    56949 (   -3.28)  (   -3.28) 
    2Stage120      591      581 (   -1.69)  (   -3.17)       591      581 (   -1.69)  (   -3.17)     19911    19512 (   -2.00)  (   -4.32)     56949    56049 (   -1.58)  (   -4.80) 
    3StageT15      581      562 (   -3.27)  (   -6.33)       581      562 (   -3.27)  (   -6.33)     19512    18966 (   -2.80)  (   -7.00)     56049    54049 (   -3.57)  (   -8.20) 
    4 Stage10      562      562 (    0.00)  (   -6.33)       562      562 (    0.00)  (   -6.33)     18966    18913 (   -0.28)  (   -7.26)     54049    53710 (   -0.63)  (   -8.78) 
    5 Stage14      562      562 (    0.00)  (   -6.33)       562      562 (    0.00)  (   -6.33)     18913    18637 (   -1.46)  (   -8.61)     53710    52591 (   -2.08)  (  -10.68) 
    6  Stage5      562      320 (  -43.06)  (  -46.67)       562      320 (  -43.06)  (  -46.67)     18637    10880 (  -41.62)  (  -46.65)     52591    30368 (  -42.26)  (  -48.42) 
  Summary Sel      600      320             (  -46.67)       600      320             (  -46.67)     20393    10880             (  -46.65)     58878    30368             (  -48.42) 
dEdx: OUT_Tristan/DESY21_zscan/DESY21_zscan_PT200/DESY21_z460_PT200/3_DESY21_z460_PT200_dEdx_zcalc_G1_n600_XPonly.root
