Tag           : DESY21_z360_PT412
Comment       : _trash_LUTttree
FileName      : ../Data_DESY21_dev_v9/zscan_PT412/z_360_275_412_02T_26_360_iter9.root
SelectionSet  : T_DESY21_Event
NbrOfMod      : 0
Data_to_Use   : 0
OUTDirName    : OUT_PID/DESY21_zscan/DESY21_zscan_PT412/DESY21_z360_PT412/

ERAM#01: Gain hole in (iX,iY) = (10,16) | value reset at 1889.24
ERAM#01:   RC hole in (iX,iY) = (10,16) | value reset at 129.29
Average gain in   01 = 1947.72
Average gain in HATPCs: 1947.00

-------------->Predefined selection T_DESY21_Event
Number of entries :13564
TLow = 136 | THigh = 170

-------------->List of selections
Apply selection  1 -> Remove clusters in first and last columns 

Apply selection 11 -> Remove clusters out of time (Event Based) 
                      |TLeading -TLeadingMeanOverEvent| <= m_Cut_Stage11_EventBased (=     3)

Apply selection 120 -> Remove clusters out of time  
                      m_Cut_Stage120_TLow <= TLeading <= m_Cut_Stage120_THigh 
                      m_Cut_Stage120_TLow  =  136
                      m_Cut_Stage120_THigh =  170

Apply selection 15 -> Remove Events with an average pad multiplicity too high or too low 
                      Pad Multiplicity >  m_Cut_StageT15_APM_Low  (=  2.0)
                      Pad Multiplicity <= m_Cut_StageT15_APM_High (=  4.0)

Apply selection 10 -> Remove clusters with too many pads 
                      Npads <= m_Cut_Stage10_Npads_Hig (=   5)

Apply selection 14 -> Remove Clusters with a too high APad 
                      APad >= m_Cut_Stage14_Amax_Low (=     0)
                      APad <= m_Cut_Stage14_Amax_Hig (=  3700)

Apply selection  5 -> Reject Events with too few clusters
                      NClusters >= m_Cut_Stage5_NCluster_Low (=   34)


zdrift        = 450 mm
PT            = 412 ns
TB            = 50 ns/time bin
PT/TB         = 8 time bins
z method      : zcalc
cut length    = 2 mm

Processing events:
0/13564
1000/13564
2000/13564
3000/13564
4000/13564
5000/13564
6000/13564
7000/13564
8000/13564
9000/13564
10000/13564
11000/13564
