Tag           : DESY21_phi5_z860
Comment       : _zcalc_G2
FileName      : ../Data_DESY21_dev_v9/Phi_scan_z860/phi_200_5_z860_ym60_iter9.root
SelectionSet  : T_DESY21_Event
NbrOfMod      : 0
Data_to_Use   : 0
OUTDirName    : OUT_PID/DESY21_phi/DESY21_phi_z860/DESY21_phi5_z860/

ERAM#01: Gain hole in (iX,iY) = (10,16) | value reset at 1889.24
ERAM#01:   RC hole in (iX,iY) = (10,16) | value reset at 129.29
Number of pads in 01 = 1152.00
Average gain in   01 = 1947.72

Average gain in bottom HATPC: 1947.00

-------------->Predefined selection T_DESY21_Event
Number of entries :9256
TLow = 321 | THigh = 361

-------------->List of selections
Apply selection  1 -> Remove clusters in first and last columns 

Apply selection 11 -> Remove clusters out of time (Event Based) 
                      |TLeading -TLeadingMeanOverEvent| <= m_Cut_Stage11_EventBased (=     3)

Apply selection 120 -> Remove clusters out of time  
                      m_Cut_Stage120_TLow <= TLeading <= m_Cut_Stage120_THigh 
                      m_Cut_Stage120_TLow  =  321
                      m_Cut_Stage120_THigh =  361

Apply selection 15 -> Remove Events with an average pad multiplicity too high or too low 
                      Pad Multiplicity >  m_Cut_StageT15_APM_Low  (=  2.0)
                      Pad Multiplicity <= m_Cut_StageT15_APM_High (=  4.0)

Apply selection 10 -> Remove clusters with too many pads 
                      Npads <= m_Cut_Stage10_Npads_Hig (=   5)

Apply selection 14 -> Remove Clusters with a too high APad 
                      APad >= m_Cut_Stage14_Amax_Low (=     0)
                      APad <= m_Cut_Stage14_Amax_Hig (=  3700)

Apply selection  5 -> Reject Events with too few clusters
                      NClusters >= m_Cut_Stage5_NCluster_Low (=   34)


zdrift        = 950 mm
PT            = 200 ns
TB            = 40 ns/time bin
PT/TB         = 5 time bins
z method      : zcalc
cut length    = 2 mm

Processing events:
0/9256
ALERT: 1 walls crossed for a pad in entry #284
16 17 19 20
17 10 20 19
22 -0 -0
ALERT: 1 walls crossed for a pad in entry #284
16 17 18 19
23 17 20 19
22 -0 -0
ALERT: 1 walls crossed for a pad in entry #284
17 18 19 20
17 10 19 19
22 -0 -0
ALERT: 3 walls crossed for a pad in entry #284
17 18 18 19
23 17 19 19
22 -0 -0
ALERT: 1 walls crossed for a pad in entry #848
8 9 21 22
15 9 23 22
24 -0 -0
ALERT: 1 walls crossed for a pad in entry #848
8 9 22 23
9 2 23 22
24 -0 -0
ALERT: 1 walls crossed for a pad in entry #848
9 10 22 23
9 2 22 22
24 -0 -0
ALERT: 3 walls crossed for a pad in entry #848
9 10 21 22
15 9 22 22
24 -0 -0
1000/9256
ALERT: 1 walls crossed for a pad in entry #1962
9 10 19 20
17 10 21 20
22 -0 -0
ALERT: 1 walls crossed for a pad in entry #1962
9 10 20 21
10 4 21 20
22 -0 -0
ALERT: 1 walls crossed for a pad in entry #1962
10 11 20 21
10 4 20 20
22 -0 -0
ALERT: 3 walls crossed for a pad in entry #1962
10 11 19 20
17 10 20 20
22 -0 -0
2000/9256
3000/9256
4000/9256
5000/9256
6000/9256
ALERT: 1 walls crossed for a pad in entry #6408
2 3 21 22
10 3 23 22
23 -0 0
ALERT: 1 walls crossed for a pad in entry #6408
2 3 22 23
3 -3 23 22
23 -0 0
ALERT: 1 walls crossed for a pad in entry #6408
3 5 22 23
3 -3 22 22
23 -0 0
ALERT: 3 walls crossed for a pad in entry #6408
3 5 21 22
10 3 22 22
23 -0 0
7000/9256
ALERT: 1 walls crossed for a pad in entry #7361
35 36 16 17
43 36 17 17
23 -0 0
ALERT: 3 walls crossed for a pad in entry #7361
35 36 17 18
36 29 17 17
23 -0 0
ALERT: 1 walls crossed for a pad in entry #7361
36 37 17 18
36 29 17 17
23 -0 0
ALERT: 1 walls crossed for a pad in entry #7361
36 37 16 17
43 36 17 17
23 -0 0
8000/9256
ALERT: 1 walls crossed for a pad in entry #8062
12 14 20 21
20 14 22 21
24 -0 0
ALERT: 3 walls crossed for a pad in entry #8062
12 14 21 22
14 7 22 21
24 -0 0
ALERT: 1 walls crossed for a pad in entry #8062
14 15 21 22
14 7 21 21
24 -0 0
ALERT: 1 walls crossed for a pad in entry #8062
14 15 20 21
20 14 21 21
24 -0 0
ALERT: 1 walls crossed for a pad in entry #8775
9 10 19 20
17 10 21 20
22 -0 -0
ALERT: 1 walls crossed for a pad in entry #8775
9 10 20 21
10 4 21 20
22 -0 -0
ALERT: 1 walls crossed for a pad in entry #8775
10 11 20 21
10 4 20 20
22 -0 -0
ALERT: 3 walls crossed for a pad in entry #8775
10 11 19 20
17 10 20 20
22 -0 -0
9000/9256
9255/9256

Selection Statistics 
 #Cut SelName    EvBef  EvAfter ( wrtPrev)  (wrtStart)     MdBef  MdAfter ( wrtPrev)  (wrtStart)     ClBef  ClAfter ( wrtPrev)  (wrtStart)     PdBef  PdAfter ( wrtPrev)  (wrtStart) 
    0  Stage1     9256     9256 (    0.00)  (    0.00)      9256     9256 (    0.00)  (    0.00)    314610   314610 (    0.00)  (    0.00)    947201   947201 (    0.00)  (    0.00) 
    1 Stage11     9256     9113 (   -1.54)  (   -1.54)      9256     9113 (   -1.54)  (   -1.54)    314610   304782 (   -3.12)  (   -3.12)    947201   907592 (   -4.18)  (   -4.18) 
    2Stage120     9113     9018 (   -1.04)  (   -2.57)      9113     9018 (   -1.04)  (   -2.57)    304782   301877 (   -0.95)  (   -4.05)    907592   900489 (   -0.78)  (   -4.93) 
    3StageT15     9018     8659 (   -3.98)  (   -6.45)      9018     8659 (   -3.98)  (   -6.45)    301877   290826 (   -3.66)  (   -7.56)    900489   852964 (   -5.28)  (   -9.95) 
    4 Stage10     8659     8659 (    0.00)  (   -6.45)      8659     8659 (    0.00)  (   -6.45)    290826   290041 (   -0.27)  (   -7.81)    852964   848016 (   -0.58)  (  -10.47) 
    5 Stage14     8659     8656 (   -0.03)  (   -6.48)      8659     8656 (   -0.03)  (   -6.48)    290041   286507 (   -1.22)  (   -8.93)    848016   833499 (   -1.71)  (  -12.00) 
    6  Stage5     8656     5193 (  -40.01)  (  -43.90)      8656     5193 (  -40.01)  (  -43.90)    286507   176562 (  -38.37)  (  -43.88)    833499   504760 (  -39.44)  (  -46.71) 
  Summary Sel     9256     5193             (  -43.90)      9256     5193             (  -43.90)    314610   176562             (  -43.88)    947201   504760             (  -46.71) 
Fitting: Started... done!
Checks: OUT_PID/DESY21_phi/DESY21_phi_z860/DESY21_phi5_z860/2_DESY21_phi5_z860_Checks_zcalc_G2.root
dEdx: OUT_PID/DESY21_phi/DESY21_phi_z860/DESY21_phi5_z860/3_DESY21_phi5_z860_dEdx_zcalc_G2.root
