Tag           : DESY21_phi30_diag_z860
Comment       : _zcalc_G2_WF2
FileName      : ../Data_DESY21_dev_v9/Phi_scan_z860/phi_200_30_z860_ym60_diag_iter9.root
SelectionSet  : T_DESY21_Event
NbrOfMod      : 0
Data_to_Use   : 0
OUTDirName    : OUT_Tristan/DESY21_phi/DESY21_phi_z860/DESY21_phi30_diag_z860/

ERAM#01: Gain hole in (iX,iY) = (10,16) | value reset at 1889.24
ERAM#01:   RC hole in (iX,iY) = (10,16) | value reset at 129.29
Number of pads in 01 = 1152.00
Average gain in   01 = 1947.72

Average gain in bottom HATPC: 1947.00

-------------->Predefined selection T_DESY21_Event
Number of entries :10295
TLow = 317 | THigh = 363

-------------->List of selections
Apply selection  1 -> Remove clusters in first and last columns 

Apply selection 11 -> Remove clusters out of time (Event Based) 
                      |TLeading -TLeadingMeanOverEvent| <= m_Cut_Stage11_EventBased (=     3)

Apply selection 120 -> Remove clusters out of time  
                      m_Cut_Stage120_TLow <= TLeading <= m_Cut_Stage120_THigh 
                      m_Cut_Stage120_TLow  =  317
                      m_Cut_Stage120_THigh =  363

Apply selection 15 -> Remove Events with an average pad multiplicity too high or too low 
                      Pad Multiplicity >  m_Cut_StageT15_APM_Low  (=  1.0)
                      Pad Multiplicity <= m_Cut_StageT15_APM_High (=  3.5)

Apply selection 10 -> Remove clusters with too many pads 
                      Npads <= m_Cut_Stage10_Npads_Hig (=   5)

Apply selection 14 -> Remove Clusters with a too high APad 
                      APad >= m_Cut_Stage14_Amax_Low (=     0)
                      APad <= m_Cut_Stage14_Amax_Hig (=  3700)

Apply selection  5 -> Reject Events with too few clusters
                      NClusters >= m_Cut_Stage5_NCluster_Low (=   50)


zdrift        = 950 mm
PT            = 200 ns
TB            = 40 ns/time bin
PT/TB         = 5 time bins
z method      : zcalc
cut length    = 2 mm

correction function: ../Data_DESY21_dev_v9/Phi_scan_zm40/phi_200_40_zm40_ym60_diag_iter9_WFmax_correction_v9i9.root
WF correction parameters: 407.23 | -58.10 | 19.88 | -1.30 | 0.03
Processing events:
0/10295
1000/10295
2000/10295
3000/10295
ALERT: 1 walls crossed for a pad in entry #3957
6.77 7.90 28.53 29.55
7.90 6.34 29.26 28.52
33.70 -0.66 0.00
ALERT: 1 walls crossed for a pad in entry #3957
6.77 7.90 27.51 28.53
9.42 7.90 29.26 28.52
33.70 -0.66 0.00
ALERT: 1 walls crossed for a pad in entry #3957
7.90 9.02 28.53 29.55
7.90 6.34 28.52 27.79
33.70 -0.66 0.00
ALERT: 3 walls crossed for a pad in entry #3957
7.90 9.02 27.51 28.53
9.42 7.90 28.52 27.79
33.70 -0.66 0.00
4000/10295
5000/10295
6000/10295
7000/10295
8000/10295
ALERT: 3 walls crossed for a pad in entry #8447
25.94 27.07 15.28 16.30
27.07 25.54 16.03 15.29
33.00 -0.64 -0.00
ALERT: 1 walls crossed for a pad in entry #8447
27.07 28.20 15.28 16.30
27.07 25.54 15.29 14.54
33.00 -0.64 -0.00
ALERT: 1 walls crossed for a pad in entry #8447
25.94 27.07 14.27 15.28
28.61 27.07 16.03 15.29
33.00 -0.64 -0.00
ALERT: 1 walls crossed for a pad in entry #8447
27.07 28.20 14.27 15.28
28.61 27.07 15.29 14.54
33.00 -0.64 -0.00
9000/10295
ALERT: 3 walls crossed for a pad in entry #9881
23.69 24.82 16.30 17.32
24.82 23.28 17.05 16.30
32.66 -0.65 -0.00
ALERT: 1 walls crossed for a pad in entry #9881
24.82 25.94 16.30 17.32
24.82 23.28 16.30 15.55
32.66 -0.65 -0.00
ALERT: 1 walls crossed for a pad in entry #9881
23.69 24.82 15.28 16.30
26.35 24.82 17.05 16.30
32.66 -0.65 -0.00
ALERT: 1 walls crossed for a pad in entry #9881
24.82 25.94 15.28 16.30
26.35 24.82 16.30 15.55
32.66 -0.65 -0.00
10000/10295
10294/10295

Selection Statistics 
 #Cut SelName    EvBef  EvAfter ( wrtPrev)  (wrtStart)     MdBef  MdAfter ( wrtPrev)  (wrtStart)     ClBef  ClAfter ( wrtPrev)  (wrtStart)     PdBef  PdAfter ( wrtPrev)  (wrtStart) 
    0  Stage1    10295    10295 (    0.00)  (    0.00)     10295    10295 (    0.00)  (    0.00)    566128   566128 (    0.00)  (    0.00)   1160128  1160128 (    0.00)  (    0.00) 
    1 Stage11    10295    10166 (   -1.25)  (   -1.25)     10295    10166 (   -1.25)  (   -1.25)    566128   546977 (   -3.38)  (   -3.38)   1160128  1108570 (   -4.44)  (   -4.44) 
    2Stage120    10166    10068 (   -0.96)  (   -2.20)     10166    10068 (   -0.96)  (   -2.20)    546977   542384 (   -0.84)  (   -4.19)   1108570  1100669 (   -0.71)  (   -5.13) 
    3StageT15    10068     9996 (   -0.72)  (   -2.90)     10068     9996 (   -0.72)  (   -2.90)    542384   539789 (   -0.48)  (   -4.65)   1100669  1090661 (   -0.91)  (   -5.99) 
    4 Stage10     9996     9996 (    0.00)  (   -2.90)      9996     9996 (    0.00)  (   -2.90)    539789   539736 (   -0.01)  (   -4.66)   1090661  1090332 (   -0.03)  (   -6.02) 
    5 Stage14     9996     9989 (   -0.07)  (   -2.97)      9996     9989 (   -0.07)  (   -2.97)    539736   534754 (   -0.92)  (   -5.54)   1090332  1075328 (   -1.38)  (   -7.31) 
    6  Stage5     9989     9294 (   -6.96)  (   -9.72)      9989     9294 (   -6.96)  (   -9.72)    534754   505844 (   -5.41)  (  -10.65)   1075328  1011983 (   -5.89)  (  -12.77) 
  Summary Sel    10295     9294             (   -9.72)     10295     9294             (   -9.72)    566128   505844             (  -10.65)   1160128  1011983             (  -12.77) 
Fitting: Started... done!
Checks: OUT_Tristan/DESY21_phi/DESY21_phi_z860/DESY21_phi30_diag_z860/2_DESY21_phi30_diag_z860_Checks_zcalc_G2_WF2.root
dEdx: OUT_Tristan/DESY21_phi/DESY21_phi_z860/DESY21_phi30_diag_z860/3_DESY21_phi30_diag_z860_dEdx_zcalc_G2_WF2.root
