Control_zfile_PRF_4IP_Gain2_WF4_4Mod
Tag           : CERN22_Escan_p+_1p5GeV
EventFile     : ../Data_CERN22_vD_iter0/All_ERAMS_350V_412ns_p_1p5GeV_25V_z415_y2pad_2_iter0.root
SelectionSet  : T2_CERN22_Event
iMod          : -1
Data_to_Use   : 0
OUTDirName    : OUT_Tristan/CERN22_Energy_Scan/CERN22_Escan_p+_1p5GeV/


-------------->Predefined selection T2_CERN22_Event
Number of entries :178682
No Stage120 cuts found in CSV. Getting them now...
0/178682
1000/178682
2000/178682
3000/178682
4000/178682
5000/178682
6000/178682
7000/178682
8000/178682
9000/178682
10000/178682
11000/178682
12000/178682
13000/178682
14000/178682
15000/178682
16000/178682
17000/178682
18000/178682
19000/178682
20000/178682
21000/178682
22000/178682
23000/178682
24000/178682
25000/178682
26000/178682
27000/178682
28000/178682
29000/178682
30000/178682
31000/178682
32000/178682
33000/178682
34000/178682
35000/178682
36000/178682
37000/178682
38000/178682
39000/178682
40000/178682
41000/178682
42000/178682
43000/178682
44000/178682
45000/178682
46000/178682
47000/178682
48000/178682
49000/178682
50000/178682
51000/178682
52000/178682
53000/178682
54000/178682
55000/178682
56000/178682
57000/178682
58000/178682
59000/178682
60000/178682
61000/178682
62000/178682
63000/178682
64000/178682
65000/178682
66000/178682
67000/178682
68000/178682
69000/178682
70000/178682
71000/178682
72000/178682
73000/178682
74000/178682
75000/178682
76000/178682
77000/178682
78000/178682
79000/178682
80000/178682
81000/178682
82000/178682
83000/178682
84000/178682
85000/178682
86000/178682
87000/178682
88000/178682
89000/178682
90000/178682
91000/178682
92000/178682
93000/178682
94000/178682
95000/178682
96000/178682
97000/178682
98000/178682
99000/178682
100000/178682
101000/178682
102000/178682
103000/178682
104000/178682
105000/178682
106000/178682
107000/178682
108000/178682
109000/178682
110000/178682
111000/178682
112000/178682
113000/178682
114000/178682
115000/178682
116000/178682
117000/178682
118000/178682
119000/178682
120000/178682
121000/178682
122000/178682
123000/178682
124000/178682
125000/178682
126000/178682
127000/178682
128000/178682
129000/178682
130000/178682
131000/178682
132000/178682
133000/178682
134000/178682
135000/178682
136000/178682
137000/178682
138000/178682
139000/178682
140000/178682
141000/178682
142000/178682
143000/178682
144000/178682
145000/178682
146000/178682
147000/178682
148000/178682
149000/178682
150000/178682
151000/178682
152000/178682
153000/178682
154000/178682
155000/178682
156000/178682
157000/178682
158000/178682
159000/178682
160000/178682
161000/178682
162000/178682
163000/178682
164000/178682
165000/178682
166000/178682
167000/178682
168000/178682
169000/178682
170000/178682
171000/178682
172000/178682
173000/178682
174000/178682
175000/178682
176000/178682
177000/178682
178000/178682
178681/178682
25711.00
193
Stage120 cuts are 171 to 205. Values added to CSV file.

-------------->List of selections
Apply selection  1 -> Remove clusters in first and last columns 

Apply selection 11 -> Remove clusters out of time (Event Based) 
                      |TLeading -TLeadingMeanOverEvent| <= m_Cut_Stage11_EventBased (=     3)

Apply selection 120 -> Remove clusters out of time  
                      m_Cut_Stage120_TLow <= TLeading <= m_Cut_Stage120_THigh 
                      m_Cut_Stage120_TLow  =  171
                      m_Cut_Stage120_THigh =  205

Apply selection 15 -> Remove Events with an average pad multiplicity too high or too low 
                      Pad Multiplicity >  m_Cut_StageT15_APM_Low  (=  2.0)
                      Pad Multiplicity <= m_Cut_StageT15_APM_High (=  4.0)

Apply selection  5 -> Reject Events with too few clusters
                      NClusters >= m_Cut_Stage5_NCluster_Low (=   34)


Processing events:
0/178682
1000/178682
2000/178682
3000/178682
4000/178682
5000/178682
6000/178682
7000/178682
8000/178682
9000/178682
10000/178682
11000/178682
12000/178682
13000/178682
14000/178682
15000/178682
16000/178682
17000/178682
18000/178682
19000/178682
20000/178682
21000/178682
22000/178682
23000/178682
24000/178682
25000/178682
26000/178682
27000/178682
28000/178682
29000/178682
30000/178682
31000/178682
32000/178682
33000/178682
34000/178682
35000/178682
36000/178682
37000/178682
38000/178682
39000/178682
40000/178682
41000/178682
42000/178682
43000/178682
44000/178682
45000/178682
46000/178682
47000/178682
48000/178682
49000/178682
50000/178682
51000/178682
52000/178682
53000/178682
54000/178682
55000/178682
56000/178682
57000/178682
58000/178682
59000/178682
60000/178682
61000/178682
62000/178682
63000/178682
64000/178682
65000/178682
66000/178682
67000/178682
68000/178682
69000/178682
70000/178682
71000/178682
72000/178682
73000/178682
74000/178682
75000/178682
76000/178682
77000/178682
78000/178682
79000/178682
80000/178682
81000/178682
82000/178682
83000/178682
84000/178682
85000/178682
86000/178682
87000/178682
88000/178682
89000/178682
90000/178682
91000/178682
92000/178682
93000/178682
94000/178682
95000/178682
96000/178682
97000/178682
98000/178682
99000/178682
100000/178682
101000/178682
102000/178682
103000/178682
104000/178682
105000/178682
106000/178682
107000/178682
108000/178682
109000/178682
110000/178682
111000/178682
112000/178682
113000/178682
114000/178682
115000/178682
116000/178682
117000/178682
118000/178682
119000/178682
120000/178682
121000/178682
122000/178682
123000/178682
124000/178682
125000/178682
126000/178682
127000/178682
128000/178682
129000/178682
130000/178682
131000/178682
132000/178682
133000/178682
134000/178682
135000/178682
136000/178682
137000/178682
138000/178682
139000/178682
140000/178682
141000/178682
142000/178682
143000/178682
144000/178682
145000/178682
146000/178682
147000/178682
148000/178682
149000/178682
150000/178682
151000/178682
152000/178682
153000/178682
154000/178682
155000/178682
156000/178682
157000/178682
158000/178682
159000/178682
160000/178682
161000/178682
162000/178682
163000/178682
164000/178682
165000/178682
166000/178682
167000/178682
168000/178682
169000/178682
170000/178682
171000/178682
172000/178682
173000/178682
174000/178682
175000/178682
176000/178682
177000/178682
178000/178682
178681/178682
Nber Of Entries :178682
Raw      events with at least 4 modules: 8574
Selected events with at least 4 modules: 2504

Selection Statistics 
 #Cut SelName    EvBef  EvAfter ( wrtPrev)  (wrtStart)     MdBef  MdAfter ( wrtPrev)  (wrtStart)     ClBef  ClAfter ( wrtPrev)  (wrtStart)     PdBef  PdAfter ( wrtPrev)  (wrtStart) 
    0  Stage1     8574     8574 (    0.00)  (    0.00)     34322    34322 (    0.00)  (    0.00)   1173583  1109614 (   -5.45)  (   -5.45)   3080563  2922825 (   -5.12)  (   -5.12) 
    1 Stage11     8574     8433 (   -1.64)  (   -1.64)     34322    33758 (   -1.64)  (   -1.64)   1109614   911291 (  -17.87)  (  -22.35)   2922825  2318346 (  -20.68)  (  -24.74) 
    2Stage120     8433     3690 (  -56.24)  (  -56.96)     33758    14764 (  -56.27)  (  -56.98)    911291   385644 (  -57.68)  (  -67.14)   2318346  1004194 (  -56.68)  (  -67.40) 
    3StageT15     3690     3133 (  -15.09)  (  -63.46)     14764    12533 (  -15.11)  (  -63.48)    385644   319136 (  -17.25)  (  -72.81)   1004194   871402 (  -13.22)  (  -71.71) 
    4  Stage5     3133     2504 (  -20.08)  (  -70.80)     12533    10017 (  -20.08)  (  -70.81)    319136   227596 (  -28.68)  (  -80.61)    871402   618426 (  -29.03)  (  -79.92) 
  Summary Sel     8574     2504             (  -70.80)     34322    10017             (  -70.81)   1173583   227596             (  -80.61)   3080563   618426             (  -79.92) 
