Control_zfile_PRF_4IP_Gain2_WF4_4Mod
Tag           : CERN22_Escan_mu_1GeV
EventFile     : ../Data_CERN22_vD_iter0/All_ERAMS_350V_412ns_mu+_1GeV_25V_z415p1_y2pad_iter0.root
SelectionSet  : T2_CERN22_Event
iMod          : -1
Data_to_Use   : 0
OUTDirName    : OUT_Tristan/CERN22_Energy_Scan/CERN22_Escan_mu_1GeV/


-------------->Predefined selection T2_CERN22_Event
Number of entries :177294
No Stage120 cuts found in CSV. Getting them now...
0/177294
1000/177294
2000/177294
3000/177294
4000/177294
5000/177294
6000/177294
7000/177294
8000/177294
9000/177294
10000/177294
11000/177294
12000/177294
13000/177294
14000/177294
15000/177294
16000/177294
17000/177294
18000/177294
19000/177294
20000/177294
21000/177294
22000/177294
23000/177294
24000/177294
25000/177294
26000/177294
27000/177294
28000/177294
29000/177294
30000/177294
31000/177294
32000/177294
33000/177294
34000/177294
35000/177294
36000/177294
37000/177294
38000/177294
39000/177294
40000/177294
41000/177294
42000/177294
43000/177294
44000/177294
45000/177294
46000/177294
47000/177294
48000/177294
49000/177294
50000/177294
51000/177294
52000/177294
53000/177294
54000/177294
55000/177294
56000/177294
57000/177294
58000/177294
59000/177294
60000/177294
61000/177294
62000/177294
63000/177294
64000/177294
65000/177294
66000/177294
67000/177294
68000/177294
69000/177294
70000/177294
71000/177294
72000/177294
73000/177294
74000/177294
75000/177294
76000/177294
77000/177294
78000/177294
79000/177294
80000/177294
81000/177294
82000/177294
83000/177294
84000/177294
85000/177294
86000/177294
87000/177294
88000/177294
89000/177294
90000/177294
91000/177294
92000/177294
93000/177294
94000/177294
95000/177294
96000/177294
97000/177294
98000/177294
99000/177294
100000/177294
101000/177294
102000/177294
103000/177294
104000/177294
105000/177294
106000/177294
107000/177294
108000/177294
109000/177294
110000/177294
111000/177294
112000/177294
113000/177294
114000/177294
115000/177294
116000/177294
117000/177294
118000/177294
119000/177294
120000/177294
121000/177294
122000/177294
123000/177294
124000/177294
125000/177294
126000/177294
127000/177294
128000/177294
129000/177294
130000/177294
131000/177294
132000/177294
133000/177294
134000/177294
135000/177294
136000/177294
137000/177294
138000/177294
139000/177294
140000/177294
141000/177294
142000/177294
143000/177294
144000/177294
145000/177294
146000/177294
147000/177294
148000/177294
149000/177294
150000/177294
151000/177294
152000/177294
153000/177294
154000/177294
155000/177294
156000/177294
157000/177294
158000/177294
159000/177294
160000/177294
161000/177294
162000/177294
163000/177294
164000/177294
165000/177294
166000/177294
167000/177294
168000/177294
169000/177294
170000/177294
171000/177294
172000/177294
173000/177294
174000/177294
175000/177294
176000/177294
177000/177294
177293/177294
24069.00
188
Stage120 cuts are 164 to 205. Values added to CSV file.

-------------->List of selections
Apply selection  1 -> Remove clusters in first and last columns 

Apply selection 11 -> Remove clusters out of time (Event Based) 
                      |TLeading -TLeadingMeanOverEvent| <= m_Cut_Stage11_EventBased (=     3)

Apply selection 120 -> Remove clusters out of time  
                      m_Cut_Stage120_TLow <= TLeading <= m_Cut_Stage120_THigh 
                      m_Cut_Stage120_TLow  =  164
                      m_Cut_Stage120_THigh =  205

Apply selection 15 -> Remove Events with an average pad multiplicity too high or too low 
                      Pad Multiplicity >  m_Cut_StageT15_APM_Low  (=  2.0)
                      Pad Multiplicity <= m_Cut_StageT15_APM_High (=  4.0)

Apply selection  5 -> Reject Events with too few clusters
                      NClusters >= m_Cut_Stage5_NCluster_Low (=   34)


Processing events:
0/177294
1000/177294
2000/177294
3000/177294
4000/177294
5000/177294
6000/177294
7000/177294
8000/177294
9000/177294
10000/177294
11000/177294
12000/177294
13000/177294
14000/177294
15000/177294
16000/177294
17000/177294
18000/177294
19000/177294
20000/177294
21000/177294
22000/177294
23000/177294
24000/177294
25000/177294
26000/177294
27000/177294
28000/177294
29000/177294
30000/177294
31000/177294
32000/177294
33000/177294
34000/177294
35000/177294
36000/177294
37000/177294
38000/177294
39000/177294
40000/177294
41000/177294
42000/177294
43000/177294
44000/177294
45000/177294
46000/177294
47000/177294
48000/177294
49000/177294
50000/177294
51000/177294
52000/177294
53000/177294
54000/177294
55000/177294
56000/177294
57000/177294
58000/177294
59000/177294
60000/177294
61000/177294
62000/177294
63000/177294
64000/177294
65000/177294
66000/177294
67000/177294
68000/177294
69000/177294
70000/177294
71000/177294
72000/177294
73000/177294
74000/177294
75000/177294
76000/177294
77000/177294
78000/177294
79000/177294
80000/177294
81000/177294
82000/177294
83000/177294
84000/177294
85000/177294
86000/177294
87000/177294
88000/177294
89000/177294
90000/177294
91000/177294
92000/177294
93000/177294
94000/177294
95000/177294
96000/177294
97000/177294
98000/177294
99000/177294
100000/177294
101000/177294
102000/177294
103000/177294
104000/177294
105000/177294
106000/177294
107000/177294
108000/177294
109000/177294
110000/177294
111000/177294
112000/177294
113000/177294
114000/177294
115000/177294
116000/177294
117000/177294
118000/177294
119000/177294
120000/177294
121000/177294
122000/177294
123000/177294
124000/177294
125000/177294
126000/177294
127000/177294
128000/177294
129000/177294
130000/177294
131000/177294
132000/177294
133000/177294
134000/177294
135000/177294
136000/177294
137000/177294
138000/177294
139000/177294
140000/177294
141000/177294
142000/177294
143000/177294
144000/177294
145000/177294
146000/177294
147000/177294
148000/177294
149000/177294
150000/177294
151000/177294
152000/177294
153000/177294
154000/177294
155000/177294
156000/177294
157000/177294
158000/177294
159000/177294
160000/177294
161000/177294
162000/177294
163000/177294
164000/177294
165000/177294
166000/177294
167000/177294
168000/177294
169000/177294
170000/177294
171000/177294
172000/177294
173000/177294
174000/177294
175000/177294
176000/177294
177000/177294
177293/177294
Nber Of Entries :177294
Raw      events with at least 4 modules: 8505
Selected events with at least 4 modules: 2596

Selection Statistics 
 #Cut SelName    EvBef  EvAfter ( wrtPrev)  (wrtStart)     MdBef  MdAfter ( wrtPrev)  (wrtStart)     ClBef  ClAfter ( wrtPrev)  (wrtStart)     PdBef  PdAfter ( wrtPrev)  (wrtStart) 
    0  Stage1     8505     8505 (    0.00)  (    0.00)     34051    34051 (    0.00)  (    0.00)   1167380  1103683 (   -5.46)  (   -5.46)   3074207  2917292 (   -5.10)  (   -5.10) 
    1 Stage11     8505     8394 (   -1.31)  (   -1.31)     34051    33606 (   -1.31)  (   -1.31)   1103683   915692 (  -17.03)  (  -21.56)   2917292  2341532 (  -19.74)  (  -23.83) 
    2Stage120     8394     3729 (  -55.58)  (  -56.16)     33606    14919 (  -55.61)  (  -56.19)    915692   390276 (  -57.38)  (  -66.57)   2341532   994177 (  -57.54)  (  -67.66) 
    3StageT15     3729     3212 (  -13.86)  (  -62.23)     14919    12851 (  -13.86)  (  -62.26)    390276   323992 (  -16.98)  (  -72.25)    994177   860579 (  -13.44)  (  -72.01) 
    4  Stage5     3212     2596 (  -19.18)  (  -69.48)     12851    10384 (  -19.20)  (  -69.50)    323992   237626 (  -26.66)  (  -79.64)    860579   624990 (  -27.38)  (  -79.67) 
  Summary Sel     8505     2596             (  -69.48)     34051    10384             (  -69.50)   1167380   237626             (  -79.64)   3074207   624990             (  -79.67) 
