Tag           : DESY21_y0
Comment       : _zcalc_G2_WF4
FileName     : ../Data_DESY21/yscan/Y0_Z0_iter0.root
SelectionSet  : T_DESY21_Event
NbrOfMod      : 0
Data_to_Use   : 0
OUTDirName    : OUT_Tristan/DESY21_yscan/DESY21_y0/

Gain & RC maps: loaded
Average Gain in ERAM01 = 1947.77
ERAM01: RC   hole in  iX = 10 | iY = 16 | value reset at 129.29
ERAM01: Gain hole in  iX = 10 | iY = 16 | value reset at 1889.24

-------------->Predefined selection T_DESY21_Event
Number of entries :6263
TLow = 51 | THigh = 83

-------------->List of selections
Apply selection  1 -> Remove clusters in first and last columns 

Apply selection 11 -> Remove clusters out of time (Event Based) 
                      |TLeading -TLeadingMeanOverEvent| <= m_Cut_Stage11_EventBased (=     3)

Apply selection 120 -> Remove clusters out of time  
                      m_Cut_Stage120_TLow <= TLeading <= m_Cut_Stage120_THigh 
                      m_Cut_Stage120_TLow  =   51
                      m_Cut_Stage120_THigh =   83

Apply selection 15 -> Remove Events with an average pad multiplicity too high or too low 
                      Pad Multiplicity >  m_Cut_StageT15_APM_Low  (=  2.0)
                      Pad Multiplicity <= m_Cut_StageT15_APM_High (=  4.0)

Apply selection 10 -> Remove clusters with too many pads 
                      Npads <= m_Cut_Stage10_Npads_Hig (=   5)

Apply selection 14 -> Remove Clusters with a too high APad 
                      APad >= m_Cut_Stage14_Amax_Low (=     0)
                      APad <= m_Cut_Stage14_Amax_Hig (=  3700)

Apply selection  5 -> Reject Events with too few clusters
                      NClusters >= m_Cut_Stage5_NCluster_Low (=   34)


zdrift        = 90 mm
PT            = 412 ns
TB            = 50 ns/time bin
PT/TB         = 8 time bins
z method      : zcalc
cut length    = 2 mm

Processing events:
0/6263
13
13
13
11
13
13
15
13
15
15
14
12
14
13
15
13
15
12
13
14
14
14
12
12
13
11
15
13
12
14
13
12
4
11
12
13
11
13
12
15
15
13
13
14
14
15
14
15
13
13
13
14
13
14
15
15
14
12
15
13
12
15
12
13
15
14
13
14
12
15
14
10
13
13
12
15
12
7
15
12
12
13
14
13
12
15
15
15
14
12
15
13
15
13
14
12
13
14
4
13
13
10
13
14
15
15
13
14
14
14
14
14
12
14
12
13
15
10
15
13
13
14
13
15
13
15
14
13
14
14
13
13
13
13
15
14
13
12
12
14
12
14
14
15
12
12
13
13
13
10
12
14
14
14
14
13
14
13
14
14
13
11
13
14
15
13
14
12
12
13
12
12
13
14
14
15
13
10
14
12
13
13
16
14
12
14
15
13
13
15
14
13
13
14
13
14
13
8
13
14
14
14
15
13
15
14
13
14
14
14
13
14
13
14
13
13
13
14
13
14
15
14
13
15
14
14
14
15
10
15
14
14
13
14
13
14
12
14
4
7
11
13
15
13
13
15
13
5
13
13
13
15
13
15
15
15
15
13
14
14
13
14
14
12
13
1
13
13
13
14
13
14
14
13
14
13
14
12
13
15
14
13
13
13
14
12
13
13
14
9
15
9
12
14
14
14
10
14
16
13
15
13
15
13
15
15
13
13
15
11
13
14
13
14
13
13
13
12
9
15
13
15
12
14
13
12
13
15
9
14
14
12
12
12
13
15
14
9
13
13
14
13
16
13
12
8
13
11
13
11
14
13
11
15
12
13
5
14
12
14
14
14
12
12
13
14
13
25
13
2
14
13
13
13
13
13
14
14
14
13
14
13
13
14
14
13
13
12
15
13
11
1000/6263
12
14
14
12
13
13
13
12
14
12
14
11
13
13
14
14
13
13
16
14
14
14
14
13
13
12
14
13
14
13
14
12
14
15
13
13
14
15
12
13
15
11
14
13
14
11
13
14
10
15
13
13
13
13
13
14
11
14
14
13
13
13
13
13
13
12
15
14
14
13
13
13
15
14
13
12
12
14
13
14
14
14
13
14
12
13
13
15
12
10
13
14
15
13
12
14
14
13
14
13
13
13
14
15
1
12
12
13
14
13
12
13
14
12
15
14
12
15
15
14
14
15
14
11
13
12
14
13
13
14
12
13
12
13
15
14
13
13
12
14
15
9
13
12
14
12
7
15
15
14
13
15
14
15
13
14
14
13
12
8
14
15
11
14
13
15
15
15
12
14
12
14
14
15
13
14
13
15
14
11
13
13
13
15
14
9
14
14
13
12
15
14
13
14
13
14
13
14
15
15
13
12
13
14
14
13
11
11
7
13
13
15
13
14
15
13
15
15
15
14
12
12
13
12
12
13
14
13
13
13
13
13
13
13
12
13
14
12
12
12
10
14
1
13
13
15
14
12
14
14
12
15
13
13
15
14
13
13
14
14
13
15
15
14
13
13
13
13
14
12
14
13
16
15
15
14
15
13
12
13
15
12
12
13
11
13
15
15
15
15
15
11
14
15
12
15
15
13
13
15
14
13
12
13
13
14
14
13
11
14
15
12
13
15
13
13
16
11
14
9
14
13
13
13
12
11
14
12
9
13
13
14
14
14
15
14
14
14
15
15
13
14
11
15
13
13
13
16
14
13
15
13
15
13
11
13
14
12
14
15
13
14
15
14
15
14
13
14
13
14
12
14
14
14
14
14
13
14
12
12
13
14
13
12
13
13
14
13
14
13
13
13
14
15
12
14
8
9
13
14
12
11
12
13
13
13
13
15
15
15
14
12
14
14
15
13
11
15
13
2000/6263
5
12
12
16
13
14
13
15
12
14
13
14
11
14
14
14
13
14
14
15
13
13
12
15
15
14
13
15
14
12
13
15
14
13
15
13
12
13
14
12
14
15
14
12
15
13
12
13
14
14
14
12
15
13
15
13
12
12
13
13
13
13
15
12
14
13
15
15
14
14
19
12
14
13
13
14
14
14
13
13
15
12
13
14
12
13
13
14
14
14
13
15
14
12
12
12
10
13
13
16
14
13
5
14
15
15
12
6
11
13
14
12
13
15
13
14
12
15
15
15
14
12
15
13
14
15
15
15
13
14
13
15
13
13
12
14
12
13
15
12
14
13
15
12
14
13
14
13
14
12
13
13
14
13
15
13
14
13
9
15
15
15
14
14
13
13
14
15
15
14
15
14
13
13
13
15
14
13
13
15
14
15
10
14
14
14
12
13
13
15
15
5
13
12
13
13
14
12
13
13
13
14
15
14
14
13
15
15
15
10
4
13
13
13
13
13
13
12
11
14
14
14
12
15
14
13
14
13
14
13
15
13
13
15
9
14
15
12
14
13
13
14
13
13
13
14
15
14
15
14
15
13
15
8
8
14
15
13
14
15
13
13
13
15
14
15
14
14
13
14
15
13
14
13
12
15
13
14
13
12
13
13
14
15
15
13
13
14
15
13
15
14
13
13
13
14
14
12
15
14
9
13
13
13
13
14
13
15
14
15
14
13
14
13
7
13
15
14
14
12
13
14
14
12
13
13
13
14
14
13
15
11
12
14
13
15
14
13
13
12
14
12
14
12
12
15
13
12
13
14
13
13
14
12
15
14
13
13
13
13
13
14
14
12
12
15
13
15
14
14
13
15
14
12
13
13
14
17
3000/6263
15
15
15
14
15
14
13
14
13
9
13
13
15
15
14
14
12
13
14
13
13
14
13
15
13
14
13
15
14
14
13
12
14
14
13
14
13
3
13
15
15
12
16
15
14
13
13
14
12
13
14
14
15
13
13
11
13
11
15
13
13
13
12
13
13
12
13
12
14
13
12
14
12
14
13
13
14
14
13
12
12
7
12
15
13
14
14
13
12
12
14
14
14
14
13
13
14
15
15
13
13
13
14
14
13
13
14
14
14
12
14
15
14
14
13
13
14
16
13
12
13
12
14
15
12
11
13
9
12
15
14
14
13
14
12
12
13
14
14
13
14
12
13
13
14
13
13
14
13
14
12
11
14
13
13
14
11
13
12
14
13
12
12
12
14
13
15
14
13
13
13
13
13
11
13
14
13
13
15
12
15
13
15
13
13
12
15
15
15
14
12
13
11
14
9
14
13
14
11
15
15
15
13
15
12
15
16
15
15
12
14
13
13
13
13
14
12
13
11
13
13
11
13
14
14
14
14
14
15
15
13
14
13
15
13
14
13
13
16
12
13
11
14
7
15
13
13
13
14
14
15
14
13
14
13
12
12
15
12
14
12
12
14
12
15
13
13
15
14
13
14
13
14
14
15
13
11
12
13
15
13
15
15
13
12
14
13
15
13
14
14
13
12
14
13
14
13
13
13
14
13
13
13
15
13
13
14
15
12
7
13
12
13
13
15
13
13
12
14
15
14
9
12
11
14
14
14
13
14
15
14
15
13
14
14
14
14
15
7
14
15
13
13
14
14
13
13
14
15
14
13
8
13
13
13
14
13
14
12
14
13
13
14
13
14
12
14
13
13
15
14
13
12
13
15
12
14
6
12
15
14
13
11
13
13
12
14
14
11
12
15
15
12
13
12
11
15
13
13
14
14
13
14
13
13
4000/6263
15
14
11
15
13
13
14
13
12
12
14
14
13
12
15
14
13
12
14
13
11
13
14
13
11
13
13
13
11
12
13
14
14
13
12
14
12
12
13
12
15
15
14
15
13
14
13
13
15
13
15
14
13
12
14
14
15
12
13
14
14
10
15
15
15
15
13
12
13
13
14
15
11
13
13
13
14
13
13
13
13
13
13
14
14
15
15
13
13
13
15
15
12
14
14
15
13
13
13
13
13
13
13
15
14
14
14
14
13
14
14
12
13
14
14
15
13
14
13
15
12
12
13
13
15
14
13
12
15
9
11
14
15
14
15
13
13
12
13
14
13
13
12
15
13
12
13
15
12
12
13
15
11
12
12
13
12
12
14
15
14
14
12
13
15
12
15
14
11
15
14
10
13
15
14
14
14
14
13
14
13
13
13
12
8
13
15
15
14
12
12
14
14
13
13
15
14
13
14
14
13
13
14
13
13
13
13
14
12
13
13
16
12
14
13
13
14
15
15
12
15
13
13
14
12
15
7
13
12
14
14
13
12
14
13
13
15
13
14
14
15
13
13
13
14
14
14
14
13
12
13
13
12
12
13
14
12
13
13
13
13
12
12
15
14
13
13
14
13
14
15
14
14
15
15
15
13
14
12
15
12
12
12
14
13
15
13
13
13
12
14
13
12
13
13
11
12
12
14
12
14
16
12
12
13
14
14
14
10
12
12
14
13
15
5
14
13
13
13
13
12
13
15
13
14
14
10
13
12
15
13
15
15
15
15
15
14
13
13
13
13
13
14
8
15
13
14
13
13
13
12
12
14
15
13
13
12
15
13
14
13
14
12
16
13
13
14
13
15
15
5000/6263
16
13
14
12
13
14
13
12
14
12
14
14
13
12
15
10
12
13
14
15
14
15
14
13
13
13
10
13
14
13
15
13
15
14
15
13
13
12
12
14
13
14
14
13
15
13
13
14
15
13
13
14
6
12
14
13
14
14
12
15
12
17
15
13
15
14
14
15
14
15
13
13
13
13
16
15
11
14
12
15
13
12
12
11
15
14
13
14
13
15
14
15
12
13
14
14
13
10
13
13
13
13
12
13
14
13
13
1
15
13
14
13
15
15
15
12
13
13
13
12
13
4
13
15
14
14
12
12
14
13
13
13
14
13
13
12
14
15
12
14
14
14
14
12
13
8
14
14
15
13
14
13
13
13
13
11
13
13
13
13
14
14
12
14
15
14
13
13
12
6
13
15
4
12
15
14
15
13
15
1
14
14
14
12
12
13
13
15
13
12
15
14
14
11
10
14
13
14
14
15
15
13
13
12
13
15
2
12
5
13
14
12
12
13
15
14
13
14
12
15
11
13
15
14
12
12
15
11
12
13
12
14
13
13
11
13
15
14
13
13
10
14
12
11
13
14
15
14
12
8
11
13
14
14
14
11
14
11
6
11
14
6
14
12
15
15
13
15
7
12
14
13
14
13
15
14
14
12
13
11
13
13
13
13
13
14
13
13
15
11
14
14
14
12
14
12
14
13
13
14
15
14
14
14
14
13
13
12
9
14
13
12
13
11
10
16
15
14
13
16
13
13
14
15
13
12
13
13
13
14
14
14
14
14
13
15
13
14
15
12
15
11
13
13
14
14
15
15
12
14
13
13
12
14
12
14
13
15
13
12
12
13
14
15
13
16
16
13
13
14
14
14
14
12
13
13
14
13
14
14
13
14
13
13
14
12
13
12
11
12
13
13
14
13
13
11
9
12
15
14
14
6000/6263
14
7
14
15
15
14
13
13
13
14
14
12
15
14
16
12
14
14
13
13
14
12
14
13
13
14
15
13
13
14
15
2
14
15
14
14
12
13
12
14
13
12
13
13
13
14
14
13
13
13
13
14
14
13
14
13
15
14
2
13
14
14
13
13
15
14
14
14
12
15
13
14
13
13
13
14
13
13
14
13
13
13
13
14
13
14
15
14
12
13
13
14
12
15
13
12
14
14
6262/6263
6263 real events

Selection Statistics 
 #Cut SelName    EvBef  EvAfter ( wrtPrev)  (wrtStart)     MdBef  MdAfter ( wrtPrev)  (wrtStart)     ClBef  ClAfter ( wrtPrev)  (wrtStart)     PdBef  PdAfter ( wrtPrev)  (wrtStart) 
    0  Stage1     6263     6263 (    0.00)  (    0.00)      6263     6263 (    0.00)  (    0.00)    212856   212856 (    0.00)  (    0.00)    781879   781879 (    0.00)  (    0.00) 
    1 Stage11     6263     6174 (   -1.42)  (   -1.42)      6263     6174 (   -1.42)  (   -1.42)    212856   205502 (   -3.45)  (   -3.45)    781879   746943 (   -4.47)  (   -4.47) 
    2Stage120     6174     6053 (   -1.96)  (   -3.35)      6174     6053 (   -1.96)  (   -3.35)    205502   201585 (   -1.91)  (   -5.30)    746943   735264 (   -1.56)  (   -5.96) 
    3StageT15     6053     5290 (  -12.61)  (  -15.54)      6053     5290 (  -12.61)  (  -15.54)    201585   177173 (  -12.11)  (  -16.76)    735264   629828 (  -14.34)  (  -19.45) 
    4 Stage10     5290     5290 (    0.00)  (  -15.54)      5290     5290 (    0.00)  (  -15.54)    177173   175604 (   -0.89)  (  -17.50)    629828   620054 (   -1.55)  (  -20.70) 
    5 Stage14     5290     5290 (    0.00)  (  -15.54)      5290     5290 (    0.00)  (  -15.54)    175604   173774 (   -1.04)  (  -18.36)    620054   611757 (   -1.34)  (  -21.76) 
    6  Stage5     5290     2462 (  -53.46)  (  -60.69)      5290     2462 (  -53.46)  (  -60.69)    173774    83708 (  -51.83)  (  -60.67)    611757   291603 (  -52.33)  (  -62.70) 
  Summary Sel     6263     2462             (  -60.69)      6263     2462             (  -60.69)    212856    83708             (  -60.67)    781879   291603             (  -62.70) 
Fitting: Started... done!
Checks: OUT_Tristan/DESY21_yscan/DESY21_y0/2_DESY21_y0_Checks_zcalc_G2_WF4.root
dEdx: OUT_Tristan/DESY21_yscan/DESY21_y0/3_DESY21_y0_dEdx_zcalc_G2_WF4.root
