Tag           : DESY21_z060_PT412
Comment       : _trash_LUTttree
FileName      : ../Data_DESY21_dev_v9/zscan_PT412/z_360_275_412_02T_26_060_iter9.root
SelectionSet  : T_DESY21_Event
NbrOfMod      : 0
Data_to_Use   : 0
OUTDirName    : OUT_PID/DESY21_zscan/DESY21_zscan_PT412/DESY21_z060_PT412/

ERAM#01: Gain hole in (iX,iY) = (10,16) | value reset at 1889.24
ERAM#01:   RC hole in (iX,iY) = (10,16) | value reset at 129.29
Average gain in   01 = 1947.72
Average gain in HATPCs: 1947.00

-------------->Predefined selection T_DESY21_Event
Number of entries :11841
TLow = 69 | THigh = 121

-------------->List of selections
Apply selection  1 -> Remove clusters in first and last columns 

Apply selection 11 -> Remove clusters out of time (Event Based) 
                      |TLeading -TLeadingMeanOverEvent| <= m_Cut_Stage11_EventBased (=     3)

Apply selection 120 -> Remove clusters out of time  
                      m_Cut_Stage120_TLow <= TLeading <= m_Cut_Stage120_THigh 
                      m_Cut_Stage120_TLow  =   69
                      m_Cut_Stage120_THigh =  121

Apply selection 15 -> Remove Events with an average pad multiplicity too high or too low 
                      Pad Multiplicity >  m_Cut_StageT15_APM_Low  (=  2.0)
                      Pad Multiplicity <= m_Cut_StageT15_APM_High (=  4.0)

Apply selection 10 -> Remove clusters with too many pads 
                      Npads <= m_Cut_Stage10_Npads_Hig (=   5)

Apply selection 14 -> Remove Clusters with a too high APad 
                      APad >= m_Cut_Stage14_Amax_Low (=     0)
                      APad <= m_Cut_Stage14_Amax_Hig (=  3700)

Apply selection  5 -> Reject Events with too few clusters
                      NClusters >= m_Cut_Stage5_NCluster_Low (=   34)


zdrift        = 150 mm
PT            = 412 ns
TB            = 50 ns/time bin
PT/TB         = 8 time bins
z method      : zcalc
cut length    = 2 mm

Processing events:
0/11841
1000/11841
2000/11841
3000/11841
4000/11841
5000/11841
6000/11841
7000/11841
8000/11841
9000/11841
10000/11841
11000/11841
11840/11841

Selection Statistics 
 #Cut SelName    EvBef  EvAfter ( wrtPrev)  (wrtStart)     MdBef  MdAfter ( wrtPrev)  (wrtStart)     ClBef  ClAfter ( wrtPrev)  (wrtStart)     PdBef  PdAfter ( wrtPrev)  (wrtStart) 
    0  Stage1    11841    11841 (    0.00)  (    0.00)     11841    11841 (    0.00)  (    0.00)    402453   402453 (    0.00)  (    0.00)   1474720  1474720 (    0.00)  (    0.00) 
    1 Stage11    11841    11718 (   -1.04)  (   -1.04)     11841    11718 (   -1.04)  (   -1.04)    402453   391331 (   -2.76)  (   -2.76)   1474720  1421151 (   -3.63)  (   -3.63) 
    2Stage120    11718    11544 (   -1.48)  (   -2.51)     11718    11544 (   -1.48)  (   -2.51)    391331   385605 (   -1.46)  (   -4.19)   1421151  1404789 (   -1.15)  (   -4.74) 
    3StageT15    11544    10595 (   -8.22)  (  -10.52)     11544    10595 (   -8.22)  (  -10.52)    385605   355479 (   -7.81)  (  -11.67)   1404789  1276600 (   -9.13)  (  -13.43) 
    4 Stage10    10595    10595 (    0.00)  (  -10.52)     10595    10595 (    0.00)  (  -10.52)    355479   352015 (   -0.97)  (  -12.53)   1276600  1255070 (   -1.69)  (  -14.89) 
    5 Stage14    10595    10595 (    0.00)  (  -10.52)     10595    10595 (    0.00)  (  -10.52)    352015   348811 (   -0.91)  (  -13.33)   1255070  1240202 (   -1.18)  (  -15.90) 
    6  Stage5    10595     5289 (  -50.08)  (  -55.33)     10595     5289 (  -50.08)  (  -55.33)    348811   179826 (  -48.45)  (  -55.32)   1240202   633515 (  -48.92)  (  -57.04) 
  Summary Sel    11841     5289             (  -55.33)     11841     5289             (  -55.33)    402453   179826             (  -55.32)   1474720   633515             (  -57.04) 
Fitting: Started... done!
Checks: OUT_PID/DESY21_zscan/DESY21_zscan_PT412/DESY21_z060_PT412/2_DESY21_z060_PT412_Checks_trash_LUTttree.root
dEdx: OUT_PID/DESY21_zscan/DESY21_zscan_PT412/DESY21_z060_PT412/3_DESY21_z060_PT412_dEdx_trash_LUTttree.root
