Control_XP_normsel_cut2mm_zcalc_PRF_4IP_311ang2
Tag           : DESY19_phi10
EventFile     : ../Data_DESY19/Phi_scan/phi_412_10_iter0.root
SelectionSet  : T_DESY21_Event
iMod    : 0
Data_to_Use   : 0
OUTDirName    : OUT_Tristan/DESY19_phi/DESY19_phi/DESY19_phi10/


-------------->Predefined selection T_DESY21_Event
module 0 TLeading max = 127
module 1 TLeading max = 0
module 2 TLeading max = 0
module 3 TLeading max = 0
module 4 TLeading max = 0
module 5 TLeading max = 0
module 6 TLeading max = 0
module 7 TLeading max = 0
yinit = 54348.000000
-54285.000000 < 21.739201
Module whose bin is the most filled: 0

115 138

-------------->List of selections
Apply selection  1 -> Remove clusters in first and last columns 

Apply selection 11 -> Remove clusters out of time (Event Based) 
                      |TLeading -TLeadingMeanOverEvent| <= m_Cut_Stage11_EventBased (=     3)

Apply selection 120 -> Remove clusters out of time  
                      m_Cut_Stage120_TLow <= TLeading <= m_Cut_Stage120_THigh 
                      m_Cut_Stage120_TLow  =  115
                      m_Cut_Stage120_THigh =  138

Apply selection 15 -> Remove Events with an average pad multiplicity too high or too low 
                      Pad Multiplicity >  m_Cut_StageT15_APM_Low  (=  2.0)
                      Pad Multiplicity <= m_Cut_StageT15_APM_High (=  4.0)

Apply selection 10 -> Remove clusters with too many pads 
                      Npads <= m_Cut_Stage10_Npads_Hig (=   5)

Apply selection 14 -> Remove Clusters with a too high APad 
                      APad >= m_Cut_Stage14_Amax_Low (=     0)
                      APad <= m_Cut_Stage14_Amax_Hig (=  3700)

Apply selection  5 -> Reject Events with too few clusters
                      NClusters >= m_Cut_Stage5_NCluster_Low (=   34)


Processing events:
0/8312
500/8312
1000/8312
1500/8312
2000/8312
2500/8312
3000/8312
3500/8312
4000/8312
4500/8312
5000/8312
5500/8312
6000/8312
6500/8312
7000/8312
7500/8312
8000/8312
8311/8312
Nber Of Entries :8312

Selection Statistics 
 #Cut SelName    EvBef  EvAfter ( wrtPrev)  (wrtStart)     MdBef  MdAfter ( wrtPrev)  (wrtStart)     ClBef  ClAfter ( wrtPrev)  (wrtStart)     PdBef  PdAfter ( wrtPrev)  (wrtStart) 
    0  Stage1     8312     8312 (    0.00)  (    0.00)      8312     8312 (    0.00)  (    0.00)    282503   282503 (    0.00)  (    0.00)   1078964  1078964 (    0.00)  (    0.00) 
    1 Stage11     8312     8297 (   -0.18)  (   -0.18)      8312     8297 (   -0.18)  (   -0.18)    282503   273790 (   -3.08)  (   -3.08)   1078964  1033287 (   -4.23)  (   -4.23) 
    2Stage120     8297     8249 (   -0.58)  (   -0.76)      8297     8249 (   -0.58)  (   -0.76)    273790   272167 (   -0.59)  (   -3.66)   1033287  1027467 (   -0.56)  (   -4.77) 
    3StageT15     8249     7167 (  -13.12)  (  -13.78)      8249     7167 (  -13.12)  (  -13.78)    272167   238120 (  -12.51)  (  -15.71)   1027467   883209 (  -14.04)  (  -18.14) 
    4 Stage10     7167     7167 (    0.00)  (  -13.78)      7167     7167 (    0.00)  (  -13.78)    238120   235710 (   -1.01)  (  -16.56)    883209   868136 (   -1.71)  (  -19.54) 
    5 Stage14     7167     7167 (    0.00)  (  -13.78)      7167     7167 (    0.00)  (  -13.78)    235710   234261 (   -0.61)  (  -17.08)    868136   861218 (   -0.80)  (  -20.18) 
    6  Stage5     7167     3284 (  -54.18)  (  -60.49)      7167     3284 (  -54.18)  (  -60.49)    234261   111656 (  -52.34)  (  -60.48)    861218   406986 (  -52.74)  (  -62.28) 
  Summary Sel     8312     3284             (  -60.49)      8312     3284             (  -60.49)    282503   111656             (  -60.48)   1078964   406986             (  -62.28) 
