Tag           : DESY21_phi45_diag_zm40
Comment       : _zcalc_G2_WF2
FileName      : ../Data_DESY21_dev_v9/Phi_scan_zm40/phi_200_45_zm40_ym60_diag_iter9.root
SelectionSet  : T_DESY21_Event
NbrOfMod      : 0
Data_to_Use   : 0
OUTDirName    : OUT_PID/DESY21_phi/DESY21_phi_zm40/DESY21_phi45_diag_zm40/

ERAM#01: Gain hole in (iX,iY) = (10,16) | value reset at 1889.24
ERAM#01:   RC hole in (iX,iY) = (10,16) | value reset at 129.29
Number of pads in 01 = 1152.00
Average gain in   01 = 1947.72

Average gain in bottom HATPC: 1947.00

-------------->Predefined selection T_DESY21_Event
Number of entries :9326
TLow = 35 | THigh = 64

-------------->List of selections
Apply selection  1 -> Remove clusters in first and last columns 

Apply selection 11 -> Remove clusters out of time (Event Based) 
                      |TLeading -TLeadingMeanOverEvent| <= m_Cut_Stage11_EventBased (=     3)

Apply selection 120 -> Remove clusters out of time  
                      m_Cut_Stage120_TLow <= TLeading <= m_Cut_Stage120_THigh 
                      m_Cut_Stage120_TLow  =   35
                      m_Cut_Stage120_THigh =   64

Apply selection 15 -> Remove Events with an average pad multiplicity too high or too low 
                      Pad Multiplicity >  m_Cut_StageT15_APM_Low  (=  1.0)
                      Pad Multiplicity <= m_Cut_StageT15_APM_High (=  3.5)

Apply selection 10 -> Remove clusters with too many pads 
                      Npads <= m_Cut_Stage10_Npads_Hig (=   5)

Apply selection 14 -> Remove Clusters with a too high APad 
                      APad >= m_Cut_Stage14_Amax_Low (=     0)
                      APad <= m_Cut_Stage14_Amax_Hig (=  3700)

Apply selection  5 -> Reject Events with too few clusters
                      NClusters >= m_Cut_Stage5_NCluster_Low (=   50)


zdrift        = 50 mm
PT            = 200 ns
TB            = 40 ns/time bin
PT/TB         = 5 time bins
z method      : zcalc
cut length    = 2 mm

correction function: ../Data_DESY21_dev_v9/Phi_scan_zm40/phi_200_40_zm40_ym60_diag_iter9_WFmax_correction_v9i9.root
WF correction parameters: 407.23 | -58.10 | 19.88 | -1.30 | 0.03
Processing events:
0/9326
ALERT: 1 walls crossed for a pad in entry #855
23.69 24.82 16.30 17.32
24.82 23.84 17.48 16.30
42.14 -1.04 -0.00
ALERT: 1 walls crossed for a pad in entry #855
23.69 24.82 15.28 16.30
25.79 24.82 17.48 16.30
42.14 -1.04 -0.00
ALERT: 1 walls crossed for a pad in entry #855
24.82 25.94 16.30 17.32
24.82 23.84 16.30 15.13
42.14 -1.04 -0.00
ALERT: 3 walls crossed for a pad in entry #855
24.82 25.94 15.28 16.30
25.79 24.82 16.30 15.13
42.14 -1.04 -0.00
1000/9326
ALERT: 1 walls crossed for a pad in entry #1231
14.66 15.79 25.48 26.49
15.84 14.72 26.63 25.45
41.97 -1.05 -0.00
ALERT: 1 walls crossed for a pad in entry #1231
14.66 15.79 24.46 25.48
16.77 15.84 26.63 25.45
41.97 -1.05 -0.00
ALERT: 3 walls crossed for a pad in entry #1231
15.79 16.92 24.46 25.48
16.77 15.84 25.45 24.27
41.97 -1.05 -0.00
2000/9326
3000/9326
ALERT: 1 walls crossed for a pad in entry #3224
24.82 25.94 16.30 17.32
25.94 24.95 17.47 16.30
43.04 -1.03 0.00
ALERT: 3 walls crossed for a pad in entry #3224
25.94 27.07 15.28 16.30
26.93 25.94 16.30 15.14
43.04 -1.03 0.00
ALERT: 3 walls crossed for a pad in entry #3238
24.82 25.94 16.30 17.32
25.94 24.95 17.47 16.30
42.78 -1.01 -0.00
ALERT: 1 walls crossed for a pad in entry #3238
24.82 25.94 15.28 16.30
26.93 25.94 17.47 16.30
42.78 -1.01 -0.00
ALERT: 1 walls crossed for a pad in entry #3313
29.33 30.46 10.19 11.21
30.49 29.49 11.35 10.19
41.46 -1.03 -0.00
ALERT: 1 walls crossed for a pad in entry #3313
29.33 30.46 9.17 10.19
31.49 30.49 11.35 10.19
41.46 -1.03 -0.00
ALERT: 1 walls crossed for a pad in entry #3313
30.46 31.58 10.19 11.21
30.49 29.49 10.19 9.03
41.46 -1.03 -0.00
ALERT: 3 walls crossed for a pad in entry #3313
30.46 31.58 9.17 10.19
31.49 30.49 10.19 9.03
41.46 -1.03 -0.00
ALERT: 3 walls crossed for a pad in entry #3377
21.43 22.56 20.38 21.40
22.56 21.57 21.54 20.38
43.60 -1.03 0.00
ALERT: 1 walls crossed for a pad in entry #3377
21.43 22.56 19.36 20.38
23.55 22.56 21.54 20.38
43.60 -1.03 0.00
ALERT: 1 walls crossed for a pad in entry #3377
22.56 23.69 20.38 21.40
22.56 21.57 20.38 19.22
43.60 -1.03 0.00
ALERT: 1 walls crossed for a pad in entry #3377
22.56 23.69 19.36 20.38
23.55 22.56 20.38 19.22
43.60 -1.03 0.00
ALERT: 1 walls crossed for a pad in entry #3932
10.15 11.28 29.55 30.57
11.28 10.28 30.70 29.55
41.07 -1.02 -0.00
ALERT: 1 walls crossed for a pad in entry #3932
11.28 12.41 29.55 30.57
11.28 10.28 29.55 28.40
41.07 -1.02 -0.00
ALERT: 1 walls crossed for a pad in entry #3932
10.15 11.28 28.53 29.55
12.28 11.28 30.70 29.55
41.07 -1.02 -0.00
ALERT: 3 walls crossed for a pad in entry #3932
11.28 12.41 28.53 29.55
12.28 11.28 29.55 28.40
41.07 -1.02 -0.00
4000/9326
ALERT: 3 walls crossed for a pad in entry #4467
25.94 27.07 15.28 16.30
27.07 26.08 16.44 15.29
42.66 -1.00 -0.00
ALERT: 1 walls crossed for a pad in entry #4467
25.94 27.07 14.27 15.28
28.07 27.07 16.44 15.29
42.66 -1.00 -0.00
ALERT: 1 walls crossed for a pad in entry #4467
27.07 28.20 15.28 16.30
27.07 26.08 15.29 14.13
42.66 -1.00 -0.00
ALERT: 1 walls crossed for a pad in entry #4467
27.07 28.20 14.27 15.28
28.07 27.07 15.29 14.13
42.66 -1.00 -0.00
ALERT: 3 walls crossed for a pad in entry #4635
30.46 31.58 11.21 12.23
31.58 30.59 12.37 11.21
43.59 -1.03 0.00
ALERT: 1 walls crossed for a pad in entry #4635
30.46 31.58 10.19 11.21
32.58 31.58 12.37 11.21
43.59 -1.03 0.00
ALERT: 1 walls crossed for a pad in entry #4635
31.58 32.71 11.21 12.23
31.58 30.59 11.21 10.05
43.59 -1.03 0.00
ALERT: 1 walls crossed for a pad in entry #4635
31.58 32.71 10.19 11.21
32.58 31.58 11.21 10.05
43.59 -1.03 0.00
5000/9326
6000/9326
ALERT: 1 walls crossed for a pad in entry #6007
9.02 10.15 30.57 31.59
10.15 9.16 31.73 30.57
41.02 -1.03 0.00
ALERT: 3 walls crossed for a pad in entry #6007
10.15 11.28 29.55 30.57
11.14 10.15 30.57 29.41
41.02 -1.03 0.00
ALERT: 1 walls crossed for a pad in entry #6687
14.66 15.79 25.48 26.49
15.92 14.43 26.48 25.33
41.52 -1.03 0.00
ALERT: 1 walls crossed for a pad in entry #6687
15.79 16.92 25.48 26.49
15.92 14.43 25.33 24.17
41.52 -1.03 0.00
ALERT: 1 walls crossed for a pad in entry #6687
14.66 15.79 24.46 25.48
16.67 15.92 26.48 25.33
41.52 -1.03 0.00
ALERT: 3 walls crossed for a pad in entry #6687
15.79 16.92 24.46 25.48
16.67 15.92 25.33 24.17
41.52 -1.03 0.00
ALERT: 1 walls crossed for a pad in entry #6687
23.69 24.82 16.30 17.32
24.87 23.38 17.23 16.08
41.52 -1.03 0.00
ALERT: 1 walls crossed for a pad in entry #6687
24.82 25.94 16.30 17.32
24.87 23.38 16.08 14.92
41.52 -1.03 0.00
ALERT: 1 walls crossed for a pad in entry #6687
23.69 24.82 15.28 16.30
25.62 24.87 17.23 16.08
41.52 -1.03 0.00
ALERT: 3 walls crossed for a pad in entry #6687
24.82 25.94 15.28 16.30
25.62 24.87 16.08 14.92
41.52 -1.03 0.00
ALERT: 1 walls crossed for a pad in entry #6687
30.46 31.58 9.17 10.19
31.58 30.84 10.30 9.14
41.52 -1.03 0.00
ALERT: 1 walls crossed for a pad in entry #6687
30.46 31.58 8.15 9.17
32.33 31.58 10.30 9.14
41.52 -1.03 0.00
ALERT: 1 walls crossed for a pad in entry #6687
31.58 32.71 9.17 10.19
31.58 30.84 9.14 7.98
41.52 -1.03 0.00
ALERT: 3 walls crossed for a pad in entry #6687
31.58 32.71 8.15 9.17
32.33 31.58 9.14 7.98
41.52 -1.03 0.00
ALERT: 3 walls crossed for a pad in entry #6687
37.22 38.35 2.04 3.06
38.30 37.55 3.36 2.20
41.52 -1.03 0.00
ALERT: 1 walls crossed for a pad in entry #6687
37.22 38.35 1.02 2.04
39.79 38.30 3.36 2.20
41.52 -1.03 0.00
ALERT: 1 walls crossed for a pad in entry #6687
38.35 39.48 2.04 3.06
38.30 37.55 2.20 1.04
41.52 -1.03 0.00
7000/9326
ALERT: 3 walls crossed for a pad in entry #7410
32.71 33.84 9.17 10.19
33.84 32.85 10.33 9.17
43.93 -1.02 -0.00
ALERT: 1 walls crossed for a pad in entry #7410
33.84 34.97 8.15 9.17
34.83 33.84 9.17 8.01
43.93 -1.02 -0.00
ALERT: 3 walls crossed for a pad in entry #7441
12.41 13.54 26.49 27.51
13.53 12.55 27.65 26.49
40.38 -1.03 0.00
ALERT: 1 walls crossed for a pad in entry #7441
12.41 13.54 25.48 26.49
14.53 13.53 27.65 26.49
40.38 -1.03 0.00
ALERT: 1 walls crossed for a pad in entry #7441
13.54 14.66 26.49 27.51
13.53 12.55 26.49 25.34
40.38 -1.03 0.00
ALERT: 1 walls crossed for a pad in entry #7441
13.54 14.66 25.48 26.49
14.53 13.53 26.49 25.34
40.38 -1.03 0.00
ALERT: 3 walls crossed for a pad in entry #7949
34.97 36.10 4.08 5.09
36.08 35.12 5.25 4.08
41.56 -1.04 -0.00
ALERT: 1 walls crossed for a pad in entry #7949
34.97 36.10 3.06 4.08
37.10 36.08 5.25 4.08
41.56 -1.04 -0.00
ALERT: 1 walls crossed for a pad in entry #7949
36.10 37.22 4.08 5.09
36.08 35.12 4.08 2.91
41.56 -1.04 -0.00
ALERT: 1 walls crossed for a pad in entry #7949
36.10 37.22 3.06 4.08
37.10 36.08 4.08 2.91
41.56 -1.04 -0.00
8000/9326
ALERT: 1 walls crossed for a pad in entry #8106
30.46 31.58 8.15 9.17
31.59 30.60 9.32 8.15
40.80 -1.03 0.00
ALERT: 1 walls crossed for a pad in entry #8106
30.46 31.58 7.13 8.15
32.57 31.59 9.32 8.15
40.80 -1.03 0.00
ALERT: 1 walls crossed for a pad in entry #8106
31.58 32.71 8.15 9.17
31.59 30.60 8.15 6.99
40.80 -1.03 0.00
ALERT: 3 walls crossed for a pad in entry #8106
31.58 32.71 7.13 8.15
32.57 31.59 8.15 6.99
40.80 -1.03 0.00
ALERT: 1 walls crossed for a pad in entry #8247
9.02 10.15 30.57 31.59
10.17 10.17 32.05 30.89
41.36 -1.03 0.00
ALERT: 3 walls crossed for a pad in entry #8247
10.15 11.28 30.57 31.59
10.17 10.17 30.89 29.73
41.36 -1.03 0.00
ALERT: 3 walls crossed for a pad in entry #8247
11.28 12.41 28.53 29.55
11.75 11.75 29.73 28.56
41.36 -1.03 0.00
ALERT: 1 walls crossed for a pad in entry #8247
12.41 13.54 27.51 28.53
13.34 11.75 28.56 27.40
41.36 -1.03 0.00
ALERT: 1 walls crossed for a pad in entry #8247
13.54 14.66 26.49 27.51
14.92 13.34 27.40 26.24
41.36 -1.03 0.00
ALERT: 1 walls crossed for a pad in entry #8247
14.66 15.79 26.49 27.51
14.92 13.34 26.24 25.07
41.36 -1.03 0.00
ALERT: 1 walls crossed for a pad in entry #8247
13.54 14.66 25.48 26.49
14.92 14.92 27.40 26.24
41.36 -1.03 0.00
ALERT: 3 walls crossed for a pad in entry #8247
14.66 15.79 25.48 26.49
14.92 14.92 26.24 25.07
41.36 -1.03 0.00
ALERT: 1 walls crossed for a pad in entry #8247
16.92 18.05 23.44 24.46
18.09 16.50 23.91 22.75
41.36 -1.03 0.00
ALERT: 1 walls crossed for a pad in entry #8247
18.05 19.18 23.44 24.46
18.09 16.50 22.75 21.58
41.36 -1.03 0.00
ALERT: 1 walls crossed for a pad in entry #8247
16.92 18.05 22.42 23.44
18.09 18.09 23.91 22.75
41.36 -1.03 0.00
ALERT: 3 walls crossed for a pad in entry #8247
18.05 19.18 22.42 23.44
18.09 18.09 22.75 21.58
41.36 -1.03 0.00
ALERT: 3 walls crossed for a pad in entry #8247
19.18 20.30 20.38 21.40
19.67 19.67 21.58 20.42
41.36 -1.03 0.00
ALERT: 1 walls crossed for a pad in entry #8247
21.43 22.56 18.34 19.36
22.84 21.25 19.26 18.10
41.36 -1.03 0.00
ALERT: 1 walls crossed for a pad in entry #8247
22.56 23.69 18.34 19.36
22.84 21.25 18.10 16.93
41.36 -1.03 0.00
ALERT: 1 walls crossed for a pad in entry #8247
21.43 22.56 17.32 18.34
22.84 22.84 19.26 18.10
41.36 -1.03 0.00
ALERT: 3 walls crossed for a pad in entry #8247
22.56 23.69 17.32 18.34
22.84 22.84 18.10 16.93
41.36 -1.03 0.00
ALERT: 1 walls crossed for a pad in entry #8247
24.82 25.94 15.28 16.30
26.01 24.42 15.77 14.61
41.36 -1.03 0.00
ALERT: 1 walls crossed for a pad in entry #8247
24.82 25.94 14.27 15.28
26.01 26.01 15.77 14.61
41.36 -1.03 0.00
ALERT: 3 walls crossed for a pad in entry #8247
25.94 27.07 14.27 15.28
26.01 26.01 14.61 13.44
41.36 -1.03 0.00
ALERT: 1 walls crossed for a pad in entry #8247
27.07 28.20 11.21 12.23
29.17 27.59 13.44 12.28
41.36 -1.03 0.00
ALERT: 1 walls crossed for a pad in entry #8247
28.20 29.33 12.23 13.25
27.59 27.59 12.28 11.12
41.36 -1.03 0.00
ALERT: 1 walls crossed for a pad in entry #8247
28.20 29.33 11.21 12.23
29.17 27.59 12.28 11.12
41.36 -1.03 0.00
ALERT: 1 walls crossed for a pad in entry #8247
29.33 30.46 10.19 11.21
30.76 29.17 11.12 9.95
41.36 -1.03 0.00
ALERT: 1 walls crossed for a pad in entry #8247
30.46 31.58 10.19 11.21
30.76 29.17 9.95 8.79
41.36 -1.03 0.00
ALERT: 1 walls crossed for a pad in entry #8247
29.33 30.46 9.17 10.19
30.76 30.76 11.12 9.95
41.36 -1.03 0.00
ALERT: 3 walls crossed for a pad in entry #8247
30.46 31.58 9.17 10.19
30.76 30.76 9.95 8.79
41.36 -1.03 0.00
ALERT: 1 walls crossed for a pad in entry #8247
32.71 33.84 7.13 8.15
33.92 32.34 7.63 6.47
41.36 -1.03 0.00
ALERT: 1 walls crossed for a pad in entry #8247
32.71 33.84 6.11 7.13
33.92 33.92 7.63 6.47
41.36 -1.03 0.00
ALERT: 3 walls crossed for a pad in entry #8247
33.84 34.97 6.11 7.13
33.92 33.92 6.47 5.30
41.36 -1.03 0.00
ALERT: 3 walls crossed for a pad in entry #8247
34.97 36.10 4.08 5.09
35.51 35.51 5.30 4.14
41.36 -1.03 0.00
ALERT: 1 walls crossed for a pad in entry #8247
34.97 36.10 3.06 4.08
37.09 35.51 5.30 4.14
41.36 -1.03 0.00
ALERT: 1 walls crossed for a pad in entry #8247
36.10 37.22 4.08 5.09
35.51 35.51 4.14 2.98
41.36 -1.03 0.00
ALERT: 1 walls crossed for a pad in entry #8247
36.10 37.22 3.06 4.08
37.09 35.51 4.14 2.98
41.36 -1.03 0.00
ALERT: 1 walls crossed for a pad in entry #8247
37.22 38.35 2.04 3.06
38.68 37.09 2.98 1.81
41.36 -1.03 0.00
ALERT: 1 walls crossed for a pad in entry #8247
38.35 39.48 2.04 3.06
38.68 37.09 1.81 0.65
41.36 -1.03 0.00
ALERT: 1 walls crossed for a pad in entry #8247
37.22 38.35 1.02 2.04
38.68 38.68 2.98 1.81
41.36 -1.03 0.00
9000/9326
9325/9326

Selection Statistics 
 #Cut SelName    EvBef  EvAfter ( wrtPrev)  (wrtStart)     MdBef  MdAfter ( wrtPrev)  (wrtStart)     ClBef  ClAfter ( wrtPrev)  (wrtStart)     PdBef  PdAfter ( wrtPrev)  (wrtStart) 
    0  Stage1     9326     9326 (    0.00)  (    0.00)      9326     9326 (    0.00)  (    0.00)    504456   504456 (    0.00)  (    0.00)   1007162  1007162 (    0.00)  (    0.00) 
    1 Stage11     9326     9200 (   -1.35)  (   -1.35)      9326     9200 (   -1.35)  (   -1.35)    504456   477283 (   -5.39)  (   -5.39)   1007162   939164 (   -6.75)  (   -6.75) 
    2Stage120     9200     9069 (   -1.42)  (   -2.76)      9200     9069 (   -1.42)  (   -2.76)    477283   471914 (   -1.12)  (   -6.45)    939164   929621 (   -1.02)  (   -7.70) 
    3StageT15     9069     8983 (   -0.95)  (   -3.68)      9069     8983 (   -0.95)  (   -3.68)    471914   468207 (   -0.79)  (   -7.19)    929621   915470 (   -1.52)  (   -9.10) 
    4 Stage10     8983     8983 (    0.00)  (   -3.68)      8983     8983 (    0.00)  (   -3.68)    468207   468130 (   -0.02)  (   -7.20)    915470   914993 (   -0.05)  (   -9.15) 
    5 Stage14     8983     8979 (   -0.04)  (   -3.72)      8983     8979 (   -0.04)  (   -3.72)    468130   461216 (   -1.48)  (   -8.57)    914993   895018 (   -2.18)  (  -11.13) 
    6  Stage5     8979     7449 (  -17.04)  (  -20.13)      8979     7449 (  -17.04)  (  -20.13)    461216   395465 (  -14.26)  (  -21.61)    895018   762215 (  -14.84)  (  -24.32) 
  Summary Sel     9326     7449             (  -20.13)      9326     7449             (  -20.13)    504456   395465             (  -21.61)   1007162   762215             (  -24.32) 
Fitting: Started... done!
Checks: OUT_PID/DESY21_phi/DESY21_phi_zm40/DESY21_phi45_diag_zm40/2_DESY21_phi45_diag_zm40_Checks_zcalc_G2_WF2.root
dEdx: OUT_PID/DESY21_phi/DESY21_phi_zm40/DESY21_phi45_diag_zm40/3_DESY21_phi45_diag_zm40_dEdx_zcalc_G2_WF2.root
