Tag           : DESY21_zm40_PT200
Comment       : _zcalc_PRF_4IP_Gain2_WF4_v6i4
EventFile     : ../Data_DESY21/zscan_PT200/z_360_275_200_02T_26_m40_iter0.root
SelectionSet  : T_DESY21_Event
NbrOfMod      : 0
Data_to_Use   : 0
OUTDirName    : OUT_Tristan/DESY21_zscan/DESY21_zscan_PT200/DESY21_zm40_PT200/


ReadRCmap::ReadRCmap m_FileName = GainRCMaps/RCfiles/ERAM01_RCdata_01.root

ReadRCmap::ReadRCmap  No Data for iX=10 and  iY=16 in GainRCMaps/RCfiles/ERAM01_RCdata_01.root

ReadGainmap::ReadGainmap m_FileName = GainRCMaps/Gainfiles/ERAM01_Gaindata_01.root

ReadGainmap::ReadGainmap  No Data for iX=10 and  iY=16 in GainRCMaps/Gainfiles/ERAM01_Gaindata_01.root
Gain & RC maps: loaded
Average Gain in ERAM01 = 1947.77
Average Gain accross 4 modules = 1947.77

-------------->Predefined selection T_DESY21_Event
Number of entries :8941
TLow = 39 | THigh = 63

-------------->List of selections
Apply selection  1 -> Remove clusters in first and last columns 

Apply selection 11 -> Remove clusters out of time (Event Based) 
                      |TLeading -TLeadingMeanOverEvent| <= m_Cut_Stage11_EventBased (=     3)

Apply selection 120 -> Remove clusters out of time  
                      m_Cut_Stage120_TLow <= TLeading <= m_Cut_Stage120_THigh 
                      m_Cut_Stage120_TLow  =   39
                      m_Cut_Stage120_THigh =   63

Apply selection 15 -> Remove Events with an average pad multiplicity too high or too low 
                      Pad Multiplicity >  m_Cut_StageT15_APM_Low  (=  2.0)
                      Pad Multiplicity <= m_Cut_StageT15_APM_High (=  4.0)

Apply selection 10 -> Remove clusters with too many pads 
                      Npads <= m_Cut_Stage10_Npads_Hig (=   5)

Apply selection 14 -> Remove Clusters with a too high APad 
                      APad >= m_Cut_Stage14_Amax_Low (=     0)
                      APad <= m_Cut_Stage14_Amax_Hig (=  3700)

Apply selection  5 -> Reject Events with too few clusters
                      NClusters >= m_Cut_Stage5_NCluster_Low (=   34)


zdrift        = 50 mm
PT            = 200 ns
TB            = 50 ns/time bin
PT/TB         = 4 time bins
Track fitting : PRF
z method      : zcalc
cut length    = 2 mm

Processing events:
0/8941
500/8941
RC hole in entry   578 | iX = 10 | iY = 16 |  RC  value reset at 129
Gain hole in entry 578 | iX = 10 | iY = 16 | Gain value reset at 1889
