Tag           : DESY21_zm40_PT200
Comment       : _trash
FileName      : ../Data_DESY21_dev_v9/zscan_PT200/z_360_275_200_02T_26_m40_iter9.root
SelectionSet  : T_DESY21_Event
NbrOfMod      : 0
Data_to_Use   : 0
OUTDirName    : OUT_PID/DESY21_zscan/DESY21_zscan_PT200/DESY21_zm40_PT200/

ERAM#24: Gain hole in (iX,iY) = (33,28) | value reset at 1179.85
ERAM#24: Gain hole in (iX,iY) = (34,19) | value reset at 1148.41
ERAM#24:   RC hole in (iX,iY) = (33,28) | value reset at 112.77
ERAM#24:   RC hole in (iX,iY) = (34,19) | value reset at 115.90
ERAM#21: Gain hole in (iX,iY) = (25,28) | value reset at 1848.21
ERAM#21:   RC hole in (iX,iY) = (25,28) | value reset at 102.75
ERAM#09: Gain hole in (iX,iY) = (18,29) | value reset at 1434.90
ERAM#09: Gain hole in (iX,iY) = (19,29) | value reset at 1362.05
ERAM#09: Gain hole in (iX,iY) = (20,30) | value reset at 1436.12
ERAM#09: Gain hole in (iX,iY) = (21,30) | value reset at 1384.65
ERAM#09: Gain hole in (iX,iY) = (23,30) | value reset at 1458.56
ERAM#09: Gain hole in (iX,iY) = (24,30) | value reset at 1408.71
ERAM#09: Gain hole in (iX,iY) = (25,30) | value reset at 1368.79
ERAM#09: Gain hole in (iX,iY) = (26,30) | value reset at 1416.86
ERAM#09: Gain hole in (iX,iY) = (27,16) | value reset at 1539.40
ERAM#09:   RC hole in (iX,iY) = (18,29) | value reset at 133.00
ERAM#09:   RC hole in (iX,iY) = (19,29) | value reset at 133.49
ERAM#09:   RC hole in (iX,iY) = (20,30) | value reset at 135.77
ERAM#09:   RC hole in (iX,iY) = (21,30) | value reset at 135.66
ERAM#09:   RC hole in (iX,iY) = (23,30) | value reset at 135.52
ERAM#09:   RC hole in (iX,iY) = (24,30) | value reset at 135.25
ERAM#09:   RC hole in (iX,iY) = (25,30) | value reset at 136.56
ERAM#09:   RC hole in (iX,iY) = (26,30) | value reset at 139.30
ERAM#09:   RC hole in (iX,iY) = (27,16) | value reset at 124.48
ERAM#02: Gain hole in (iX,iY) = (29,21) | value reset at 1771.84
ERAM#02:   RC hole in (iX,iY) = (29,21) | value reset at 111.08
ERAM#01: Gain hole in (iX,iY) = (10,16) | value reset at 1889.24
ERAM#01:   RC hole in (iX,iY) = (10,16) | value reset at 129.29
ERAM#47: Gain hole in (iX,iY) = (34,5) | value reset at 1373.07
ERAM#47:   RC hole in (iX,iY) = (34,5) | value reset at 165.09
ERAM#14: Gain hole in (iX,iY) = (35,31) | value reset at 1114.79
ERAM#14:   RC hole in (iX,iY) = (35,31) | value reset at 102.94
ERAM#42: Gain hole in (iX,iY) = (5,23) | value reset at 1468.36
ERAM#42:   RC hole in (iX,iY) = (5,23) | value reset at 166.41
ERAM#45: Gain hole in (iX,iY) = (0,0) | value reset at 1601.87
ERAM#45: Gain hole in (iX,iY) = (1,0) | value reset at 1492.33
ERAM#45:   RC hole in (iX,iY) = (0,0) | value reset at 156.66
ERAM#45:   RC hole in (iX,iY) = (1,0) | value reset at 154.01
ERAM#37: Gain hole in (iX,iY) = (17,8) | value reset at 1767.60
ERAM#37:   RC hole in (iX,iY) = (17,8) | value reset at 114.92
ERAM#36: Gain hole in (iX,iY) = (27,24) | value reset at 1537.67
ERAM#36:   RC hole in (iX,iY) = (27,24) | value reset at 122.98
ERAM#07: Gain hole in (iX,iY) = (34,25) | value reset at 1836.84
ERAM#07:   RC hole in (iX,iY) = (34,25) | value reset at 113.26
ERAM#39: Gain hole in (iX,iY) = (32,27) | value reset at 1557.16
ERAM#39:   RC hole in (iX,iY) = (32,27) | value reset at 139.62
ERAM#41: Gain hole in (iX,iY) = (0,0) | value reset at 1349.24
ERAM#41: Gain hole in (iX,iY) = (1,27) | value reset at 1394.48
ERAM#41:   RC hole in (iX,iY) = (0,0) | value reset at 182.65
ERAM#41:   RC hole in (iX,iY) = (1,27) | value reset at 147.26
Number of pads in 24 = 1152.00
Average gain in   24 = 1224.04

Number of pads in 30 = 1152.00
Average gain in   30 = 1160.23

Number of pads in 28 = 1152.00
Average gain in   28 = 1157.88

Number of pads in 19 = 1152.00
Average gain in   19 = 1316.88

Number of pads in 21 = 1152.00
Average gain in   21 = 1906.77

Number of pads in 13 = 1152.00
Average gain in   13 = 1714.63

Number of pads in 09 = 1152.00
Average gain in   09 = 1495.95

Number of pads in 02 = 1152.00
Average gain in   02 = 1722.77

Number of pads in 29 = 1152.00
Average gain in   29 = 1318.82

Number of pads in 23 = 1152.00
Average gain in   23 = 1393.41

Number of pads in 17 = 1152.00
Average gain in   17 = 1078.74

Number of pads in 26 = 1152.00
Average gain in   26 = 1202.23

Number of pads in 03 = 1152.00
Average gain in   03 = 1984.39

Number of pads in 11 = 1152.00
Average gain in   11 = 1576.75

Number of pads in 10 = 1152.00
Average gain in   10 = 1700.44

Number of pads in 01 = 1152.00
Average gain in   01 = 1947.72

Number of pads in 47 = 1152.00
Average gain in   47 = 1464.93

Number of pads in 16 = 1152.00
Average gain in   16 = 1695.31

Number of pads in 14 = 1152.00
Average gain in   14 = 1243.70

Number of pads in 15 = 1152.00
Average gain in   15 = 1628.50

Number of pads in 42 = 1152.00
Average gain in   42 = 1439.87

Number of pads in 45 = 1152.00
Average gain in   45 = 1542.99

Number of pads in 37 = 1152.00
Average gain in   37 = 1680.69

Number of pads in 36 = 1152.00
Average gain in   36 = 1610.16

Number of pads in 20 = 1152.00
Average gain in   20 = 1315.40

Number of pads in 38 = 1152.00
Average gain in   38 = 1524.21

Number of pads in 07 = 1152.00
Average gain in   07 = 1902.66

Number of pads in 44 = 1152.00
Average gain in   44 = 1488.49

Number of pads in 43 = 1152.00
Average gain in   43 = 1376.37

Number of pads in 39 = 1152.00
Average gain in   39 = 1648.62

Number of pads in 41 = 1152.00
Average gain in   41 = 1392.64

Number of pads in 46 = 1152.00
Average gain in   46 = 1522.57

Average gain in bottom HATPC: 1511.00

-------------->Predefined selection T_DESY21_Event
Number of entries :8941
TLow = 39 | THigh = 63

-------------->List of selections
Apply selection  1 -> Remove clusters in first and last columns 

Apply selection 11 -> Remove clusters out of time (Event Based) 
                      |TLeading -TLeadingMeanOverEvent| <= m_Cut_Stage11_EventBased (=     3)

Apply selection 120 -> Remove clusters out of time  
                      m_Cut_Stage120_TLow <= TLeading <= m_Cut_Stage120_THigh 
                      m_Cut_Stage120_TLow  =   39
                      m_Cut_Stage120_THigh =   63

Apply selection 15 -> Remove Events with an average pad multiplicity too high or too low 
                      Pad Multiplicity >  m_Cut_StageT15_APM_Low  (=  2.0)
                      Pad Multiplicity <= m_Cut_StageT15_APM_High (=  4.0)

Apply selection 10 -> Remove clusters with too many pads 
                      Npads <= m_Cut_Stage10_Npads_Hig (=   5)

Apply selection 14 -> Remove Clusters with a too high APad 
                      APad >= m_Cut_Stage14_Amax_Low (=     0)
                      APad <= m_Cut_Stage14_Amax_Hig (=  3700)

Apply selection  5 -> Reject Events with too few clusters
                      NClusters >= m_Cut_Stage5_NCluster_Low (=   34)


zdrift        = 50 mm
PT            = 200 ns
TB            = 50 ns/time bin
PT/TB         = 4 time bins
z method      : zcalc
cut length    = 2 mm

Processing events:
0/8941
