Tag           : DESY21_phi40_diag_z460
Comment       : _zcalc_G2_WF2
FileName      : ../Data_DESY21_dev_v9/Phi_scan_z460/phi_200_40_z460_ym60_diag_iter9.root
SelectionSet  : T_DESY21_Event
NbrOfMod      : 0
Data_to_Use   : 0
OUTDirName    : OUT_Tristan/DESY21_phi/DESY21_phi_z460/DESY21_phi40_diag_z460/

ERAM#01: Gain hole in (iX,iY) = (10,16) | value reset at 1889.24
ERAM#01:   RC hole in (iX,iY) = (10,16) | value reset at 129.29
Number of pads in 01 = 1152.00
Average gain in   01 = 1947.72

Average gain in bottom HATPC: 1947.00

-------------->Predefined selection T_DESY21_Event
Number of entries :14526
TLow = 193 | THigh = 237

-------------->List of selections
Apply selection  1 -> Remove clusters in first and last columns 

Apply selection 11 -> Remove clusters out of time (Event Based) 
                      |TLeading -TLeadingMeanOverEvent| <= m_Cut_Stage11_EventBased (=     3)

Apply selection 120 -> Remove clusters out of time  
                      m_Cut_Stage120_TLow <= TLeading <= m_Cut_Stage120_THigh 
                      m_Cut_Stage120_TLow  =  193
                      m_Cut_Stage120_THigh =  237

Apply selection 15 -> Remove Events with an average pad multiplicity too high or too low 
                      Pad Multiplicity >  m_Cut_StageT15_APM_Low  (=  1.0)
                      Pad Multiplicity <= m_Cut_StageT15_APM_High (=  3.5)

Apply selection 10 -> Remove clusters with too many pads 
                      Npads <= m_Cut_Stage10_Npads_Hig (=   5)

Apply selection 14 -> Remove Clusters with a too high APad 
                      APad >= m_Cut_Stage14_Amax_Low (=     0)
                      APad <= m_Cut_Stage14_Amax_Hig (=  3700)

Apply selection  5 -> Reject Events with too few clusters
                      NClusters >= m_Cut_Stage5_NCluster_Low (=   50)


zdrift        = 550 mm
PT            = 200 ns
TB            = 40 ns/time bin
PT/TB         = 5 time bins
z method      : zcalc
cut length    = 2 mm

correction function: ../Data_DESY21_dev_v9/Phi_scan_zm40/phi_200_40_zm40_ym60_diag_iter9_WFmax_correction_v9i9.root
WF correction parameters: 407.23 | -58.10 | 19.88 | -1.30 | 0.03
Processing events:
0/14526
1000/14526
2000/14526
ALERT: 1 walls crossed for a pad in entry #2051
24.82 25.94 15.28 16.30
25.94 24.85 16.34 15.28
39.11 -0.90 -0.00
ALERT: 1 walls crossed for a pad in entry #2051
24.82 25.94 14.27 15.28
27.03 25.94 16.34 15.28
39.11 -0.90 -0.00
ALERT: 1 walls crossed for a pad in entry #2051
25.94 27.07 15.28 16.30
25.94 24.85 15.28 14.23
39.11 -0.90 -0.00
ALERT: 3 walls crossed for a pad in entry #2051
25.94 27.07 14.27 15.28
27.03 25.94 15.28 14.23
39.11 -0.90 -0.00
3000/14526
ALERT: 3 walls crossed for a pad in entry #3512
38.35 39.48 2.04 3.06
39.48 38.42 3.13 2.04
39.61 -0.94 -0.00
4000/14526
5000/14526
ALERT: 3 walls crossed for a pad in entry #5190
18.05 19.18 21.40 22.42
19.16 18.27 22.53 21.46
39.62 -0.95 0.00
ALERT: 1 walls crossed for a pad in entry #5190
18.05 19.18 20.38 21.40
20.51 19.16 22.53 21.46
39.62 -0.95 0.00
ALERT: 1 walls crossed for a pad in entry #5190
19.18 20.30 21.40 22.42
19.16 18.27 21.46 20.39
39.62 -0.95 0.00
ALERT: 1 walls crossed for a pad in entry #5190
19.18 20.30 20.38 21.40
20.51 19.16 21.46 20.39
39.62 -0.95 0.00
6000/14526
7000/14526
8000/14526
9000/14526
ALERT: 3 walls crossed for a pad in entry #9901
31.58 32.71 8.15 9.17
32.69 31.62 9.24 8.20
38.41 -0.92 0.00
ALERT: 1 walls crossed for a pad in entry #9901
32.71 33.84 8.15 9.17
32.69 31.62 8.20 7.15
38.41 -0.92 0.00
ALERT: 1 walls crossed for a pad in entry #9901
31.58 32.71 7.13 8.15
33.76 32.69 9.24 8.20
38.41 -0.92 0.00
ALERT: 1 walls crossed for a pad in entry #9901
32.71 33.84 6.11 7.13
35.05 33.76 8.20 7.15
38.41 -0.92 0.00
ALERT: 1 walls crossed for a pad in entry #9901
33.84 34.97 7.13 8.15
33.76 32.69 7.15 6.11
38.41 -0.92 0.00
ALERT: 1 walls crossed for a pad in entry #9901
34.97 36.10 6.11 7.13
35.05 33.76 6.11 5.07
38.41 -0.92 0.00
ALERT: 1 walls crossed for a pad in entry #9901
33.84 34.97 5.09 6.11
36.12 35.05 7.15 6.11
38.41 -0.92 0.00
ALERT: 1 walls crossed for a pad in entry #9901
36.10 37.22 5.09 6.11
36.12 35.05 5.07 4.03
38.41 -0.92 0.00
ALERT: 1 walls crossed for a pad in entry #9901
34.97 36.10 4.08 5.09
37.20 36.12 6.11 5.07
38.41 -0.92 0.00
ALERT: 3 walls crossed for a pad in entry #9901
36.10 37.22 4.08 5.09
37.20 36.12 5.07 4.03
38.41 -0.92 0.00
10000/14526
ALERT: 3 walls crossed for a pad in entry #10977
36.10 37.22 5.09 6.11
37.22 36.19 6.18 5.10
40.66 -0.96 0.00
ALERT: 1 walls crossed for a pad in entry #10977
36.10 37.22 4.08 5.09
38.30 37.22 6.18 5.10
40.66 -0.96 0.00
ALERT: 1 walls crossed for a pad in entry #10977
37.22 38.35 5.09 6.11
37.22 36.19 5.10 4.02
40.66 -0.96 0.00
ALERT: 1 walls crossed for a pad in entry #10977
37.22 38.35 4.08 5.09
38.30 37.22 5.10 4.02
40.66 -0.96 0.00
11000/14526
12000/14526
ALERT: 3 walls crossed for a pad in entry #12217
18.05 19.18 22.42 23.44
19.15 18.24 23.51 22.43
40.76 -0.96 0.00
ALERT: 1 walls crossed for a pad in entry #12217
19.18 20.30 22.42 23.44
19.15 18.24 22.43 21.35
40.76 -0.96 0.00
ALERT: 1 walls crossed for a pad in entry #12217
18.05 19.18 21.40 22.42
20.38 19.15 23.51 22.43
40.76 -0.96 0.00
ALERT: 1 walls crossed for a pad in entry #12217
20.30 21.43 21.40 22.42
20.38 19.15 21.35 20.27
40.76 -0.96 0.00
ALERT: 1 walls crossed for a pad in entry #12217
19.18 20.30 20.38 21.40
21.30 20.38 22.43 21.35
40.76 -0.96 0.00
ALERT: 3 walls crossed for a pad in entry #12217
20.30 21.43 20.38 21.40
21.30 20.38 21.35 20.27
40.76 -0.96 0.00
ALERT: 3 walls crossed for a pad in entry #12217
36.10 37.22 5.09 6.11
37.20 36.28 6.25 5.18
40.76 -0.96 0.00
ALERT: 1 walls crossed for a pad in entry #12217
36.10 37.22 4.08 5.09
38.42 37.20 6.25 5.18
40.76 -0.96 0.00
ALERT: 1 walls crossed for a pad in entry #12217
37.22 38.35 5.09 6.11
37.20 36.28 5.18 4.10
40.76 -0.96 0.00
ALERT: 1 walls crossed for a pad in entry #12217
37.22 38.35 4.08 5.09
38.42 37.20 5.18 4.10
40.76 -0.96 0.00
13000/14526
14000/14526
14525/14526

Selection Statistics 
 #Cut SelName    EvBef  EvAfter ( wrtPrev)  (wrtStart)     MdBef  MdAfter ( wrtPrev)  (wrtStart)     ClBef  ClAfter ( wrtPrev)  (wrtStart)     PdBef  PdAfter ( wrtPrev)  (wrtStart) 
    0  Stage1    14526    14526 (    0.00)  (    0.00)     14526    14526 (    0.00)  (    0.00)    791177   791177 (    0.00)  (    0.00)   1567194  1567194 (    0.00)  (    0.00) 
    1 Stage11    14526    14247 (   -1.92)  (   -1.92)     14526    14247 (   -1.92)  (   -1.92)    791177   758076 (   -4.18)  (   -4.18)   1567194  1480377 (   -5.54)  (   -5.54) 
    2Stage120    14247    14079 (   -1.18)  (   -3.08)     14247    14079 (   -1.18)  (   -3.08)    758076   750545 (   -0.99)  (   -5.14)   1480377  1467825 (   -0.85)  (   -6.34) 
    3StageT15    14079    13997 (   -0.58)  (   -3.64)     14079    13997 (   -0.58)  (   -3.64)    750545   748234 (   -0.31)  (   -5.43)   1467825  1458972 (   -0.60)  (   -6.91) 
    4 Stage10    13997    13997 (    0.00)  (   -3.64)     13997    13997 (    0.00)  (   -3.64)    748234   748156 (   -0.01)  (   -5.44)   1458972  1458485 (   -0.03)  (   -6.94) 
    5 Stage14    13997    13986 (   -0.08)  (   -3.72)     13997    13986 (   -0.08)  (   -3.72)    748156   740032 (   -1.09)  (   -6.46)   1458485  1434644 (   -1.63)  (   -8.46) 
    6  Stage5    13986    12464 (  -10.88)  (  -14.20)     13986    12464 (  -10.88)  (  -14.20)    740032   674600 (   -8.84)  (  -14.73)   1434644  1301655 (   -9.27)  (  -16.94) 
  Summary Sel    14526    12464             (  -14.20)     14526    12464             (  -14.20)    791177   674600             (  -14.73)   1567194  1301655             (  -16.94) 
Fitting: Started... done!
Checks: OUT_Tristan/DESY21_phi/DESY21_phi_z460/DESY21_phi40_diag_z460/2_DESY21_phi40_diag_z460_Checks_zcalc_G2_WF2.root
dEdx: OUT_Tristan/DESY21_phi/DESY21_phi_z460/DESY21_phi40_diag_z460/3_DESY21_phi40_diag_z460_dEdx_zcalc_G2_WF2.root
