Control_zcalc_G2
Tag           : DESY21_thetam45
EventFile     : ../Data_DESY21_dev_v9/Theta_scan/theta_m45_02T_z460_ym60_iter9.root
SelectionSet  : T_DESY21theta_Event
iMod          : 0
Data_to_Use   : 0
OUTDirName    : OUT_Tristan/DESY21_theta460/DESY21_thetam45/


-------------->Predefined selection T_DESY21theta_Event
Number of entries :10883

-------------->List of selections
Apply selection  1 -> Remove clusters in first and last columns 

Apply selection 15 -> Remove Events with an average pad multiplicity too high or too low 
                      Pad Multiplicity >  m_Cut_StageT15_APM_Low  (=  2.0)
                      Pad Multiplicity <= m_Cut_StageT15_APM_High (=  4.0)

Apply selection 10 -> Remove clusters with too many pads 
                      Npads <= m_Cut_Stage10_Npads_Hig (=   5)

Apply selection 14 -> Remove Clusters with a too high APad 
                      APad >= m_Cut_Stage14_Amax_Low (=     0)
                      APad <= m_Cut_Stage14_Amax_Hig (=  3700)

Apply selection  5 -> Reject Events with too few clusters
                      NClusters >= m_Cut_Stage5_NCluster_Low (=   34)


Processing events:
0/10883
1000/10883
2000/10883
3000/10883
4000/10883
5000/10883
6000/10883
7000/10883
8000/10883
9000/10883
10000/10883
10882/10883
Nber Of Entries :10883

Selection Statistics 
 #Cut SelName    EvBef  EvAfter ( wrtPrev)  (wrtStart)     MdBef  MdAfter ( wrtPrev)  (wrtStart)     ClBef  ClAfter ( wrtPrev)  (wrtStart)     PdBef  PdAfter ( wrtPrev)  (wrtStart) 
    0  Stage1    10883    10883 (    0.00)  (    0.00)     10883    10883 (    0.00)  (    0.00)    369948   369948 (    0.00)  (    0.00)   1282388  1282388 (    0.00)  (    0.00) 
    1StageT15    10883    10021 (   -7.92)  (   -7.92)     10883    10021 (   -7.92)  (   -7.92)    369948   340654 (   -7.92)  (   -7.92)   1282388  1152792 (  -10.11)  (  -10.11) 
    2 Stage10    10021    10021 (    0.00)  (   -7.92)     10021    10021 (    0.00)  (   -7.92)    340654   337956 (   -0.79)  (   -8.65)   1152792  1135949 (   -1.46)  (  -11.42) 
    3 Stage14    10021    10021 (    0.00)  (   -7.92)     10021    10021 (    0.00)  (   -7.92)    337956   322623 (   -4.54)  (  -12.79)   1135949  1073401 (   -5.51)  (  -16.30) 
    4  Stage5    10021     2176 (  -78.29)  (  -80.01)     10021     2176 (  -78.29)  (  -80.01)    322623    73984 (  -77.07)  (  -80.00)   1073401   240786 (  -77.57)  (  -81.22) 
  Summary Sel    10883     2176             (  -80.01)     10883     2176             (  -80.01)    369948    73984             (  -80.00)   1282388   240786             (  -81.22) 
