Tag           : DESY21_phi20_z860
Comment       : _zcalc_G2
FileName      : ../Data_DESY21_dev_v9/Phi_scan_z860/phi_200_20_z860_ym60_iter9.root
SelectionSet  : T_DESY21_Event
NbrOfMod      : 0
Data_to_Use   : 0
OUTDirName    : OUT_PID/DESY21_phi/DESY21_phi_z860/DESY21_phi20_z860/

ERAM#01: Gain hole in (iX,iY) = (10,16) | value reset at 1889.24
ERAM#01:   RC hole in (iX,iY) = (10,16) | value reset at 129.29
Number of pads in 01 = 1152.00
Average gain in   01 = 1947.72

Average gain in bottom HATPC: 1947.00

-------------->Predefined selection T_DESY21_Event
Number of entries :8655
TLow = 328 | THigh = 360

-------------->List of selections
Apply selection  1 -> Remove clusters in first and last columns 

Apply selection 11 -> Remove clusters out of time (Event Based) 
                      |TLeading -TLeadingMeanOverEvent| <= m_Cut_Stage11_EventBased (=     3)

Apply selection 120 -> Remove clusters out of time  
                      m_Cut_Stage120_TLow <= TLeading <= m_Cut_Stage120_THigh 
                      m_Cut_Stage120_TLow  =  328
                      m_Cut_Stage120_THigh =  360

Apply selection 15 -> Remove Events with an average pad multiplicity too high or too low 
                      Pad Multiplicity >  m_Cut_StageT15_APM_Low  (=  2.0)
                      Pad Multiplicity <= m_Cut_StageT15_APM_High (=  4.0)

Apply selection 10 -> Remove clusters with too many pads 
                      Npads <= m_Cut_Stage10_Npads_Hig (=   5)

Apply selection 14 -> Remove Clusters with a too high APad 
                      APad >= m_Cut_Stage14_Amax_Low (=     0)
                      APad <= m_Cut_Stage14_Amax_Hig (=  3700)

Apply selection  5 -> Reject Events with too few clusters
                      NClusters >= m_Cut_Stage5_NCluster_Low (=   34)


zdrift        = 950 mm
PT            = 200 ns
TB            = 40 ns/time bin
PT/TB         = 5 time bins
z method      : zcalc
cut length    = 2 mm

Processing events:
0/8655
1000/8655
ALERT: 1 walls crossed for a pad in entry #1687
35 36 13 14
38 36 15 14
30 -0 -0
ALERT: 3 walls crossed for a pad in entry #1687
35 36 14 15
36 34 15 14
30 -0 -0
ALERT: 1 walls crossed for a pad in entry #1687
36 37 14 15
36 34 14 14
30 -0 -0
ALERT: 1 walls crossed for a pad in entry #1687
36 37 13 14
38 36 14 14
30 -0 -0
2000/8655
ALERT: 1 walls crossed for a pad in entry #2269
35 36 13 14
38 36 15 14
30 -0 -0
ALERT: 1 walls crossed for a pad in entry #2269
35 36 14 15
36 34 15 14
30 -0 -0
ALERT: 1 walls crossed for a pad in entry #2269
36 37 14 15
36 34 14 14
30 -0 -0
ALERT: 3 walls crossed for a pad in entry #2269
36 37 13 14
38 36 14 14
30 -0 -0
ALERT: 1 walls crossed for a pad in entry #2359
25 26 15 16
28 26 17 16
27 -0 0
ALERT: 1 walls crossed for a pad in entry #2359
25 26 16 17
26 24 17 16
27 -0 0
ALERT: 3 walls crossed for a pad in entry #2359
26 27 15 16
28 26 16 16
27 -0 0
ALERT: 1 walls crossed for a pad in entry #2359
26 27 16 17
26 24 16 16
27 -0 0
3000/8655
ALERT: 1 walls crossed for a pad in entry #3530
24 25 15 16
27 25 17 16
27 -0 0
ALERT: 1 walls crossed for a pad in entry #3530
24 25 16 17
25 22 17 16
27 -0 0
ALERT: 1 walls crossed for a pad in entry #3530
25 26 16 17
25 22 16 16
27 -0 0
ALERT: 3 walls crossed for a pad in entry #3530
25 26 15 16
27 25 16 16
27 -0 0
4000/8655
5000/8655
6000/8655
ALERT: 1 walls crossed for a pad in entry #6472
12 14 23 24
16 14 25 24
30 -0 -0
ALERT: 1 walls crossed for a pad in entry #6472
12 14 24 25
14 11 25 24
30 -0 -0
ALERT: 1 walls crossed for a pad in entry #6472
14 15 24 25
14 11 24 24
30 -0 -0
ALERT: 3 walls crossed for a pad in entry #6472
14 15 23 24
16 14 24 24
30 -0 -0
ALERT: 1 walls crossed for a pad in entry #6691
16 17 18 19
19 17 20 19
27 -0 -0
ALERT: 3 walls crossed for a pad in entry #6691
16 17 19 20
17 15 20 19
27 -0 -0
ALERT: 1 walls crossed for a pad in entry #6691
17 18 19 20
17 15 19 19
27 -0 -0
ALERT: 1 walls crossed for a pad in entry #6691
17 18 18 19
19 17 19 19
27 -0 -0
7000/8655
ALERT: 1 walls crossed for a pad in entry #7114
30 32 14 15
34 32 16 15
29 -0 -0
ALERT: 3 walls crossed for a pad in entry #7114
30 32 15 16
32 29 16 15
29 -0 -0
ALERT: 1 walls crossed for a pad in entry #7114
32 33 15 16
32 29 15 15
29 -0 -0
ALERT: 1 walls crossed for a pad in entry #7114
32 33 14 15
34 32 15 15
29 -0 -0
8000/8655
8654/8655

Selection Statistics 
 #Cut SelName    EvBef  EvAfter ( wrtPrev)  (wrtStart)     MdBef  MdAfter ( wrtPrev)  (wrtStart)     ClBef  ClAfter ( wrtPrev)  (wrtStart)     PdBef  PdAfter ( wrtPrev)  (wrtStart) 
    0  Stage1     8655     8655 (    0.00)  (    0.00)      8655     8655 (    0.00)  (    0.00)    294142   294142 (    0.00)  (    0.00)    940194   940194 (    0.00)  (    0.00) 
    1 Stage11     8655     8568 (   -1.01)  (   -1.01)      8655     8568 (   -1.01)  (   -1.01)    294142   286818 (   -2.49)  (   -2.49)    940194   910597 (   -3.15)  (   -3.15) 
    2Stage120     8568     8438 (   -1.52)  (   -2.51)      8568     8438 (   -1.52)  (   -2.51)    286818   282731 (   -1.42)  (   -3.88)    910597   899525 (   -1.22)  (   -4.33) 
    3StageT15     8438     8254 (   -2.18)  (   -4.63)      8438     8254 (   -2.18)  (   -4.63)    282731   277536 (   -1.84)  (   -5.65)    899525   877020 (   -2.50)  (   -6.72) 
    4 Stage10     8254     8254 (    0.00)  (   -4.63)      8254     8254 (    0.00)  (   -4.63)    277536   276644 (   -0.32)  (   -5.95)    877020   871354 (   -0.65)  (   -7.32) 
    5 Stage14     8254     8252 (   -0.02)  (   -4.66)      8254     8252 (   -0.02)  (   -4.66)    276644   273584 (   -1.11)  (   -6.99)    871354   858410 (   -1.49)  (   -8.70) 
    6  Stage5     8252     5077 (  -38.48)  (  -41.34)      8252     5077 (  -38.48)  (  -41.34)    273584   172618 (  -36.90)  (  -41.31)    858410   535244 (  -37.65)  (  -43.07) 
  Summary Sel     8655     5077             (  -41.34)      8655     5077             (  -41.34)    294142   172618             (  -41.31)    940194   535244             (  -43.07) 
Fitting: Started... done!
Checks: OUT_PID/DESY21_phi/DESY21_phi_z860/DESY21_phi20_z860/2_DESY21_phi20_z860_Checks_zcalc_G2.root
dEdx: OUT_PID/DESY21_phi/DESY21_phi_z860/DESY21_phi20_z860/3_DESY21_phi20_z860_dEdx_zcalc_G2.root
