Tag           : DESY21_phi10_z860
Comment       : _zcalc_G2
FileName      : ../Data_DESY21_dev_v9/Phi_scan_z860/phi_200_10_z860_ym60_iter9.root
SelectionSet  : T_DESY21_Event
NbrOfMod      : 0
Data_to_Use   : 0
OUTDirName    : OUT_PID/DESY21_phi/DESY21_phi_z860/DESY21_phi10_z860/

ERAM#01: Gain hole in (iX,iY) = (10,16) | value reset at 1889.24
ERAM#01:   RC hole in (iX,iY) = (10,16) | value reset at 129.29
Number of pads in 01 = 1152.00
Average gain in   01 = 1947.72

Average gain in bottom HATPC: 1947.00

-------------->Predefined selection T_DESY21_Event
Number of entries :8128
TLow = 324 | THigh = 367

-------------->List of selections
Apply selection  1 -> Remove clusters in first and last columns 

Apply selection 11 -> Remove clusters out of time (Event Based) 
                      |TLeading -TLeadingMeanOverEvent| <= m_Cut_Stage11_EventBased (=     3)

Apply selection 120 -> Remove clusters out of time  
                      m_Cut_Stage120_TLow <= TLeading <= m_Cut_Stage120_THigh 
                      m_Cut_Stage120_TLow  =  324
                      m_Cut_Stage120_THigh =  367

Apply selection 15 -> Remove Events with an average pad multiplicity too high or too low 
                      Pad Multiplicity >  m_Cut_StageT15_APM_Low  (=  2.0)
                      Pad Multiplicity <= m_Cut_StageT15_APM_High (=  4.0)

Apply selection 10 -> Remove clusters with too many pads 
                      Npads <= m_Cut_Stage10_Npads_Hig (=   5)

Apply selection 14 -> Remove Clusters with a too high APad 
                      APad >= m_Cut_Stage14_Amax_Low (=     0)
                      APad <= m_Cut_Stage14_Amax_Hig (=  3700)

Apply selection  5 -> Reject Events with too few clusters
                      NClusters >= m_Cut_Stage5_NCluster_Low (=   34)


zdrift        = 950 mm
PT            = 200 ns
TB            = 40 ns/time bin
PT/TB         = 5 time bins
z method      : zcalc
cut length    = 2 mm

Processing events:
0/8128
1000/8128
ALERT: 1 walls crossed for a pad in entry #1863
2 3 23 24
8 3 25 25
25 -0 0
ALERT: 3 walls crossed for a pad in entry #1863
2 3 24 25
3 -0 25 25
25 -0 0
ALERT: 1 walls crossed for a pad in entry #1863
3 5 24 25
3 -0 25 24
25 -0 0
ALERT: 1 walls crossed for a pad in entry #1863
3 5 23 24
8 3 25 24
25 -0 0
ALERT: 1 walls crossed for a pad in entry #1863
7 8 22 23
12 8 24 23
25 -0 0
ALERT: 1 walls crossed for a pad in entry #1863
7 8 23 24
8 3 24 23
25 -0 0
ALERT: 1 walls crossed for a pad in entry #1863
8 9 23 24
8 3 23 23
25 -0 0
ALERT: 3 walls crossed for a pad in entry #1863
8 9 22 23
12 8 23 23
25 -0 0
2000/8128
ALERT: 1 walls crossed for a pad in entry #2504
29 30 15 16
35 30 17 16
24 -0 -0
ALERT: 3 walls crossed for a pad in entry #2504
29 30 16 17
30 26 17 16
24 -0 -0
ALERT: 1 walls crossed for a pad in entry #2504
30 32 16 17
30 26 16 16
24 -0 -0
ALERT: 1 walls crossed for a pad in entry #2504
30 32 15 16
35 30 16 16
24 -0 -0
3000/8128
4000/8128
5000/8128
6000/8128
ALERT: 1 walls crossed for a pad in entry #6783
15 16 20 21
20 16 22 21
25 -0 0
ALERT: 1 walls crossed for a pad in entry #6783
15 16 21 22
16 12 22 21
25 -0 0
ALERT: 1 walls crossed for a pad in entry #6783
16 17 21 22
16 12 21 21
25 -0 0
ALERT: 3 walls crossed for a pad in entry #6783
16 17 20 21
20 16 21 21
25 -0 0
7000/8128
8000/8128
8127/8128

Selection Statistics 
 #Cut SelName    EvBef  EvAfter ( wrtPrev)  (wrtStart)     MdBef  MdAfter ( wrtPrev)  (wrtStart)     ClBef  ClAfter ( wrtPrev)  (wrtStart)     PdBef  PdAfter ( wrtPrev)  (wrtStart) 
    0  Stage1     8128     8128 (    0.00)  (    0.00)      8128     8128 (    0.00)  (    0.00)    276265   276265 (    0.00)  (    0.00)    835465   835465 (    0.00)  (    0.00) 
    1 Stage11     8128     8031 (   -1.19)  (   -1.19)      8128     8031 (   -1.19)  (   -1.19)    276265   268891 (   -2.67)  (   -2.67)    835465   805318 (   -3.61)  (   -3.61) 
    2Stage120     8031     7936 (   -1.18)  (   -2.36)      8031     7936 (   -1.18)  (   -2.36)    268891   265887 (   -1.12)  (   -3.76)    805318   797673 (   -0.95)  (   -4.52) 
    3StageT15     7936     7705 (   -2.91)  (   -5.20)      7936     7705 (   -2.91)  (   -5.20)    265887   259232 (   -2.50)  (   -6.17)    797673   769158 (   -3.57)  (   -7.94) 
    4 Stage10     7705     7705 (    0.00)  (   -5.20)      7705     7705 (    0.00)  (   -5.20)    259232   258521 (   -0.27)  (   -6.42)    769158   764694 (   -0.58)  (   -8.47) 
    5 Stage14     7705     7703 (   -0.03)  (   -5.23)      7705     7703 (   -0.03)  (   -5.23)    258521   255531 (   -1.16)  (   -7.51)    764694   752421 (   -1.60)  (   -9.94) 
    6  Stage5     7703     4717 (  -38.76)  (  -41.97)      7703     4717 (  -38.76)  (  -41.97)    255531   160378 (  -37.24)  (  -41.95)    752421   465442 (  -38.14)  (  -44.29) 
  Summary Sel     8128     4717             (  -41.97)      8128     4717             (  -41.97)    276265   160378             (  -41.95)    835465   465442             (  -44.29) 
Fitting: Started... done!
Checks: OUT_PID/DESY21_phi/DESY21_phi_z860/DESY21_phi10_z860/2_DESY21_phi10_z860_Checks_zcalc_G2.root
dEdx: OUT_PID/DESY21_phi/DESY21_phi_z860/DESY21_phi10_z860/3_DESY21_phi10_z860_dEdx_zcalc_G2.root
