Tag           : DESY21_phi45_diag_z860
Comment       : _zcalc_G2_WF2
FileName      : ../Data_DESY21_dev_v9/Phi_scan_z860/phi_200_45_z860_ym60_diag_iter9.root
SelectionSet  : T_DESY21_Event
NbrOfMod      : 0
Data_to_Use   : 0
OUTDirName    : OUT_Tristan/DESY21_phi/DESY21_phi_z860/DESY21_phi45_diag_z860/

ERAM#01: Gain hole in (iX,iY) = (10,16) | value reset at 1889.24
ERAM#01:   RC hole in (iX,iY) = (10,16) | value reset at 129.29
Number of pads in 01 = 1152.00
Average gain in   01 = 1947.72

Average gain in bottom HATPC: 1947.00

-------------->Predefined selection T_DESY21_Event
Number of entries :10384
TLow = 329 | THigh = 362

-------------->List of selections
Apply selection  1 -> Remove clusters in first and last columns 

Apply selection 11 -> Remove clusters out of time (Event Based) 
                      |TLeading -TLeadingMeanOverEvent| <= m_Cut_Stage11_EventBased (=     3)

Apply selection 120 -> Remove clusters out of time  
                      m_Cut_Stage120_TLow <= TLeading <= m_Cut_Stage120_THigh 
                      m_Cut_Stage120_TLow  =  329
                      m_Cut_Stage120_THigh =  362

Apply selection 15 -> Remove Events with an average pad multiplicity too high or too low 
                      Pad Multiplicity >  m_Cut_StageT15_APM_Low  (=  1.0)
                      Pad Multiplicity <= m_Cut_StageT15_APM_High (=  3.5)

Apply selection 10 -> Remove clusters with too many pads 
                      Npads <= m_Cut_Stage10_Npads_Hig (=   5)

Apply selection 14 -> Remove Clusters with a too high APad 
                      APad >= m_Cut_Stage14_Amax_Low (=     0)
                      APad <= m_Cut_Stage14_Amax_Hig (=  3700)

Apply selection  5 -> Reject Events with too few clusters
                      NClusters >= m_Cut_Stage5_NCluster_Low (=   50)


zdrift        = 950 mm
PT            = 200 ns
TB            = 40 ns/time bin
PT/TB         = 5 time bins
z method      : zcalc
cut length    = 2 mm

correction function: ../Data_DESY21_dev_v9/Phi_scan_zm40/phi_200_40_zm40_ym60_diag_iter9_WFmax_correction_v9i9.root
WF correction parameters: 407.23 | -58.10 | 19.88 | -1.30 | 0.03
Processing events:
0/10384
1000/10384
ALERT: 3 walls crossed for a pad in entry #1867
18.05 19.18 23.44 24.46
19.18 18.28 24.72 23.44
45.08 -1.12 -0.00
ALERT: 1 walls crossed for a pad in entry #1867
18.05 19.18 22.42 23.44
20.07 19.18 24.72 23.44
45.08 -1.12 -0.00
ALERT: 1 walls crossed for a pad in entry #1867
19.18 20.30 23.44 24.46
19.18 18.28 23.44 22.15
45.08 -1.12 -0.00
ALERT: 1 walls crossed for a pad in entry #1867
19.18 20.30 22.42 23.44
20.07 19.18 23.44 22.15
45.08 -1.12 -0.00
2000/10384
3000/10384
4000/10384
ALERT: 1 walls crossed for a pad in entry #4941
30.46 31.58 8.15 9.17
31.58 30.70 9.45 8.15
43.80 -1.10 -0.00
ALERT: 1 walls crossed for a pad in entry #4941
31.58 32.71 8.15 9.17
31.58 30.70 8.15 6.85
43.80 -1.10 -0.00
ALERT: 1 walls crossed for a pad in entry #4941
30.46 31.58 7.13 8.15
32.47 31.58 9.45 8.15
43.80 -1.10 -0.00
ALERT: 3 walls crossed for a pad in entry #4941
31.58 32.71 7.13 8.15
32.47 31.58 8.15 6.85
43.80 -1.10 -0.00
5000/10384
6000/10384
7000/10384
8000/10384
9000/10384
ALERT: 1 walls crossed for a pad in entry #9938
13.54 14.66 28.53 29.55
14.67 13.73 29.76 28.53
44.54 -1.09 -0.00
ALERT: 1 walls crossed for a pad in entry #9938
13.54 14.66 27.51 28.53
15.60 14.67 29.76 28.53
44.54 -1.09 -0.00
ALERT: 1 walls crossed for a pad in entry #9938
14.66 15.79 28.53 29.55
14.67 13.73 28.53 27.30
44.54 -1.09 -0.00
ALERT: 3 walls crossed for a pad in entry #9938
14.66 15.79 27.51 28.53
15.60 14.67 28.53 27.30
44.54 -1.09 -0.00
ALERT: 1 walls crossed for a pad in entry #9983
16.92 18.05 23.44 24.46
18.05 17.12 24.68 23.44
42.96 -1.06 -0.00
ALERT: 1 walls crossed for a pad in entry #9983
18.05 19.18 23.44 24.46
18.05 17.12 23.44 22.19
42.96 -1.06 -0.00
ALERT: 1 walls crossed for a pad in entry #9983
16.92 18.05 22.42 23.44
18.97 18.05 24.68 23.44
42.96 -1.06 -0.00
ALERT: 3 walls crossed for a pad in entry #9983
18.05 19.18 22.42 23.44
18.97 18.05 23.44 22.19
42.96 -1.06 -0.00
10000/10384
ALERT: 3 walls crossed for a pad in entry #10374
20.30 21.43 21.40 22.42
21.43 20.51 22.64 21.40
44.28 -1.03 -0.00
ALERT: 1 walls crossed for a pad in entry #10374
20.30 21.43 20.38 21.40
22.35 21.43 22.64 21.40
44.28 -1.03 -0.00
ALERT: 1 walls crossed for a pad in entry #10374
21.43 22.56 21.40 22.42
21.43 20.51 21.40 20.15
44.28 -1.03 -0.00
ALERT: 1 walls crossed for a pad in entry #10374
21.43 22.56 20.38 21.40
22.35 21.43 21.40 20.15
44.28 -1.03 -0.00
10383/10384

Selection Statistics 
 #Cut SelName    EvBef  EvAfter ( wrtPrev)  (wrtStart)     MdBef  MdAfter ( wrtPrev)  (wrtStart)     ClBef  ClAfter ( wrtPrev)  (wrtStart)     PdBef  PdAfter ( wrtPrev)  (wrtStart) 
    0  Stage1    10384    10384 (    0.00)  (    0.00)     10384    10384 (    0.00)  (    0.00)    551442   551442 (    0.00)  (    0.00)   1122020  1122020 (    0.00)  (    0.00) 
    1 Stage11    10384    10226 (   -1.52)  (   -1.52)     10384    10226 (   -1.52)  (   -1.52)    551442   531528 (   -3.61)  (   -3.61)   1122020  1068158 (   -4.80)  (   -4.80) 
    2Stage120    10226    10073 (   -1.50)  (   -2.99)     10226    10073 (   -1.50)  (   -2.99)    531528   524000 (   -1.42)  (   -4.98)   1068158  1054982 (   -1.23)  (   -5.97) 
    3StageT15    10073     9986 (   -0.86)  (   -3.83)     10073     9986 (   -0.86)  (   -3.83)    524000   520418 (   -0.68)  (   -5.63)   1054982  1041274 (   -1.30)  (   -7.20) 
    4 Stage10     9986     9986 (    0.00)  (   -3.83)      9986     9986 (    0.00)  (   -3.83)    520418   520346 (   -0.01)  (   -5.64)   1041274  1040825 (   -0.04)  (   -7.24) 
    5 Stage14     9986     9980 (   -0.06)  (   -3.89)      9986     9980 (   -0.06)  (   -3.89)    520346   515654 (   -0.90)  (   -6.49)   1040825  1026888 (   -1.34)  (   -8.48) 
    6  Stage5     9980     9071 (   -9.11)  (  -12.64)      9980     9071 (   -9.11)  (  -12.64)    515654   477480 (   -7.40)  (  -13.41)   1026888   943641 (   -8.11)  (  -15.90) 
  Summary Sel    10384     9071             (  -12.64)     10384     9071             (  -12.64)    551442   477480             (  -13.41)   1122020   943641             (  -15.90) 
Fitting: Started... done!
Checks: OUT_Tristan/DESY21_phi/DESY21_phi_z860/DESY21_phi45_diag_z860/2_DESY21_phi45_diag_z860_Checks_zcalc_G2_WF2.root
dEdx: OUT_Tristan/DESY21_phi/DESY21_phi_z860/DESY21_phi45_diag_z860/3_DESY21_phi45_diag_z860_dEdx_zcalc_G2_WF2.root
