Tag           : DESY21_ym40
Comment       : _zcalc_G2_WF4
FileName     : ../Data_DESY21/yscan/Ym40_Z0_iter0.root
SelectionSet  : T_DESY21_Event
NbrOfMod      : 0
Data_to_Use   : 0
OUTDirName    : OUT_Tristan/DESY21_yscan/DESY21_ym40/

Gain & RC maps: loaded
Average Gain in ERAM01 = 1947.77
ERAM01: RC   hole in  iX = 10 | iY = 16 | value reset at 129.29
ERAM01: Gain hole in  iX = 10 | iY = 16 | value reset at 1889.24

-------------->Predefined selection T_DESY21_Event
Number of entries :10211
TLow = 51 | THigh = 84

-------------->List of selections
Apply selection  1 -> Remove clusters in first and last columns 

Apply selection 11 -> Remove clusters out of time (Event Based) 
                      |TLeading -TLeadingMeanOverEvent| <= m_Cut_Stage11_EventBased (=     3)

Apply selection 120 -> Remove clusters out of time  
                      m_Cut_Stage120_TLow <= TLeading <= m_Cut_Stage120_THigh 
                      m_Cut_Stage120_TLow  =   51
                      m_Cut_Stage120_THigh =   84

Apply selection 15 -> Remove Events with an average pad multiplicity too high or too low 
                      Pad Multiplicity >  m_Cut_StageT15_APM_Low  (=  2.0)
                      Pad Multiplicity <= m_Cut_StageT15_APM_High (=  4.0)

Apply selection 10 -> Remove clusters with too many pads 
                      Npads <= m_Cut_Stage10_Npads_Hig (=   5)

Apply selection 14 -> Remove Clusters with a too high APad 
                      APad >= m_Cut_Stage14_Amax_Low (=     0)
                      APad <= m_Cut_Stage14_Amax_Hig (=  3700)

Apply selection  5 -> Reject Events with too few clusters
                      NClusters >= m_Cut_Stage5_NCluster_Low (=   34)


zdrift        = 90 mm
PT            = 412 ns
TB            = 50 ns/time bin
PT/TB         = 8 time bins
z method      : zcalc
cut length    = 2 mm

Processing events:
0/10211
18
18
18
17
18
16
21
18
17
18
18
18
17
18
18
17
20
16
18
16
18
19
18
17
18
21
14
19
18
16
18
17
15
18
18
18
18
19
18
17
17
18
18
18
19
18
17
19
18
18
18
18
19
16
15
18
17
19
18
16
14
19
17
18
18
16
18
18
19
18
17
18
17
18
19
17
20
18
17
18
18
18
19
16
18
19
19
18
17
19
18
18
18
16
18
19
16
17
18
17
17
19
20
16
19
18
18
18
17
19
18
17
18
17
17
20
13
18
16
16
16
19
19
17
17
16
18
18
18
18
18
18
19
18
19
19
18
17
19
19
18
19
18
19
18
18
17
18
17
18
18
18
19
17
19
18
18
19
18
16
19
17
19
18
17
18
17
11
18
18
19
18
18
19
18
20
18
18
18
17
19
19
19
19
17
18
16
19
19
18
16
18
19
18
18
18
19
18
18
18
18
18
19
18
18
20
19
18
19
17
17
19
17
13
17
19
18
19
19
18
19
19
18
17
19
19
18
17
19
13
19
17
18
18
18
18
18
23
15
18
17
17
18
18
18
18
19
19
18
19
16
18
18
17
18
18
18
18
15
18
18
17
17
18
18
13
19
18
19
19
19
18
17
17
18
19
18
17
19
18
19
15
18
17
18
16
18
19
20
19
19
19
18
15
17
17
18
17
18
19
19
19
19
16
17
18
18
19
16
19
19
18
15
18
18
18
18
18
19
16
19
18
17
3
18
16
17
17
19
19
2
18
18
18
18
18
19
18
15
19
14
18
19
1000/10211
19
18
18
19
18
17
17
19
16
18
18
18
19
19
18
19
18
18
19
18
18
17
17
17
17
17
16
18
12
0
17
17
17
17
18
19
19
19
19
17
19
12
18
17
18
16
19
19
17
19
19
15
18
19
16
18
18
17
3
19
17
18
19
18
18
19
17
18
9
17
18
16
17
19
16
18
18
18
18
18
19
18
19
18
17
17
17
18
17
18
18
18
18
17
18
19
20
19
16
18
18
17
19
17
17
18
19
17
18
17
17
18
17
18
19
15
18
17
18
17
17
18
18
18
18
19
16
18
18
18
18
18
18
18
18
16
19
17
18
20
18
18
19
18
12
18
19
18
17
17
21
18
18
18
17
18
16
19
17
18
16
18
17
18
18
19
18
19
19
18
18
16
18
17
19
18
18
18
17
19
18
17
18
17
18
17
17
19
18
19
19
19
18
18
17
19
19
18
19
18
18
18
17
17
19
16
18
17
18
19
19
18
18
19
19
19
18
18
17
18
17
18
17
19
7
18
17
18
16
19
19
16
19
18
16
18
17
17
18
16
17
17
17
18
19
19
19
19
19
18
18
18
16
10
18
19
18
19
18
18
19
18
19
19
19
19
18
18
13
18
17
17
16
17
19
11
17
17
18
21
16
18
17
17
18
17
18
18
17
19
18
13
15
18
19
18
19
18
19
17
18
18
18
18
17
17
18
13
17
18
19
18
18
17
17
17
19
19
19
18
18
19
14
18
18
19
18
17
18
16
19
19
18
18
18
17
19
19
18
19
17
19
19
19
19
2000/10211
17
18
19
18
17
19
13
19
18
18
18
17
18
19
17
18
18
17
18
19
19
19
18
18
18
17
19
17
18
20
18
19
19
18
16
18
16
18
18
18
18
19
18
17
18
19
18
19
17
18
19
18
19
18
19
18
19
17
19
12
18
18
7
18
18
19
18
19
17
17
19
18
18
18
18
17
17
18
17
17
17
17
19
2
18
18
18
20
19
18
18
18
17
19
18
19
16
18
17
19
17
19
16
18
17
19
19
18
18
16
18
19
18
3
18
18
18
17
17
18
18
18
18
16
19
18
18
18
18
17
17
15
18
17
18
15
17
18
16
18
18
18
18
18
18
18
16
17
18
18
18
17
19
15
18
17
18
18
18
19
18
18
18
19
18
18
19
18
18
18
19
17
18
18
19
18
19
18
18
18
17
19
17
8
19
19
18
17
12
18
15
1
20
18
19
18
19
18
18
18
19
18
18
18
17
17
18
17
18
19
17
18
18
17
17
18
19
16
18
18
18
12
18
15
18
17
18
14
18
10
19
18
19
19
19
17
14
18
14
20
17
19
17
18
18
18
19
18
17
18
19
18
19
17
17
18
16
2
18
18
19
18
19
14
18
18
18
16
17
18
18
19
18
18
17
17
18
19
17
19
18
15
17
18
16
19
18
19
19
16
19
18
18
18
18
17
18
17
18
17
17
18
18
17
18
17
17
19
17
18
18
17
18
17
18
19
18
18
19
17
18
18
19
11
18
18
19
17
19
18
19
17
3000/10211
19
18
18
19
18
18
17
18
18
17
18
17
18
19
19
19
17
18
18
17
18
17
19
18
9
18
18
18
18
18
18
18
19
17
18
17
19
17
19
18
18
11
18
17
19
18
19
19
18
19
19
16
17
19
19
18
20
18
18
19
18
18
18
18
19
16
20
18
17
13
17
18
18
17
17
18
16
19
17
14
11
19
16
17
18
18
17
17
17
17
18
18
13
18
18
18
18
19
17
17
18
18
15
17
19
19
9
20
17
17
18
14
18
19
18
13
18
18
18
18
18
18
19
15
18
18
18
19
17
18
18
19
18
18
19
19
19
18
18
17
19
18
15
18
18
16
17
16
18
12
18
18
18
17
17
19
18
18
19
18
19
19
18
18
18
15
18
19
18
15
19
18
19
15
18
19
17
19
19
19
17
18
18
17
18
17
17
17
19
17
18
18
19
17
17
18
18
19
18
19
16
17
18
18
19
18
19
18
16
19
13
18
16
18
18
17
19
19
18
18
18
10
18
18
18
17
19
16
12
19
19
17
19
11
18
18
18
16
18
18
18
18
16
17
19
11
18
21
19
18
17
19
18
18
18
18
18
16
18
19
18
16
18
18
19
18
19
16
18
19
18
17
16
18
19
18
17
2
19
16
17
18
19
19
18
18
15
16
18
19
17
17
5
19
18
17
16
19
8
18
18
17
18
17
17
18
18
18
16
17
17
17
17
18
18
18
18
18
18
17
16
19
17
18
19
19
18
18
18
17
19
18
18
18
18
18
18
18
18
18
4000/10211
18
19
18
16
18
18
19
19
18
18
18
18
18
18
19
18
18
18
17
18
19
16
12
17
19
17
17
19
18
18
18
17
18
19
17
18
19
18
19
18
19
17
19
19
18
18
18
19
18
18
17
18
16
15
10
18
17
18
18
19
17
10
19
18
18
18
19
18
18
18
17
19
18
18
18
17
17
18
15
17
19
17
18
19
14
18
19
15
18
18
14
14
18
18
17
18
18
12
18
16
19
18
18
17
18
17
19
14
18
18
17
19
19
20
19
18
18
17
18
18
18
18
18
19
14
18
16
19
19
16
19
18
18
18
16
18
19
17
17
17
18
19
17
18
18
12
17
17
18
18
18
18
19
19
19
17
19
12
18
18
17
18
17
17
16
19
18
18
18
18
19
18
18
17
19
19
18
18
17
18
17
18
18
18
18
18
16
18
15
18
18
18
18
17
18
17
18
18
17
18
18
18
18
19
18
18
16
19
18
18
19
18
19
18
19
18
18
17
19
16
19
17
18
16
19
9
19
17
17
18
18
15
19
16
17
19
18
16
17
19
18
17
18
18
16
19
18
16
18
17
18
18
18
18
17
18
19
18
18
17
16
18
19
18
18
18
18
17
19
18
18
15
19
18
17
18
18
19
16
17
19
13
17
18
15
18
18
18
14
18
18
18
17
18
17
3
16
14
18
17
18
18
19
19
18
18
19
18
18
17
19
17
19
18
17
17
17
11
17
19
18
18
17
18
16
19
18
17
18
15
18
18
17
18
18
19
19
18
19
18
18
18
19
18
17
20
17
19
18
17
19
19
17
17
5000/10211
18
19
18
18
19
18
18
17
18
14
18
18
17
17
17
18
18
18
17
18
19
18
12
19
19
19
16
16
18
18
18
17
18
18
18
19
16
17
18
18
18
8
18
17
17
18
16
17
17
19
19
16
18
18
19
18
18
18
17
19
18
18
17
18
19
18
19
18
19
18
18
18
18
19
18
18
18
19
18
18
19
12
18
18
18
17
18
19
18
19
19
20
18
19
17
18
18
18
17
19
17
18
17
18
17
12
18
18
20
18
19
19
19
19
15
19
19
18
18
18
19
18
18
18
19
19
18
17
18
15
18
1
18
18
19
18
19
18
17
18
18
19
18
18
18
18
17
18
18
17
18
18
18
18
18
18
17
18
21
18
19
20
19
19
18
18
17
16
17
17
22
17
18
19
18
18
18
19
19
17
18
19
19
12
19
18
18
17
19
18
19
24
19
18
13
15
17
19
18
17
19
17
18
18
19
18
18
18
19
17
18
17
17
19
18
18
18
19
17
18
15
17
18
19
18
18
18
17
18
18
17
19
19
18
17
18
19
17
19
18
19
18
19
11
18
18
18
19
19
19
17
19
17
18
16
17
17
18
17
16
19
19
18
19
19
18
19
17
17
17
18
18
17
18
9
18
19
18
16
18
18
17
18
18
15
18
18
18
18
18
19
19
17
18
19
19
10
18
18
18
17
18
18
15
18
19
18
17
16
15
16
16
18
17
18
18
16
18
17
17
17
18
19
13
19
18
19
17
18
17
18
18
19
16
6000/10211
18
17
15
18
19
18
3
16
17
19
18
3
18
19
18
18
17
17
17
17
19
20
19
18
18
13
19
16
18
18
19
17
16
18
19
17
18
18
18
19
17
16
17
17
14
17
17
19
19
17
18
18
17
19
19
15
13
16
17
18
19
17
18
16
19
19
13
17
18
17
18
18
19
18
17
17
18
17
19
18
17
17
17
15
18
13
18
18
18
18
18
17
19
19
18
21
16
19
18
19
17
18
19
17
18
18
17
18
19
19
17
17
18
19
17
18
18
17
18
17
17
17
19
18
13
17
18
18
18
17
17
18
17
20
18
18
18
18
19
18
7
19
17
19
17
19
18
23
19
18
18
18
19
18
18
18
18
17
19
15
19
18
19
8
19
18
19
17
3
18
19
18
18
18
18
18
18
19
18
18
18
18
18
19
18
18
18
17
17
17
18
19
18
20
18
6
19
18
18
19
17
18
18
18
19
17
18
18
18
19
18
19
18
18
18
19
18
19
19
17
19
16
19
18
18
19
17
18
19
18
17
18
17
17
17
19
19
17
18
16
17
18
18
19
19
17
18
17
14
18
17
17
18
19
19
19
8
17
17
19
19
17
18
18
17
19
18
16
19
19
17
17
15
19
17
17
19
18
17
12
18
18
17
17
17
18
18
18
19
18
18
18
18
19
18
18
18
17
19
18
18
17
18
17
1
17
2
16
16
19
19
13
17
16
18
17
18
18
19
7000/10211
17
19
19
18
14
19
17
18
18
17
19
18
18
19
17
19
19
18
18
19
18
18
19
17
19
19
16
18
13
19
10
18
15
19
19
20
17
17
19
19
17
19
18
17
18
18
19
19
16
19
18
18
17
20
25
19
17
17
19
18
17
18
18
19
18
16
17
18
19
18
19
15
13
19
17
16
19
19
18
18
18
14
17
19
17
18
18
18
18
18
12
18
18
18
16
15
18
18
18
16
19
16
19
18
18
17
18
19
18
19
19
16
19
18
18
18
19
18
18
18
18
17
18
17
18
17
19
13
19
26
18
17
15
19
19
17
18
18
18
19
19
17
18
17
18
17
18
18
18
17
17
18
2
16
18
18
17
16
19
18
18
18
18
19
17
18
18
18
18
19
17
19
17
15
19
18
13
17
19
14
19
18
18
17
18
18
17
18
18
17
19
18
18
18
18
18
19
18
19
19
18
18
17
18
17
16
18
18
18
18
18
17
18
17
16
18
19
18
17
17
18
19
18
16
7
19
17
18
19
19
19
18
17
18
16
9
18
19
18
19
19
19
18
19
18
18
19
17
6
19
16
15
13
18
9
17
16
18
18
18
18
19
18
18
6
18
18
19
17
19
18
19
17
17
17
18
18
18
17
18
19
19
12
18
19
18
18
15
18
17
18
18
19
18
19
18
17
19
19
18
16
18
18
18
19
12
4
18
19
13
18
18
18
17
18
19
19
18
18
18
16
18
18
17
16
19
18
18
19
19
19
9
19
19
18
18
18
17
18
19
19
17
18
19
19
10
18
8000/10211
18
18
18
18
13
19
18
18
9
18
20
17
19
19
16
18
8
18
17
18
19
17
18
17
18
17
19
17
16
19
19
18
19
18
18
17
18
18
18
18
18
18
18
19
17
16
18
18
17
18
19
18
18
17
18
19
18
17
19
20
18
18
18
19
13
15
17
19
18
17
18
16
18
16
18
18
18
18
18
18
15
17
19
18
18
17
17
18
18
19
18
18
17
19
19
18
16
17
18
19
18
19
18
19
16
19
18
18
16
19
17
19
19
18
17
18
19
18
18
17
15
18
19
18
18
18
19
17
2
18
19
17
17
18
17
18
19
18
17
17
15
19
16
18
19
18
18
18
18
18
19
17
16
17
18
19
17
18
18
18
19
16
17
18
19
18
18
18
19
16
17
19
16
19
18
18
19
18
19
19
17
17
17
16
20
17
19
12
17
17
18
19
8
19
16
18
19
17
18
18
18
18
19
17
19
17
18
17
19
18
18
18
14
19
17
18
18
ALERT: 3 walls crossed for a pad in entry #8655
20 21 17 18
21 -nan 17 17
18 -0 -0
ALERT: 1 walls crossed for a pad in entry #8655
21 23 17 18
21 -nan 17 17
18 -0 -0
18
18
19
17
19
12
18
19
18
18
19
11
18
17
18
19
14
19
17
18
18
19
16
17
18
17
18
16
18
18
16
18
19
11
19
18
18
19
18
18
18
18
18
17
17
18
17
18
17
18
18
18
19
18
12
18
18
18
19
19
19
18
8
19
19
17
18
19
18
17
15
18
17
19
20
19
18
13
18
8
18
18
17
18
18
18
18
10
18
18
18
19
18
11
17
19
19
20
16
18
18
19
18
19
18
18
19
18
16
18
17
18
17
17
5
18
17
18
15
18
13
18
9000/10211
12
18
18
17
18
18
18
19
20
17
18
17
18
18
20
18
18
18
19
19
17
17
17
16
17
15
18
18
19
18
17
17
18
18
19
18
18
16
18
18
18
18
18
19
18
17
17
19
18
19
18
18
18
16
19
19
19
18
17
17
17
19
17
18
15
18
19
17
18
17
18
18
18
17
19
18
7
19
17
18
18
18
18
17
18
19
19
17
17
17
18
19
17
18
18
18
18
19
19
18
19
18
19
20
18
14
18
18
16
19
18
19
16
17
17
19
19
15
18
16
18
17
18
19
19
17
19
18
19
18
19
16
17
18
20
17
18
18
17
18
17
16
19
18
18
18
16
18
18
18
18
17
18
8
20
18
18
18
18
18
19
18
27
18
18
19
18
19
19
19
19
18
19
18
20
18
18
19
18
19
18
19
18
18
19
19
19
19
18
17
18
19
17
18
17
19
18
18
18
17
17
19
16
19
18
19
19
17
18
17
19
15
18
18
17
16
18
18
17
17
18
18
19
19
0
18
18
19
19
17
19
12
18
18
17
18
18
18
18
19
18
18
18
15
17
18
18
17
18
18
15
18
17
17
19
18
18
18
18
18
17
18
18
19
17
19
18
19
16
17
16
18
18
14
18
14
18
19
19
18
18
18
18
17
19
19
17
16
17
19
17
16
19
18
14
17
17
18
10
15
18
18
20
19
19
18
18
19
16
19
19
18
17
18
14
18
18
18
18
19
18
19
18
18
2
18
17
17
18
19
18
18
18
19
15
19
18
19
19
21
19
18
18
18
18
17
15
18
10000/10211
17
19
18
19
17
17
16
17
17
17
18
18
16
18
18
19
17
19
18
18
18
19
18
17
17
18
19
19
18
19
18
19
18
17
19
17
9
17
18
16
17
14
19
17
18
19
17
19
19
18
17
18
19
19
17
18
18
14
17
18
19
18
18
18
17
19
18
17
18
6
17
10210/10211
18
10211 real events

Selection Statistics 
 #Cut SelName    EvBef  EvAfter ( wrtPrev)  (wrtStart)     MdBef  MdAfter ( wrtPrev)  (wrtStart)     ClBef  ClAfter ( wrtPrev)  (wrtStart)     PdBef  PdAfter ( wrtPrev)  (wrtStart) 
    0  Stage1    10211    10211 (    0.00)  (    0.00)     10211    10211 (    0.00)  (    0.00)    347075   347075 (    0.00)  (    0.00)   1246574  1246574 (    0.00)  (    0.00) 
    1 Stage11    10211    10054 (   -1.54)  (   -1.54)     10211    10054 (   -1.54)  (   -1.54)    347075   332927 (   -4.08)  (   -4.08)   1246574  1182086 (   -5.17)  (   -5.17) 
    2Stage120    10054     9895 (   -1.58)  (   -3.09)     10054     9895 (   -1.58)  (   -3.09)    332927   327777 (   -1.55)  (   -5.56)   1182086  1167355 (   -1.25)  (   -6.35) 
    3StageT15     9895     9007 (   -8.97)  (  -11.79)      9895     9007 (   -8.97)  (  -11.79)    327777   299812 (   -8.53)  (  -13.62)   1167355  1045876 (  -10.41)  (  -16.10) 
    4 Stage10     9007     9007 (    0.00)  (  -11.79)      9007     9007 (    0.00)  (  -11.79)    299812   297388 (   -0.81)  (  -14.32)   1045876  1030765 (   -1.44)  (  -17.31) 
    5 Stage14     9007     9007 (    0.00)  (  -11.79)      9007     9007 (    0.00)  (  -11.79)    297388   294255 (   -1.05)  (  -15.22)   1030765  1016686 (   -1.37)  (  -18.44) 
    6  Stage5     9007     3473 (  -61.44)  (  -65.99)      9007     3473 (  -61.44)  (  -65.99)    294255   118082 (  -59.87)  (  -65.98)   1016686   401710 (  -60.49)  (  -67.77) 
  Summary Sel    10211     3473             (  -65.99)     10211     3473             (  -65.99)    347075   118082             (  -65.98)   1246574   401710             (  -67.77) 
Fitting: Started... done!
Checks: OUT_Tristan/DESY21_yscan/DESY21_ym40/2_DESY21_ym40_Checks_zcalc_G2_WF4.root
dEdx: OUT_Tristan/DESY21_yscan/DESY21_ym40/3_DESY21_ym40_dEdx_zcalc_G2_WF4.root
