Particle type : electron_phi0
Tag           : DESY19_phi0
Comment       : _XP_normsel_cut2mm_zcalc_PRF_4IP_311ang2
EventFile     : ../Data_DESY19/Phi_scan/phi_412_0_iter0.root
SelectionSet  : T_DESY21_Event
NbrOfMod      : 0
Data_to_Use   : 0
OUTDirName    : OUT_Tristan/DESY19_phi/DESY19_phi/DESY19_phi0/


ReadRCmap::ReadRCmap Dir = GainRCMaps/RCfiles/EramName = ERAM01
ReadRCmap::ReadRCmap m_FileName = GainRCMaps/RCfiles/ERAM01_RCdata_01.root

Uploader_ReadRCmap::Uploader_ReadRCmap RCmapFile = GainRCMaps/RCfiles/ERAM01_RCdata_01.root
Uploader_ReadRCmap::Uploader_ReadRCmap m_NberOfEntries = 1151

ReadRCmap::ReadRCmap  No Data for iX=10 and  iY=16 in GainRCMaps/RCfiles/ERAM01_RCdata_01.root
RC map: loaded

-------------->Predefined selection T_DESY21_Event
Number of entries :8442
module 0 TLeading max = 127
module 1 TLeading max = 0
module 2 TLeading max = 0
module 3 TLeading max = 0
module 4 TLeading max = 0
module 5 TLeading max = 0
module 6 TLeading max = 0
module 7 TLeading max = 0
yinit = 54871.00
-54819.00 < 21.95
Module whose bin is the most filled: 0


-------------->List of selections
Apply selection  1 -> Remove clusters in first and last columns 

Apply selection 11 -> Remove clusters out of time (Event Based) 
                      |TLeading -TLeadingMeanOverEvent| <= m_Cut_Stage11_EventBased (=     3)

Apply selection 120 -> Remove clusters out of time  
                      m_Cut_Stage120_TLow <= TLeading <= m_Cut_Stage120_THigh 
                      m_Cut_Stage120_TLow  =  114
                      m_Cut_Stage120_THigh =  141

Apply selection 15 -> Remove Events with an average pad multiplicity too high or too low 
                      Pad Multiplicity >  m_Cut_StageT15_APM_Low  (=  2.0)
                      Pad Multiplicity <= m_Cut_StageT15_APM_High (=  4.0)

Apply selection 10 -> Remove clusters with too many pads 
                      Npads <= m_Cut_Stage10_Npads_Hig (=   5)

Apply selection 14 -> Remove Clusters with a too high APad 
                      APad >= m_Cut_Stage14_Amax_Low (=     0)
                      APad <= m_Cut_Stage14_Amax_Hig (=  3700)

Apply selection  5 -> Reject Events with too few clusters
                      NClusters >= m_Cut_Stage5_NCluster_Low (=   34)


RC            = 69 ns/mm²
Dt            = 310 µm/sqrt(cm)
zdrift        = 430 mm
phi           = -0°
PT            = 412 ns
TB            = 40 ns/timebin
PT/TB         = 10 timbins
Track fitting : PRF
z method      : zcalc
cut length    = 2 mm

/home/td263283/Documents/Python/Ratio_2D_LUT/Ratio_2D_nphi200_nd200_PT412_Dt310_theo/Ratio_2D_nphi200_nd200_RC50_zscan_PT412_Dt310_theo/Ratio_2D_nphi200_nd200_RC50_z0_PT412_Dt310_theo.csv
/home/td263283/Documents/Python/Ratio_2D_LUT/Ratio_2D_nphi200_nd200_PT412_Dt310_theo/Ratio_2D_nphi200_nd200_RC55_zscan_PT412_Dt310_theo/Ratio_2D_nphi200_nd200_RC55_z0_PT412_Dt310_theo.csv
/home/td263283/Documents/Python/Ratio_2D_LUT/Ratio_2D_nphi200_nd200_PT412_Dt310_theo/Ratio_2D_nphi200_nd200_RC60_zscan_PT412_Dt310_theo/Ratio_2D_nphi200_nd200_RC60_z0_PT412_Dt310_theo.csv
/home/td263283/Documents/Python/Ratio_2D_LUT/Ratio_2D_nphi200_nd200_PT412_Dt310_theo/Ratio_2D_nphi200_nd200_RC65_zscan_PT412_Dt310_theo/Ratio_2D_nphi200_nd200_RC65_z0_PT412_Dt310_theo.csv
/home/td263283/Documents/Python/Ratio_2D_LUT/Ratio_2D_nphi200_nd200_PT412_Dt310_theo/Ratio_2D_nphi200_nd200_RC70_zscan_PT412_Dt310_theo/Ratio_2D_nphi200_nd200_RC70_z0_PT412_Dt310_theo.csv
/home/td263283/Documents/Python/Ratio_2D_LUT/Ratio_2D_nphi200_nd200_PT412_Dt310_theo/Ratio_2D_nphi200_nd200_RC75_zscan_PT412_Dt310_theo/Ratio_2D_nphi200_nd200_RC75_z0_PT412_Dt310_theo.csv
/home/td263283/Documents/Python/Ratio_2D_LUT/Ratio_2D_nphi200_nd200_PT412_Dt310_theo/Ratio_2D_nphi200_nd200_RC80_zscan_PT412_Dt310_theo/Ratio_2D_nphi200_nd200_RC80_z0_PT412_Dt310_theo.csv
/home/td263283/Documents/Python/Ratio_2D_LUT/Ratio_2D_nphi200_nd200_PT412_Dt310_theo/Ratio_2D_nphi200_nd200_RC85_zscan_PT412_Dt310_theo/Ratio_2D_nphi200_nd200_RC85_z0_PT412_Dt310_theo.csv
/home/td263283/Documents/Python/Ratio_2D_LUT/Ratio_2D_nphi200_nd200_PT412_Dt310_theo/Ratio_2D_nphi200_nd200_RC90_zscan_PT412_Dt310_theo/Ratio_2D_nphi200_nd200_RC90_z0_PT412_Dt310_theo.csv
/home/td263283/Documents/Python/Ratio_2D_LUT/Ratio_2D_nphi200_nd200_PT412_Dt310_theo/Ratio_2D_nphi200_nd200_RC95_zscan_PT412_Dt310_theo/Ratio_2D_nphi200_nd200_RC95_z0_PT412_Dt310_theo.csv
/home/td263283/Documents/Python/Ratio_2D_LUT/Ratio_2D_nphi200_nd200_PT412_Dt310_theo/Ratio_2D_nphi200_nd200_RC100_zscan_PT412_Dt310_theo/Ratio_2D_nphi200_nd200_RC100_z0_PT412_Dt310_theo.csv
/home/td263283/Documents/Python/Ratio_2D_LUT/Ratio_2D_nphi200_nd200_PT412_Dt310_theo/Ratio_2D_nphi200_nd200_RC105_zscan_PT412_Dt310_theo/Ratio_2D_nphi200_nd200_RC105_z0_PT412_Dt310_theo.csv
/home/td263283/Documents/Python/Ratio_2D_LUT/Ratio_2D_nphi200_nd200_PT412_Dt310_theo/Ratio_2D_nphi200_nd200_RC110_zscan_PT412_Dt310_theo/Ratio_2D_nphi200_nd200_RC110_z0_PT412_Dt310_theo.csv
/home/td263283/Documents/Python/Ratio_2D_LUT/Ratio_2D_nphi200_nd200_PT412_Dt310_theo/Ratio_2D_nphi200_nd200_RC115_zscan_PT412_Dt310_theo/Ratio_2D_nphi200_nd200_RC115_z0_PT412_Dt310_theo.csv
/home/td263283/Documents/Python/Ratio_2D_LUT/Ratio_2D_nphi200_nd200_PT412_Dt310_theo/Ratio_2D_nphi200_nd200_RC120_zscan_PT412_Dt310_theo/Ratio_2D_nphi200_nd200_RC120_z0_PT412_Dt310_theo.csv
/home/td263283/Documents/Python/Ratio_2D_LUT/Ratio_2D_nphi200_nd200_PT412_Dt310_theo/Ratio_2D_nphi200_nd200_RC125_zscan_PT412_Dt310_theo/Ratio_2D_nphi200_nd200_RC125_z0_PT412_Dt310_theo.csv
/home/td263283/Documents/Python/Ratio_2D_LUT/Ratio_2D_nphi200_nd200_PT412_Dt310_theo/Ratio_2D_nphi200_nd200_RC130_zscan_PT412_Dt310_theo/Ratio_2D_nphi200_nd200_RC130_z0_PT412_Dt310_theo.csv
/home/td263283/Documents/Python/Ratio_2D_LUT/Ratio_2D_nphi200_nd200_PT412_Dt310_theo/Ratio_2D_nphi200_nd200_RC135_zscan_PT412_Dt310_theo/Ratio_2D_nphi200_nd200_RC135_z0_PT412_Dt310_theo.csv
/home/td263283/Documents/Python/Ratio_2D_LUT/Ratio_2D_nphi200_nd200_PT412_Dt310_theo/Ratio_2D_nphi200_nd200_RC140_zscan_PT412_Dt310_theo/Ratio_2D_nphi200_nd200_RC140_z0_PT412_Dt310_theo.csv
/home/td263283/Documents/Python/Ratio_2D_LUT/Ratio_2D_nphi200_nd200_PT412_Dt310_theo/Ratio_2D_nphi200_nd200_RC145_zscan_PT412_Dt310_theo/Ratio_2D_nphi200_nd200_RC145_z0_PT412_Dt310_theo.csv
/home/td263283/Documents/Python/Ratio_2D_LUT/Ratio_2D_nphi200_nd200_PT412_Dt310_theo/Ratio_2D_nphi200_nd200_RC150_zscan_PT412_Dt310_theo/Ratio_2D_nphi200_nd200_RC150_z0_PT412_Dt310_theo.csv
/home/td263283/Documents/Python/Ratio_2D_LUT/Ratio_2D_nphi200_nd200_PT412_Dt310_theo/Ratio_2D_nphi200_nd200_RC50_zscan_PT412_Dt310_theo/Ratio_2D_nphi200_nd200_RC50_z50_PT412_Dt310_theo.csv
/home/td263283/Documents/Python/Ratio_2D_LUT/Ratio_2D_nphi200_nd200_PT412_Dt310_theo/Ratio_2D_nphi200_nd200_RC55_zscan_PT412_Dt310_theo/Ratio_2D_nphi200_nd200_RC55_z50_PT412_Dt310_theo.csv
/home/td263283/Documents/Python/Ratio_2D_LUT/Ratio_2D_nphi200_nd200_PT412_Dt310_theo/Ratio_2D_nphi200_nd200_RC60_zscan_PT412_Dt310_theo/Ratio_2D_nphi200_nd200_RC60_z50_PT412_Dt310_theo.csv
/home/td263283/Documents/Python/Ratio_2D_LUT/Ratio_2D_nphi200_nd200_PT412_Dt310_theo/Ratio_2D_nphi200_nd200_RC65_zscan_PT412_Dt310_theo/Ratio_2D_nphi200_nd200_RC65_z50_PT412_Dt310_theo.csv
/home/td263283/Documents/Python/Ratio_2D_LUT/Ratio_2D_nphi200_nd200_PT412_Dt310_theo/Ratio_2D_nphi200_nd200_RC70_zscan_PT412_Dt310_theo/Ratio_2D_nphi200_nd200_RC70_z50_PT412_Dt310_theo.csv
/home/td263283/Documents/Python/Ratio_2D_LUT/Ratio_2D_nphi200_nd200_PT412_Dt310_theo/Ratio_2D_nphi200_nd200_RC75_zscan_PT412_Dt310_theo/Ratio_2D_nphi200_nd200_RC75_z50_PT412_Dt310_theo.csv
/home/td263283/Documents/Python/Ratio_2D_LUT/Ratio_2D_nphi200_nd200_PT412_Dt310_theo/Ratio_2D_nphi200_nd200_RC80_zscan_PT412_Dt310_theo/Ratio_2D_nphi200_nd200_RC80_z50_PT412_Dt310_theo.csv
/home/td263283/Documents/Python/Ratio_2D_LUT/Ratio_2D_nphi200_nd200_PT412_Dt310_theo/Ratio_2D_nphi200_nd200_RC85_zscan_PT412_Dt310_theo/Ratio_2D_nphi200_nd200_RC85_z50_PT412_Dt310_theo.csv
/home/td263283/Documents/Python/Ratio_2D_LUT/Ratio_2D_nphi200_nd200_PT412_Dt310_theo/Ratio_2D_nphi200_nd200_RC90_zscan_PT412_Dt310_theo/Ratio_2D_nphi200_nd200_RC90_z50_PT412_Dt310_theo.csv
/home/td263283/Documents/Python/Ratio_2D_LUT/Ratio_2D_nphi200_nd200_PT412_Dt310_theo/Ratio_2D_nphi200_nd200_RC95_zscan_PT412_Dt310_theo/Ratio_2D_nphi200_nd200_RC95_z50_PT412_Dt310_theo.csv
/home/td263283/Documents/Python/Ratio_2D_LUT/Ratio_2D_nphi200_nd200_PT412_Dt310_theo/Ratio_2D_nphi200_nd200_RC100_zscan_PT412_Dt310_theo/Ratio_2D_nphi200_nd200_RC100_z50_PT412_Dt310_theo.csv
/home/td263283/Documents/Python/Ratio_2D_LUT/Ratio_2D_nphi200_nd200_PT412_Dt310_theo/Ratio_2D_nphi200_nd200_RC105_zscan_PT412_Dt310_theo/Ratio_2D_nphi200_nd200_RC105_z50_PT412_Dt310_theo.csv
/home/td263283/Documents/Python/Ratio_2D_LUT/Ratio_2D_nphi200_nd200_PT412_Dt310_theo/Ratio_2D_nphi200_nd200_RC110_zscan_PT412_Dt310_theo/Ratio_2D_nphi200_nd200_RC110_z50_PT412_Dt310_theo.csv
/home/td263283/Documents/Python/Ratio_2D_LUT/Ratio_2D_nphi200_nd200_PT412_Dt310_theo/Ratio_2D_nphi200_nd200_RC115_zscan_PT412_Dt310_theo/Ratio_2D_nphi200_nd200_RC115_z50_PT412_Dt310_theo.csv
/home/td263283/Documents/Python/Ratio_2D_LUT/Ratio_2D_nphi200_nd200_PT412_Dt310_theo/Ratio_2D_nphi200_nd200_RC120_zscan_PT412_Dt310_theo/Ratio_2D_nphi200_nd200_RC120_z50_PT412_Dt310_theo.csv
/home/td263283/Documents/Python/Ratio_2D_LUT/Ratio_2D_nphi200_nd200_PT412_Dt310_theo/Ratio_2D_nphi200_nd200_RC125_zscan_PT412_Dt310_theo/Ratio_2D_nphi200_nd200_RC125_z50_PT412_Dt310_theo.csv
/home/td263283/Documents/Python/Ratio_2D_LUT/Ratio_2D_nphi200_nd200_PT412_Dt310_theo/Ratio_2D_nphi200_nd200_RC130_zscan_PT412_Dt310_theo/Ratio_2D_nphi200_nd200_RC130_z50_PT412_Dt310_theo.csv
/home/td263283/Documents/Python/Ratio_2D_LUT/Ratio_2D_nphi200_nd200_PT412_Dt310_theo/Ratio_2D_nphi200_nd200_RC135_zscan_PT412_Dt310_theo/Ratio_2D_nphi200_nd200_RC135_z50_PT412_Dt310_theo.csv
/home/td263283/Documents/Python/Ratio_2D_LUT/Ratio_2D_nphi200_nd200_PT412_Dt310_theo/Ratio_2D_nphi200_nd200_RC140_zscan_PT412_Dt310_theo/Ratio_2D_nphi200_nd200_RC140_z50_PT412_Dt310_theo.csv
/home/td263283/Documents/Python/Ratio_2D_LUT/Ratio_2D_nphi200_nd200_PT412_Dt310_theo/Ratio_2D_nphi200_nd200_RC145_zscan_PT412_Dt310_theo/Ratio_2D_nphi200_nd200_RC145_z50_PT412_Dt310_theo.csv
/home/td263283/Documents/Python/Ratio_2D_LUT/Ratio_2D_nphi200_nd200_PT412_Dt310_theo/Ratio_2D_nphi200_nd200_RC150_zscan_PT412_Dt310_theo/Ratio_2D_nphi200_nd200_RC150_z50_PT412_Dt310_theo.csv
/home/td263283/Documents/Python/Ratio_2D_LUT/Ratio_2D_nphi200_nd200_PT412_Dt310_theo/Ratio_2D_nphi200_nd200_RC50_zscan_PT412_Dt310_theo/Ratio_2D_nphi200_nd200_RC50_z100_PT412_Dt310_theo.csv
/home/td263283/Documents/Python/Ratio_2D_LUT/Ratio_2D_nphi200_nd200_PT412_Dt310_theo/Ratio_2D_nphi200_nd200_RC55_zscan_PT412_Dt310_theo/Ratio_2D_nphi200_nd200_RC55_z100_PT412_Dt310_theo.csv
/home/td263283/Documents/Python/Ratio_2D_LUT/Ratio_2D_nphi200_nd200_PT412_Dt310_theo/Ratio_2D_nphi200_nd200_RC60_zscan_PT412_Dt310_theo/Ratio_2D_nphi200_nd200_RC60_z100_PT412_Dt310_theo.csv
/home/td263283/Documents/Python/Ratio_2D_LUT/Ratio_2D_nphi200_nd200_PT412_Dt310_theo/Ratio_2D_nphi200_nd200_RC65_zscan_PT412_Dt310_theo/Ratio_2D_nphi200_nd200_RC65_z100_PT412_Dt310_theo.csv
/home/td263283/Documents/Python/Ratio_2D_LUT/Ratio_2D_nphi200_nd200_PT412_Dt310_theo/Ratio_2D_nphi200_nd200_RC70_zscan_PT412_Dt310_theo/Ratio_2D_nphi200_nd200_RC70_z100_PT412_Dt310_theo.csv
/home/td263283/Documents/Python/Ratio_2D_LUT/Ratio_2D_nphi200_nd200_PT412_Dt310_theo/Ratio_2D_nphi200_nd200_RC75_zscan_PT412_Dt310_theo/Ratio_2D_nphi200_nd200_RC75_z100_PT412_Dt310_theo.csv
/home/td263283/Documents/Python/Ratio_2D_LUT/Ratio_2D_nphi200_nd200_PT412_Dt310_theo/Ratio_2D_nphi200_nd200_RC80_zscan_PT412_Dt310_theo/Ratio_2D_nphi200_nd200_RC80_z100_PT412_Dt310_theo.csv
/home/td263283/Documents/Python/Ratio_2D_LUT/Ratio_2D_nphi200_nd200_PT412_Dt310_theo/Ratio_2D_nphi200_nd200_RC85_zscan_PT412_Dt310_theo/Ratio_2D_nphi200_nd200_RC85_z100_PT412_Dt310_theo.csv
/home/td263283/Documents/Python/Ratio_2D_LUT/Ratio_2D_nphi200_nd200_PT412_Dt310_theo/Ratio_2D_nphi200_nd200_RC90_zscan_PT412_Dt310_theo/Ratio_2D_nphi200_nd200_RC90_z100_PT412_Dt310_theo.csv
/home/td263283/Documents/Python/Ratio_2D_LUT/Ratio_2D_nphi200_nd200_PT412_Dt310_theo/Ratio_2D_nphi200_nd200_RC95_zscan_PT412_Dt310_theo/Ratio_2D_nphi200_nd200_RC95_z100_PT412_Dt310_theo.csv
/home/td263283/Documents/Python/Ratio_2D_LUT/Ratio_2D_nphi200_nd200_PT412_Dt310_theo/Ratio_2D_nphi200_nd200_RC100_zscan_PT412_Dt310_theo/Ratio_2D_nphi200_nd200_RC100_z100_PT412_Dt310_theo.csv
/home/td263283/Documents/Python/Ratio_2D_LUT/Ratio_2D_nphi200_nd200_PT412_Dt310_theo/Ratio_2D_nphi200_nd200_RC105_zscan_PT412_Dt310_theo/Ratio_2D_nphi200_nd200_RC105_z100_PT412_Dt310_theo.csv
/home/td263283/Documents/Python/Ratio_2D_LUT/Ratio_2D_nphi200_nd200_PT412_Dt310_theo/Ratio_2D_nphi200_nd200_RC110_zscan_PT412_Dt310_theo/Ratio_2D_nphi200_nd200_RC110_z100_PT412_Dt310_theo.csv
/home/td263283/Documents/Python/Ratio_2D_LUT/Ratio_2D_nphi200_nd200_PT412_Dt310_theo/Ratio_2D_nphi200_nd200_RC115_zscan_PT412_Dt310_theo/Ratio_2D_nphi200_nd200_RC115_z100_PT412_Dt310_theo.csv
/home/td263283/Documents/Python/Ratio_2D_LUT/Ratio_2D_nphi200_nd200_PT412_Dt310_theo/Ratio_2D_nphi200_nd200_RC120_zscan_PT412_Dt310_theo/Ratio_2D_nphi200_nd200_RC120_z100_PT412_Dt310_theo.csv
/home/td263283/Documents/Python/Ratio_2D_LUT/Ratio_2D_nphi200_nd200_PT412_Dt310_theo/Ratio_2D_nphi200_nd200_RC125_zscan_PT412_Dt310_theo/Ratio_2D_nphi200_nd200_RC125_z100_PT412_Dt310_theo.csv
/home/td263283/Documents/Python/Ratio_2D_LUT/Ratio_2D_nphi200_nd200_PT412_Dt310_theo/Ratio_2D_nphi200_nd200_RC130_zscan_PT412_Dt310_theo/Ratio_2D_nphi200_nd200_RC130_z100_PT412_Dt310_theo.csv
/home/td263283/Documents/Python/Ratio_2D_LUT/Ratio_2D_nphi200_nd200_PT412_Dt310_theo/Ratio_2D_nphi200_nd200_RC135_zscan_PT412_Dt310_theo/Ratio_2D_nphi200_nd200_RC135_z100_PT412_Dt310_theo.csv
/home/td263283/Documents/Python/Ratio_2D_LUT/Ratio_2D_nphi200_nd200_PT412_Dt310_theo/Ratio_2D_nphi200_nd200_RC140_zscan_PT412_Dt310_theo/Ratio_2D_nphi200_nd200_RC140_z100_PT412_Dt310_theo.csv
/home/td263283/Documents/Python/Ratio_2D_LUT/Ratio_2D_nphi200_nd200_PT412_Dt310_theo/Ratio_2D_nphi200_nd200_RC145_zscan_PT412_Dt310_theo/Ratio_2D_nphi200_nd200_RC145_z100_PT412_Dt310_theo.csv
/home/td263283/Documents/Python/Ratio_2D_LUT/Ratio_2D_nphi200_nd200_PT412_Dt310_theo/Ratio_2D_nphi200_nd200_RC150_zscan_PT412_Dt310_theo/Ratio_2D_nphi200_nd200_RC150_z100_PT412_Dt310_theo.csv
/home/td263283/Documents/Python/Ratio_2D_LUT/Ratio_2D_nphi200_nd200_PT412_Dt310_theo/Ratio_2D_nphi200_nd200_RC50_zscan_PT412_Dt310_theo/Ratio_2D_nphi200_nd200_RC50_z150_PT412_Dt310_theo.csv
/home/td263283/Documents/Python/Ratio_2D_LUT/Ratio_2D_nphi200_nd200_PT412_Dt310_theo/Ratio_2D_nphi200_nd200_RC55_zscan_PT412_Dt310_theo/Ratio_2D_nphi200_nd200_RC55_z150_PT412_Dt310_theo.csv
/home/td263283/Documents/Python/Ratio_2D_LUT/Ratio_2D_nphi200_nd200_PT412_Dt310_theo/Ratio_2D_nphi200_nd200_RC60_zscan_PT412_Dt310_theo/Ratio_2D_nphi200_nd200_RC60_z150_PT412_Dt310_theo.csv
/home/td263283/Documents/Python/Ratio_2D_LUT/Ratio_2D_nphi200_nd200_PT412_Dt310_theo/Ratio_2D_nphi200_nd200_RC65_zscan_PT412_Dt310_theo/Ratio_2D_nphi200_nd200_RC65_z150_PT412_Dt310_theo.csv
/home/td263283/Documents/Python/Ratio_2D_LUT/Ratio_2D_nphi200_nd200_PT412_Dt310_theo/Ratio_2D_nphi200_nd200_RC70_zscan_PT412_Dt310_theo/Ratio_2D_nphi200_nd200_RC70_z150_PT412_Dt310_theo.csv
/home/td263283/Documents/Python/Ratio_2D_LUT/Ratio_2D_nphi200_nd200_PT412_Dt310_theo/Ratio_2D_nphi200_nd200_RC75_zscan_PT412_Dt310_theo/Ratio_2D_nphi200_nd200_RC75_z150_PT412_Dt310_theo.csv
/home/td263283/Documents/Python/Ratio_2D_LUT/Ratio_2D_nphi200_nd200_PT412_Dt310_theo/Ratio_2D_nphi200_nd200_RC80_zscan_PT412_Dt310_theo/Ratio_2D_nphi200_nd200_RC80_z150_PT412_Dt310_theo.csv
/home/td263283/Documents/Python/Ratio_2D_LUT/Ratio_2D_nphi200_nd200_PT412_Dt310_theo/Ratio_2D_nphi200_nd200_RC85_zscan_PT412_Dt310_theo/Ratio_2D_nphi200_nd200_RC85_z150_PT412_Dt310_theo.csv
/home/td263283/Documents/Python/Ratio_2D_LUT/Ratio_2D_nphi200_nd200_PT412_Dt310_theo/Ratio_2D_nphi200_nd200_RC90_zscan_PT412_Dt310_theo/Ratio_2D_nphi200_nd200_RC90_z150_PT412_Dt310_theo.csv
/home/td263283/Documents/Python/Ratio_2D_LUT/Ratio_2D_nphi200_nd200_PT412_Dt310_theo/Ratio_2D_nphi200_nd200_RC95_zscan_PT412_Dt310_theo/Ratio_2D_nphi200_nd200_RC95_z150_PT412_Dt310_theo.csv
/home/td263283/Documents/Python/Ratio_2D_LUT/Ratio_2D_nphi200_nd200_PT412_Dt310_theo/Ratio_2D_nphi200_nd200_RC100_zscan_PT412_Dt310_theo/Ratio_2D_nphi200_nd200_RC100_z150_PT412_Dt310_theo.csv
/home/td263283/Documents/Python/Ratio_2D_LUT/Ratio_2D_nphi200_nd200_PT412_Dt310_theo/Ratio_2D_nphi200_nd200_RC105_zscan_PT412_Dt310_theo/Ratio_2D_nphi200_nd200_RC105_z150_PT412_Dt310_theo.csv
/home/td263283/Documents/Python/Ratio_2D_LUT/Ratio_2D_nphi200_nd200_PT412_Dt310_theo/Ratio_2D_nphi200_nd200_RC110_zscan_PT412_Dt310_theo/Ratio_2D_nphi200_nd200_RC110_z150_PT412_Dt310_theo.csv
/home/td263283/Documents/Python/Ratio_2D_LUT/Ratio_2D_nphi200_nd200_PT412_Dt310_theo/Ratio_2D_nphi200_nd200_RC115_zscan_PT412_Dt310_theo/Ratio_2D_nphi200_nd200_RC115_z150_PT412_Dt310_theo.csv
/home/td263283/Documents/Python/Ratio_2D_LUT/Ratio_2D_nphi200_nd200_PT412_Dt310_theo/Ratio_2D_nphi200_nd200_RC120_zscan_PT412_Dt310_theo/Ratio_2D_nphi200_nd200_RC120_z150_PT412_Dt310_theo.csv
/home/td263283/Documents/Python/Ratio_2D_LUT/Ratio_2D_nphi200_nd200_PT412_Dt310_theo/Ratio_2D_nphi200_nd200_RC125_zscan_PT412_Dt310_theo/Ratio_2D_nphi200_nd200_RC125_z150_PT412_Dt310_theo.csv
/home/td263283/Documents/Python/Ratio_2D_LUT/Ratio_2D_nphi200_nd200_PT412_Dt310_theo/Ratio_2D_nphi200_nd200_RC130_zscan_PT412_Dt310_theo/Ratio_2D_nphi200_nd200_RC130_z150_PT412_Dt310_theo.csv
/home/td263283/Documents/Python/Ratio_2D_LUT/Ratio_2D_nphi200_nd200_PT412_Dt310_theo/Ratio_2D_nphi200_nd200_RC135_zscan_PT412_Dt310_theo/Ratio_2D_nphi200_nd200_RC135_z150_PT412_Dt310_theo.csv
/home/td263283/Documents/Python/Ratio_2D_LUT/Ratio_2D_nphi200_nd200_PT412_Dt310_theo/Ratio_2D_nphi200_nd200_RC140_zscan_PT412_Dt310_theo/Ratio_2D_nphi200_nd200_RC140_z150_PT412_Dt310_theo.csv
/home/td263283/Documents/Python/Ratio_2D_LUT/Ratio_2D_nphi200_nd200_PT412_Dt310_theo/Ratio_2D_nphi200_nd200_RC145_zscan_PT412_Dt310_theo/Ratio_2D_nphi200_nd200_RC145_z150_PT412_Dt310_theo.csv
/home/td263283/Documents/Python/Ratio_2D_LUT/Ratio_2D_nphi200_nd200_PT412_Dt310_theo/Ratio_2D_nphi200_nd200_RC150_zscan_PT412_Dt310_theo/Ratio_2D_nphi200_nd200_RC150_z150_PT412_Dt310_theo.csv
/home/td263283/Documents/Python/Ratio_2D_LUT/Ratio_2D_nphi200_nd200_PT412_Dt310_theo/Ratio_2D_nphi200_nd200_RC50_zscan_PT412_Dt310_theo/Ratio_2D_nphi200_nd200_RC50_z200_PT412_Dt310_theo.csv
/home/td263283/Documents/Python/Ratio_2D_LUT/Ratio_2D_nphi200_nd200_PT412_Dt310_theo/Ratio_2D_nphi200_nd200_RC55_zscan_PT412_Dt310_theo/Ratio_2D_nphi200_nd200_RC55_z200_PT412_Dt310_theo.csv
/home/td263283/Documents/Python/Ratio_2D_LUT/Ratio_2D_nphi200_nd200_PT412_Dt310_theo/Ratio_2D_nphi200_nd200_RC60_zscan_PT412_Dt310_theo/Ratio_2D_nphi200_nd200_RC60_z200_PT412_Dt310_theo.csv
/home/td263283/Documents/Python/Ratio_2D_LUT/Ratio_2D_nphi200_nd200_PT412_Dt310_theo/Ratio_2D_nphi200_nd200_RC65_zscan_PT412_Dt310_theo/Ratio_2D_nphi200_nd200_RC65_z200_PT412_Dt310_theo.csv
/home/td263283/Documents/Python/Ratio_2D_LUT/Ratio_2D_nphi200_nd200_PT412_Dt310_theo/Ratio_2D_nphi200_nd200_RC70_zscan_PT412_Dt310_theo/Ratio_2D_nphi200_nd200_RC70_z200_PT412_Dt310_theo.csv
/home/td263283/Documents/Python/Ratio_2D_LUT/Ratio_2D_nphi200_nd200_PT412_Dt310_theo/Ratio_2D_nphi200_nd200_RC75_zscan_PT412_Dt310_theo/Ratio_2D_nphi200_nd200_RC75_z200_PT412_Dt310_theo.csv
/home/td263283/Documents/Python/Ratio_2D_LUT/Ratio_2D_nphi200_nd200_PT412_Dt310_theo/Ratio_2D_nphi200_nd200_RC80_zscan_PT412_Dt310_theo/Ratio_2D_nphi200_nd200_RC80_z200_PT412_Dt310_theo.csv
/home/td263283/Documents/Python/Ratio_2D_LUT/Ratio_2D_nphi200_nd200_PT412_Dt310_theo/Ratio_2D_nphi200_nd200_RC85_zscan_PT412_Dt310_theo/Ratio_2D_nphi200_nd200_RC85_z200_PT412_Dt310_theo.csv
/home/td263283/Documents/Python/Ratio_2D_LUT/Ratio_2D_nphi200_nd200_PT412_Dt310_theo/Ratio_2D_nphi200_nd200_RC90_zscan_PT412_Dt310_theo/Ratio_2D_nphi200_nd200_RC90_z200_PT412_Dt310_theo.csv
/home/td263283/Documents/Python/Ratio_2D_LUT/Ratio_2D_nphi200_nd200_PT412_Dt310_theo/Ratio_2D_nphi200_nd200_RC95_zscan_PT412_Dt310_theo/Ratio_2D_nphi200_nd200_RC95_z200_PT412_Dt310_theo.csv
/home/td263283/Documents/Python/Ratio_2D_LUT/Ratio_2D_nphi200_nd200_PT412_Dt310_theo/Ratio_2D_nphi200_nd200_RC100_zscan_PT412_Dt310_theo/Ratio_2D_nphi200_nd200_RC100_z200_PT412_Dt310_theo.csv
/home/td263283/Documents/Python/Ratio_2D_LUT/Ratio_2D_nphi200_nd200_PT412_Dt310_theo/Ratio_2D_nphi200_nd200_RC105_zscan_PT412_Dt310_theo/Ratio_2D_nphi200_nd200_RC105_z200_PT412_Dt310_theo.csv
/home/td263283/Documents/Python/Ratio_2D_LUT/Ratio_2D_nphi200_nd200_PT412_Dt310_theo/Ratio_2D_nphi200_nd200_RC110_zscan_PT412_Dt310_theo/Ratio_2D_nphi200_nd200_RC110_z200_PT412_Dt310_theo.csv
/home/td263283/Documents/Python/Ratio_2D_LUT/Ratio_2D_nphi200_nd200_PT412_Dt310_theo/Ratio_2D_nphi200_nd200_RC115_zscan_PT412_Dt310_theo/Ratio_2D_nphi200_nd200_RC115_z200_PT412_Dt310_theo.csv
/home/td263283/Documents/Python/Ratio_2D_LUT/Ratio_2D_nphi200_nd200_PT412_Dt310_theo/Ratio_2D_nphi200_nd200_RC120_zscan_PT412_Dt310_theo/Ratio_2D_nphi200_nd200_RC120_z200_PT412_Dt310_theo.csv
/home/td263283/Documents/Python/Ratio_2D_LUT/Ratio_2D_nphi200_nd200_PT412_Dt310_theo/Ratio_2D_nphi200_nd200_RC125_zscan_PT412_Dt310_theo/Ratio_2D_nphi200_nd200_RC125_z200_PT412_Dt310_theo.csv
/home/td263283/Documents/Python/Ratio_2D_LUT/Ratio_2D_nphi200_nd200_PT412_Dt310_theo/Ratio_2D_nphi200_nd200_RC130_zscan_PT412_Dt310_theo/Ratio_2D_nphi200_nd200_RC130_z200_PT412_Dt310_theo.csv
/home/td263283/Documents/Python/Ratio_2D_LUT/Ratio_2D_nphi200_nd200_PT412_Dt310_theo/Ratio_2D_nphi200_nd200_RC135_zscan_PT412_Dt310_theo/Ratio_2D_nphi200_nd200_RC135_z200_PT412_Dt310_theo.csv
/home/td263283/Documents/Python/Ratio_2D_LUT/Ratio_2D_nphi200_nd200_PT412_Dt310_theo/Ratio_2D_nphi200_nd200_RC140_zscan_PT412_Dt310_theo/Ratio_2D_nphi200_nd200_RC140_z200_PT412_Dt310_theo.csv
/home/td263283/Documents/Python/Ratio_2D_LUT/Ratio_2D_nphi200_nd200_PT412_Dt310_theo/Ratio_2D_nphi200_nd200_RC145_zscan_PT412_Dt310_theo/Ratio_2D_nphi200_nd200_RC145_z200_PT412_Dt310_theo.csv
/home/td263283/Documents/Python/Ratio_2D_LUT/Ratio_2D_nphi200_nd200_PT412_Dt310_theo/Ratio_2D_nphi200_nd200_RC150_zscan_PT412_Dt310_theo/Ratio_2D_nphi200_nd200_RC150_z200_PT412_Dt310_theo.csv
/home/td263283/Documents/Python/Ratio_2D_LUT/Ratio_2D_nphi200_nd200_PT412_Dt310_theo/Ratio_2D_nphi200_nd200_RC50_zscan_PT412_Dt310_theo/Ratio_2D_nphi200_nd200_RC50_z250_PT412_Dt310_theo.csv
/home/td263283/Documents/Python/Ratio_2D_LUT/Ratio_2D_nphi200_nd200_PT412_Dt310_theo/Ratio_2D_nphi200_nd200_RC55_zscan_PT412_Dt310_theo/Ratio_2D_nphi200_nd200_RC55_z250_PT412_Dt310_theo.csv
/home/td263283/Documents/Python/Ratio_2D_LUT/Ratio_2D_nphi200_nd200_PT412_Dt310_theo/Ratio_2D_nphi200_nd200_RC60_zscan_PT412_Dt310_theo/Ratio_2D_nphi200_nd200_RC60_z250_PT412_Dt310_theo.csv
/home/td263283/Documents/Python/Ratio_2D_LUT/Ratio_2D_nphi200_nd200_PT412_Dt310_theo/Ratio_2D_nphi200_nd200_RC65_zscan_PT412_Dt310_theo/Ratio_2D_nphi200_nd200_RC65_z250_PT412_Dt310_theo.csv
/home/td263283/Documents/Python/Ratio_2D_LUT/Ratio_2D_nphi200_nd200_PT412_Dt310_theo/Ratio_2D_nphi200_nd200_RC70_zscan_PT412_Dt310_theo/Ratio_2D_nphi200_nd200_RC70_z250_PT412_Dt310_theo.csv
/home/td263283/Documents/Python/Ratio_2D_LUT/Ratio_2D_nphi200_nd200_PT412_Dt310_theo/Ratio_2D_nphi200_nd200_RC75_zscan_PT412_Dt310_theo/Ratio_2D_nphi200_nd200_RC75_z250_PT412_Dt310_theo.csv
/home/td263283/Documents/Python/Ratio_2D_LUT/Ratio_2D_nphi200_nd200_PT412_Dt310_theo/Ratio_2D_nphi200_nd200_RC80_zscan_PT412_Dt310_theo/Ratio_2D_nphi200_nd200_RC80_z250_PT412_Dt310_theo.csv
/home/td263283/Documents/Python/Ratio_2D_LUT/Ratio_2D_nphi200_nd200_PT412_Dt310_theo/Ratio_2D_nphi200_nd200_RC85_zscan_PT412_Dt310_theo/Ratio_2D_nphi200_nd200_RC85_z250_PT412_Dt310_theo.csv
/home/td263283/Documents/Python/Ratio_2D_LUT/Ratio_2D_nphi200_nd200_PT412_Dt310_theo/Ratio_2D_nphi200_nd200_RC90_zscan_PT412_Dt310_theo/Ratio_2D_nphi200_nd200_RC90_z250_PT412_Dt310_theo.csv
/home/td263283/Documents/Python/Ratio_2D_LUT/Ratio_2D_nphi200_nd200_PT412_Dt310_theo/Ratio_2D_nphi200_nd200_RC95_zscan_PT412_Dt310_theo/Ratio_2D_nphi200_nd200_RC95_z250_PT412_Dt310_theo.csv
/home/td263283/Documents/Python/Ratio_2D_LUT/Ratio_2D_nphi200_nd200_PT412_Dt310_theo/Ratio_2D_nphi200_nd200_RC100_zscan_PT412_Dt310_theo/Ratio_2D_nphi200_nd200_RC100_z250_PT412_Dt310_theo.csv
/home/td263283/Documents/Python/Ratio_2D_LUT/Ratio_2D_nphi200_nd200_PT412_Dt310_theo/Ratio_2D_nphi200_nd200_RC105_zscan_PT412_Dt310_theo/Ratio_2D_nphi200_nd200_RC105_z250_PT412_Dt310_theo.csv
/home/td263283/Documents/Python/Ratio_2D_LUT/Ratio_2D_nphi200_nd200_PT412_Dt310_theo/Ratio_2D_nphi200_nd200_RC110_zscan_PT412_Dt310_theo/Ratio_2D_nphi200_nd200_RC110_z250_PT412_Dt310_theo.csv
/home/td263283/Documents/Python/Ratio_2D_LUT/Ratio_2D_nphi200_nd200_PT412_Dt310_theo/Ratio_2D_nphi200_nd200_RC115_zscan_PT412_Dt310_theo/Ratio_2D_nphi200_nd200_RC115_z250_PT412_Dt310_theo.csv
/home/td263283/Documents/Python/Ratio_2D_LUT/Ratio_2D_nphi200_nd200_PT412_Dt310_theo/Ratio_2D_nphi200_nd200_RC120_zscan_PT412_Dt310_theo/Ratio_2D_nphi200_nd200_RC120_z250_PT412_Dt310_theo.csv
/home/td263283/Documents/Python/Ratio_2D_LUT/Ratio_2D_nphi200_nd200_PT412_Dt310_theo/Ratio_2D_nphi200_nd200_RC125_zscan_PT412_Dt310_theo/Ratio_2D_nphi200_nd200_RC125_z250_PT412_Dt310_theo.csv
/home/td263283/Documents/Python/Ratio_2D_LUT/Ratio_2D_nphi200_nd200_PT412_Dt310_theo/Ratio_2D_nphi200_nd200_RC130_zscan_PT412_Dt310_theo/Ratio_2D_nphi200_nd200_RC130_z250_PT412_Dt310_theo.csv
/home/td263283/Documents/Python/Ratio_2D_LUT/Ratio_2D_nphi200_nd200_PT412_Dt310_theo/Ratio_2D_nphi200_nd200_RC135_zscan_PT412_Dt310_theo/Ratio_2D_nphi200_nd200_RC135_z250_PT412_Dt310_theo.csv
/home/td263283/Documents/Python/Ratio_2D_LUT/Ratio_2D_nphi200_nd200_PT412_Dt310_theo/Ratio_2D_nphi200_nd200_RC140_zscan_PT412_Dt310_theo/Ratio_2D_nphi200_nd200_RC140_z250_PT412_Dt310_theo.csv
/home/td263283/Documents/Python/Ratio_2D_LUT/Ratio_2D_nphi200_nd200_PT412_Dt310_theo/Ratio_2D_nphi200_nd200_RC145_zscan_PT412_Dt310_theo/Ratio_2D_nphi200_nd200_RC145_z250_PT412_Dt310_theo.csv
/home/td263283/Documents/Python/Ratio_2D_LUT/Ratio_2D_nphi200_nd200_PT412_Dt310_theo/Ratio_2D_nphi200_nd200_RC150_zscan_PT412_Dt310_theo/Ratio_2D_nphi200_nd200_RC150_z250_PT412_Dt310_theo.csv
/home/td263283/Documents/Python/Ratio_2D_LUT/Ratio_2D_nphi200_nd200_PT412_Dt310_theo/Ratio_2D_nphi200_nd200_RC50_zscan_PT412_Dt310_theo/Ratio_2D_nphi200_nd200_RC50_z300_PT412_Dt310_theo.csv
/home/td263283/Documents/Python/Ratio_2D_LUT/Ratio_2D_nphi200_nd200_PT412_Dt310_theo/Ratio_2D_nphi200_nd200_RC55_zscan_PT412_Dt310_theo/Ratio_2D_nphi200_nd200_RC55_z300_PT412_Dt310_theo.csv
/home/td263283/Documents/Python/Ratio_2D_LUT/Ratio_2D_nphi200_nd200_PT412_Dt310_theo/Ratio_2D_nphi200_nd200_RC60_zscan_PT412_Dt310_theo/Ratio_2D_nphi200_nd200_RC60_z300_PT412_Dt310_theo.csv
/home/td263283/Documents/Python/Ratio_2D_LUT/Ratio_2D_nphi200_nd200_PT412_Dt310_theo/Ratio_2D_nphi200_nd200_RC65_zscan_PT412_Dt310_theo/Ratio_2D_nphi200_nd200_RC65_z300_PT412_Dt310_theo.csv
/home/td263283/Documents/Python/Ratio_2D_LUT/Ratio_2D_nphi200_nd200_PT412_Dt310_theo/Ratio_2D_nphi200_nd200_RC70_zscan_PT412_Dt310_theo/Ratio_2D_nphi200_nd200_RC70_z300_PT412_Dt310_theo.csv
/home/td263283/Documents/Python/Ratio_2D_LUT/Ratio_2D_nphi200_nd200_PT412_Dt310_theo/Ratio_2D_nphi200_nd200_RC75_zscan_PT412_Dt310_theo/Ratio_2D_nphi200_nd200_RC75_z300_PT412_Dt310_theo.csv
/home/td263283/Documents/Python/Ratio_2D_LUT/Ratio_2D_nphi200_nd200_PT412_Dt310_theo/Ratio_2D_nphi200_nd200_RC80_zscan_PT412_Dt310_theo/Ratio_2D_nphi200_nd200_RC80_z300_PT412_Dt310_theo.csv
/home/td263283/Documents/Python/Ratio_2D_LUT/Ratio_2D_nphi200_nd200_PT412_Dt310_theo/Ratio_2D_nphi200_nd200_RC85_zscan_PT412_Dt310_theo/Ratio_2D_nphi200_nd200_RC85_z300_PT412_Dt310_theo.csv
/home/td263283/Documents/Python/Ratio_2D_LUT/Ratio_2D_nphi200_nd200_PT412_Dt310_theo/Ratio_2D_nphi200_nd200_RC90_zscan_PT412_Dt310_theo/Ratio_2D_nphi200_nd200_RC90_z300_PT412_Dt310_theo.csv
/home/td263283/Documents/Python/Ratio_2D_LUT/Ratio_2D_nphi200_nd200_PT412_Dt310_theo/Ratio_2D_nphi200_nd200_RC95_zscan_PT412_Dt310_theo/Ratio_2D_nphi200_nd200_RC95_z300_PT412_Dt310_theo.csv
/home/td263283/Documents/Python/Ratio_2D_LUT/Ratio_2D_nphi200_nd200_PT412_Dt310_theo/Ratio_2D_nphi200_nd200_RC100_zscan_PT412_Dt310_theo/Ratio_2D_nphi200_nd200_RC100_z300_PT412_Dt310_theo.csv
/home/td263283/Documents/Python/Ratio_2D_LUT/Ratio_2D_nphi200_nd200_PT412_Dt310_theo/Ratio_2D_nphi200_nd200_RC105_zscan_PT412_Dt310_theo/Ratio_2D_nphi200_nd200_RC105_z300_PT412_Dt310_theo.csv
/home/td263283/Documents/Python/Ratio_2D_LUT/Ratio_2D_nphi200_nd200_PT412_Dt310_theo/Ratio_2D_nphi200_nd200_RC110_zscan_PT412_Dt310_theo/Ratio_2D_nphi200_nd200_RC110_z300_PT412_Dt310_theo.csv
/home/td263283/Documents/Python/Ratio_2D_LUT/Ratio_2D_nphi200_nd200_PT412_Dt310_theo/Ratio_2D_nphi200_nd200_RC115_zscan_PT412_Dt310_theo/Ratio_2D_nphi200_nd200_RC115_z300_PT412_Dt310_theo.csv
/home/td263283/Documents/Python/Ratio_2D_LUT/Ratio_2D_nphi200_nd200_PT412_Dt310_theo/Ratio_2D_nphi200_nd200_RC120_zscan_PT412_Dt310_theo/Ratio_2D_nphi200_nd200_RC120_z300_PT412_Dt310_theo.csv
/home/td263283/Documents/Python/Ratio_2D_LUT/Ratio_2D_nphi200_nd200_PT412_Dt310_theo/Ratio_2D_nphi200_nd200_RC125_zscan_PT412_Dt310_theo/Ratio_2D_nphi200_nd200_RC125_z300_PT412_Dt310_theo.csv
/home/td263283/Documents/Python/Ratio_2D_LUT/Ratio_2D_nphi200_nd200_PT412_Dt310_theo/Ratio_2D_nphi200_nd200_RC130_zscan_PT412_Dt310_theo/Ratio_2D_nphi200_nd200_RC130_z300_PT412_Dt310_theo.csv
/home/td263283/Documents/Python/Ratio_2D_LUT/Ratio_2D_nphi200_nd200_PT412_Dt310_theo/Ratio_2D_nphi200_nd200_RC135_zscan_PT412_Dt310_theo/Ratio_2D_nphi200_nd200_RC135_z300_PT412_Dt310_theo.csv
/home/td263283/Documents/Python/Ratio_2D_LUT/Ratio_2D_nphi200_nd200_PT412_Dt310_theo/Ratio_2D_nphi200_nd200_RC140_zscan_PT412_Dt310_theo/Ratio_2D_nphi200_nd200_RC140_z300_PT412_Dt310_theo.csv
/home/td263283/Documents/Python/Ratio_2D_LUT/Ratio_2D_nphi200_nd200_PT412_Dt310_theo/Ratio_2D_nphi200_nd200_RC145_zscan_PT412_Dt310_theo/Ratio_2D_nphi200_nd200_RC145_z300_PT412_Dt310_theo.csv
/home/td263283/Documents/Python/Ratio_2D_LUT/Ratio_2D_nphi200_nd200_PT412_Dt310_theo/Ratio_2D_nphi200_nd200_RC150_zscan_PT412_Dt310_theo/Ratio_2D_nphi200_nd200_RC150_z300_PT412_Dt310_theo.csv
/home/td263283/Documents/Python/Ratio_2D_LUT/Ratio_2D_nphi200_nd200_PT412_Dt310_theo/Ratio_2D_nphi200_nd200_RC50_zscan_PT412_Dt310_theo/Ratio_2D_nphi200_nd200_RC50_z350_PT412_Dt310_theo.csv
/home/td263283/Documents/Python/Ratio_2D_LUT/Ratio_2D_nphi200_nd200_PT412_Dt310_theo/Ratio_2D_nphi200_nd200_RC55_zscan_PT412_Dt310_theo/Ratio_2D_nphi200_nd200_RC55_z350_PT412_Dt310_theo.csv
/home/td263283/Documents/Python/Ratio_2D_LUT/Ratio_2D_nphi200_nd200_PT412_Dt310_theo/Ratio_2D_nphi200_nd200_RC60_zscan_PT412_Dt310_theo/Ratio_2D_nphi200_nd200_RC60_z350_PT412_Dt310_theo.csv
/home/td263283/Documents/Python/Ratio_2D_LUT/Ratio_2D_nphi200_nd200_PT412_Dt310_theo/Ratio_2D_nphi200_nd200_RC65_zscan_PT412_Dt310_theo/Ratio_2D_nphi200_nd200_RC65_z350_PT412_Dt310_theo.csv
/home/td263283/Documents/Python/Ratio_2D_LUT/Ratio_2D_nphi200_nd200_PT412_Dt310_theo/Ratio_2D_nphi200_nd200_RC70_zscan_PT412_Dt310_theo/Ratio_2D_nphi200_nd200_RC70_z350_PT412_Dt310_theo.csv
/home/td263283/Documents/Python/Ratio_2D_LUT/Ratio_2D_nphi200_nd200_PT412_Dt310_theo/Ratio_2D_nphi200_nd200_RC75_zscan_PT412_Dt310_theo/Ratio_2D_nphi200_nd200_RC75_z350_PT412_Dt310_theo.csv
/home/td263283/Documents/Python/Ratio_2D_LUT/Ratio_2D_nphi200_nd200_PT412_Dt310_theo/Ratio_2D_nphi200_nd200_RC80_zscan_PT412_Dt310_theo/Ratio_2D_nphi200_nd200_RC80_z350_PT412_Dt310_theo.csv
/home/td263283/Documents/Python/Ratio_2D_LUT/Ratio_2D_nphi200_nd200_PT412_Dt310_theo/Ratio_2D_nphi200_nd200_RC85_zscan_PT412_Dt310_theo/Ratio_2D_nphi200_nd200_RC85_z350_PT412_Dt310_theo.csv
/home/td263283/Documents/Python/Ratio_2D_LUT/Ratio_2D_nphi200_nd200_PT412_Dt310_theo/Ratio_2D_nphi200_nd200_RC90_zscan_PT412_Dt310_theo/Ratio_2D_nphi200_nd200_RC90_z350_PT412_Dt310_theo.csv
/home/td263283/Documents/Python/Ratio_2D_LUT/Ratio_2D_nphi200_nd200_PT412_Dt310_theo/Ratio_2D_nphi200_nd200_RC95_zscan_PT412_Dt310_theo/Ratio_2D_nphi200_nd200_RC95_z350_PT412_Dt310_theo.csv
/home/td263283/Documents/Python/Ratio_2D_LUT/Ratio_2D_nphi200_nd200_PT412_Dt310_theo/Ratio_2D_nphi200_nd200_RC100_zscan_PT412_Dt310_theo/Ratio_2D_nphi200_nd200_RC100_z350_PT412_Dt310_theo.csv
/home/td263283/Documents/Python/Ratio_2D_LUT/Ratio_2D_nphi200_nd200_PT412_Dt310_theo/Ratio_2D_nphi200_nd200_RC105_zscan_PT412_Dt310_theo/Ratio_2D_nphi200_nd200_RC105_z350_PT412_Dt310_theo.csv
/home/td263283/Documents/Python/Ratio_2D_LUT/Ratio_2D_nphi200_nd200_PT412_Dt310_theo/Ratio_2D_nphi200_nd200_RC110_zscan_PT412_Dt310_theo/Ratio_2D_nphi200_nd200_RC110_z350_PT412_Dt310_theo.csv
/home/td263283/Documents/Python/Ratio_2D_LUT/Ratio_2D_nphi200_nd200_PT412_Dt310_theo/Ratio_2D_nphi200_nd200_RC115_zscan_PT412_Dt310_theo/Ratio_2D_nphi200_nd200_RC115_z350_PT412_Dt310_theo.csv
/home/td263283/Documents/Python/Ratio_2D_LUT/Ratio_2D_nphi200_nd200_PT412_Dt310_theo/Ratio_2D_nphi200_nd200_RC120_zscan_PT412_Dt310_theo/Ratio_2D_nphi200_nd200_RC120_z350_PT412_Dt310_theo.csv
/home/td263283/Documents/Python/Ratio_2D_LUT/Ratio_2D_nphi200_nd200_PT412_Dt310_theo/Ratio_2D_nphi200_nd200_RC125_zscan_PT412_Dt310_theo/Ratio_2D_nphi200_nd200_RC125_z350_PT412_Dt310_theo.csv
/home/td263283/Documents/Python/Ratio_2D_LUT/Ratio_2D_nphi200_nd200_PT412_Dt310_theo/Ratio_2D_nphi200_nd200_RC130_zscan_PT412_Dt310_theo/Ratio_2D_nphi200_nd200_RC130_z350_PT412_Dt310_theo.csv
/home/td263283/Documents/Python/Ratio_2D_LUT/Ratio_2D_nphi200_nd200_PT412_Dt310_theo/Ratio_2D_nphi200_nd200_RC135_zscan_PT412_Dt310_theo/Ratio_2D_nphi200_nd200_RC135_z350_PT412_Dt310_theo.csv
/home/td263283/Documents/Python/Ratio_2D_LUT/Ratio_2D_nphi200_nd200_PT412_Dt310_theo/Ratio_2D_nphi200_nd200_RC140_zscan_PT412_Dt310_theo/Ratio_2D_nphi200_nd200_RC140_z350_PT412_Dt310_theo.csv
/home/td263283/Documents/Python/Ratio_2D_LUT/Ratio_2D_nphi200_nd200_PT412_Dt310_theo/Ratio_2D_nphi200_nd200_RC145_zscan_PT412_Dt310_theo/Ratio_2D_nphi200_nd200_RC145_z350_PT412_Dt310_theo.csv
/home/td263283/Documents/Python/Ratio_2D_LUT/Ratio_2D_nphi200_nd200_PT412_Dt310_theo/Ratio_2D_nphi200_nd200_RC150_zscan_PT412_Dt310_theo/Ratio_2D_nphi200_nd200_RC150_z350_PT412_Dt310_theo.csv
/home/td263283/Documents/Python/Ratio_2D_LUT/Ratio_2D_nphi200_nd200_PT412_Dt310_theo/Ratio_2D_nphi200_nd200_RC50_zscan_PT412_Dt310_theo/Ratio_2D_nphi200_nd200_RC50_z400_PT412_Dt310_theo.csv
/home/td263283/Documents/Python/Ratio_2D_LUT/Ratio_2D_nphi200_nd200_PT412_Dt310_theo/Ratio_2D_nphi200_nd200_RC55_zscan_PT412_Dt310_theo/Ratio_2D_nphi200_nd200_RC55_z400_PT412_Dt310_theo.csv
/home/td263283/Documents/Python/Ratio_2D_LUT/Ratio_2D_nphi200_nd200_PT412_Dt310_theo/Ratio_2D_nphi200_nd200_RC60_zscan_PT412_Dt310_theo/Ratio_2D_nphi200_nd200_RC60_z400_PT412_Dt310_theo.csv
/home/td263283/Documents/Python/Ratio_2D_LUT/Ratio_2D_nphi200_nd200_PT412_Dt310_theo/Ratio_2D_nphi200_nd200_RC65_zscan_PT412_Dt310_theo/Ratio_2D_nphi200_nd200_RC65_z400_PT412_Dt310_theo.csv
/home/td263283/Documents/Python/Ratio_2D_LUT/Ratio_2D_nphi200_nd200_PT412_Dt310_theo/Ratio_2D_nphi200_nd200_RC70_zscan_PT412_Dt310_theo/Ratio_2D_nphi200_nd200_RC70_z400_PT412_Dt310_theo.csv
/home/td263283/Documents/Python/Ratio_2D_LUT/Ratio_2D_nphi200_nd200_PT412_Dt310_theo/Ratio_2D_nphi200_nd200_RC75_zscan_PT412_Dt310_theo/Ratio_2D_nphi200_nd200_RC75_z400_PT412_Dt310_theo.csv
/home/td263283/Documents/Python/Ratio_2D_LUT/Ratio_2D_nphi200_nd200_PT412_Dt310_theo/Ratio_2D_nphi200_nd200_RC80_zscan_PT412_Dt310_theo/Ratio_2D_nphi200_nd200_RC80_z400_PT412_Dt310_theo.csv
/home/td263283/Documents/Python/Ratio_2D_LUT/Ratio_2D_nphi200_nd200_PT412_Dt310_theo/Ratio_2D_nphi200_nd200_RC85_zscan_PT412_Dt310_theo/Ratio_2D_nphi200_nd200_RC85_z400_PT412_Dt310_theo.csv
/home/td263283/Documents/Python/Ratio_2D_LUT/Ratio_2D_nphi200_nd200_PT412_Dt310_theo/Ratio_2D_nphi200_nd200_RC90_zscan_PT412_Dt310_theo/Ratio_2D_nphi200_nd200_RC90_z400_PT412_Dt310_theo.csv
/home/td263283/Documents/Python/Ratio_2D_LUT/Ratio_2D_nphi200_nd200_PT412_Dt310_theo/Ratio_2D_nphi200_nd200_RC95_zscan_PT412_Dt310_theo/Ratio_2D_nphi200_nd200_RC95_z400_PT412_Dt310_theo.csv
/home/td263283/Documents/Python/Ratio_2D_LUT/Ratio_2D_nphi200_nd200_PT412_Dt310_theo/Ratio_2D_nphi200_nd200_RC100_zscan_PT412_Dt310_theo/Ratio_2D_nphi200_nd200_RC100_z400_PT412_Dt310_theo.csv
/home/td263283/Documents/Python/Ratio_2D_LUT/Ratio_2D_nphi200_nd200_PT412_Dt310_theo/Ratio_2D_nphi200_nd200_RC105_zscan_PT412_Dt310_theo/Ratio_2D_nphi200_nd200_RC105_z400_PT412_Dt310_theo.csv
/home/td263283/Documents/Python/Ratio_2D_LUT/Ratio_2D_nphi200_nd200_PT412_Dt310_theo/Ratio_2D_nphi200_nd200_RC110_zscan_PT412_Dt310_theo/Ratio_2D_nphi200_nd200_RC110_z400_PT412_Dt310_theo.csv
/home/td263283/Documents/Python/Ratio_2D_LUT/Ratio_2D_nphi200_nd200_PT412_Dt310_theo/Ratio_2D_nphi200_nd200_RC115_zscan_PT412_Dt310_theo/Ratio_2D_nphi200_nd200_RC115_z400_PT412_Dt310_theo.csv
/home/td263283/Documents/Python/Ratio_2D_LUT/Ratio_2D_nphi200_nd200_PT412_Dt310_theo/Ratio_2D_nphi200_nd200_RC120_zscan_PT412_Dt310_theo/Ratio_2D_nphi200_nd200_RC120_z400_PT412_Dt310_theo.csv
/home/td263283/Documents/Python/Ratio_2D_LUT/Ratio_2D_nphi200_nd200_PT412_Dt310_theo/Ratio_2D_nphi200_nd200_RC125_zscan_PT412_Dt310_theo/Ratio_2D_nphi200_nd200_RC125_z400_PT412_Dt310_theo.csv
/home/td263283/Documents/Python/Ratio_2D_LUT/Ratio_2D_nphi200_nd200_PT412_Dt310_theo/Ratio_2D_nphi200_nd200_RC130_zscan_PT412_Dt310_theo/Ratio_2D_nphi200_nd200_RC130_z400_PT412_Dt310_theo.csv
/home/td263283/Documents/Python/Ratio_2D_LUT/Ratio_2D_nphi200_nd200_PT412_Dt310_theo/Ratio_2D_nphi200_nd200_RC135_zscan_PT412_Dt310_theo/Ratio_2D_nphi200_nd200_RC135_z400_PT412_Dt310_theo.csv
/home/td263283/Documents/Python/Ratio_2D_LUT/Ratio_2D_nphi200_nd200_PT412_Dt310_theo/Ratio_2D_nphi200_nd200_RC140_zscan_PT412_Dt310_theo/Ratio_2D_nphi200_nd200_RC140_z400_PT412_Dt310_theo.csv
/home/td263283/Documents/Python/Ratio_2D_LUT/Ratio_2D_nphi200_nd200_PT412_Dt310_theo/Ratio_2D_nphi200_nd200_RC145_zscan_PT412_Dt310_theo/Ratio_2D_nphi200_nd200_RC145_z400_PT412_Dt310_theo.csv
/home/td263283/Documents/Python/Ratio_2D_LUT/Ratio_2D_nphi200_nd200_PT412_Dt310_theo/Ratio_2D_nphi200_nd200_RC150_zscan_PT412_Dt310_theo/Ratio_2D_nphi200_nd200_RC150_z400_PT412_Dt310_theo.csv
/home/td263283/Documents/Python/Ratio_2D_LUT/Ratio_2D_nphi200_nd200_PT412_Dt310_theo/Ratio_2D_nphi200_nd200_RC50_zscan_PT412_Dt310_theo/Ratio_2D_nphi200_nd200_RC50_z450_PT412_Dt310_theo.csv
/home/td263283/Documents/Python/Ratio_2D_LUT/Ratio_2D_nphi200_nd200_PT412_Dt310_theo/Ratio_2D_nphi200_nd200_RC55_zscan_PT412_Dt310_theo/Ratio_2D_nphi200_nd200_RC55_z450_PT412_Dt310_theo.csv
/home/td263283/Documents/Python/Ratio_2D_LUT/Ratio_2D_nphi200_nd200_PT412_Dt310_theo/Ratio_2D_nphi200_nd200_RC60_zscan_PT412_Dt310_theo/Ratio_2D_nphi200_nd200_RC60_z450_PT412_Dt310_theo.csv
/home/td263283/Documents/Python/Ratio_2D_LUT/Ratio_2D_nphi200_nd200_PT412_Dt310_theo/Ratio_2D_nphi200_nd200_RC65_zscan_PT412_Dt310_theo/Ratio_2D_nphi200_nd200_RC65_z450_PT412_Dt310_theo.csv
/home/td263283/Documents/Python/Ratio_2D_LUT/Ratio_2D_nphi200_nd200_PT412_Dt310_theo/Ratio_2D_nphi200_nd200_RC70_zscan_PT412_Dt310_theo/Ratio_2D_nphi200_nd200_RC70_z450_PT412_Dt310_theo.csv
/home/td263283/Documents/Python/Ratio_2D_LUT/Ratio_2D_nphi200_nd200_PT412_Dt310_theo/Ratio_2D_nphi200_nd200_RC75_zscan_PT412_Dt310_theo/Ratio_2D_nphi200_nd200_RC75_z450_PT412_Dt310_theo.csv
/home/td263283/Documents/Python/Ratio_2D_LUT/Ratio_2D_nphi200_nd200_PT412_Dt310_theo/Ratio_2D_nphi200_nd200_RC80_zscan_PT412_Dt310_theo/Ratio_2D_nphi200_nd200_RC80_z450_PT412_Dt310_theo.csv
/home/td263283/Documents/Python/Ratio_2D_LUT/Ratio_2D_nphi200_nd200_PT412_Dt310_theo/Ratio_2D_nphi200_nd200_RC85_zscan_PT412_Dt310_theo/Ratio_2D_nphi200_nd200_RC85_z450_PT412_Dt310_theo.csv
/home/td263283/Documents/Python/Ratio_2D_LUT/Ratio_2D_nphi200_nd200_PT412_Dt310_theo/Ratio_2D_nphi200_nd200_RC90_zscan_PT412_Dt310_theo/Ratio_2D_nphi200_nd200_RC90_z450_PT412_Dt310_theo.csv
/home/td263283/Documents/Python/Ratio_2D_LUT/Ratio_2D_nphi200_nd200_PT412_Dt310_theo/Ratio_2D_nphi200_nd200_RC95_zscan_PT412_Dt310_theo/Ratio_2D_nphi200_nd200_RC95_z450_PT412_Dt310_theo.csv
/home/td263283/Documents/Python/Ratio_2D_LUT/Ratio_2D_nphi200_nd200_PT412_Dt310_theo/Ratio_2D_nphi200_nd200_RC100_zscan_PT412_Dt310_theo/Ratio_2D_nphi200_nd200_RC100_z450_PT412_Dt310_theo.csv
/home/td263283/Documents/Python/Ratio_2D_LUT/Ratio_2D_nphi200_nd200_PT412_Dt310_theo/Ratio_2D_nphi200_nd200_RC105_zscan_PT412_Dt310_theo/Ratio_2D_nphi200_nd200_RC105_z450_PT412_Dt310_theo.csv
/home/td263283/Documents/Python/Ratio_2D_LUT/Ratio_2D_nphi200_nd200_PT412_Dt310_theo/Ratio_2D_nphi200_nd200_RC110_zscan_PT412_Dt310_theo/Ratio_2D_nphi200_nd200_RC110_z450_PT412_Dt310_theo.csv
/home/td263283/Documents/Python/Ratio_2D_LUT/Ratio_2D_nphi200_nd200_PT412_Dt310_theo/Ratio_2D_nphi200_nd200_RC115_zscan_PT412_Dt310_theo/Ratio_2D_nphi200_nd200_RC115_z450_PT412_Dt310_theo.csv
/home/td263283/Documents/Python/Ratio_2D_LUT/Ratio_2D_nphi200_nd200_PT412_Dt310_theo/Ratio_2D_nphi200_nd200_RC120_zscan_PT412_Dt310_theo/Ratio_2D_nphi200_nd200_RC120_z450_PT412_Dt310_theo.csv
/home/td263283/Documents/Python/Ratio_2D_LUT/Ratio_2D_nphi200_nd200_PT412_Dt310_theo/Ratio_2D_nphi200_nd200_RC125_zscan_PT412_Dt310_theo/Ratio_2D_nphi200_nd200_RC125_z450_PT412_Dt310_theo.csv
/home/td263283/Documents/Python/Ratio_2D_LUT/Ratio_2D_nphi200_nd200_PT412_Dt310_theo/Ratio_2D_nphi200_nd200_RC130_zscan_PT412_Dt310_theo/Ratio_2D_nphi200_nd200_RC130_z450_PT412_Dt310_theo.csv
/home/td263283/Documents/Python/Ratio_2D_LUT/Ratio_2D_nphi200_nd200_PT412_Dt310_theo/Ratio_2D_nphi200_nd200_RC135_zscan_PT412_Dt310_theo/Ratio_2D_nphi200_nd200_RC135_z450_PT412_Dt310_theo.csv
/home/td263283/Documents/Python/Ratio_2D_LUT/Ratio_2D_nphi200_nd200_PT412_Dt310_theo/Ratio_2D_nphi200_nd200_RC140_zscan_PT412_Dt310_theo/Ratio_2D_nphi200_nd200_RC140_z450_PT412_Dt310_theo.csv
/home/td263283/Documents/Python/Ratio_2D_LUT/Ratio_2D_nphi200_nd200_PT412_Dt310_theo/Ratio_2D_nphi200_nd200_RC145_zscan_PT412_Dt310_theo/Ratio_2D_nphi200_nd200_RC145_z450_PT412_Dt310_theo.csv
/home/td263283/Documents/Python/Ratio_2D_LUT/Ratio_2D_nphi200_nd200_PT412_Dt310_theo/Ratio_2D_nphi200_nd200_RC150_zscan_PT412_Dt310_theo/Ratio_2D_nphi200_nd200_RC150_z450_PT412_Dt310_theo.csv
/home/td263283/Documents/Python/Ratio_2D_LUT/Ratio_2D_nphi200_nd200_PT412_Dt310_theo/Ratio_2D_nphi200_nd200_RC50_zscan_PT412_Dt310_theo/Ratio_2D_nphi200_nd200_RC50_z500_PT412_Dt310_theo.csv
/home/td263283/Documents/Python/Ratio_2D_LUT/Ratio_2D_nphi200_nd200_PT412_Dt310_theo/Ratio_2D_nphi200_nd200_RC55_zscan_PT412_Dt310_theo/Ratio_2D_nphi200_nd200_RC55_z500_PT412_Dt310_theo.csv
/home/td263283/Documents/Python/Ratio_2D_LUT/Ratio_2D_nphi200_nd200_PT412_Dt310_theo/Ratio_2D_nphi200_nd200_RC60_zscan_PT412_Dt310_theo/Ratio_2D_nphi200_nd200_RC60_z500_PT412_Dt310_theo.csv
/home/td263283/Documents/Python/Ratio_2D_LUT/Ratio_2D_nphi200_nd200_PT412_Dt310_theo/Ratio_2D_nphi200_nd200_RC65_zscan_PT412_Dt310_theo/Ratio_2D_nphi200_nd200_RC65_z500_PT412_Dt310_theo.csv
/home/td263283/Documents/Python/Ratio_2D_LUT/Ratio_2D_nphi200_nd200_PT412_Dt310_theo/Ratio_2D_nphi200_nd200_RC70_zscan_PT412_Dt310_theo/Ratio_2D_nphi200_nd200_RC70_z500_PT412_Dt310_theo.csv
/home/td263283/Documents/Python/Ratio_2D_LUT/Ratio_2D_nphi200_nd200_PT412_Dt310_theo/Ratio_2D_nphi200_nd200_RC75_zscan_PT412_Dt310_theo/Ratio_2D_nphi200_nd200_RC75_z500_PT412_Dt310_theo.csv
/home/td263283/Documents/Python/Ratio_2D_LUT/Ratio_2D_nphi200_nd200_PT412_Dt310_theo/Ratio_2D_nphi200_nd200_RC80_zscan_PT412_Dt310_theo/Ratio_2D_nphi200_nd200_RC80_z500_PT412_Dt310_theo.csv
/home/td263283/Documents/Python/Ratio_2D_LUT/Ratio_2D_nphi200_nd200_PT412_Dt310_theo/Ratio_2D_nphi200_nd200_RC85_zscan_PT412_Dt310_theo/Ratio_2D_nphi200_nd200_RC85_z500_PT412_Dt310_theo.csv
/home/td263283/Documents/Python/Ratio_2D_LUT/Ratio_2D_nphi200_nd200_PT412_Dt310_theo/Ratio_2D_nphi200_nd200_RC90_zscan_PT412_Dt310_theo/Ratio_2D_nphi200_nd200_RC90_z500_PT412_Dt310_theo.csv
/home/td263283/Documents/Python/Ratio_2D_LUT/Ratio_2D_nphi200_nd200_PT412_Dt310_theo/Ratio_2D_nphi200_nd200_RC95_zscan_PT412_Dt310_theo/Ratio_2D_nphi200_nd200_RC95_z500_PT412_Dt310_theo.csv
/home/td263283/Documents/Python/Ratio_2D_LUT/Ratio_2D_nphi200_nd200_PT412_Dt310_theo/Ratio_2D_nphi200_nd200_RC100_zscan_PT412_Dt310_theo/Ratio_2D_nphi200_nd200_RC100_z500_PT412_Dt310_theo.csv
/home/td263283/Documents/Python/Ratio_2D_LUT/Ratio_2D_nphi200_nd200_PT412_Dt310_theo/Ratio_2D_nphi200_nd200_RC105_zscan_PT412_Dt310_theo/Ratio_2D_nphi200_nd200_RC105_z500_PT412_Dt310_theo.csv
/home/td263283/Documents/Python/Ratio_2D_LUT/Ratio_2D_nphi200_nd200_PT412_Dt310_theo/Ratio_2D_nphi200_nd200_RC110_zscan_PT412_Dt310_theo/Ratio_2D_nphi200_nd200_RC110_z500_PT412_Dt310_theo.csv
/home/td263283/Documents/Python/Ratio_2D_LUT/Ratio_2D_nphi200_nd200_PT412_Dt310_theo/Ratio_2D_nphi200_nd200_RC115_zscan_PT412_Dt310_theo/Ratio_2D_nphi200_nd200_RC115_z500_PT412_Dt310_theo.csv
/home/td263283/Documents/Python/Ratio_2D_LUT/Ratio_2D_nphi200_nd200_PT412_Dt310_theo/Ratio_2D_nphi200_nd200_RC120_zscan_PT412_Dt310_theo/Ratio_2D_nphi200_nd200_RC120_z500_PT412_Dt310_theo.csv
/home/td263283/Documents/Python/Ratio_2D_LUT/Ratio_2D_nphi200_nd200_PT412_Dt310_theo/Ratio_2D_nphi200_nd200_RC125_zscan_PT412_Dt310_theo/Ratio_2D_nphi200_nd200_RC125_z500_PT412_Dt310_theo.csv
/home/td263283/Documents/Python/Ratio_2D_LUT/Ratio_2D_nphi200_nd200_PT412_Dt310_theo/Ratio_2D_nphi200_nd200_RC130_zscan_PT412_Dt310_theo/Ratio_2D_nphi200_nd200_RC130_z500_PT412_Dt310_theo.csv
/home/td263283/Documents/Python/Ratio_2D_LUT/Ratio_2D_nphi200_nd200_PT412_Dt310_theo/Ratio_2D_nphi200_nd200_RC135_zscan_PT412_Dt310_theo/Ratio_2D_nphi200_nd200_RC135_z500_PT412_Dt310_theo.csv
/home/td263283/Documents/Python/Ratio_2D_LUT/Ratio_2D_nphi200_nd200_PT412_Dt310_theo/Ratio_2D_nphi200_nd200_RC140_zscan_PT412_Dt310_theo/Ratio_2D_nphi200_nd200_RC140_z500_PT412_Dt310_theo.csv
/home/td263283/Documents/Python/Ratio_2D_LUT/Ratio_2D_nphi200_nd200_PT412_Dt310_theo/Ratio_2D_nphi200_nd200_RC145_zscan_PT412_Dt310_theo/Ratio_2D_nphi200_nd200_RC145_z500_PT412_Dt310_theo.csv
/home/td263283/Documents/Python/Ratio_2D_LUT/Ratio_2D_nphi200_nd200_PT412_Dt310_theo/Ratio_2D_nphi200_nd200_RC150_zscan_PT412_Dt310_theo/Ratio_2D_nphi200_nd200_RC150_z500_PT412_Dt310_theo.csv
/home/td263283/Documents/Python/Ratio_2D_LUT/Ratio_2D_nphi200_nd200_PT412_Dt310_theo/Ratio_2D_nphi200_nd200_RC50_zscan_PT412_Dt310_theo/Ratio_2D_nphi200_nd200_RC50_z550_PT412_Dt310_theo.csv
/home/td263283/Documents/Python/Ratio_2D_LUT/Ratio_2D_nphi200_nd200_PT412_Dt310_theo/Ratio_2D_nphi200_nd200_RC55_zscan_PT412_Dt310_theo/Ratio_2D_nphi200_nd200_RC55_z550_PT412_Dt310_theo.csv
/home/td263283/Documents/Python/Ratio_2D_LUT/Ratio_2D_nphi200_nd200_PT412_Dt310_theo/Ratio_2D_nphi200_nd200_RC60_zscan_PT412_Dt310_theo/Ratio_2D_nphi200_nd200_RC60_z550_PT412_Dt310_theo.csv
/home/td263283/Documents/Python/Ratio_2D_LUT/Ratio_2D_nphi200_nd200_PT412_Dt310_theo/Ratio_2D_nphi200_nd200_RC65_zscan_PT412_Dt310_theo/Ratio_2D_nphi200_nd200_RC65_z550_PT412_Dt310_theo.csv
/home/td263283/Documents/Python/Ratio_2D_LUT/Ratio_2D_nphi200_nd200_PT412_Dt310_theo/Ratio_2D_nphi200_nd200_RC70_zscan_PT412_Dt310_theo/Ratio_2D_nphi200_nd200_RC70_z550_PT412_Dt310_theo.csv
/home/td263283/Documents/Python/Ratio_2D_LUT/Ratio_2D_nphi200_nd200_PT412_Dt310_theo/Ratio_2D_nphi200_nd200_RC75_zscan_PT412_Dt310_theo/Ratio_2D_nphi200_nd200_RC75_z550_PT412_Dt310_theo.csv
/home/td263283/Documents/Python/Ratio_2D_LUT/Ratio_2D_nphi200_nd200_PT412_Dt310_theo/Ratio_2D_nphi200_nd200_RC80_zscan_PT412_Dt310_theo/Ratio_2D_nphi200_nd200_RC80_z550_PT412_Dt310_theo.csv
/home/td263283/Documents/Python/Ratio_2D_LUT/Ratio_2D_nphi200_nd200_PT412_Dt310_theo/Ratio_2D_nphi200_nd200_RC85_zscan_PT412_Dt310_theo/Ratio_2D_nphi200_nd200_RC85_z550_PT412_Dt310_theo.csv
/home/td263283/Documents/Python/Ratio_2D_LUT/Ratio_2D_nphi200_nd200_PT412_Dt310_theo/Ratio_2D_nphi200_nd200_RC90_zscan_PT412_Dt310_theo/Ratio_2D_nphi200_nd200_RC90_z550_PT412_Dt310_theo.csv
/home/td263283/Documents/Python/Ratio_2D_LUT/Ratio_2D_nphi200_nd200_PT412_Dt310_theo/Ratio_2D_nphi200_nd200_RC95_zscan_PT412_Dt310_theo/Ratio_2D_nphi200_nd200_RC95_z550_PT412_Dt310_theo.csv
/home/td263283/Documents/Python/Ratio_2D_LUT/Ratio_2D_nphi200_nd200_PT412_Dt310_theo/Ratio_2D_nphi200_nd200_RC100_zscan_PT412_Dt310_theo/Ratio_2D_nphi200_nd200_RC100_z550_PT412_Dt310_theo.csv
/home/td263283/Documents/Python/Ratio_2D_LUT/Ratio_2D_nphi200_nd200_PT412_Dt310_theo/Ratio_2D_nphi200_nd200_RC105_zscan_PT412_Dt310_theo/Ratio_2D_nphi200_nd200_RC105_z550_PT412_Dt310_theo.csv
/home/td263283/Documents/Python/Ratio_2D_LUT/Ratio_2D_nphi200_nd200_PT412_Dt310_theo/Ratio_2D_nphi200_nd200_RC110_zscan_PT412_Dt310_theo/Ratio_2D_nphi200_nd200_RC110_z550_PT412_Dt310_theo.csv
/home/td263283/Documents/Python/Ratio_2D_LUT/Ratio_2D_nphi200_nd200_PT412_Dt310_theo/Ratio_2D_nphi200_nd200_RC115_zscan_PT412_Dt310_theo/Ratio_2D_nphi200_nd200_RC115_z550_PT412_Dt310_theo.csv
/home/td263283/Documents/Python/Ratio_2D_LUT/Ratio_2D_nphi200_nd200_PT412_Dt310_theo/Ratio_2D_nphi200_nd200_RC120_zscan_PT412_Dt310_theo/Ratio_2D_nphi200_nd200_RC120_z550_PT412_Dt310_theo.csv
/home/td263283/Documents/Python/Ratio_2D_LUT/Ratio_2D_nphi200_nd200_PT412_Dt310_theo/Ratio_2D_nphi200_nd200_RC125_zscan_PT412_Dt310_theo/Ratio_2D_nphi200_nd200_RC125_z550_PT412_Dt310_theo.csv
/home/td263283/Documents/Python/Ratio_2D_LUT/Ratio_2D_nphi200_nd200_PT412_Dt310_theo/Ratio_2D_nphi200_nd200_RC130_zscan_PT412_Dt310_theo/Ratio_2D_nphi200_nd200_RC130_z550_PT412_Dt310_theo.csv
/home/td263283/Documents/Python/Ratio_2D_LUT/Ratio_2D_nphi200_nd200_PT412_Dt310_theo/Ratio_2D_nphi200_nd200_RC135_zscan_PT412_Dt310_theo/Ratio_2D_nphi200_nd200_RC135_z550_PT412_Dt310_theo.csv
/home/td263283/Documents/Python/Ratio_2D_LUT/Ratio_2D_nphi200_nd200_PT412_Dt310_theo/Ratio_2D_nphi200_nd200_RC140_zscan_PT412_Dt310_theo/Ratio_2D_nphi200_nd200_RC140_z550_PT412_Dt310_theo.csv
/home/td263283/Documents/Python/Ratio_2D_LUT/Ratio_2D_nphi200_nd200_PT412_Dt310_theo/Ratio_2D_nphi200_nd200_RC145_zscan_PT412_Dt310_theo/Ratio_2D_nphi200_nd200_RC145_z550_PT412_Dt310_theo.csv
/home/td263283/Documents/Python/Ratio_2D_LUT/Ratio_2D_nphi200_nd200_PT412_Dt310_theo/Ratio_2D_nphi200_nd200_RC150_zscan_PT412_Dt310_theo/Ratio_2D_nphi200_nd200_RC150_z550_PT412_Dt310_theo.csv
/home/td263283/Documents/Python/Ratio_2D_LUT/Ratio_2D_nphi200_nd200_PT412_Dt310_theo/Ratio_2D_nphi200_nd200_RC50_zscan_PT412_Dt310_theo/Ratio_2D_nphi200_nd200_RC50_z600_PT412_Dt310_theo.csv
/home/td263283/Documents/Python/Ratio_2D_LUT/Ratio_2D_nphi200_nd200_PT412_Dt310_theo/Ratio_2D_nphi200_nd200_RC55_zscan_PT412_Dt310_theo/Ratio_2D_nphi200_nd200_RC55_z600_PT412_Dt310_theo.csv
/home/td263283/Documents/Python/Ratio_2D_LUT/Ratio_2D_nphi200_nd200_PT412_Dt310_theo/Ratio_2D_nphi200_nd200_RC60_zscan_PT412_Dt310_theo/Ratio_2D_nphi200_nd200_RC60_z600_PT412_Dt310_theo.csv
/home/td263283/Documents/Python/Ratio_2D_LUT/Ratio_2D_nphi200_nd200_PT412_Dt310_theo/Ratio_2D_nphi200_nd200_RC65_zscan_PT412_Dt310_theo/Ratio_2D_nphi200_nd200_RC65_z600_PT412_Dt310_theo.csv
/home/td263283/Documents/Python/Ratio_2D_LUT/Ratio_2D_nphi200_nd200_PT412_Dt310_theo/Ratio_2D_nphi200_nd200_RC70_zscan_PT412_Dt310_theo/Ratio_2D_nphi200_nd200_RC70_z600_PT412_Dt310_theo.csv
/home/td263283/Documents/Python/Ratio_2D_LUT/Ratio_2D_nphi200_nd200_PT412_Dt310_theo/Ratio_2D_nphi200_nd200_RC75_zscan_PT412_Dt310_theo/Ratio_2D_nphi200_nd200_RC75_z600_PT412_Dt310_theo.csv
/home/td263283/Documents/Python/Ratio_2D_LUT/Ratio_2D_nphi200_nd200_PT412_Dt310_theo/Ratio_2D_nphi200_nd200_RC80_zscan_PT412_Dt310_theo/Ratio_2D_nphi200_nd200_RC80_z600_PT412_Dt310_theo.csv
/home/td263283/Documents/Python/Ratio_2D_LUT/Ratio_2D_nphi200_nd200_PT412_Dt310_theo/Ratio_2D_nphi200_nd200_RC85_zscan_PT412_Dt310_theo/Ratio_2D_nphi200_nd200_RC85_z600_PT412_Dt310_theo.csv
/home/td263283/Documents/Python/Ratio_2D_LUT/Ratio_2D_nphi200_nd200_PT412_Dt310_theo/Ratio_2D_nphi200_nd200_RC90_zscan_PT412_Dt310_theo/Ratio_2D_nphi200_nd200_RC90_z600_PT412_Dt310_theo.csv
/home/td263283/Documents/Python/Ratio_2D_LUT/Ratio_2D_nphi200_nd200_PT412_Dt310_theo/Ratio_2D_nphi200_nd200_RC95_zscan_PT412_Dt310_theo/Ratio_2D_nphi200_nd200_RC95_z600_PT412_Dt310_theo.csv
/home/td263283/Documents/Python/Ratio_2D_LUT/Ratio_2D_nphi200_nd200_PT412_Dt310_theo/Ratio_2D_nphi200_nd200_RC100_zscan_PT412_Dt310_theo/Ratio_2D_nphi200_nd200_RC100_z600_PT412_Dt310_theo.csv
/home/td263283/Documents/Python/Ratio_2D_LUT/Ratio_2D_nphi200_nd200_PT412_Dt310_theo/Ratio_2D_nphi200_nd200_RC105_zscan_PT412_Dt310_theo/Ratio_2D_nphi200_nd200_RC105_z600_PT412_Dt310_theo.csv
/home/td263283/Documents/Python/Ratio_2D_LUT/Ratio_2D_nphi200_nd200_PT412_Dt310_theo/Ratio_2D_nphi200_nd200_RC110_zscan_PT412_Dt310_theo/Ratio_2D_nphi200_nd200_RC110_z600_PT412_Dt310_theo.csv
/home/td263283/Documents/Python/Ratio_2D_LUT/Ratio_2D_nphi200_nd200_PT412_Dt310_theo/Ratio_2D_nphi200_nd200_RC115_zscan_PT412_Dt310_theo/Ratio_2D_nphi200_nd200_RC115_z600_PT412_Dt310_theo.csv
/home/td263283/Documents/Python/Ratio_2D_LUT/Ratio_2D_nphi200_nd200_PT412_Dt310_theo/Ratio_2D_nphi200_nd200_RC120_zscan_PT412_Dt310_theo/Ratio_2D_nphi200_nd200_RC120_z600_PT412_Dt310_theo.csv
/home/td263283/Documents/Python/Ratio_2D_LUT/Ratio_2D_nphi200_nd200_PT412_Dt310_theo/Ratio_2D_nphi200_nd200_RC125_zscan_PT412_Dt310_theo/Ratio_2D_nphi200_nd200_RC125_z600_PT412_Dt310_theo.csv
/home/td263283/Documents/Python/Ratio_2D_LUT/Ratio_2D_nphi200_nd200_PT412_Dt310_theo/Ratio_2D_nphi200_nd200_RC130_zscan_PT412_Dt310_theo/Ratio_2D_nphi200_nd200_RC130_z600_PT412_Dt310_theo.csv
/home/td263283/Documents/Python/Ratio_2D_LUT/Ratio_2D_nphi200_nd200_PT412_Dt310_theo/Ratio_2D_nphi200_nd200_RC135_zscan_PT412_Dt310_theo/Ratio_2D_nphi200_nd200_RC135_z600_PT412_Dt310_theo.csv
/home/td263283/Documents/Python/Ratio_2D_LUT/Ratio_2D_nphi200_nd200_PT412_Dt310_theo/Ratio_2D_nphi200_nd200_RC140_zscan_PT412_Dt310_theo/Ratio_2D_nphi200_nd200_RC140_z600_PT412_Dt310_theo.csv
/home/td263283/Documents/Python/Ratio_2D_LUT/Ratio_2D_nphi200_nd200_PT412_Dt310_theo/Ratio_2D_nphi200_nd200_RC145_zscan_PT412_Dt310_theo/Ratio_2D_nphi200_nd200_RC145_z600_PT412_Dt310_theo.csv
/home/td263283/Documents/Python/Ratio_2D_LUT/Ratio_2D_nphi200_nd200_PT412_Dt310_theo/Ratio_2D_nphi200_nd200_RC150_zscan_PT412_Dt310_theo/Ratio_2D_nphi200_nd200_RC150_z600_PT412_Dt310_theo.csv
/home/td263283/Documents/Python/Ratio_2D_LUT/Ratio_2D_nphi200_nd200_PT412_Dt310_theo/Ratio_2D_nphi200_nd200_RC50_zscan_PT412_Dt310_theo/Ratio_2D_nphi200_nd200_RC50_z650_PT412_Dt310_theo.csv
/home/td263283/Documents/Python/Ratio_2D_LUT/Ratio_2D_nphi200_nd200_PT412_Dt310_theo/Ratio_2D_nphi200_nd200_RC55_zscan_PT412_Dt310_theo/Ratio_2D_nphi200_nd200_RC55_z650_PT412_Dt310_theo.csv
/home/td263283/Documents/Python/Ratio_2D_LUT/Ratio_2D_nphi200_nd200_PT412_Dt310_theo/Ratio_2D_nphi200_nd200_RC60_zscan_PT412_Dt310_theo/Ratio_2D_nphi200_nd200_RC60_z650_PT412_Dt310_theo.csv
/home/td263283/Documents/Python/Ratio_2D_LUT/Ratio_2D_nphi200_nd200_PT412_Dt310_theo/Ratio_2D_nphi200_nd200_RC65_zscan_PT412_Dt310_theo/Ratio_2D_nphi200_nd200_RC65_z650_PT412_Dt310_theo.csv
/home/td263283/Documents/Python/Ratio_2D_LUT/Ratio_2D_nphi200_nd200_PT412_Dt310_theo/Ratio_2D_nphi200_nd200_RC70_zscan_PT412_Dt310_theo/Ratio_2D_nphi200_nd200_RC70_z650_PT412_Dt310_theo.csv
/home/td263283/Documents/Python/Ratio_2D_LUT/Ratio_2D_nphi200_nd200_PT412_Dt310_theo/Ratio_2D_nphi200_nd200_RC75_zscan_PT412_Dt310_theo/Ratio_2D_nphi200_nd200_RC75_z650_PT412_Dt310_theo.csv
/home/td263283/Documents/Python/Ratio_2D_LUT/Ratio_2D_nphi200_nd200_PT412_Dt310_theo/Ratio_2D_nphi200_nd200_RC80_zscan_PT412_Dt310_theo/Ratio_2D_nphi200_nd200_RC80_z650_PT412_Dt310_theo.csv
/home/td263283/Documents/Python/Ratio_2D_LUT/Ratio_2D_nphi200_nd200_PT412_Dt310_theo/Ratio_2D_nphi200_nd200_RC85_zscan_PT412_Dt310_theo/Ratio_2D_nphi200_nd200_RC85_z650_PT412_Dt310_theo.csv
/home/td263283/Documents/Python/Ratio_2D_LUT/Ratio_2D_nphi200_nd200_PT412_Dt310_theo/Ratio_2D_nphi200_nd200_RC90_zscan_PT412_Dt310_theo/Ratio_2D_nphi200_nd200_RC90_z650_PT412_Dt310_theo.csv
/home/td263283/Documents/Python/Ratio_2D_LUT/Ratio_2D_nphi200_nd200_PT412_Dt310_theo/Ratio_2D_nphi200_nd200_RC95_zscan_PT412_Dt310_theo/Ratio_2D_nphi200_nd200_RC95_z650_PT412_Dt310_theo.csv
/home/td263283/Documents/Python/Ratio_2D_LUT/Ratio_2D_nphi200_nd200_PT412_Dt310_theo/Ratio_2D_nphi200_nd200_RC100_zscan_PT412_Dt310_theo/Ratio_2D_nphi200_nd200_RC100_z650_PT412_Dt310_theo.csv
/home/td263283/Documents/Python/Ratio_2D_LUT/Ratio_2D_nphi200_nd200_PT412_Dt310_theo/Ratio_2D_nphi200_nd200_RC105_zscan_PT412_Dt310_theo/Ratio_2D_nphi200_nd200_RC105_z650_PT412_Dt310_theo.csv
/home/td263283/Documents/Python/Ratio_2D_LUT/Ratio_2D_nphi200_nd200_PT412_Dt310_theo/Ratio_2D_nphi200_nd200_RC110_zscan_PT412_Dt310_theo/Ratio_2D_nphi200_nd200_RC110_z650_PT412_Dt310_theo.csv
/home/td263283/Documents/Python/Ratio_2D_LUT/Ratio_2D_nphi200_nd200_PT412_Dt310_theo/Ratio_2D_nphi200_nd200_RC115_zscan_PT412_Dt310_theo/Ratio_2D_nphi200_nd200_RC115_z650_PT412_Dt310_theo.csv
/home/td263283/Documents/Python/Ratio_2D_LUT/Ratio_2D_nphi200_nd200_PT412_Dt310_theo/Ratio_2D_nphi200_nd200_RC120_zscan_PT412_Dt310_theo/Ratio_2D_nphi200_nd200_RC120_z650_PT412_Dt310_theo.csv
/home/td263283/Documents/Python/Ratio_2D_LUT/Ratio_2D_nphi200_nd200_PT412_Dt310_theo/Ratio_2D_nphi200_nd200_RC125_zscan_PT412_Dt310_theo/Ratio_2D_nphi200_nd200_RC125_z650_PT412_Dt310_theo.csv
/home/td263283/Documents/Python/Ratio_2D_LUT/Ratio_2D_nphi200_nd200_PT412_Dt310_theo/Ratio_2D_nphi200_nd200_RC130_zscan_PT412_Dt310_theo/Ratio_2D_nphi200_nd200_RC130_z650_PT412_Dt310_theo.csv
/home/td263283/Documents/Python/Ratio_2D_LUT/Ratio_2D_nphi200_nd200_PT412_Dt310_theo/Ratio_2D_nphi200_nd200_RC135_zscan_PT412_Dt310_theo/Ratio_2D_nphi200_nd200_RC135_z650_PT412_Dt310_theo.csv
/home/td263283/Documents/Python/Ratio_2D_LUT/Ratio_2D_nphi200_nd200_PT412_Dt310_theo/Ratio_2D_nphi200_nd200_RC140_zscan_PT412_Dt310_theo/Ratio_2D_nphi200_nd200_RC140_z650_PT412_Dt310_theo.csv
/home/td263283/Documents/Python/Ratio_2D_LUT/Ratio_2D_nphi200_nd200_PT412_Dt310_theo/Ratio_2D_nphi200_nd200_RC145_zscan_PT412_Dt310_theo/Ratio_2D_nphi200_nd200_RC145_z650_PT412_Dt310_theo.csv
/home/td263283/Documents/Python/Ratio_2D_LUT/Ratio_2D_nphi200_nd200_PT412_Dt310_theo/Ratio_2D_nphi200_nd200_RC150_zscan_PT412_Dt310_theo/Ratio_2D_nphi200_nd200_RC150_z650_PT412_Dt310_theo.csv
/home/td263283/Documents/Python/Ratio_2D_LUT/Ratio_2D_nphi200_nd200_PT412_Dt310_theo/Ratio_2D_nphi200_nd200_RC50_zscan_PT412_Dt310_theo/Ratio_2D_nphi200_nd200_RC50_z700_PT412_Dt310_theo.csv
/home/td263283/Documents/Python/Ratio_2D_LUT/Ratio_2D_nphi200_nd200_PT412_Dt310_theo/Ratio_2D_nphi200_nd200_RC55_zscan_PT412_Dt310_theo/Ratio_2D_nphi200_nd200_RC55_z700_PT412_Dt310_theo.csv
/home/td263283/Documents/Python/Ratio_2D_LUT/Ratio_2D_nphi200_nd200_PT412_Dt310_theo/Ratio_2D_nphi200_nd200_RC60_zscan_PT412_Dt310_theo/Ratio_2D_nphi200_nd200_RC60_z700_PT412_Dt310_theo.csv
/home/td263283/Documents/Python/Ratio_2D_LUT/Ratio_2D_nphi200_nd200_PT412_Dt310_theo/Ratio_2D_nphi200_nd200_RC65_zscan_PT412_Dt310_theo/Ratio_2D_nphi200_nd200_RC65_z700_PT412_Dt310_theo.csv
/home/td263283/Documents/Python/Ratio_2D_LUT/Ratio_2D_nphi200_nd200_PT412_Dt310_theo/Ratio_2D_nphi200_nd200_RC70_zscan_PT412_Dt310_theo/Ratio_2D_nphi200_nd200_RC70_z700_PT412_Dt310_theo.csv
/home/td263283/Documents/Python/Ratio_2D_LUT/Ratio_2D_nphi200_nd200_PT412_Dt310_theo/Ratio_2D_nphi200_nd200_RC75_zscan_PT412_Dt310_theo/Ratio_2D_nphi200_nd200_RC75_z700_PT412_Dt310_theo.csv
/home/td263283/Documents/Python/Ratio_2D_LUT/Ratio_2D_nphi200_nd200_PT412_Dt310_theo/Ratio_2D_nphi200_nd200_RC80_zscan_PT412_Dt310_theo/Ratio_2D_nphi200_nd200_RC80_z700_PT412_Dt310_theo.csv
/home/td263283/Documents/Python/Ratio_2D_LUT/Ratio_2D_nphi200_nd200_PT412_Dt310_theo/Ratio_2D_nphi200_nd200_RC85_zscan_PT412_Dt310_theo/Ratio_2D_nphi200_nd200_RC85_z700_PT412_Dt310_theo.csv
/home/td263283/Documents/Python/Ratio_2D_LUT/Ratio_2D_nphi200_nd200_PT412_Dt310_theo/Ratio_2D_nphi200_nd200_RC90_zscan_PT412_Dt310_theo/Ratio_2D_nphi200_nd200_RC90_z700_PT412_Dt310_theo.csv
/home/td263283/Documents/Python/Ratio_2D_LUT/Ratio_2D_nphi200_nd200_PT412_Dt310_theo/Ratio_2D_nphi200_nd200_RC95_zscan_PT412_Dt310_theo/Ratio_2D_nphi200_nd200_RC95_z700_PT412_Dt310_theo.csv
/home/td263283/Documents/Python/Ratio_2D_LUT/Ratio_2D_nphi200_nd200_PT412_Dt310_theo/Ratio_2D_nphi200_nd200_RC100_zscan_PT412_Dt310_theo/Ratio_2D_nphi200_nd200_RC100_z700_PT412_Dt310_theo.csv
/home/td263283/Documents/Python/Ratio_2D_LUT/Ratio_2D_nphi200_nd200_PT412_Dt310_theo/Ratio_2D_nphi200_nd200_RC105_zscan_PT412_Dt310_theo/Ratio_2D_nphi200_nd200_RC105_z700_PT412_Dt310_theo.csv
/home/td263283/Documents/Python/Ratio_2D_LUT/Ratio_2D_nphi200_nd200_PT412_Dt310_theo/Ratio_2D_nphi200_nd200_RC110_zscan_PT412_Dt310_theo/Ratio_2D_nphi200_nd200_RC110_z700_PT412_Dt310_theo.csv
/home/td263283/Documents/Python/Ratio_2D_LUT/Ratio_2D_nphi200_nd200_PT412_Dt310_theo/Ratio_2D_nphi200_nd200_RC115_zscan_PT412_Dt310_theo/Ratio_2D_nphi200_nd200_RC115_z700_PT412_Dt310_theo.csv
/home/td263283/Documents/Python/Ratio_2D_LUT/Ratio_2D_nphi200_nd200_PT412_Dt310_theo/Ratio_2D_nphi200_nd200_RC120_zscan_PT412_Dt310_theo/Ratio_2D_nphi200_nd200_RC120_z700_PT412_Dt310_theo.csv
/home/td263283/Documents/Python/Ratio_2D_LUT/Ratio_2D_nphi200_nd200_PT412_Dt310_theo/Ratio_2D_nphi200_nd200_RC125_zscan_PT412_Dt310_theo/Ratio_2D_nphi200_nd200_RC125_z700_PT412_Dt310_theo.csv
/home/td263283/Documents/Python/Ratio_2D_LUT/Ratio_2D_nphi200_nd200_PT412_Dt310_theo/Ratio_2D_nphi200_nd200_RC130_zscan_PT412_Dt310_theo/Ratio_2D_nphi200_nd200_RC130_z700_PT412_Dt310_theo.csv
/home/td263283/Documents/Python/Ratio_2D_LUT/Ratio_2D_nphi200_nd200_PT412_Dt310_theo/Ratio_2D_nphi200_nd200_RC135_zscan_PT412_Dt310_theo/Ratio_2D_nphi200_nd200_RC135_z700_PT412_Dt310_theo.csv
/home/td263283/Documents/Python/Ratio_2D_LUT/Ratio_2D_nphi200_nd200_PT412_Dt310_theo/Ratio_2D_nphi200_nd200_RC140_zscan_PT412_Dt310_theo/Ratio_2D_nphi200_nd200_RC140_z700_PT412_Dt310_theo.csv
/home/td263283/Documents/Python/Ratio_2D_LUT/Ratio_2D_nphi200_nd200_PT412_Dt310_theo/Ratio_2D_nphi200_nd200_RC145_zscan_PT412_Dt310_theo/Ratio_2D_nphi200_nd200_RC145_z700_PT412_Dt310_theo.csv
/home/td263283/Documents/Python/Ratio_2D_LUT/Ratio_2D_nphi200_nd200_PT412_Dt310_theo/Ratio_2D_nphi200_nd200_RC150_zscan_PT412_Dt310_theo/Ratio_2D_nphi200_nd200_RC150_z700_PT412_Dt310_theo.csv
/home/td263283/Documents/Python/Ratio_2D_LUT/Ratio_2D_nphi200_nd200_PT412_Dt310_theo/Ratio_2D_nphi200_nd200_RC50_zscan_PT412_Dt310_theo/Ratio_2D_nphi200_nd200_RC50_z750_PT412_Dt310_theo.csv
/home/td263283/Documents/Python/Ratio_2D_LUT/Ratio_2D_nphi200_nd200_PT412_Dt310_theo/Ratio_2D_nphi200_nd200_RC55_zscan_PT412_Dt310_theo/Ratio_2D_nphi200_nd200_RC55_z750_PT412_Dt310_theo.csv
/home/td263283/Documents/Python/Ratio_2D_LUT/Ratio_2D_nphi200_nd200_PT412_Dt310_theo/Ratio_2D_nphi200_nd200_RC60_zscan_PT412_Dt310_theo/Ratio_2D_nphi200_nd200_RC60_z750_PT412_Dt310_theo.csv
/home/td263283/Documents/Python/Ratio_2D_LUT/Ratio_2D_nphi200_nd200_PT412_Dt310_theo/Ratio_2D_nphi200_nd200_RC65_zscan_PT412_Dt310_theo/Ratio_2D_nphi200_nd200_RC65_z750_PT412_Dt310_theo.csv
/home/td263283/Documents/Python/Ratio_2D_LUT/Ratio_2D_nphi200_nd200_PT412_Dt310_theo/Ratio_2D_nphi200_nd200_RC70_zscan_PT412_Dt310_theo/Ratio_2D_nphi200_nd200_RC70_z750_PT412_Dt310_theo.csv
/home/td263283/Documents/Python/Ratio_2D_LUT/Ratio_2D_nphi200_nd200_PT412_Dt310_theo/Ratio_2D_nphi200_nd200_RC75_zscan_PT412_Dt310_theo/Ratio_2D_nphi200_nd200_RC75_z750_PT412_Dt310_theo.csv
/home/td263283/Documents/Python/Ratio_2D_LUT/Ratio_2D_nphi200_nd200_PT412_Dt310_theo/Ratio_2D_nphi200_nd200_RC80_zscan_PT412_Dt310_theo/Ratio_2D_nphi200_nd200_RC80_z750_PT412_Dt310_theo.csv
/home/td263283/Documents/Python/Ratio_2D_LUT/Ratio_2D_nphi200_nd200_PT412_Dt310_theo/Ratio_2D_nphi200_nd200_RC85_zscan_PT412_Dt310_theo/Ratio_2D_nphi200_nd200_RC85_z750_PT412_Dt310_theo.csv
/home/td263283/Documents/Python/Ratio_2D_LUT/Ratio_2D_nphi200_nd200_PT412_Dt310_theo/Ratio_2D_nphi200_nd200_RC90_zscan_PT412_Dt310_theo/Ratio_2D_nphi200_nd200_RC90_z750_PT412_Dt310_theo.csv
/home/td263283/Documents/Python/Ratio_2D_LUT/Ratio_2D_nphi200_nd200_PT412_Dt310_theo/Ratio_2D_nphi200_nd200_RC95_zscan_PT412_Dt310_theo/Ratio_2D_nphi200_nd200_RC95_z750_PT412_Dt310_theo.csv
/home/td263283/Documents/Python/Ratio_2D_LUT/Ratio_2D_nphi200_nd200_PT412_Dt310_theo/Ratio_2D_nphi200_nd200_RC100_zscan_PT412_Dt310_theo/Ratio_2D_nphi200_nd200_RC100_z750_PT412_Dt310_theo.csv
/home/td263283/Documents/Python/Ratio_2D_LUT/Ratio_2D_nphi200_nd200_PT412_Dt310_theo/Ratio_2D_nphi200_nd200_RC105_zscan_PT412_Dt310_theo/Ratio_2D_nphi200_nd200_RC105_z750_PT412_Dt310_theo.csv
/home/td263283/Documents/Python/Ratio_2D_LUT/Ratio_2D_nphi200_nd200_PT412_Dt310_theo/Ratio_2D_nphi200_nd200_RC110_zscan_PT412_Dt310_theo/Ratio_2D_nphi200_nd200_RC110_z750_PT412_Dt310_theo.csv
/home/td263283/Documents/Python/Ratio_2D_LUT/Ratio_2D_nphi200_nd200_PT412_Dt310_theo/Ratio_2D_nphi200_nd200_RC115_zscan_PT412_Dt310_theo/Ratio_2D_nphi200_nd200_RC115_z750_PT412_Dt310_theo.csv
/home/td263283/Documents/Python/Ratio_2D_LUT/Ratio_2D_nphi200_nd200_PT412_Dt310_theo/Ratio_2D_nphi200_nd200_RC120_zscan_PT412_Dt310_theo/Ratio_2D_nphi200_nd200_RC120_z750_PT412_Dt310_theo.csv
/home/td263283/Documents/Python/Ratio_2D_LUT/Ratio_2D_nphi200_nd200_PT412_Dt310_theo/Ratio_2D_nphi200_nd200_RC125_zscan_PT412_Dt310_theo/Ratio_2D_nphi200_nd200_RC125_z750_PT412_Dt310_theo.csv
/home/td263283/Documents/Python/Ratio_2D_LUT/Ratio_2D_nphi200_nd200_PT412_Dt310_theo/Ratio_2D_nphi200_nd200_RC130_zscan_PT412_Dt310_theo/Ratio_2D_nphi200_nd200_RC130_z750_PT412_Dt310_theo.csv
/home/td263283/Documents/Python/Ratio_2D_LUT/Ratio_2D_nphi200_nd200_PT412_Dt310_theo/Ratio_2D_nphi200_nd200_RC135_zscan_PT412_Dt310_theo/Ratio_2D_nphi200_nd200_RC135_z750_PT412_Dt310_theo.csv
/home/td263283/Documents/Python/Ratio_2D_LUT/Ratio_2D_nphi200_nd200_PT412_Dt310_theo/Ratio_2D_nphi200_nd200_RC140_zscan_PT412_Dt310_theo/Ratio_2D_nphi200_nd200_RC140_z750_PT412_Dt310_theo.csv
/home/td263283/Documents/Python/Ratio_2D_LUT/Ratio_2D_nphi200_nd200_PT412_Dt310_theo/Ratio_2D_nphi200_nd200_RC145_zscan_PT412_Dt310_theo/Ratio_2D_nphi200_nd200_RC145_z750_PT412_Dt310_theo.csv
/home/td263283/Documents/Python/Ratio_2D_LUT/Ratio_2D_nphi200_nd200_PT412_Dt310_theo/Ratio_2D_nphi200_nd200_RC150_zscan_PT412_Dt310_theo/Ratio_2D_nphi200_nd200_RC150_z750_PT412_Dt310_theo.csv
/home/td263283/Documents/Python/Ratio_2D_LUT/Ratio_2D_nphi200_nd200_PT412_Dt310_theo/Ratio_2D_nphi200_nd200_RC50_zscan_PT412_Dt310_theo/Ratio_2D_nphi200_nd200_RC50_z800_PT412_Dt310_theo.csv
/home/td263283/Documents/Python/Ratio_2D_LUT/Ratio_2D_nphi200_nd200_PT412_Dt310_theo/Ratio_2D_nphi200_nd200_RC55_zscan_PT412_Dt310_theo/Ratio_2D_nphi200_nd200_RC55_z800_PT412_Dt310_theo.csv
/home/td263283/Documents/Python/Ratio_2D_LUT/Ratio_2D_nphi200_nd200_PT412_Dt310_theo/Ratio_2D_nphi200_nd200_RC60_zscan_PT412_Dt310_theo/Ratio_2D_nphi200_nd200_RC60_z800_PT412_Dt310_theo.csv
/home/td263283/Documents/Python/Ratio_2D_LUT/Ratio_2D_nphi200_nd200_PT412_Dt310_theo/Ratio_2D_nphi200_nd200_RC65_zscan_PT412_Dt310_theo/Ratio_2D_nphi200_nd200_RC65_z800_PT412_Dt310_theo.csv
/home/td263283/Documents/Python/Ratio_2D_LUT/Ratio_2D_nphi200_nd200_PT412_Dt310_theo/Ratio_2D_nphi200_nd200_RC70_zscan_PT412_Dt310_theo/Ratio_2D_nphi200_nd200_RC70_z800_PT412_Dt310_theo.csv
/home/td263283/Documents/Python/Ratio_2D_LUT/Ratio_2D_nphi200_nd200_PT412_Dt310_theo/Ratio_2D_nphi200_nd200_RC75_zscan_PT412_Dt310_theo/Ratio_2D_nphi200_nd200_RC75_z800_PT412_Dt310_theo.csv
/home/td263283/Documents/Python/Ratio_2D_LUT/Ratio_2D_nphi200_nd200_PT412_Dt310_theo/Ratio_2D_nphi200_nd200_RC80_zscan_PT412_Dt310_theo/Ratio_2D_nphi200_nd200_RC80_z800_PT412_Dt310_theo.csv
/home/td263283/Documents/Python/Ratio_2D_LUT/Ratio_2D_nphi200_nd200_PT412_Dt310_theo/Ratio_2D_nphi200_nd200_RC85_zscan_PT412_Dt310_theo/Ratio_2D_nphi200_nd200_RC85_z800_PT412_Dt310_theo.csv
/home/td263283/Documents/Python/Ratio_2D_LUT/Ratio_2D_nphi200_nd200_PT412_Dt310_theo/Ratio_2D_nphi200_nd200_RC90_zscan_PT412_Dt310_theo/Ratio_2D_nphi200_nd200_RC90_z800_PT412_Dt310_theo.csv
/home/td263283/Documents/Python/Ratio_2D_LUT/Ratio_2D_nphi200_nd200_PT412_Dt310_theo/Ratio_2D_nphi200_nd200_RC95_zscan_PT412_Dt310_theo/Ratio_2D_nphi200_nd200_RC95_z800_PT412_Dt310_theo.csv
/home/td263283/Documents/Python/Ratio_2D_LUT/Ratio_2D_nphi200_nd200_PT412_Dt310_theo/Ratio_2D_nphi200_nd200_RC100_zscan_PT412_Dt310_theo/Ratio_2D_nphi200_nd200_RC100_z800_PT412_Dt310_theo.csv
/home/td263283/Documents/Python/Ratio_2D_LUT/Ratio_2D_nphi200_nd200_PT412_Dt310_theo/Ratio_2D_nphi200_nd200_RC105_zscan_PT412_Dt310_theo/Ratio_2D_nphi200_nd200_RC105_z800_PT412_Dt310_theo.csv
/home/td263283/Documents/Python/Ratio_2D_LUT/Ratio_2D_nphi200_nd200_PT412_Dt310_theo/Ratio_2D_nphi200_nd200_RC110_zscan_PT412_Dt310_theo/Ratio_2D_nphi200_nd200_RC110_z800_PT412_Dt310_theo.csv
/home/td263283/Documents/Python/Ratio_2D_LUT/Ratio_2D_nphi200_nd200_PT412_Dt310_theo/Ratio_2D_nphi200_nd200_RC115_zscan_PT412_Dt310_theo/Ratio_2D_nphi200_nd200_RC115_z800_PT412_Dt310_theo.csv
/home/td263283/Documents/Python/Ratio_2D_LUT/Ratio_2D_nphi200_nd200_PT412_Dt310_theo/Ratio_2D_nphi200_nd200_RC120_zscan_PT412_Dt310_theo/Ratio_2D_nphi200_nd200_RC120_z800_PT412_Dt310_theo.csv
/home/td263283/Documents/Python/Ratio_2D_LUT/Ratio_2D_nphi200_nd200_PT412_Dt310_theo/Ratio_2D_nphi200_nd200_RC125_zscan_PT412_Dt310_theo/Ratio_2D_nphi200_nd200_RC125_z800_PT412_Dt310_theo.csv
/home/td263283/Documents/Python/Ratio_2D_LUT/Ratio_2D_nphi200_nd200_PT412_Dt310_theo/Ratio_2D_nphi200_nd200_RC130_zscan_PT412_Dt310_theo/Ratio_2D_nphi200_nd200_RC130_z800_PT412_Dt310_theo.csv
/home/td263283/Documents/Python/Ratio_2D_LUT/Ratio_2D_nphi200_nd200_PT412_Dt310_theo/Ratio_2D_nphi200_nd200_RC135_zscan_PT412_Dt310_theo/Ratio_2D_nphi200_nd200_RC135_z800_PT412_Dt310_theo.csv
/home/td263283/Documents/Python/Ratio_2D_LUT/Ratio_2D_nphi200_nd200_PT412_Dt310_theo/Ratio_2D_nphi200_nd200_RC140_zscan_PT412_Dt310_theo/Ratio_2D_nphi200_nd200_RC140_z800_PT412_Dt310_theo.csv
/home/td263283/Documents/Python/Ratio_2D_LUT/Ratio_2D_nphi200_nd200_PT412_Dt310_theo/Ratio_2D_nphi200_nd200_RC145_zscan_PT412_Dt310_theo/Ratio_2D_nphi200_nd200_RC145_z800_PT412_Dt310_theo.csv
/home/td263283/Documents/Python/Ratio_2D_LUT/Ratio_2D_nphi200_nd200_PT412_Dt310_theo/Ratio_2D_nphi200_nd200_RC150_zscan_PT412_Dt310_theo/Ratio_2D_nphi200_nd200_RC150_z800_PT412_Dt310_theo.csv
/home/td263283/Documents/Python/Ratio_2D_LUT/Ratio_2D_nphi200_nd200_PT412_Dt310_theo/Ratio_2D_nphi200_nd200_RC50_zscan_PT412_Dt310_theo/Ratio_2D_nphi200_nd200_RC50_z850_PT412_Dt310_theo.csv
/home/td263283/Documents/Python/Ratio_2D_LUT/Ratio_2D_nphi200_nd200_PT412_Dt310_theo/Ratio_2D_nphi200_nd200_RC55_zscan_PT412_Dt310_theo/Ratio_2D_nphi200_nd200_RC55_z850_PT412_Dt310_theo.csv
/home/td263283/Documents/Python/Ratio_2D_LUT/Ratio_2D_nphi200_nd200_PT412_Dt310_theo/Ratio_2D_nphi200_nd200_RC60_zscan_PT412_Dt310_theo/Ratio_2D_nphi200_nd200_RC60_z850_PT412_Dt310_theo.csv
/home/td263283/Documents/Python/Ratio_2D_LUT/Ratio_2D_nphi200_nd200_PT412_Dt310_theo/Ratio_2D_nphi200_nd200_RC65_zscan_PT412_Dt310_theo/Ratio_2D_nphi200_nd200_RC65_z850_PT412_Dt310_theo.csv
/home/td263283/Documents/Python/Ratio_2D_LUT/Ratio_2D_nphi200_nd200_PT412_Dt310_theo/Ratio_2D_nphi200_nd200_RC70_zscan_PT412_Dt310_theo/Ratio_2D_nphi200_nd200_RC70_z850_PT412_Dt310_theo.csv
/home/td263283/Documents/Python/Ratio_2D_LUT/Ratio_2D_nphi200_nd200_PT412_Dt310_theo/Ratio_2D_nphi200_nd200_RC75_zscan_PT412_Dt310_theo/Ratio_2D_nphi200_nd200_RC75_z850_PT412_Dt310_theo.csv
/home/td263283/Documents/Python/Ratio_2D_LUT/Ratio_2D_nphi200_nd200_PT412_Dt310_theo/Ratio_2D_nphi200_nd200_RC80_zscan_PT412_Dt310_theo/Ratio_2D_nphi200_nd200_RC80_z850_PT412_Dt310_theo.csv
/home/td263283/Documents/Python/Ratio_2D_LUT/Ratio_2D_nphi200_nd200_PT412_Dt310_theo/Ratio_2D_nphi200_nd200_RC85_zscan_PT412_Dt310_theo/Ratio_2D_nphi200_nd200_RC85_z850_PT412_Dt310_theo.csv
/home/td263283/Documents/Python/Ratio_2D_LUT/Ratio_2D_nphi200_nd200_PT412_Dt310_theo/Ratio_2D_nphi200_nd200_RC90_zscan_PT412_Dt310_theo/Ratio_2D_nphi200_nd200_RC90_z850_PT412_Dt310_theo.csv
/home/td263283/Documents/Python/Ratio_2D_LUT/Ratio_2D_nphi200_nd200_PT412_Dt310_theo/Ratio_2D_nphi200_nd200_RC95_zscan_PT412_Dt310_theo/Ratio_2D_nphi200_nd200_RC95_z850_PT412_Dt310_theo.csv
/home/td263283/Documents/Python/Ratio_2D_LUT/Ratio_2D_nphi200_nd200_PT412_Dt310_theo/Ratio_2D_nphi200_nd200_RC100_zscan_PT412_Dt310_theo/Ratio_2D_nphi200_nd200_RC100_z850_PT412_Dt310_theo.csv
/home/td263283/Documents/Python/Ratio_2D_LUT/Ratio_2D_nphi200_nd200_PT412_Dt310_theo/Ratio_2D_nphi200_nd200_RC105_zscan_PT412_Dt310_theo/Ratio_2D_nphi200_nd200_RC105_z850_PT412_Dt310_theo.csv
/home/td263283/Documents/Python/Ratio_2D_LUT/Ratio_2D_nphi200_nd200_PT412_Dt310_theo/Ratio_2D_nphi200_nd200_RC110_zscan_PT412_Dt310_theo/Ratio_2D_nphi200_nd200_RC110_z850_PT412_Dt310_theo.csv
/home/td263283/Documents/Python/Ratio_2D_LUT/Ratio_2D_nphi200_nd200_PT412_Dt310_theo/Ratio_2D_nphi200_nd200_RC115_zscan_PT412_Dt310_theo/Ratio_2D_nphi200_nd200_RC115_z850_PT412_Dt310_theo.csv
/home/td263283/Documents/Python/Ratio_2D_LUT/Ratio_2D_nphi200_nd200_PT412_Dt310_theo/Ratio_2D_nphi200_nd200_RC120_zscan_PT412_Dt310_theo/Ratio_2D_nphi200_nd200_RC120_z850_PT412_Dt310_theo.csv
/home/td263283/Documents/Python/Ratio_2D_LUT/Ratio_2D_nphi200_nd200_PT412_Dt310_theo/Ratio_2D_nphi200_nd200_RC125_zscan_PT412_Dt310_theo/Ratio_2D_nphi200_nd200_RC125_z850_PT412_Dt310_theo.csv
/home/td263283/Documents/Python/Ratio_2D_LUT/Ratio_2D_nphi200_nd200_PT412_Dt310_theo/Ratio_2D_nphi200_nd200_RC130_zscan_PT412_Dt310_theo/Ratio_2D_nphi200_nd200_RC130_z850_PT412_Dt310_theo.csv
/home/td263283/Documents/Python/Ratio_2D_LUT/Ratio_2D_nphi200_nd200_PT412_Dt310_theo/Ratio_2D_nphi200_nd200_RC135_zscan_PT412_Dt310_theo/Ratio_2D_nphi200_nd200_RC135_z850_PT412_Dt310_theo.csv
/home/td263283/Documents/Python/Ratio_2D_LUT/Ratio_2D_nphi200_nd200_PT412_Dt310_theo/Ratio_2D_nphi200_nd200_RC140_zscan_PT412_Dt310_theo/Ratio_2D_nphi200_nd200_RC140_z850_PT412_Dt310_theo.csv
/home/td263283/Documents/Python/Ratio_2D_LUT/Ratio_2D_nphi200_nd200_PT412_Dt310_theo/Ratio_2D_nphi200_nd200_RC145_zscan_PT412_Dt310_theo/Ratio_2D_nphi200_nd200_RC145_z850_PT412_Dt310_theo.csv
/home/td263283/Documents/Python/Ratio_2D_LUT/Ratio_2D_nphi200_nd200_PT412_Dt310_theo/Ratio_2D_nphi200_nd200_RC150_zscan_PT412_Dt310_theo/Ratio_2D_nphi200_nd200_RC150_z850_PT412_Dt310_theo.csv
/home/td263283/Documents/Python/Ratio_2D_LUT/Ratio_2D_nphi200_nd200_PT412_Dt310_theo/Ratio_2D_nphi200_nd200_RC50_zscan_PT412_Dt310_theo/Ratio_2D_nphi200_nd200_RC50_z900_PT412_Dt310_theo.csv
/home/td263283/Documents/Python/Ratio_2D_LUT/Ratio_2D_nphi200_nd200_PT412_Dt310_theo/Ratio_2D_nphi200_nd200_RC55_zscan_PT412_Dt310_theo/Ratio_2D_nphi200_nd200_RC55_z900_PT412_Dt310_theo.csv
/home/td263283/Documents/Python/Ratio_2D_LUT/Ratio_2D_nphi200_nd200_PT412_Dt310_theo/Ratio_2D_nphi200_nd200_RC60_zscan_PT412_Dt310_theo/Ratio_2D_nphi200_nd200_RC60_z900_PT412_Dt310_theo.csv
/home/td263283/Documents/Python/Ratio_2D_LUT/Ratio_2D_nphi200_nd200_PT412_Dt310_theo/Ratio_2D_nphi200_nd200_RC65_zscan_PT412_Dt310_theo/Ratio_2D_nphi200_nd200_RC65_z900_PT412_Dt310_theo.csv
/home/td263283/Documents/Python/Ratio_2D_LUT/Ratio_2D_nphi200_nd200_PT412_Dt310_theo/Ratio_2D_nphi200_nd200_RC70_zscan_PT412_Dt310_theo/Ratio_2D_nphi200_nd200_RC70_z900_PT412_Dt310_theo.csv
/home/td263283/Documents/Python/Ratio_2D_LUT/Ratio_2D_nphi200_nd200_PT412_Dt310_theo/Ratio_2D_nphi200_nd200_RC75_zscan_PT412_Dt310_theo/Ratio_2D_nphi200_nd200_RC75_z900_PT412_Dt310_theo.csv
/home/td263283/Documents/Python/Ratio_2D_LUT/Ratio_2D_nphi200_nd200_PT412_Dt310_theo/Ratio_2D_nphi200_nd200_RC80_zscan_PT412_Dt310_theo/Ratio_2D_nphi200_nd200_RC80_z900_PT412_Dt310_theo.csv
/home/td263283/Documents/Python/Ratio_2D_LUT/Ratio_2D_nphi200_nd200_PT412_Dt310_theo/Ratio_2D_nphi200_nd200_RC85_zscan_PT412_Dt310_theo/Ratio_2D_nphi200_nd200_RC85_z900_PT412_Dt310_theo.csv
/home/td263283/Documents/Python/Ratio_2D_LUT/Ratio_2D_nphi200_nd200_PT412_Dt310_theo/Ratio_2D_nphi200_nd200_RC90_zscan_PT412_Dt310_theo/Ratio_2D_nphi200_nd200_RC90_z900_PT412_Dt310_theo.csv
/home/td263283/Documents/Python/Ratio_2D_LUT/Ratio_2D_nphi200_nd200_PT412_Dt310_theo/Ratio_2D_nphi200_nd200_RC95_zscan_PT412_Dt310_theo/Ratio_2D_nphi200_nd200_RC95_z900_PT412_Dt310_theo.csv
/home/td263283/Documents/Python/Ratio_2D_LUT/Ratio_2D_nphi200_nd200_PT412_Dt310_theo/Ratio_2D_nphi200_nd200_RC100_zscan_PT412_Dt310_theo/Ratio_2D_nphi200_nd200_RC100_z900_PT412_Dt310_theo.csv
/home/td263283/Documents/Python/Ratio_2D_LUT/Ratio_2D_nphi200_nd200_PT412_Dt310_theo/Ratio_2D_nphi200_nd200_RC105_zscan_PT412_Dt310_theo/Ratio_2D_nphi200_nd200_RC105_z900_PT412_Dt310_theo.csv
/home/td263283/Documents/Python/Ratio_2D_LUT/Ratio_2D_nphi200_nd200_PT412_Dt310_theo/Ratio_2D_nphi200_nd200_RC110_zscan_PT412_Dt310_theo/Ratio_2D_nphi200_nd200_RC110_z900_PT412_Dt310_theo.csv
/home/td263283/Documents/Python/Ratio_2D_LUT/Ratio_2D_nphi200_nd200_PT412_Dt310_theo/Ratio_2D_nphi200_nd200_RC115_zscan_PT412_Dt310_theo/Ratio_2D_nphi200_nd200_RC115_z900_PT412_Dt310_theo.csv
/home/td263283/Documents/Python/Ratio_2D_LUT/Ratio_2D_nphi200_nd200_PT412_Dt310_theo/Ratio_2D_nphi200_nd200_RC120_zscan_PT412_Dt310_theo/Ratio_2D_nphi200_nd200_RC120_z900_PT412_Dt310_theo.csv
/home/td263283/Documents/Python/Ratio_2D_LUT/Ratio_2D_nphi200_nd200_PT412_Dt310_theo/Ratio_2D_nphi200_nd200_RC125_zscan_PT412_Dt310_theo/Ratio_2D_nphi200_nd200_RC125_z900_PT412_Dt310_theo.csv
/home/td263283/Documents/Python/Ratio_2D_LUT/Ratio_2D_nphi200_nd200_PT412_Dt310_theo/Ratio_2D_nphi200_nd200_RC130_zscan_PT412_Dt310_theo/Ratio_2D_nphi200_nd200_RC130_z900_PT412_Dt310_theo.csv
/home/td263283/Documents/Python/Ratio_2D_LUT/Ratio_2D_nphi200_nd200_PT412_Dt310_theo/Ratio_2D_nphi200_nd200_RC135_zscan_PT412_Dt310_theo/Ratio_2D_nphi200_nd200_RC135_z900_PT412_Dt310_theo.csv
/home/td263283/Documents/Python/Ratio_2D_LUT/Ratio_2D_nphi200_nd200_PT412_Dt310_theo/Ratio_2D_nphi200_nd200_RC140_zscan_PT412_Dt310_theo/Ratio_2D_nphi200_nd200_RC140_z900_PT412_Dt310_theo.csv
/home/td263283/Documents/Python/Ratio_2D_LUT/Ratio_2D_nphi200_nd200_PT412_Dt310_theo/Ratio_2D_nphi200_nd200_RC145_zscan_PT412_Dt310_theo/Ratio_2D_nphi200_nd200_RC145_z900_PT412_Dt310_theo.csv
/home/td263283/Documents/Python/Ratio_2D_LUT/Ratio_2D_nphi200_nd200_PT412_Dt310_theo/Ratio_2D_nphi200_nd200_RC150_zscan_PT412_Dt310_theo/Ratio_2D_nphi200_nd200_RC150_z900_PT412_Dt310_theo.csv
/home/td263283/Documents/Python/Ratio_2D_LUT/Ratio_2D_nphi200_nd200_PT412_Dt310_theo/Ratio_2D_nphi200_nd200_RC50_zscan_PT412_Dt310_theo/Ratio_2D_nphi200_nd200_RC50_z950_PT412_Dt310_theo.csv
/home/td263283/Documents/Python/Ratio_2D_LUT/Ratio_2D_nphi200_nd200_PT412_Dt310_theo/Ratio_2D_nphi200_nd200_RC55_zscan_PT412_Dt310_theo/Ratio_2D_nphi200_nd200_RC55_z950_PT412_Dt310_theo.csv
/home/td263283/Documents/Python/Ratio_2D_LUT/Ratio_2D_nphi200_nd200_PT412_Dt310_theo/Ratio_2D_nphi200_nd200_RC60_zscan_PT412_Dt310_theo/Ratio_2D_nphi200_nd200_RC60_z950_PT412_Dt310_theo.csv
/home/td263283/Documents/Python/Ratio_2D_LUT/Ratio_2D_nphi200_nd200_PT412_Dt310_theo/Ratio_2D_nphi200_nd200_RC65_zscan_PT412_Dt310_theo/Ratio_2D_nphi200_nd200_RC65_z950_PT412_Dt310_theo.csv
/home/td263283/Documents/Python/Ratio_2D_LUT/Ratio_2D_nphi200_nd200_PT412_Dt310_theo/Ratio_2D_nphi200_nd200_RC70_zscan_PT412_Dt310_theo/Ratio_2D_nphi200_nd200_RC70_z950_PT412_Dt310_theo.csv
/home/td263283/Documents/Python/Ratio_2D_LUT/Ratio_2D_nphi200_nd200_PT412_Dt310_theo/Ratio_2D_nphi200_nd200_RC75_zscan_PT412_Dt310_theo/Ratio_2D_nphi200_nd200_RC75_z950_PT412_Dt310_theo.csv
/home/td263283/Documents/Python/Ratio_2D_LUT/Ratio_2D_nphi200_nd200_PT412_Dt310_theo/Ratio_2D_nphi200_nd200_RC80_zscan_PT412_Dt310_theo/Ratio_2D_nphi200_nd200_RC80_z950_PT412_Dt310_theo.csv
/home/td263283/Documents/Python/Ratio_2D_LUT/Ratio_2D_nphi200_nd200_PT412_Dt310_theo/Ratio_2D_nphi200_nd200_RC85_zscan_PT412_Dt310_theo/Ratio_2D_nphi200_nd200_RC85_z950_PT412_Dt310_theo.csv
/home/td263283/Documents/Python/Ratio_2D_LUT/Ratio_2D_nphi200_nd200_PT412_Dt310_theo/Ratio_2D_nphi200_nd200_RC90_zscan_PT412_Dt310_theo/Ratio_2D_nphi200_nd200_RC90_z950_PT412_Dt310_theo.csv
/home/td263283/Documents/Python/Ratio_2D_LUT/Ratio_2D_nphi200_nd200_PT412_Dt310_theo/Ratio_2D_nphi200_nd200_RC95_zscan_PT412_Dt310_theo/Ratio_2D_nphi200_nd200_RC95_z950_PT412_Dt310_theo.csv
/home/td263283/Documents/Python/Ratio_2D_LUT/Ratio_2D_nphi200_nd200_PT412_Dt310_theo/Ratio_2D_nphi200_nd200_RC100_zscan_PT412_Dt310_theo/Ratio_2D_nphi200_nd200_RC100_z950_PT412_Dt310_theo.csv
/home/td263283/Documents/Python/Ratio_2D_LUT/Ratio_2D_nphi200_nd200_PT412_Dt310_theo/Ratio_2D_nphi200_nd200_RC105_zscan_PT412_Dt310_theo/Ratio_2D_nphi200_nd200_RC105_z950_PT412_Dt310_theo.csv
/home/td263283/Documents/Python/Ratio_2D_LUT/Ratio_2D_nphi200_nd200_PT412_Dt310_theo/Ratio_2D_nphi200_nd200_RC110_zscan_PT412_Dt310_theo/Ratio_2D_nphi200_nd200_RC110_z950_PT412_Dt310_theo.csv
/home/td263283/Documents/Python/Ratio_2D_LUT/Ratio_2D_nphi200_nd200_PT412_Dt310_theo/Ratio_2D_nphi200_nd200_RC115_zscan_PT412_Dt310_theo/Ratio_2D_nphi200_nd200_RC115_z950_PT412_Dt310_theo.csv
/home/td263283/Documents/Python/Ratio_2D_LUT/Ratio_2D_nphi200_nd200_PT412_Dt310_theo/Ratio_2D_nphi200_nd200_RC120_zscan_PT412_Dt310_theo/Ratio_2D_nphi200_nd200_RC120_z950_PT412_Dt310_theo.csv
/home/td263283/Documents/Python/Ratio_2D_LUT/Ratio_2D_nphi200_nd200_PT412_Dt310_theo/Ratio_2D_nphi200_nd200_RC125_zscan_PT412_Dt310_theo/Ratio_2D_nphi200_nd200_RC125_z950_PT412_Dt310_theo.csv
/home/td263283/Documents/Python/Ratio_2D_LUT/Ratio_2D_nphi200_nd200_PT412_Dt310_theo/Ratio_2D_nphi200_nd200_RC130_zscan_PT412_Dt310_theo/Ratio_2D_nphi200_nd200_RC130_z950_PT412_Dt310_theo.csv
/home/td263283/Documents/Python/Ratio_2D_LUT/Ratio_2D_nphi200_nd200_PT412_Dt310_theo/Ratio_2D_nphi200_nd200_RC135_zscan_PT412_Dt310_theo/Ratio_2D_nphi200_nd200_RC135_z950_PT412_Dt310_theo.csv
/home/td263283/Documents/Python/Ratio_2D_LUT/Ratio_2D_nphi200_nd200_PT412_Dt310_theo/Ratio_2D_nphi200_nd200_RC140_zscan_PT412_Dt310_theo/Ratio_2D_nphi200_nd200_RC140_z950_PT412_Dt310_theo.csv
/home/td263283/Documents/Python/Ratio_2D_LUT/Ratio_2D_nphi200_nd200_PT412_Dt310_theo/Ratio_2D_nphi200_nd200_RC145_zscan_PT412_Dt310_theo/Ratio_2D_nphi200_nd200_RC145_z950_PT412_Dt310_theo.csv
/home/td263283/Documents/Python/Ratio_2D_LUT/Ratio_2D_nphi200_nd200_PT412_Dt310_theo/Ratio_2D_nphi200_nd200_RC150_zscan_PT412_Dt310_theo/Ratio_2D_nphi200_nd200_RC150_z950_PT412_Dt310_theo.csv
/home/td263283/Documents/Python/Ratio_2D_LUT/Ratio_2D_nphi200_nd200_PT412_Dt310_theo/Ratio_2D_nphi200_nd200_RC50_zscan_PT412_Dt310_theo/Ratio_2D_nphi200_nd200_RC50_z1000_PT412_Dt310_theo.csv
/home/td263283/Documents/Python/Ratio_2D_LUT/Ratio_2D_nphi200_nd200_PT412_Dt310_theo/Ratio_2D_nphi200_nd200_RC55_zscan_PT412_Dt310_theo/Ratio_2D_nphi200_nd200_RC55_z1000_PT412_Dt310_theo.csv
/home/td263283/Documents/Python/Ratio_2D_LUT/Ratio_2D_nphi200_nd200_PT412_Dt310_theo/Ratio_2D_nphi200_nd200_RC60_zscan_PT412_Dt310_theo/Ratio_2D_nphi200_nd200_RC60_z1000_PT412_Dt310_theo.csv
/home/td263283/Documents/Python/Ratio_2D_LUT/Ratio_2D_nphi200_nd200_PT412_Dt310_theo/Ratio_2D_nphi200_nd200_RC65_zscan_PT412_Dt310_theo/Ratio_2D_nphi200_nd200_RC65_z1000_PT412_Dt310_theo.csv
/home/td263283/Documents/Python/Ratio_2D_LUT/Ratio_2D_nphi200_nd200_PT412_Dt310_theo/Ratio_2D_nphi200_nd200_RC70_zscan_PT412_Dt310_theo/Ratio_2D_nphi200_nd200_RC70_z1000_PT412_Dt310_theo.csv
/home/td263283/Documents/Python/Ratio_2D_LUT/Ratio_2D_nphi200_nd200_PT412_Dt310_theo/Ratio_2D_nphi200_nd200_RC75_zscan_PT412_Dt310_theo/Ratio_2D_nphi200_nd200_RC75_z1000_PT412_Dt310_theo.csv
/home/td263283/Documents/Python/Ratio_2D_LUT/Ratio_2D_nphi200_nd200_PT412_Dt310_theo/Ratio_2D_nphi200_nd200_RC80_zscan_PT412_Dt310_theo/Ratio_2D_nphi200_nd200_RC80_z1000_PT412_Dt310_theo.csv
/home/td263283/Documents/Python/Ratio_2D_LUT/Ratio_2D_nphi200_nd200_PT412_Dt310_theo/Ratio_2D_nphi200_nd200_RC85_zscan_PT412_Dt310_theo/Ratio_2D_nphi200_nd200_RC85_z1000_PT412_Dt310_theo.csv
/home/td263283/Documents/Python/Ratio_2D_LUT/Ratio_2D_nphi200_nd200_PT412_Dt310_theo/Ratio_2D_nphi200_nd200_RC90_zscan_PT412_Dt310_theo/Ratio_2D_nphi200_nd200_RC90_z1000_PT412_Dt310_theo.csv
/home/td263283/Documents/Python/Ratio_2D_LUT/Ratio_2D_nphi200_nd200_PT412_Dt310_theo/Ratio_2D_nphi200_nd200_RC95_zscan_PT412_Dt310_theo/Ratio_2D_nphi200_nd200_RC95_z1000_PT412_Dt310_theo.csv
/home/td263283/Documents/Python/Ratio_2D_LUT/Ratio_2D_nphi200_nd200_PT412_Dt310_theo/Ratio_2D_nphi200_nd200_RC100_zscan_PT412_Dt310_theo/Ratio_2D_nphi200_nd200_RC100_z1000_PT412_Dt310_theo.csv
/home/td263283/Documents/Python/Ratio_2D_LUT/Ratio_2D_nphi200_nd200_PT412_Dt310_theo/Ratio_2D_nphi200_nd200_RC105_zscan_PT412_Dt310_theo/Ratio_2D_nphi200_nd200_RC105_z1000_PT412_Dt310_theo.csv
/home/td263283/Documents/Python/Ratio_2D_LUT/Ratio_2D_nphi200_nd200_PT412_Dt310_theo/Ratio_2D_nphi200_nd200_RC110_zscan_PT412_Dt310_theo/Ratio_2D_nphi200_nd200_RC110_z1000_PT412_Dt310_theo.csv
/home/td263283/Documents/Python/Ratio_2D_LUT/Ratio_2D_nphi200_nd200_PT412_Dt310_theo/Ratio_2D_nphi200_nd200_RC115_zscan_PT412_Dt310_theo/Ratio_2D_nphi200_nd200_RC115_z1000_PT412_Dt310_theo.csv
/home/td263283/Documents/Python/Ratio_2D_LUT/Ratio_2D_nphi200_nd200_PT412_Dt310_theo/Ratio_2D_nphi200_nd200_RC120_zscan_PT412_Dt310_theo/Ratio_2D_nphi200_nd200_RC120_z1000_PT412_Dt310_theo.csv
/home/td263283/Documents/Python/Ratio_2D_LUT/Ratio_2D_nphi200_nd200_PT412_Dt310_theo/Ratio_2D_nphi200_nd200_RC125_zscan_PT412_Dt310_theo/Ratio_2D_nphi200_nd200_RC125_z1000_PT412_Dt310_theo.csv
/home/td263283/Documents/Python/Ratio_2D_LUT/Ratio_2D_nphi200_nd200_PT412_Dt310_theo/Ratio_2D_nphi200_nd200_RC130_zscan_PT412_Dt310_theo/Ratio_2D_nphi200_nd200_RC130_z1000_PT412_Dt310_theo.csv
/home/td263283/Documents/Python/Ratio_2D_LUT/Ratio_2D_nphi200_nd200_PT412_Dt310_theo/Ratio_2D_nphi200_nd200_RC135_zscan_PT412_Dt310_theo/Ratio_2D_nphi200_nd200_RC135_z1000_PT412_Dt310_theo.csv
/home/td263283/Documents/Python/Ratio_2D_LUT/Ratio_2D_nphi200_nd200_PT412_Dt310_theo/Ratio_2D_nphi200_nd200_RC140_zscan_PT412_Dt310_theo/Ratio_2D_nphi200_nd200_RC140_z1000_PT412_Dt310_theo.csv
/home/td263283/Documents/Python/Ratio_2D_LUT/Ratio_2D_nphi200_nd200_PT412_Dt310_theo/Ratio_2D_nphi200_nd200_RC145_zscan_PT412_Dt310_theo/Ratio_2D_nphi200_nd200_RC145_z1000_PT412_Dt310_theo.csv
/home/td263283/Documents/Python/Ratio_2D_LUT/Ratio_2D_nphi200_nd200_PT412_Dt310_theo/Ratio_2D_nphi200_nd200_RC150_zscan_PT412_Dt310_theo/Ratio_2D_nphi200_nd200_RC150_z1000_PT412_Dt310_theo.csv
/home/td263283/Documents/Python/Ratio_2D_LUT/Ratio_2D_nphi200_nd200_PT412_Dt310_theo/Ratio_2D_nphi200_nd200_RC50_zscan_PT412_Dt310_theo/Ratio_2D_nphi200_nd200_RC50_z1050_PT412_Dt310_theo.csv
/home/td263283/Documents/Python/Ratio_2D_LUT/Ratio_2D_nphi200_nd200_PT412_Dt310_theo/Ratio_2D_nphi200_nd200_RC55_zscan_PT412_Dt310_theo/Ratio_2D_nphi200_nd200_RC55_z1050_PT412_Dt310_theo.csv
/home/td263283/Documents/Python/Ratio_2D_LUT/Ratio_2D_nphi200_nd200_PT412_Dt310_theo/Ratio_2D_nphi200_nd200_RC60_zscan_PT412_Dt310_theo/Ratio_2D_nphi200_nd200_RC60_z1050_PT412_Dt310_theo.csv
/home/td263283/Documents/Python/Ratio_2D_LUT/Ratio_2D_nphi200_nd200_PT412_Dt310_theo/Ratio_2D_nphi200_nd200_RC65_zscan_PT412_Dt310_theo/Ratio_2D_nphi200_nd200_RC65_z1050_PT412_Dt310_theo.csv
/home/td263283/Documents/Python/Ratio_2D_LUT/Ratio_2D_nphi200_nd200_PT412_Dt310_theo/Ratio_2D_nphi200_nd200_RC70_zscan_PT412_Dt310_theo/Ratio_2D_nphi200_nd200_RC70_z1050_PT412_Dt310_theo.csv
/home/td263283/Documents/Python/Ratio_2D_LUT/Ratio_2D_nphi200_nd200_PT412_Dt310_theo/Ratio_2D_nphi200_nd200_RC75_zscan_PT412_Dt310_theo/Ratio_2D_nphi200_nd200_RC75_z1050_PT412_Dt310_theo.csv
/home/td263283/Documents/Python/Ratio_2D_LUT/Ratio_2D_nphi200_nd200_PT412_Dt310_theo/Ratio_2D_nphi200_nd200_RC80_zscan_PT412_Dt310_theo/Ratio_2D_nphi200_nd200_RC80_z1050_PT412_Dt310_theo.csv
/home/td263283/Documents/Python/Ratio_2D_LUT/Ratio_2D_nphi200_nd200_PT412_Dt310_theo/Ratio_2D_nphi200_nd200_RC85_zscan_PT412_Dt310_theo/Ratio_2D_nphi200_nd200_RC85_z1050_PT412_Dt310_theo.csv
/home/td263283/Documents/Python/Ratio_2D_LUT/Ratio_2D_nphi200_nd200_PT412_Dt310_theo/Ratio_2D_nphi200_nd200_RC90_zscan_PT412_Dt310_theo/Ratio_2D_nphi200_nd200_RC90_z1050_PT412_Dt310_theo.csv
/home/td263283/Documents/Python/Ratio_2D_LUT/Ratio_2D_nphi200_nd200_PT412_Dt310_theo/Ratio_2D_nphi200_nd200_RC95_zscan_PT412_Dt310_theo/Ratio_2D_nphi200_nd200_RC95_z1050_PT412_Dt310_theo.csv
/home/td263283/Documents/Python/Ratio_2D_LUT/Ratio_2D_nphi200_nd200_PT412_Dt310_theo/Ratio_2D_nphi200_nd200_RC100_zscan_PT412_Dt310_theo/Ratio_2D_nphi200_nd200_RC100_z1050_PT412_Dt310_theo.csv
/home/td263283/Documents/Python/Ratio_2D_LUT/Ratio_2D_nphi200_nd200_PT412_Dt310_theo/Ratio_2D_nphi200_nd200_RC105_zscan_PT412_Dt310_theo/Ratio_2D_nphi200_nd200_RC105_z1050_PT412_Dt310_theo.csv
/home/td263283/Documents/Python/Ratio_2D_LUT/Ratio_2D_nphi200_nd200_PT412_Dt310_theo/Ratio_2D_nphi200_nd200_RC110_zscan_PT412_Dt310_theo/Ratio_2D_nphi200_nd200_RC110_z1050_PT412_Dt310_theo.csv
/home/td263283/Documents/Python/Ratio_2D_LUT/Ratio_2D_nphi200_nd200_PT412_Dt310_theo/Ratio_2D_nphi200_nd200_RC115_zscan_PT412_Dt310_theo/Ratio_2D_nphi200_nd200_RC115_z1050_PT412_Dt310_theo.csv
/home/td263283/Documents/Python/Ratio_2D_LUT/Ratio_2D_nphi200_nd200_PT412_Dt310_theo/Ratio_2D_nphi200_nd200_RC120_zscan_PT412_Dt310_theo/Ratio_2D_nphi200_nd200_RC120_z1050_PT412_Dt310_theo.csv
/home/td263283/Documents/Python/Ratio_2D_LUT/Ratio_2D_nphi200_nd200_PT412_Dt310_theo/Ratio_2D_nphi200_nd200_RC125_zscan_PT412_Dt310_theo/Ratio_2D_nphi200_nd200_RC125_z1050_PT412_Dt310_theo.csv
/home/td263283/Documents/Python/Ratio_2D_LUT/Ratio_2D_nphi200_nd200_PT412_Dt310_theo/Ratio_2D_nphi200_nd200_RC130_zscan_PT412_Dt310_theo/Ratio_2D_nphi200_nd200_RC130_z1050_PT412_Dt310_theo.csv
/home/td263283/Documents/Python/Ratio_2D_LUT/Ratio_2D_nphi200_nd200_PT412_Dt310_theo/Ratio_2D_nphi200_nd200_RC135_zscan_PT412_Dt310_theo/Ratio_2D_nphi200_nd200_RC135_z1050_PT412_Dt310_theo.csv
/home/td263283/Documents/Python/Ratio_2D_LUT/Ratio_2D_nphi200_nd200_PT412_Dt310_theo/Ratio_2D_nphi200_nd200_RC140_zscan_PT412_Dt310_theo/Ratio_2D_nphi200_nd200_RC140_z1050_PT412_Dt310_theo.csv
/home/td263283/Documents/Python/Ratio_2D_LUT/Ratio_2D_nphi200_nd200_PT412_Dt310_theo/Ratio_2D_nphi200_nd200_RC145_zscan_PT412_Dt310_theo/Ratio_2D_nphi200_nd200_RC145_z1050_PT412_Dt310_theo.csv
/home/td263283/Documents/Python/Ratio_2D_LUT/Ratio_2D_nphi200_nd200_PT412_Dt310_theo/Ratio_2D_nphi200_nd200_RC150_zscan_PT412_Dt310_theo/Ratio_2D_nphi200_nd200_RC150_z1050_PT412_Dt310_theo.csv
Processing events:
0/8442
Hole in entry 3 | iX = 10 | iY = 16 | RC value reset at 129
500/8442
1000/8442
1500/8442
2000/8442
2500/8442
3000/8442
3500/8442
4000/8442
4500/8442
5000/8442
5500/8442
6000/8442
6500/8442
7000/8442
7500/8442
8000/8442
8441/8442

Selection Statistics 
 #Cut SelName    EvBef  EvAfter ( wrtPrev)  (wrtStart)     MdBef  MdAfter ( wrtPrev)  (wrtStart)     ClBef  ClAfter ( wrtPrev)  (wrtStart)     PdBef  PdAfter ( wrtPrev)  (wrtStart) 
    0  Stage1     8442     8442 (    0.00)  (    0.00)      8442     8442 (    0.00)  (    0.00)    286906   286906 (    0.00)  (    0.00)   1098479  1098479 (    0.00)  (    0.00) 
    1 Stage11     8442     8421 (   -0.25)  (   -0.25)      8442     8421 (   -0.25)  (   -0.25)    286906   277933 (   -3.13)  (   -3.13)   1098479  1051365 (   -4.29)  (   -4.29) 
    2Stage120     8421     8372 (   -0.58)  (   -0.83)      8421     8372 (   -0.58)  (   -0.83)    277933   276256 (   -0.60)  (   -3.71)   1051365  1045550 (   -0.55)  (   -4.82) 
    3StageT15     8372     6950 (  -16.99)  (  -17.67)      8372     6950 (  -16.99)  (  -17.67)    276256   231060 (  -16.36)  (  -19.46)   1045550   854870 (  -18.24)  (  -22.18) 
    4 Stage10     6950     6950 (    0.00)  (  -17.67)      6950     6950 (    0.00)  (  -17.67)    231060   228731 (   -1.01)  (  -20.28)    854870   840369 (   -1.70)  (  -23.50) 
    5 Stage14     6950     6950 (    0.00)  (  -17.67)      6950     6950 (    0.00)  (  -17.67)    228731   227175 (   -0.68)  (  -20.82)    840369   832895 (   -0.89)  (  -24.18) 
    6  Stage5     6950     3161 (  -54.52)  (  -62.56)      6950     3161 (  -54.52)  (  -62.56)    227175   107474 (  -52.69)  (  -62.54)    832895   390974 (  -53.06)  (  -64.41) 
  Summary Sel     8442     3161             (  -62.56)      8442     3161             (  -62.56)    286906   107474             (  -62.54)   1098479   390974             (  -64.41) 
Fitting: Started... done!
