Control_zfile_PRF_4IP_Gain2_WF4_4Mod
Tag           : CERN22_Escan_e+_1p25GeV
EventFile     : ../Data_CERN22_vD_iter0/All_ERAMS_350V_412ns_e+_1p25GeV_25V_z415p1_y2pad_1_iter0.root
SelectionSet  : T2_CERN22_Event
iMod          : -1
Data_to_Use   : 0
OUTDirName    : OUT_Tristan/CERN22_Energy_Scan/CERN22_Escan_e+_1p25GeV/


-------------->Predefined selection T2_CERN22_Event
Number of entries :140284
No Stage120 cuts found in CSV. Getting them now...
0/140284
1000/140284
2000/140284
3000/140284
4000/140284
5000/140284
6000/140284
7000/140284
8000/140284
9000/140284
10000/140284
11000/140284
12000/140284
13000/140284
14000/140284
15000/140284
16000/140284
17000/140284
18000/140284
19000/140284
20000/140284
21000/140284
22000/140284
23000/140284
24000/140284
25000/140284
26000/140284
27000/140284
28000/140284
29000/140284
30000/140284
31000/140284
32000/140284
33000/140284
34000/140284
35000/140284
36000/140284
37000/140284
38000/140284
39000/140284
40000/140284
41000/140284
42000/140284
43000/140284
44000/140284
45000/140284
46000/140284
47000/140284
48000/140284
49000/140284
50000/140284
51000/140284
52000/140284
53000/140284
54000/140284
55000/140284
56000/140284
57000/140284
58000/140284
59000/140284
60000/140284
61000/140284
62000/140284
63000/140284
64000/140284
65000/140284
66000/140284
67000/140284
68000/140284
69000/140284
70000/140284
71000/140284
72000/140284
73000/140284
74000/140284
75000/140284
76000/140284
77000/140284
78000/140284
79000/140284
80000/140284
81000/140284
82000/140284
83000/140284
84000/140284
85000/140284
86000/140284
87000/140284
88000/140284
89000/140284
90000/140284
91000/140284
92000/140284
93000/140284
94000/140284
95000/140284
96000/140284
97000/140284
98000/140284
99000/140284
100000/140284
101000/140284
102000/140284
103000/140284
104000/140284
105000/140284
106000/140284
107000/140284
108000/140284
109000/140284
110000/140284
111000/140284
112000/140284
113000/140284
114000/140284
115000/140284
116000/140284
117000/140284
118000/140284
119000/140284
120000/140284
121000/140284
122000/140284
123000/140284
124000/140284
125000/140284
126000/140284
127000/140284
128000/140284
129000/140284
130000/140284
131000/140284
132000/140284
133000/140284
134000/140284
135000/140284
136000/140284
137000/140284
138000/140284
139000/140284
140000/140284
140283/140284
24136.000000
192
Stage120 cuts are 170 to 207. Values added to CSV file.

-------------->List of selections
Apply selection  1 -> Remove clusters in first and last columns 

Apply selection 11 -> Remove clusters out of time (Event Based) 
                      |TLeading -TLeadingMeanOverEvent| <= m_Cut_Stage11_EventBased (=     3)

Apply selection 120 -> Remove clusters out of time  
                      m_Cut_Stage120_TLow <= TLeading <= m_Cut_Stage120_THigh 
                      m_Cut_Stage120_TLow  =  170
                      m_Cut_Stage120_THigh =  207

Apply selection 15 -> Remove Events with an average pad multiplicity too high or too low 
                      Pad Multiplicity >  m_Cut_StageT15_APM_Low  (=  2.0)
                      Pad Multiplicity <= m_Cut_StageT15_APM_High (=  4.0)

Apply selection  5 -> Reject Events with too few clusters
                      NClusters >= m_Cut_Stage5_NCluster_Low (=   34)


Processing events:
0/140284
1000/140284
2000/140284
3000/140284
4000/140284
5000/140284
6000/140284
7000/140284
8000/140284
9000/140284
10000/140284
11000/140284
12000/140284
13000/140284
14000/140284
15000/140284
16000/140284
17000/140284
18000/140284
19000/140284
20000/140284
21000/140284
22000/140284
23000/140284
24000/140284
25000/140284
26000/140284
27000/140284
28000/140284
29000/140284
30000/140284
31000/140284
32000/140284
33000/140284
34000/140284
35000/140284
36000/140284
37000/140284
38000/140284
39000/140284
40000/140284
41000/140284
42000/140284
43000/140284
44000/140284
45000/140284
46000/140284
47000/140284
48000/140284
49000/140284
50000/140284
51000/140284
52000/140284
53000/140284
54000/140284
55000/140284
56000/140284
57000/140284
58000/140284
59000/140284
60000/140284
61000/140284
62000/140284
63000/140284
64000/140284
65000/140284
66000/140284
67000/140284
68000/140284
69000/140284
70000/140284
71000/140284
72000/140284
73000/140284
74000/140284
75000/140284
76000/140284
77000/140284
78000/140284
79000/140284
80000/140284
81000/140284
82000/140284
83000/140284
84000/140284
85000/140284
86000/140284
87000/140284
88000/140284
89000/140284
90000/140284
91000/140284
92000/140284
93000/140284
94000/140284
95000/140284
96000/140284
97000/140284
98000/140284
99000/140284
100000/140284
101000/140284
102000/140284
103000/140284
104000/140284
105000/140284
106000/140284
107000/140284
108000/140284
109000/140284
110000/140284
111000/140284
112000/140284
113000/140284
114000/140284
115000/140284
116000/140284
117000/140284
118000/140284
119000/140284
120000/140284
121000/140284
122000/140284
123000/140284
124000/140284
125000/140284
126000/140284
127000/140284
128000/140284
129000/140284
130000/140284
131000/140284
132000/140284
133000/140284
134000/140284
135000/140284
136000/140284
137000/140284
138000/140284
139000/140284
140000/140284
140283/140284
Nber Of Entries :140284
Raw      events with at least 4 modules: 6980
Selected events with at least 4 modules: 2498

Selection Statistics 
 #Cut SelName    EvBef  EvAfter ( wrtPrev)  (wrtStart)     MdBef  MdAfter ( wrtPrev)  (wrtStart)     ClBef  ClAfter ( wrtPrev)  (wrtStart)     PdBef  PdAfter ( wrtPrev)  (wrtStart) 
    0  Stage1     6980     6980 (    0.00)  (    0.00)     27952    27952 (    0.00)  (    0.00)    964046   911355 (   -5.47)  (   -5.47)   2633594  2499417 (   -5.09)  (   -5.09) 
    1 Stage11     6980     6889 (   -1.30)  (   -1.30)     27952    27587 (   -1.31)  (   -1.31)    911355   768016 (  -15.73)  (  -20.33)   2499417  2061273 (  -17.53)  (  -21.73) 
    2Stage120     6889     3261 (  -52.66)  (  -53.28)     27587    13051 (  -52.69)  (  -53.31)    768016   362183 (  -52.84)  (  -62.43)   2061273  1037863 (  -49.65)  (  -60.59) 
    3StageT15     3261     2934 (  -10.03)  (  -57.97)     13051    11741 (  -10.04)  (  -58.00)    362183   318260 (  -12.13)  (  -66.99)   1037863   938153 (   -9.61)  (  -64.38) 
    4  Stage5     2934     2498 (  -14.86)  (  -64.21)     11741     9994 (  -14.88)  (  -64.25)    318260   243746 (  -23.41)  (  -74.72)    938153   717529 (  -23.52)  (  -72.75) 
  Summary Sel     6980     2498             (  -64.21)     27952     9994             (  -64.25)    964046   243746             (  -74.72)   2633594   717529             (  -72.75) 
